src/core/api/hooks/use-api-with-fallback.ts(132,29): error TS2339: Property 'message' does not exist on type 'ApiResponse<T>'.
src/core/api/hooks/use-api-with-fallback.ts(328,31): error TS2339: Property 'message' does not exist on type 'ApiResponse<TData>'.
src/core/api/types/bill.ts(13,3): error TS2724: '"@client/lib/types/bill"' has no exported member named 'BillStatusType'. Did you mean 'BillStatus'?
src/core/api/types/bill.ts(14,3): error TS2724: '"@client/lib/types/bill"' has no exported member named 'UrgencyLevelType'. Did you mean 'UrgencyLevel'?
src/core/api/types/bill.ts(15,3): error TS2724: '"@client/lib/types/bill"' has no exported member named 'ComplexityLevelType'. Did you mean 'ComplexityLevel'?
src/core/auth/service.ts(56,7): error TS2353: Object literal may only specify known properties, and 'preferences' does not exist in type 'UserProfile'.
src/core/community/services/moderation.service.ts(177,5): error TS2739: Type '{ spam: string; harassment: string; inappropriate_language: string; misinformation: string; off_topic: string; personal_attack: string; copyright_violation: string; hate_speech: string; duplicate_content: string; }' is missing the following properties from type 'Record<ViolationType, string>': other, offensive
src/core/community/services/moderation.service.ts(194,11): error TS2739: Type '{ spam: "low"; off_topic: "low"; duplicate_content: "low"; inappropriate_language: "medium"; misinformation: "medium"; personal_attack: "high"; harassment: "high"; hate_speech: "critical"; copyright_violation: "high"; }' is missing the following properties from type 'Record<ViolationType, "low" | "medium" | "high" | "critical">': other, offensive
src/core/personalization/persona-detector.ts(122,9): error TS2367: This comparison appears to be unintentional because the types '"user" | "page" | "comment" | "bill"' and '"analytics"' have no overlap.
src/core/personalization/persona-detector.ts(146,52): error TS2367: This comparison appears to be unintentional because the types '"user" | "page" | "comment" | "bill"' and '"analytics"' have no overlap.
src/core/realtime/hooks/use-bill-tracking.ts(163,37): error TS2345: Argument of type 'unknown' is not assignable to parameter of type 'number'.
src/core/realtime/hooks/use-bill-tracking.ts(165,20): error TS2345: Argument of type 'unknown' is not assignable to parameter of type 'number'.
src/core/realtime/hooks/use-bill-tracking.ts(181,68): error TS2345: Argument of type '(update: BillUpdate) => void' is not assignable to parameter of type 'EventCallback'.
  Types of parameters 'update' and 'data' are incompatible.
    Type 'unknown' is not assignable to type 'BillRealTimeUpdate'.
src/core/realtime/hooks/use-bill-tracking.ts(184,7): error TS2345: Argument of type '(metrics: BillEngagementUpdate) => void' is not assignable to parameter of type 'EventCallback'.
  Types of parameters 'metrics' and 'data' are incompatible.
    Type 'unknown' is not assignable to type 'EngagementMetricsUpdate'.
src/core/realtime/hooks/use-bill-tracking.ts(268,5): error TS2353: Object literal may only specify known properties, and 'billUpdates' does not exist in type 'BillTrackingHookReturn'.
src/core/realtime/hooks/use-community-realtime.ts(13,10): error TS2305: Module '"../types"' has no exported member 'CommunityRealTimeHookReturn'.
src/core/realtime/hooks/use-community-realtime.ts(273,69): error TS2345: Argument of type '(indicator: TypingIndicator) => void' is not assignable to parameter of type 'EventCallback'.
  Types of parameters 'indicator' and 'data' are incompatible.
    Type 'unknown' is not assignable to type 'TypingIndicator'.
src/core/realtime/hooks/use-community-realtime.ts(274,68): error TS2345: Argument of type '(update: CommentUpdate) => void' is not assignable to parameter of type 'EventCallback'.
  Types of parameters 'update' and 'data' are incompatible.
    Type 'unknown' is not assignable to type 'CommentUpdate'.
src/core/realtime/services/bill-tracking.ts(351,11): error TS2322: Type 'string' is not assignable to type '"amendment" | "new_comment" | "expert_analysis" | "status_change" | "voting_scheduled" | "engagement_change" | "constitutional_flag"'.
src/core/realtime/services/bill-tracking.ts(396,9): error TS2322: Type 'string' is not assignable to type '"amendment" | "new_comment" | "expert_analysis" | "status_change" | "voting_scheduled" | "engagement_change" | "constitutional_flag"'.
src/core/realtime/services/bill-tracking.ts(439,9): error TS2353: Object literal may only specify known properties, and 'viewCount' does not exist in type 'EngagementMetricsUpdate'.
src/core/realtime/services/bill-tracking.ts(482,13): error TS2322: Type 'string' is not assignable to type '"amendment" | "new_comment" | "expert_analysis" | "status_change" | "voting_scheduled" | "engagement_change" | "constitutional_flag"'.
src/core/realtime/services/bill-tracking.ts(595,11): error TS2322: Type 'string' is not assignable to type '"amendment" | "new_comment" | "expert_analysis" | "status_change" | "voting_scheduled" | "engagement_change" | "constitutional_flag"'.
src/core/realtime/services/community.ts(332,9): error TS2322: Type 'string' is not assignable to type '"expert_joined" | "comment_added" | "new_discussion" | "consensus_change" | "moderation_action" | "trending_topic"'.
src/core/realtime/services/community.ts(361,9): error TS2561: Object literal may only specify known properties, but 'discussionId' does not exist in type 'CommunityRealTimeUpdate'. Did you mean to write 'discussion_id'?
src/core/realtime/services/community.ts(369,30): error TS2551: Property 'discussionId' does not exist on type 'CommunityRealTimeUpdate'. Did you mean 'discussion_id'?
src/core/realtime/services/notifications.ts(157,9): error TS2353: Object literal may only specify known properties, and 'data' does not exist in type 'RealTimeNotification'.
src/core/realtime/services/realtime-service.ts(238,31): error TS2345: Argument of type 'Error' is not assignable to parameter of type 'string'.
src/core/realtime/utils/event-emitter.ts(46,22): error TS2556: A spread argument must either have a tuple type or be passed to a rest parameter.
src/core/realtime/utils/event-emitter.ts(56,41): error TS2556: A spread argument must either have a tuple type or be passed to a rest parameter.
src/core/search/UnifiedSearchInterface.tsx(174,7): error TS2322: Type 'SearchSuggestion[]' is not assignable to type 'string[]'.
  Type 'SearchSuggestion' is not assignable to type 'string'.
src/core/search/UnifiedSearchInterface.tsx(391,13): error TS2322: Type '{ query: string; onSelect: (suggestion: string | { term?: string | undefined; text?: string | undefined; }) => void; onSearch: (searchQuery?: string | undefined) => void; className: string; }' is not assignable to type 'IntrinsicAttributes & IntelligentAutocompleteProps'.
  Property 'query' does not exist on type 'IntrinsicAttributes & IntelligentAutocompleteProps'.
src/core/security/headers/SecurityHeaders.ts(8,1): error TS2304: Cannot find name 'impo'.
src/core/security/security-monitor.ts(510,7): error TS2353: Object literal may only specify known properties, and 'totalIncidents' does not exist in type 'ExtendedSecurityMetrics'.
src/core/security/ui/dashboard/SecureForm.tsx(74,65): error TS2339: Property 'retryAfter' does not exist on type 'RateLimitStatus'.
src/core/security/ui/privacy/DataUsageReportDashboard.tsx(35,10): error TS2724: '"@client/lib/services/privacyAnalyticsService"' has no exported member named 'privacyAnalyticsService'. Did you mean 'PrivacyAnalyticsService'?
src/core/security/ui/privacy/DataUsageReportDashboard.tsx(100,25): error TS2339: Property 'generatePrivacyPolicySummary' does not exist on type 'PrivacyComplianceManager'.
src/core/validation/dashboard-validation.ts(137,53): error TS2552: Cannot find name 'DashboardConfig'. Did you mean 'DashboardAppConfig'?
src/core/validation/dashboard-validation.ts(139,9): error TS2552: Cannot find name 'DashboardConfig'. Did you mean 'DashboardAppConfig'?
src/features/admin/pages/admin.tsx(747,33): error TS2322: Type '{ showDetails: boolean; }' is not assignable to type 'IntrinsicAttributes & ConnectionStatusProps'.
  Property 'showDetails' does not exist on type 'IntrinsicAttributes & ConnectionStatusProps'.
src/features/admin/pages/admin.tsx(753,16): error TS2559: Type '{ data: any; isLoading: boolean; error: Error | null; refetch: (options?: RefetchOptions | undefined) => Promise<QueryObserverResult<any, Error>>; }' has no properties in common with type 'IntrinsicAttributes & DatabaseStatusProps'.
src/features/admin/pages/AnalyticsDashboardPage.tsx(159,18): error TS2322: Type '"primary" | "secondary"' is not assignable to type '"default" | "success" | "warning" | "secondary" | "outline" | "destructive" | null | undefined'.
  Type '"primary"' is not assignable to type '"default" | "success" | "warning" | "secondary" | "outline" | "destructive" | null | undefined'.
src/features/admin/pages/AnalyticsDashboardPage.tsx(192,9): error TS2552: Cannot find name 'isEnabled'. Did you mean 'setEnabled'?
src/features/admin/pages/AnalyticsDashboardPage.tsx(473,47): error TS2552: Cannot find name 'isEnabled'. Did you mean 'setEnabled'?
src/features/analysis/index.ts(36,3): error TS2305: Module '"@client/features/analysis/types"' has no exported member 'ConflictOfInterestAnalysisProps'.
src/features/analysis/model/hooks/useConflictAnalysis.ts(115,7): error TS2353: Object literal may only specify known properties, and 'overallScore' does not exist in type 'TransparencyScore'.
src/features/analysis/model/services/conflict-detection.ts(34,27): error TS2552: Cannot find name 'sponsorId'. Did you mean '_sponsorId'?
src/features/analysis/model/services/conflict-detection.ts(35,31): error TS2304: Cannot find name 'sponsorId'.
src/features/analysis/model/services/conflict-detection.ts(46,9): error TS2353: Object literal may only specify known properties, and 'overallScore' does not exist in type 'TransparencyScore'.
src/features/analytics/hooks/use-journey-tracker.ts(33,6): error TS2322: Type '"guest"' is not assignable to type 'UserRole'.
src/features/analytics/hooks/use-journey-tracker.ts(34,45): error TS2345: Argument of type 'UserRole' is not assignable to parameter of type 'UserRole | undefined'.
  Type '"user"' is not assignable to type 'UserRole | undefined'.
src/features/analytics/hooks/use-journey-tracker.ts(44,46): error TS2345: Argument of type 'import("C:/Users/Access Granted/Downloads/projects/SimpleTool/client/src/lib/types/navigation").NavigationSection' is not assignable to parameter of type 'import("C:/Users/Access Granted/Downloads/projects/SimpleTool/client/src/features/analytics/model/user-journey-tracker").NavigationSection'.
  Type '"system"' is not assignable to type 'NavigationSection'.
src/features/analytics/hooks/use-journey-tracker.ts(110,31): error TS2551: Property 'user_role' does not exist on type 'NavigationContextValue'. Did you mean 'userRole'?
src/features/analytics/hooks/use-journey-tracker.ts(125,16): error TS2551: Property 'user_role' does not exist on type 'NavigationContextValue'. Did you mean 'userRole'?
src/features/analytics/hooks/use-journey-tracker.ts(135,55): error TS2551: Property 'user_role' does not exist on type 'NavigationContextValue'. Did you mean 'userRole'?
src/features/analytics/hooks/use-journey-tracker.ts(138,33): error TS2551: Property 'user_role' does not exist on type 'NavigationContextValue'. Did you mean 'userRole'?
src/features/analytics/hooks/use-journey-tracker.ts(141,18): error TS2551: Property 'user_role' does not exist on type 'NavigationContextValue'. Did you mean 'userRole'?
src/features/analytics/hooks/use-journey-tracker.ts(163,33): error TS2551: Property 'user_role' does not exist on type 'NavigationContextValue'. Did you mean 'userRole'?
src/features/analytics/hooks/use-journey-tracker.ts(172,18): error TS2551: Property 'user_role' does not exist on type 'NavigationContextValue'. Did you mean 'userRole'?
src/features/analytics/hooks/use-journey-tracker.ts(214,12): error TS2304: Cannot find name 'tracker'.
src/features/analytics/hooks/use-journey-tracker.ts(218,5): error TS18004: No value exists in scope for the shorthand property 'getAnalytics'. Either declare one or provide an initializer.
src/features/analytics/hooks/use-journey-tracker.ts(219,5): error TS18004: No value exists in scope for the shorthand property 'getOptimizations'. Either declare one or provide an initializer.
src/features/analytics/hooks/use-journey-tracker.ts(220,5): error TS18004: No value exists in scope for the shorthand property 'getGoalCompletionRate'. Either declare one or provide an initializer.
src/features/analytics/hooks/useAnalytics.ts(14,50): error TS2345: Argument of type 'import("C:/Users/Access Granted/Downloads/projects/SimpleTool/client/src/features/analytics/types").AnalyticsFilters | undefined' is not assignable to parameter of type 'import("C:/Users/Access Granted/Downloads/projects/SimpleTool/client/src/lib/types/analytics").AnalyticsFilters | undefined'.
  Type 'AnalyticsFilters' has no properties in common with type 'AnalyticsFilters'.
src/features/analytics/hooks/useAnalytics.ts(26,48): error TS2345: Argument of type 'import("C:/Users/Access Granted/Downloads/projects/SimpleTool/client/src/features/analytics/types").AnalyticsFilters | undefined' is not assignable to parameter of type 'import("C:/Users/Access Granted/Downloads/projects/SimpleTool/client/src/lib/types/analytics").AnalyticsFilters | undefined'.
  Type 'AnalyticsFilters' has no properties in common with type 'AnalyticsFilters'.
src/features/analytics/hooks/useAnalytics.ts(37,64): error TS2345: Argument of type 'import("C:/Users/Access Granted/Downloads/projects/SimpleTool/client/src/features/analytics/types").AnalyticsFilters | undefined' is not assignable to parameter of type 'import("C:/Users/Access Granted/Downloads/projects/SimpleTool/client/src/lib/types/analytics").AnalyticsFilters | undefined'.
  Type 'AnalyticsFilters' has no properties in common with type 'AnalyticsFilters'.
src/features/analytics/hooks/useAnalytics.ts(49,67): error TS2345: Argument of type 'import("C:/Users/Access Granted/Downloads/projects/SimpleTool/client/src/features/analytics/types").AnalyticsFilters | undefined' is not assignable to parameter of type 'import("C:/Users/Access Granted/Downloads/projects/SimpleTool/client/src/lib/types/analytics").AnalyticsFilters | undefined'.
  Type 'AnalyticsFilters' has no properties in common with type 'AnalyticsFilters'.
src/features/analytics/hooks/useAnalytics.ts(73,56): error TS2345: Argument of type 'import("C:/Users/Access Granted/Downloads/projects/SimpleTool/client/src/features/analytics/types").AnalyticsFilters | undefined' is not assignable to parameter of type 'import("C:/Users/Access Granted/Downloads/projects/SimpleTool/client/src/lib/types/analytics").AnalyticsFilters | undefined'.
  Type 'AnalyticsFilters' has no properties in common with type 'AnalyticsFilters'.
src/features/analytics/hooks/useAnalytics.ts(84,62): error TS2345: Argument of type 'import("C:/Users/Access Granted/Downloads/projects/SimpleTool/client/src/features/analytics/types").AnalyticsFilters | undefined' is not assignable to parameter of type 'import("C:/Users/Access Granted/Downloads/projects/SimpleTool/client/src/lib/types/analytics").AnalyticsFilters | undefined'.
  Type 'AnalyticsFilters' has no properties in common with type 'AnalyticsFilters'.
src/features/analytics/hooks/useAnalytics.ts(160,40): error TS2345: Argument of type 'import("C:/Users/Access Granted/Downloads/projects/SimpleTool/client/src/features/analytics/types").AnalyticsFilters | undefined' is not assignable to parameter of type 'import("C:/Users/Access Granted/Downloads/projects/SimpleTool/client/src/lib/types/analytics").AnalyticsFilters | undefined'.
  Type 'AnalyticsFilters' has no properties in common with type 'AnalyticsFilters'.
src/features/analytics/hooks/useErrorAnalytics.ts(224,30): error TS2345: Argument of type 'Partial<DashboardFilters>' is not assignable to parameter of type 'Partial<import("C:/Users/Access Granted/Downloads/projects/SimpleTool/client/src/lib/infrastructure/store/slices/errorAnalyticsSlice").DashboardFilters>'.
  Types of property 'timeRange' are incompatible.
    Type 'TimeRange | undefined' is not assignable to type '{ start: number; end: number; preset?: "24h" | "7d" | "30d" | "1h" | undefined; } | undefined'.
      Type 'TimeRange' is not assignable to type '{ start: number; end: number; preset?: "24h" | "7d" | "30d" | "1h" | undefined; }'.
        Types of property 'preset' are incompatible.
          Type 'string' is not assignable to type '"24h" | "7d" | "30d" | "1h" | undefined'.
src/features/analytics/hooks/useErrorAnalytics.ts(231,32): error TS2322: Type 'TimeRange' is not assignable to type '{ start: number; end: number; preset?: "24h" | "7d" | "30d" | "1h" | undefined; }'.
  Types of property 'preset' are incompatible.
    Type 'string' is not assignable to type '"24h" | "7d" | "30d" | "1h" | undefined'.
src/features/analytics/hooks/useErrorAnalytics.ts(353,5): error TS2322: Type 'import("C:/Users/Access Granted/Downloads/projects/SimpleTool/client/src/lib/infrastructure/store/slices/errorAnalyticsSlice").ErrorPattern[]' is not assignable to type 'import("C:/Users/Access Granted/Downloads/projects/SimpleTool/client/src/lib/services/index").ErrorPattern[]'.
  Type 'ErrorPattern' is missing the following properties from type 'ErrorPattern': impact, trend
src/features/analytics/hooks/useErrorAnalytics.ts(358,5): error TS2322: Type 'import("C:/Users/Access Granted/Downloads/projects/SimpleTool/client/src/lib/infrastructure/store/slices/errorAnalyticsSlice").DashboardFilters' is not assignable to type 'DashboardFilters'.
  The types of 'timeRange.preset' are incompatible between these types.
    Type 'string | undefined' is not assignable to type 'string'.
      Type 'undefined' is not assignable to type 'string'.
src/features/analytics/hooks/useErrorAnalytics.ts(466,7): error TS2322: Type 'import("C:/Users/Access Granted/Downloads/projects/SimpleTool/client/src/lib/infrastructure/store/slices/errorAnalyticsSlice").DashboardFilters' is not assignable to type 'DashboardFilters'.
  The types of 'timeRange.preset' are incompatible between these types.
    Type 'string | undefined' is not assignable to type 'string'.
      Type 'undefined' is not assignable to type 'string'.
src/features/analytics/hooks/useErrorAnalytics.ts(469,7): error TS2322: Type 'import("C:/Users/Access Granted/Downloads/projects/SimpleTool/client/src/lib/infrastructure/store/slices/errorAnalyticsSlice").ErrorPattern[]' is not assignable to type 'import("C:/Users/Access Granted/Downloads/projects/SimpleTool/client/src/lib/services/index").ErrorPattern[]'.
  Type 'ErrorPattern' is missing the following properties from type 'ErrorPattern': impact, trend
src/features/analytics/hooks/useErrorAnalytics.ts(505,15): error TS2339: Property 'impact' does not exist on type 'ErrorPattern'.
src/features/analytics/hooks/useErrorAnalytics.ts(506,15): error TS2339: Property 'trend' does not exist on type 'ErrorPattern'.
src/features/analytics/model/error-analytics-bridge.ts(575,11): error TS2741: Property '[ErrorSeverity.BLOCKER]' is missing in type '{ critical: number; high: number; medium: number; low: number; }' but required in type 'Record<ErrorSeverity, number>'.
src/features/analytics/services/analysis.ts(98,57): error TS18046: 'data' is of type 'unknown'.
src/features/analytics/services/analysis.ts(105,7): error TS2698: Spread types may only be created from object types.
src/features/analytics/services/analysis.ts(106,27): error TS18046: 'data' is of type 'unknown'.
src/features/analytics/services/index.ts(12,29): error TS2614: Module '"./analysis"' has no exported member 'ConflictAnalysisResult'. Did you mean to use 'import ConflictAnalysisResult from "./analysis"' instead?
src/features/bills/BillHeader.tsx(94,42): error TS2769: No overload matches this call.
  Overload 1 of 4, '(value: string | number | Date): Date', gave the following error.
    Argument of type 'string | undefined' is not assignable to parameter of type 'string | number | Date'.
      Type 'undefined' is not assignable to type 'string | number | Date'.
  Overload 2 of 4, '(value: string | number): Date', gave the following error.
    Argument of type 'string | undefined' is not assignable to parameter of type 'string | number'.
      Type 'undefined' is not assignable to type 'string | number'.
src/features/bills/pages/BillsPortalPage.tsx(103,83): error TS2345: Argument of type 'BillsPortalFilters' is not assignable to parameter of type 'BillsQueryParams'.
  Types of property 'status' are incompatible.
    Type 'string[] | undefined' is not assignable to type 'BillStatus[] | undefined'.
      Type 'string[]' is not assignable to type 'BillStatus[]'.
        Type 'string' is not assignable to type 'BillStatus'.
src/features/bills/ui/analysis/comments.tsx(609,32): error TS2322: Type '{ children: string; className: string; }' is not assignable to type 'IntrinsicAttributes & { children: ReactNode; }'.
  Property 'className' does not exist on type 'IntrinsicAttributes & { children: ReactNode; }'.
src/features/bills/ui/analysis/conflict-of-interest/ConflictNetworkVisualization.tsx(167,41): error TS2339: Property 'size' does not exist on type 'SimulationNodeDatum'.
src/features/bills/ui/analysis/conflict-of-interest/ConflictOfInterestAnalysis.tsx(51,9): error TS2322: Type '{ sponsorId: string | number; sponsorName: string; financialInterests: ({ id: string; source: string; amount: number; industry: string; category: "investment"; date: string; description: string; verified: true; } | { ...; } | { ...; })[]; ... 4 more ...; summary: string; }' is not assignable to type 'ConflictAnalysis'.
  Types of property 'sponsorId' are incompatible.
    Type 'string | number' is not assignable to type 'number'.
      Type 'string' is not assignable to type 'number'.
src/features/bills/ui/detail/BillOverviewTab.tsx(77,27): error TS2769: No overload matches this call.
  Overload 1 of 4, '(value: string | number | Date): Date', gave the following error.
    Argument of type 'string | undefined' is not assignable to parameter of type 'string | number | Date'.
      Type 'undefined' is not assignable to type 'string | number | Date'.
  Overload 2 of 4, '(value: string | number): Date', gave the following error.
    Argument of type 'string | undefined' is not assignable to parameter of type 'string | number'.
      Type 'undefined' is not assignable to type 'string | number'.
src/features/community/hooks/useLegislativeBrief.ts(10,39): error TS2307: Cannot find module '@/server/features/argument-intelligence' or its corresponding type declarations.
src/features/community/store/slices/communitySlice.tsx(122,11): error TS2430: Interface 'ExtendedCampaign' incorrectly extends interface 'Campaign'.
  Types of property 'status' are incompatible.
    Type '"pending" | "active" | "completed"' is not assignable to type '"cancelled" | "active" | "completed"'.
      Type '"pending"' is not assignable to type '"cancelled" | "active" | "completed"'.
src/features/community/store/slices/communitySlice.tsx(131,11): error TS2430: Interface 'ExtendedPetition' incorrectly extends interface 'Petition'.
  Types of property 'status' are incompatible.
    Type '"closed" | "active" | "successful"' is not assignable to type '"open" | "closed" | "submitted"'.
      Type '"active"' is not assignable to type '"open" | "closed" | "submitted"'.
src/features/community/store/slices/communitySlice.tsx(680,7): error TS2352: Conversion of type 'Promise<{ members: number; activeThreads: number; postsToday: number; }>' to type 'Promise<CommunityStats>' may be a mistake because neither type sufficiently overlaps with the other. If this was intentional, convert the expression to 'unknown' first.
  Type '{ members: number; activeThreads: number; postsToday: number; }' is missing the following properties from type 'CommunityStats': totalUsers, activeUsers, totalComments, totalThreads, and 3 more.
src/features/community/ui/activity/ActivityFeed.tsx(299,20): error TS18048: 'activity.trendingScore' is possibly 'undefined'.
src/features/expert/pages/expert-verification.tsx(254,19): error TS2353: Object literal may only specify known properties, and 'title' does not exist in type 'Expert'.
src/features/expert/pages/expert-verification.tsx(318,23): error TS2353: Object literal may only specify known properties, and 'reasoning' does not exist in type '{ readonly stance: string; readonly count: number; readonly percentage: number; }'.
src/features/expert/pages/expert-verification.tsx(324,23): error TS2353: Object literal may only specify known properties, and 'reasoning' does not exist in type '{ readonly stance: string; readonly count: number; readonly percentage: number; }'.
src/features/expert/pages/expert-verification.tsx(349,17): error TS2739: Type '{ id: string; contributionId: string; expertId: string; status: "pending"; communityFeedback: { userId: string; feedback: string; vote: "approve"; timestamp: string; }[]; createdAt: string; updatedAt: string; }' is missing the following properties from type 'VerificationWorkflow': submittedAt, currentStep, totalSteps
src/features/index.ts(18,1): error TS2308: Module './bills' has already exported a member named 'BillAnalysis'. Consider explicitly re-exporting to resolve the ambiguity.
src/features/index.ts(27,1): error TS2308: Module './bills' has already exported a member named 'useTrackBill'. Consider explicitly re-exporting to resolve the ambiguity.
src/features/index.ts(36,1): error TS2308: Module './users' has already exported a member named 'Notification'. Consider explicitly re-exporting to resolve the ambiguity.
src/features/index.ts(36,1): error TS2308: Module './users' has already exported a member named 'NotificationPreferences'. Consider explicitly re-exporting to resolve the ambiguity.
src/features/monitoring/model/performance-benchmarking.ts(78,24): error TS2339: Property 'markComponentStart' does not exist on type 'PerformanceMonitor'.
src/features/monitoring/model/performance-benchmarking.ts(91,24): error TS2339: Property 'markComponentEnd' does not exist on type 'PerformanceMonitor'.
src/features/notifications/model/index.ts(11,3): error TS2724: '"./notification-service"' has no exported member named 'Notification'. Did you mean 'NotificationData'?
src/features/pretext-detection/hooks/usePretextAnalysis.ts(8,30): error TS2307: Cannot find module './use-safe-query' or its corresponding type declarations.
src/features/pretext-detection/ui/PretextDetectionPanel.tsx(64,5): error TS2339: Property 'analysis' does not exist on type '{ data: any; isLoading: any; error: any; analyzeContent: (textContent: string) => Promise<PretextAnalysisResult | null>; refetch: any; }'.
src/features/pretext-detection/ui/PretextDetectionPanel.tsx(65,5): error TS2339: Property 'loading' does not exist on type '{ data: any; isLoading: any; error: any; analyzeContent: (textContent: string) => Promise<PretextAnalysisResult | null>; refetch: any; }'.
src/features/pretext-detection/ui/PretextDetectionPanel.tsx(67,5): error TS2339: Property 'civicActions' does not exist on type '{ data: any; isLoading: any; error: any; analyzeContent: (textContent: string) => Promise<PretextAnalysisResult | null>; refetch: any; }'.
src/features/pretext-detection/ui/PretextDetectionPanel.tsx(68,5): error TS2339: Property 'rightsCards' does not exist on type '{ data: any; isLoading: any; error: any; analyzeContent: (textContent: string) => Promise<PretextAnalysisResult | null>; refetch: any; }'.
src/features/pretext-detection/ui/PretextDetectionPanel.tsx(70,26): error TS2559: Type 'string' has no properties in common with type 'PretextAnalysisOptions'.
src/features/pretext-detection/ui/PretextDetectionPanel.tsx(108,60): error TS7006: Parameter 'action' implicitly has an 'any' type.
src/features/pretext-detection/ui/PretextDetectionPanel.tsx(114,57): error TS7006: Parameter 'card' implicitly has an 'any' type.
src/features/pretext-detection/ui/PretextDetectionPanel.tsx(275,11): error TS2719: Type 'CivicAction[]' is not assignable to type 'CivicAction[]'. Two different types with this name exist, but they are unrelated.
  Type 'CivicAction' is not assignable to type 'CivicAction'. Two different types with this name exist, but they are unrelated.
    Types of property 'localContacts' are incompatible.
      Type 'unknown[]' is not assignable to type '{ id: string; name: string; role: string; contact: string; }[]'.
        Type 'unknown' is not assignable to type '{ id: string; name: string; role: string; contact: string; }'.
src/features/pretext-detection/ui/PretextDetectionPanel.tsx(276,11): error TS2719: Type 'RightsCard[]' is not assignable to type 'RightsCard[]'. Two different types with this name exist, but they are unrelated.
  Type 'RightsCard' is not assignable to type 'RightsCard'. Two different types with this name exist, but they are unrelated.
    Types of property 'steps' are incompatible.
      Type 'unknown[]' is not assignable to type '{ id: string; title: string; description: string; order: number; }[]'.
        Type 'unknown' is not assignable to type '{ id: string; title: string; description: string; order: number; }'.
src/features/privacy/pages/privacy-center.tsx(16,10): error TS2614: Module '"@client/features/security/ui/privacy/GDPRComplianceManager"' has no exported member 'GDPRComplianceManager'. Did you mean to use 'import GDPRComplianceManager from "@client/features/security/ui/privacy/GDPRComplianceManager"' instead?
src/features/search/hooks/useSearch.ts(216,30): error TS2322: Type 'SearchExportResponse' is not assignable to type 'BlobPart'.
src/features/search/hooks/useStreamingSearch.ts(32,3): error TS2614: Module '"../services/streaming-search"' has no exported member 'SearchProgress'. Did you mean to use 'import SearchProgress from "../services/streaming-search"' instead?
src/features/search/hooks/useStreamingSearch.ts(171,11): error TS2322: Type '(result: SearchResult) => void' is not assignable to type '(result: import("C:/Users/Access Granted/Downloads/projects/SimpleTool/client/src/lib/types/search").SearchResult) => void'.
  Types of parameters 'result' and 'result' are incompatible.
    Property 'score' is missing in type 'import("C:/Users/Access Granted/Downloads/projects/SimpleTool/client/src/lib/types/search").SearchResult' but required in type 'SearchResult'.
src/features/search/hooks/useStreamingSearch.ts(173,11): error TS2322: Type '(results: SearchResult[], totalCount: number) => void' is not assignable to type '(results: import("C:/Users/Access Granted/Downloads/projects/SimpleTool/client/src/lib/types/search").SearchResult[], totalCount: number) => void'.
  Types of parameters 'results' and 'results' are incompatible.
    Type 'import("C:/Users/Access Granted/Downloads/projects/SimpleTool/client/src/lib/types/search").SearchResult[]' is not assignable to type 'SearchResult[]'.
      Property 'score' is missing in type 'import("C:/Users/Access Granted/Downloads/projects/SimpleTool/client/src/lib/types/search").SearchResult' but required in type 'SearchResult'.
src/features/search/pages/UniversalSearchPage.tsx(294,15): error TS2322: Type 'DisplayableSearchResult' is not assignable to type 'SearchResult'.
  Types of property 'type' are incompatible.
    Type '"comment" | "bill" | "sponsor"' is not assignable to type '"expert" | "comment" | "insight" | "thread" | "bill"'.
      Type '"sponsor"' is not assignable to type '"expert" | "comment" | "insight" | "thread" | "bill"'.
src/features/search/pages/UniversalSearchPage.tsx(296,15): error TS2322: Type '(result: DisplayableSearchResult) => void' is not assignable to type '(result: SearchResult) => void'.
  Types of parameters 'result' and 'result' are incompatible.
    Type 'SearchResult' is not assignable to type 'DisplayableSearchResult'.
      Type 'import("C:/Users/Access Granted/Downloads/projects/SimpleTool/client/src/lib/types/community/community-base").SearchResult' is not assignable to type 'import("C:/Users/Access Granted/Downloads/projects/SimpleTool/client/src/lib/types/search").SearchResult'.
        Types of property 'id' are incompatible.
          Type 'string | number' is not assignable to type 'string'.
            Type 'number' is not assignable to type 'string'.
src/features/search/pages/UniversalSearchPage.tsx(297,15): error TS2322: Type '(result: DisplayableSearchResult) => void' is not assignable to type '(result: SearchResult) => void'.
  Types of parameters 'result' and 'result' are incompatible.
    Type 'SearchResult' is not assignable to type 'DisplayableSearchResult'.
      Type 'import("C:/Users/Access Granted/Downloads/projects/SimpleTool/client/src/lib/types/community/community-base").SearchResult' is not assignable to type 'import("C:/Users/Access Granted/Downloads/projects/SimpleTool/client/src/lib/types/search").SearchResult'.
        Types of property 'id' are incompatible.
          Type 'string | number' is not assignable to type 'string'.
            Type 'number' is not assignable to type 'string'.
src/features/search/pages/UniversalSearchPage.tsx(298,15): error TS2322: Type '(result: DisplayableSearchResult) => void' is not assignable to type '(result: SearchResult) => void'.
  Types of parameters 'result' and 'result' are incompatible.
    Type 'SearchResult' is not assignable to type 'DisplayableSearchResult'.
      Type 'import("C:/Users/Access Granted/Downloads/projects/SimpleTool/client/src/lib/types/community/community-base").SearchResult' is not assignable to type 'import("C:/Users/Access Granted/Downloads/projects/SimpleTool/client/src/lib/types/search").SearchResult'.
        Types of property 'id' are incompatible.
          Type 'string | number' is not assignable to type 'string'.
            Type 'number' is not assignable to type 'string'.
src/features/search/services/intelligent-search.ts(188,9): error TS2322: Type 'string[]' is not assignable to type 'SearchSuggestion[]'.
  Type 'string' is not assignable to type 'SearchSuggestion'.
src/features/search/services/intelligent-search.ts(202,20): error TS18048: 'e.quality' is possibly 'undefined'.
src/features/search/services/intelligent-search.ts(411,7): error TS7027: Unreachable code detected.
src/features/search/services/intelligent-search.ts(817,55): error TS18048: 'r.content' is possibly 'undefined'.
src/features/search/services/intelligent-search.ts(874,5): error TS2322: Type '({ field: any; snippet: any; positions: any; } | null)[]' is not assignable to type 'SearchHighlight[]'.
  Type '{ field: any; snippet: any; positions: any; } | null' is not assignable to type 'SearchHighlight'.
    Type 'null' is not assignable to type 'SearchHighlight'.
src/features/search/services/intelligent-search.ts(901,25): error TS2677: A type predicate's type must be assignable to its parameter's type.
  Type 'SearchHighlight' is not assignable to type '{ field: any; snippet: any; positions: any; }'.
    Property 'positions' is optional in type 'SearchHighlight' but required in type '{ field: any; snippet: any; positions: any; }'.
src/features/search/services/intelligent-search.ts(972,7): error TS18048: 'facets.types' is possibly 'undefined'.
src/features/search/services/intelligent-search.ts(972,36): error TS18048: 'facets.types' is possibly 'undefined'.
src/features/search/services/intelligent-search.ts(977,9): error TS18048: 'facets.categories' is possibly 'undefined'.
src/features/search/services/intelligent-search.ts(977,40): error TS18048: 'facets.categories' is possibly 'undefined'.
src/features/search/services/intelligent-search.ts(983,9): error TS18048: 'facets.statuses' is possibly 'undefined'.
src/features/search/services/intelligent-search.ts(983,36): error TS18048: 'facets.statuses' is possibly 'undefined'.
src/features/search/ui/interface/IntelligentAutocomplete.tsx(366,15): error TS2322: Type 'unknown' is not assignable to type 'ReactNode'.
src/features/search/ui/interface/IntelligentAutocomplete.tsx(368,19): error TS2322: Type '{}' is not assignable to type 'ReactNode'.
src/features/search/ui/interface/SavedSearches.tsx(191,56): error TS2769: No overload matches this call.
  Overload 1 of 4, '(value: string | number | Date): Date', gave the following error.
    Argument of type 'string | undefined' is not assignable to parameter of type 'string | number | Date'.
      Type 'undefined' is not assignable to type 'string | number | Date'.
  Overload 2 of 4, '(value: string | number): Date', gave the following error.
    Argument of type 'string | undefined' is not assignable to parameter of type 'string | number'.
      Type 'undefined' is not assignable to type 'string | number'.
src/features/search/ui/interface/SavedSearches.tsx(193,33): error TS2339: Property 'lastUsed' does not exist on type 'SavedSearch'.
src/features/search/ui/interface/SavedSearches.tsx(194,67): error TS2339: Property 'lastUsed' does not exist on type 'SavedSearch'.
src/features/search/ui/interface/SearchBar.tsx(50,23): error TS2339: Property 'results' does not exist on type 'SearchSuggestion[]'.
src/features/search/ui/interface/SearchBar.tsx(87,5): error TS2448: Block-scoped variable 'handleSelect' used before its declaration.
src/features/search/ui/interface/SearchBar.tsx(87,5): error TS2454: Variable 'handleSelect' is used before being assigned.
src/features/search/ui/interface/SearchBar.tsx(88,5): error TS2448: Block-scoped variable 'performSearch' used before its declaration.
src/features/search/ui/interface/SearchBar.tsx(88,5): error TS2454: Variable 'performSearch' is used before being assigned.
src/features/search/ui/interface/SearchBar.tsx(130,22): error TS2339: Property 'results' does not exist on type 'SearchSuggestion[]'.
src/features/search/ui/interface/SearchBar.tsx(130,68): error TS2339: Property 'results' does not exist on type 'SearchSuggestion[]'.
src/features/search/ui/interface/SearchBar.tsx(132,34): error TS2339: Property 'results' does not exist on type 'SearchSuggestion[]'.
src/features/search/ui/interface/SearchBar.tsx(140,34): error TS2339: Property 'results' does not exist on type 'SearchSuggestion[]'.
src/features/search/ui/interface/SearchBar.tsx(165,23): error TS2339: Property 'results' does not exist on type 'SearchSuggestion[]'.
src/features/search/ui/interface/SearchBar.tsx(201,27): error TS2339: Property 'results' does not exist on type 'SearchSuggestion[]'.
src/features/search/ui/interface/SearchBar.tsx(201,50): error TS2339: Property 'results' does not exist on type 'SearchSuggestion[]'.
src/features/search/ui/interface/SearchBar.tsx(204,30): error TS2339: Property 'results' does not exist on type 'SearchSuggestion[]'.
src/features/search/ui/interface/SearchBar.tsx(224,30): error TS2339: Property 'total' does not exist on type 'SearchSuggestion[]'.
src/features/search/ui/interface/SearchBar.tsx(226,35): error TS2339: Property 'total' does not exist on type 'SearchSuggestion[]'.
src/features/search/ui/interface/SearchBar.tsx(241,64): error TS2339: Property 'results' does not exist on type 'SearchSuggestion[]'.
src/features/search/ui/results/SearchResultCard.tsx(88,24): error TS2339: Property 'description' does not exist on type 'SearchResult'.
src/features/search/ui/results/SearchResultCard.tsx(126,12): error TS2678: Type '"sponsor"' is not comparable to type '"expert" | "comment" | "insight" | "thread" | "bill"'.
src/features/search/ui/results/SearchResultCard.tsx(141,12): error TS2678: Type '"sponsor"' is not comparable to type '"expert" | "comment" | "insight" | "thread" | "bill"'.
src/features/search/ui/results/SearchResultCard.tsx(154,12): error TS2678: Type '"sponsor"' is not comparable to type '"expert" | "comment" | "insight" | "thread" | "bill"'.
src/features/search/ui/results/SearchResultCard.tsx(223,39): error TS2339: Property 'description' does not exist on type 'SearchResult'.
src/features/search/ui/results/SearchResultCard.tsx(231,17): error TS2322: Type 'unknown' is not assignable to type 'ReactNode'.
src/features/search/ui/results/SearchResultCard.tsx(233,33): error TS2345: Argument of type '{}' is not assignable to parameter of type 'string'.
src/features/search/ui/results/SearchResultCard.tsx(271,45): error TS2339: Property 'description' does not exist on type 'SearchResult'.
src/features/search/ui/results/SearchResultCard.tsx(363,17): error TS2322: Type 'unknown' is not assignable to type 'ReactNode'.
src/features/search/ui/results/SearchResultCard.tsx(366,39): error TS2345: Argument of type '{}' is not assignable to parameter of type 'string'.
src/features/search/ui/results/SearchResultCard.tsx(370,17): error TS2322: Type 'unknown' is not assignable to type 'ReactNode'.
src/features/search/ui/results/SearchResultCard.tsx(373,27): error TS2322: Type '{}' is not assignable to type 'ReactNode'.
src/features/search/ui/results/SearchResultCard.tsx(377,17): error TS2322: Type 'unknown' is not assignable to type 'ReactNode'.
src/features/search/ui/results/SearchResultCard.tsx(380,27): error TS2322: Type '{}' is not assignable to type 'ReactNode'.
src/features/search/ui/results/SearchResultCard.tsx(384,17): error TS2322: Type 'unknown' is not assignable to type 'ReactNode'.
src/features/search/ui/results/SearchResultCard.tsx(387,27): error TS2322: Type '{}' is not assignable to type 'ReactNode'.
src/features/search/ui/results/SearchResultCard.tsx(393,17): error TS2322: Type 'unknown' is not assignable to type 'ReactNode'.
src/features/search/ui/results/SearchResultCard.tsx(395,21): error TS2322: Type '{}' is not assignable to type 'ReactNode'.
src/features/search/ui/results/SearchResultCard.tsx(398,17): error TS2322: Type 'unknown' is not assignable to type 'ReactNode'.
src/features/search/ui/results/SearchResultCard.tsx(400,21): error TS2322: Type '{}' is not assignable to type 'ReactNode'.
src/features/search/ui/results/SearchResults.tsx(366,30): error TS2345: Argument of type 'string | undefined' is not assignable to parameter of type 'string'.
  Type 'undefined' is not assignable to type 'string'.
src/features/search/ui/results/SearchResults.tsx(496,15): error TS2322: Type '{ children: (Element | Element[])[]; value: string; onChange: (e: any) => void; className: string; }' is not assignable to type 'IntrinsicAttributes & SelectSharedProps & { value?: string | undefined; defaultValue?: string | undefined; onValueChange?(value: string): void; }'.
  Property 'onChange' does not exist on type 'IntrinsicAttributes & SelectSharedProps & { value?: string | undefined; defaultValue?: string | undefined; onValueChange?(value: string): void; }'.
src/features/search/ui/results/SearchResults.tsx(496,25): error TS7006: Parameter 'e' implicitly has an 'any' type.
src/features/search/ui/results/SearchResults.tsx(511,13): error TS2322: Type '{ children: Element[]; value: SortOption; onChange: (e: any) => void; className: string; }' is not assignable to type 'IntrinsicAttributes & SelectSharedProps & { value?: string | undefined; defaultValue?: string | undefined; onValueChange?(value: string): void; }'.
  Property 'onChange' does not exist on type 'IntrinsicAttributes & SelectSharedProps & { value?: string | undefined; defaultValue?: string | undefined; onValueChange?(value: string): void; }'.
src/features/search/ui/results/SearchResults.tsx(511,23): error TS7006: Parameter 'e' implicitly has an 'any' type.
src/features/search/ui/results/SearchResults.tsx(537,15): error TS2322: Type '"default" | "outline"' is not assignable to type '"primary" | "secondary" | "outline" | "ghost" | "destructive" | null | undefined'.
  Type '"default"' is not assignable to type '"primary" | "secondary" | "outline" | "ghost" | "destructive" | null | undefined'.
src/features/search/ui/results/SearchResults.tsx(546,15): error TS2322: Type '"default" | "outline"' is not assignable to type '"primary" | "secondary" | "outline" | "ghost" | "destructive" | null | undefined'.
  Type '"default"' is not assignable to type '"primary" | "secondary" | "outline" | "ghost" | "destructive" | null | undefined'.
src/features/security/ui/dashboard/SecureForm.tsx(74,65): error TS2339: Property 'retryAfter' does not exist on type 'RateLimitStatus'.
src/features/security/ui/dashboard/SecuritySettings.tsx(10,10): error TS2459: Module '"@client/features/security/ui/dashboard/SecurityDashboard.tsx"' declares 'getSecuritySystem' locally, but it is not exported.
src/features/security/ui/privacy/DataUsageReportDashboard.tsx(35,10): error TS2724: '"@client/lib/services/privacyAnalyticsService"' has no exported member named 'privacyAnalyticsService'. Did you mean 'PrivacyAnalyticsService'?
src/features/security/ui/privacy/DataUsageReportDashboard.tsx(100,25): error TS2339: Property 'generatePrivacyPolicySummary' does not exist on type 'PrivacyComplianceManager'.
src/features/sponsorship/pages/financial-network.tsx(39,61): error TS2339: Property 'isEmbedded' does not exist on type 'FinancialNetworkProps'.
src/features/users/ui/verification/ExpertConsensus.tsx(114,50): error TS2345: Argument of type 'string | undefined' is not assignable to parameter of type 'string'.
  Type 'undefined' is not assignable to type 'string'.
src/features/users/ui/verification/ExpertConsensus.tsx(203,21): error TS18048: 'consensus.minorityPositions' is possibly 'undefined'.
src/features/users/ui/verification/ExpertConsensus.tsx(215,10): error TS18048: 'consensus.minorityPositions' is possibly 'undefined'.
src/features/users/ui/verification/ExpertConsensus.tsx(240,16): error TS18048: 'consensus.minorityPositions' is possibly 'undefined'.
src/features/users/ui/verification/ExpertConsensus.tsx(311,18): error TS18048: 'consensus.minorityPositions' is possibly 'undefined'.
src/features/users/ui/verification/ExpertConsensus.tsx(318,18): error TS18048: 'consensus.controversyLevel' is possibly 'undefined'.
src/features/users/ui/verification/ExpertProfileCard.tsx(126,16): error TS18048: 'expert.affiliations' is possibly 'undefined'.
src/features/users/ui/verification/ExpertProfileCard.tsx(128,20): error TS18048: 'expert.affiliations' is possibly 'undefined'.
src/features/users/ui/verification/ExpertProfileCard.tsx(128,53): error TS18048: 'expert.affiliations' is possibly 'undefined'.
src/features/users/ui/verification/ExpertProfileCard.tsx(133,18): error TS18048: 'expert.specializations' is possibly 'undefined'.
src/features/users/ui/verification/ExpertProfileCard.tsx(138,18): error TS18048: 'expert.specializations' is possibly 'undefined'.
src/features/users/ui/verification/ExpertProfileCard.tsx(140,23): error TS18048: 'expert.specializations' is possibly 'undefined'.
src/features/users/ui/verification/ExpertProfileCard.tsx(188,16): error TS18048: 'expert.specializations' is possibly 'undefined'.
src/features/users/ui/verification/ExpertProfileCard.tsx(202,44): error TS2345: Argument of type 'string | undefined' is not assignable to parameter of type 'string'.
  Type 'undefined' is not assignable to type 'string'.
src/features/users/ui/verification/ExpertProfileCard.tsx(352,10): error TS18048: 'expert.affiliations' is possibly 'undefined'.
src/features/users/ui/verification/ExpertProfileCard.tsx(355,66): error TS18048: 'expert.affiliations' is possibly 'undefined'.
src/features/users/ui/verification/ExpertProfileCard.tsx(378,18): error TS18048: 'expert.affiliations' is possibly 'undefined'.
src/features/users/ui/verification/ExpertProfileCard.tsx(421,18): error TS18048: 'expert.affiliations' is possibly 'undefined'.
src/features/users/ui/verification/ExpertProfileCard.tsx(438,18): error TS18048: 'expert.affiliations' is possibly 'undefined'.
src/features/users/ui/verification/ExpertProfileCard.tsx(440,23): error TS18048: 'expert.affiliations' is possibly 'undefined'.
src/features/users/ui/verification/index.ts(37,3): error TS2724: '"@client/lib/types"' has no exported member named 'CommunityValidation'. Did you mean 'CommunityValidationType'?
src/features/users/ui/verification/index.ts(38,3): error TS2724: '"@client/lib/types"' has no exported member named 'VerificationWorkflow'. Did you mean 'VerificationWorkflowType'?
src/features/users/ui/verification/verification-list.tsx(136,11): error TS2322: Type '"default" | "outline"' is not assignable to type '"primary" | "secondary" | "outline" | "ghost" | "destructive" | null | undefined'.
  Type '"default"' is not assignable to type '"primary" | "secondary" | "outline" | "ghost" | "destructive" | null | undefined'.
src/features/users/ui/verification/verification-list.tsx(143,11): error TS2322: Type '"default" | "outline"' is not assignable to type '"primary" | "secondary" | "outline" | "ghost" | "destructive" | null | undefined'.
  Type '"default"' is not assignable to type '"primary" | "secondary" | "outline" | "ghost" | "destructive" | null | undefined'.
src/features/users/ui/verification/verification-list.tsx(150,11): error TS2322: Type '"default" | "outline"' is not assignable to type '"primary" | "secondary" | "outline" | "ghost" | "destructive" | null | undefined'.
  Type '"default"' is not assignable to type '"primary" | "secondary" | "outline" | "ghost" | "destructive" | null | undefined'.
src/features/users/ui/verification/verification-list.tsx(157,11): error TS2322: Type '"default" | "outline"' is not assignable to type '"primary" | "secondary" | "outline" | "ghost" | "destructive" | null | undefined'.
  Type '"default"' is not assignable to type '"primary" | "secondary" | "outline" | "ghost" | "destructive" | null | undefined'.
src/lib/config/api.ts(9,30): error TS2307: Cannot find module '../core/api/config' or its corresponding type declarations.
src/lib/config/index.ts(3,15): error TS2307: Cannot find module '../lib/config/navigation' or its corresponding type declarations.
src/lib/contexts/NavigationContext.tsx(7,15): error TS2307: Cannot find module '../core/navigation/context' or its corresponding type declarations.
src/lib/contexts/NavigationContext.tsx(8,15): error TS2307: Cannot find module '../core/navigation/types' or its corresponding type declarations.
src/lib/contexts/NavigationContext.tsx(12,42): error TS2307: Cannot find module '../core/navigation/context' or its corresponding type declarations.
src/lib/data/mock/analytics.ts(276,5): error TS2322: Type '{ userId: string; username: string | undefined; score: number; rank: number; badge: "Policy Expert" | "Civic Champion" | "Rising Star" | "Community Leader" | "Engaged Citizen"; contributions: { ...; }; }[]' is not assignable to type '{ userId: string; username: string; score: number; rank: number; badge: string; contributions: { comments: number; votes: number; shares: number; }; }[]'.
  Type '{ userId: string; username: string | undefined; score: number; rank: number; badge: "Policy Expert" | "Civic Champion" | "Rising Star" | "Community Leader" | "Engaged Citizen"; contributions: { ...; }; }' is not assignable to type '{ userId: string; username: string; score: number; rank: number; badge: string; contributions: { comments: number; votes: number; shares: number; }; }'.
    Types of property 'username' are incompatible.
      Type 'string | undefined' is not assignable to type 'string'.
        Type 'undefined' is not assignable to type 'string'.
src/lib/data/mock/analytics.ts(291,5): error TS2322: Type '{ hour: number; engagement: number; participants: number; sentiment: number; }[]' is not assignable to type '{ hour: string; engagement: number; participants: number; sentiment: number; }[]'.
  Type '{ hour: number; engagement: number; participants: number; sentiment: number; }' is not assignable to type '{ hour: string; engagement: number; participants: number; sentiment: number; }'.
    Types of property 'hour' are incompatible.
      Type 'number' is not assignable to type 'string'.
src/lib/data/mock/community.ts(61,3): error TS2322: Type '{ velocity: number; diversity: number; substance: number; trendingScore: number; id: string; type: "discussion" | "comment" | "expert_contribution" | "bill_save" | "bill_share" | "campaign_join" | "petition_sign"; ... 17 more ...; userHasLiked: boolean; }[]' is not assignable to type 'ActivityItem[]'.
  Type '{ velocity: number; diversity: number; substance: number; trendingScore: number; id: string; type: "discussion" | "comment" | "expert_contribution" | "bill_save" | "bill_share" | "campaign_join" | "petition_sign"; ... 17 more ...; userHasLiked: boolean; }' is not assignable to type 'ActivityItem'.
    Types of property 'expertInfo' are incompatible.
      Type '{ verificationType: any; credibilityScore: any; specializations: any; } | undefined' is not assignable to type '{ readonly isVerified: boolean; readonly specialty?: string | undefined; readonly credibilityScore?: number | undefined; } | undefined'.
        Property 'isVerified' is missing in type '{ verificationType: any; credibilityScore: any; specializations: any; }' but required in type '{ readonly isVerified: boolean; readonly specialty?: string | undefined; readonly credibilityScore?: number | undefined; }'.
src/lib/data/mock/community.ts(173,3): error TS2322: Type '{ hourlyActivity: number[]; dailyActivity: number[]; weeklyActivity: number[]; geographicDistribution: { state: string; count: number; percentage: number; }[]; timestamp: string; lastUpdated: string; ... 12 more ...; expertCount: number; }[]' is not assignable to type 'TrendingTopic[]'.
  Type '{ hourlyActivity: number[]; dailyActivity: number[]; weeklyActivity: number[]; geographicDistribution: { state: string; count: number; percentage: number; }[]; timestamp: string; lastUpdated: string; ... 12 more ...; expertCount: number; }' is missing the following properties from type 'TrendingTopic': name, billCount, isActive, createdAt
src/lib/data/mock/community.ts(226,3): error TS2322: Type '{ id: string; expertId: string | number; expertName: string; expertAvatar: string | undefined; verificationType: "official" | "domain" | "identity" | undefined; credibilityScore: number | undefined; ... 15 more ...; lastUpdated: string; }[]' is not assignable to type 'ExpertInsight[]'.
  Type '{ id: string; expertId: string | number; expertName: string; expertAvatar: string | undefined; verificationType: "official" | "domain" | "identity" | undefined; credibilityScore: number | undefined; ... 15 more ...; lastUpdated: string; }' is missing the following properties from type 'ExpertInsight': createdAt, published, reviewStatus
src/lib/data/mock/community.ts(311,3): error TS2322: Type '{ id: string; title: string; description: string; summary: string; type: "action" | "petition" | "advocacy" | "awareness"; status: "cancelled" | "paused" | "active" | "completed"; billIds: number[]; ... 13 more ...; updatedAt: string; }[]' is not assignable to type 'Campaign[]'.
  Type '{ id: string; title: string; description: string; summary: string; type: "action" | "petition" | "advocacy" | "awareness"; status: "cancelled" | "paused" | "active" | "completed"; billIds: number[]; ... 13 more ...; updatedAt: string; }' is missing the following properties from type 'Campaign': currentProgress, tags
src/lib/data/mock/community.ts(384,3): error TS2322: Type '{ id: string; title: string; description: string; summary: string; billIds: number[]; policyAreas: string[]; targetOfficial: "Senator Kiptoo" | "Hon. Amina Mohamed" | "Governor Omondi" | "Cabinet Secretary for Health"; ... 10 more ...; updatedAt: string; }[]' is not assignable to type 'Petition[]'.
  Type '{ id: string; title: string; description: string; summary: string; billIds: number[]; policyAreas: string[]; targetOfficial: "Senator Kiptoo" | "Hon. Amina Mohamed" | "Governor Omondi" | "Cabinet Secretary for Health"; ... 10 more ...; updatedAt: string; }' is missing the following properties from type 'Petition': target, signatureCount, signatureGoal
src/lib/data/mock/community.ts(455,5): error TS2353: Object literal may only specify known properties, and 'totalMembers' does not exist in type 'CommunityStats'.
src/lib/data/mock/community.ts(485,5): error TS2353: Object literal may only specify known properties, and 'totalActivity' does not exist in type 'LocalImpactMetrics'.
src/lib/data/mock/discussions.ts(13,3): error TS2724: '"@client/lib/types"' has no exported member named 'CommentReport'. Did you mean 'CommentReportData'?
src/lib/data/mock/discussions.ts(56,7): error TS2322: Type 'string' is not assignable to type 'number'.
src/lib/data/mock/discussions.ts(58,7): error TS2322: Type 'string | undefined' is not assignable to type 'number | undefined'.
  Type 'string' is not assignable to type 'number'.
src/lib/data/mock/discussions.ts(59,7): error TS2322: Type 'string | number' is not assignable to type 'number'.
  Type 'string' is not assignable to type 'number'.
src/lib/data/mock/discussions.ts(88,15): error TS2339: Property 'replies' does not exist on type 'Comment'.
src/lib/data/mock/discussions.ts(88,56): error TS2345: Argument of type 'number' is not assignable to parameter of type 'string'.
src/lib/data/mock/discussions.ts(89,15): error TS2540: Cannot assign to 'replyCount' because it is a read-only property.
src/lib/data/mock/discussions.ts(89,36): error TS2339: Property 'replies' does not exist on type 'Comment'.
src/lib/data/mock/discussions.ts(108,51): error TS2339: Property 'replies' does not exist on type 'Comment'.
src/lib/data/mock/discussions.ts(119,49): error TS2339: Property 'isExpertComment' does not exist on type 'Comment'.
src/lib/data/mock/discussions.ts(123,5): error TS2322: Type 'string' is not assignable to type 'number'.
src/lib/data/mock/discussions.ts(218,3): error TS2322: Type '{ id: string; commentId: string; moderatorId: string; action: "warn" | "hide" | "ban_user" | "remove" | "restore"; reason: "Off-topic discussion" | "Violation of community guidelines" | "Spam content detected" | "Inappropriate language" | "Personal attack"; description: string; createdAt: string; appealable: boolean...' is not assignable to type 'ModerationAction[]'.
  Type '{ id: string; commentId: string; moderatorId: string; action: "warn" | "hide" | "ban_user" | "remove" | "restore"; reason: "Off-topic discussion" | "Violation of community guidelines" | "Spam content detected" | "Inappropriate language" | "Personal attack"; description: string; createdAt: string; appealable: boolean...' is not assignable to type 'ModerationAction'.
src/lib/data/mock/discussions.ts(265,3): error TS2322: Type '{ id: string; commentId: string; reporterId: string; type: "other" | "spam" | "misinformation" | "harassment" | "inappropriate_language" | "off_topic" | "personal_attack" | "copyright_violation" | "duplicate_content"; ... 6 more ...; reviewNotes: string | undefined; }[]' is not assignable to type 'ModerationFlag[]'.
  Type '{ id: string; commentId: string; reporterId: string; type: "other" | "spam" | "misinformation" | "harassment" | "inappropriate_language" | "off_topic" | "personal_attack" | "copyright_violation" | "duplicate_content"; ... 6 more ...; reviewNotes: string | undefined; }' is not assignable to type 'ModerationFlag'.
    Types of property 'id' are incompatible.
      Type 'string' is not assignable to type 'number'.
src/lib/data/mock/discussions.ts(294,3): error TS2322: Type '{ userId: string; userName: string; billId: number; parentId: string | undefined; timestamp: string; }[]' is not assignable to type 'TypingIndicator[]'.
  Type '{ userId: string; userName: string; billId: number; parentId: string | undefined; timestamp: string; }' is missing the following properties from type 'TypingIndicator': username, startedAt
src/lib/data/mock/discussions.ts(331,38): error TS2339: Property 'replies' does not exist on type 'Comment'.
src/lib/data/mock/discussions.ts(336,35): error TS2339: Property 'comments' does not exist on type 'DiscussionThread'.
src/lib/data/mock/discussions.ts(381,31): error TS2339: Property 'replies' does not exist on type 'Comment'.
src/lib/data/mock/discussions.ts(385,26): error TS2339: Property 'comments' does not exist on type 'DiscussionThread'.
src/lib/data/mock/experts.ts(17,3): error TS2724: '"@client/lib/types"' has no exported member named 'CommunityValidation'. Did you mean 'CommunityValidationType'?
src/lib/data/mock/experts.ts(415,30): error TS2345: Argument of type 'string | number' is not assignable to parameter of type 'string'.
  Type 'number' is not assignable to type 'string'.
src/lib/data/mock/experts.ts(431,38): error TS18048: 'expert.specializations' is possibly 'undefined'.
src/lib/data/mock/loaders.ts(72,25): error TS2345: Argument of type 'string | undefined' is not assignable to parameter of type 'string'.
  Type 'undefined' is not assignable to type 'string'.
src/lib/data/mock/real-kenya-data.ts(125,7): error TS7053: Element implicitly has an 'any' type because expression of type '31' can't be used to index type '{ 10: { id: string; number: string; title: string; content: string; relevance: string; }; 27: { id: string; number: string; title: string; content: string; relevance: string; }; 43: { id: string; number: string; title: string; content: string; relevance: string; }; 189: { ...; }; }'.
  Property '31' does not exist on type '{ 10: { id: string; number: string; title: string; content: string; relevance: string; }; 27: { id: string; number: string; title: string; content: string; relevance: string; }; 43: { id: string; number: string; title: string; content: string; relevance: string; }; 189: { ...; }; }'.
src/lib/data/mock/real-kenya-data.ts(144,7): error TS7053: Element implicitly has an 'any' type because expression of type '201' can't be used to index type '{ 10: { id: string; number: string; title: string; content: string; relevance: string; }; 27: { id: string; number: string; title: string; content: string; relevance: string; }; 43: { id: string; number: string; title: string; content: string; relevance: string; }; 189: { ...; }; }'.
  Property '201' does not exist on type '{ 10: { id: string; number: string; title: string; content: string; relevance: string; }; 27: { id: string; number: string; title: string; content: string; relevance: string; }; 43: { id: string; number: string; title: string; content: string; relevance: string; }; 189: { ...; }; }'.
src/lib/data/mock/real-kenya-data.ts(163,7): error TS7053: Element implicitly has an 'any' type because expression of type '73' can't be used to index type '{ 10: { id: string; number: string; title: string; content: string; relevance: string; }; 27: { id: string; number: string; title: string; content: string; relevance: string; }; 43: { id: string; number: string; title: string; content: string; relevance: string; }; 189: { ...; }; }'.
  Property '73' does not exist on type '{ 10: { id: string; number: string; title: string; content: string; relevance: string; }; 27: { id: string; number: string; title: string; content: string; relevance: string; }; 43: { id: string; number: string; title: string; content: string; relevance: string; }; 189: { ...; }; }'.
src/lib/data/mock/real-kenya-data.ts(164,7): error TS7053: Element implicitly has an 'any' type because expression of type '75' can't be used to index type '{ 10: { id: string; number: string; title: string; content: string; relevance: string; }; 27: { id: string; number: string; title: string; content: string; relevance: string; }; 43: { id: string; number: string; title: string; content: string; relevance: string; }; 189: { ...; }; }'.
  Property '75' does not exist on type '{ 10: { id: string; number: string; title: string; content: string; relevance: string; }; 27: { id: string; number: string; title: string; content: string; relevance: string; }; 43: { id: string; number: string; title: string; content: string; relevance: string; }; 189: { ...; }; }'.
src/lib/data/mock/realtime.ts(62,5): error TS2322: Type 'string | number' is not assignable to type 'number | undefined'.
  Type 'string' is not assignable to type 'number'.
src/lib/data/mock/realtime.ts(96,27): error TS18048: 'bill.viewCount' is possibly 'undefined'.
src/lib/data/mock/realtime.ts(99,32): error TS2339: Property 'saveCount' does not exist on type 'Bill'.
src/lib/data/mock/realtime.ts(102,30): error TS18048: 'bill.commentCount' is possibly 'undefined'.
src/lib/data/mock/realtime.ts(105,33): error TS2339: Property 'shareCount' does not exist on type 'Bill'.
src/lib/data/mock/realtime.ts(113,5): error TS2322: Type 'string | number' is not assignable to type 'number | undefined'.
  Type 'string' is not assignable to type 'number'.
src/lib/data/mock/realtime.ts(132,5): error TS2322: Type 'string | number' is not assignable to type 'string | undefined'.
  Type 'number' is not assignable to type 'string'.
src/lib/data/mock/realtime.ts(133,5): error TS2322: Type 'string | number' is not assignable to type 'number | undefined'.
  Type 'string' is not assignable to type 'number'.
src/lib/data/mock/realtime.ts(140,40): error TS2339: Property 'first_name' does not exist on type 'User | Expert'.
  Property 'first_name' does not exist on type 'Expert'.
src/lib/data/mock/realtime.ts(140,59): error TS2339: Property 'last_name' does not exist on type 'User | Expert'.
  Property 'last_name' does not exist on type 'Expert'.
src/lib/data/mock/realtime.ts(188,5): error TS2322: Type 'string | number' is not assignable to type 'string | undefined'.
  Type 'number' is not assignable to type 'string'.
src/lib/data/mock/realtime.ts(189,5): error TS2322: Type 'string | number' is not assignable to type 'number | undefined'.
  Type 'string' is not assignable to type 'number'.
src/lib/data/mock/users.ts(99,5): error TS2322: Type 'string' is not assignable to type '"admin" | "citizen" | "expert" | "official" | "moderator"'.
src/lib/data/mock/users.ts(100,5): error TS2322: Type 'string' is not assignable to type '"pending" | "rejected" | "verified" | undefined'.
src/lib/data/mock/users.ts(145,3): error TS2322: Type '{ id: string; user_id: string; event_type: "suspicious_activity" | "account_locked" | "login" | "logout" | "password_change" | "two_factor_enabled" | "failed_login" | "two_factor_disabled"; ... 5 more ...; details: { ...; }; }[]' is not assignable to type 'SecurityEvent[]'.
  Type '{ id: string; user_id: string; event_type: "suspicious_activity" | "account_locked" | "login" | "logout" | "password_change" | "two_factor_enabled" | "failed_login" | "two_factor_disabled"; ... 5 more ...; details: { ...; }; }' is missing the following properties from type 'SecurityEvent': type, description, severity
src/lib/data/mock/users.ts(191,3): error TS2322: Type '{ role: "expert"; verification_status: "verified"; reputation: number; two_factor_enabled: true; privacy_settings: { profile_visibility: "public"; analytics_consent: true; email_visibility?: "public" | ... 2 more ... | undefined; ... 6 more ...; notification_preferences?: NotificationPreferences | undefined; }; ... ...' is not assignable to type 'User[]'.
  Type '{ role: "expert"; verification_status: "verified"; reputation: number; two_factor_enabled: true; privacy_settings: { profile_visibility: "public"; analytics_consent: true; email_visibility?: "public" | ... 2 more ... | undefined; ... 6 more ...; notification_preferences?: NotificationPreferences | undefined; }; ... ...' is not assignable to type 'User'.
    The types of 'privacy_settings.email_visibility' are incompatible between these types.
      Type '"public" | "private" | "registered" | undefined' is not assignable to type '"public" | "private" | "registered"'.
        Type 'undefined' is not assignable to type '"public" | "private" | "registered"'.
src/lib/data/mock/users.ts(212,3): error TS2322: Type '{ role: "moderator"; verification_status: "verified"; reputation: number; two_factor_enabled: true; account_locked: false; privacy_settings: { profile_visibility: "public"; email_visibility?: "public" | ... 2 more ... | undefined; ... 7 more ...; notification_preferences?: NotificationPreferences | undefined; }; ......' is not assignable to type 'User[]'.
  Type '{ role: "moderator"; verification_status: "verified"; reputation: number; two_factor_enabled: true; account_locked: false; privacy_settings: { profile_visibility: "public"; email_visibility?: "public" | ... 2 more ... | undefined; ... 7 more ...; notification_preferences?: NotificationPreferences | undefined; }; ......' is not assignable to type 'User'.
    The types of 'privacy_settings.email_visibility' are incompatible between these types.
      Type '"public" | "private" | "registered" | undefined' is not assignable to type '"public" | "private" | "registered"'.
        Type 'undefined' is not assignable to type '"public" | "private" | "registered"'.
src/lib/design-system/interactive/Calendar.tsx(243,13): error TS2345: Argument of type 'string' is not assignable to parameter of type 'Date'.
src/lib/design-system/interactive/Calendar.tsx(300,10): error TS2322: Type '{ footer?: ReactNode; mode: "range" | "multiple" | "single"; title?: string | undefined; id?: string | undefined; hidden?: Matcher | Matcher[] | undefined; ... 73 more ...; disabled: (date: Date) => boolean; }' is not assignable to type 'IntrinsicAttributes & DayPickerProps'.
  Type '{ footer?: ReactNode; mode: "range" | "multiple" | "single"; title?: string | undefined; id?: string | undefined; hidden?: Matcher | Matcher[] | undefined; ... 73 more ...; disabled: (date: Date) => boolean; }' is not assignable to type '(IntrinsicAttributes & PropsBase & PropsSingle) | (IntrinsicAttributes & PropsBase & PropsSingleRequired) | (IntrinsicAttributes & ... 1 more ... & PropsMulti) | (IntrinsicAttributes & ... 1 more ... & PropsMultiRequired) | (IntrinsicAttributes & ... 1 more ... & PropsRange) | (IntrinsicAttributes & ... 1 more ... &...'.
    Property 'required' is missing in type '{ footer?: ReactNode; mode: "range" | "multiple" | "single"; title?: string | undefined; id?: string | undefined; hidden?: Matcher | Matcher[] | undefined; ... 73 more ...; disabled: (date: Date) => boolean; }' but required in type 'PropsRangeRequired'.
src/lib/design-system/interactive/errors.ts(38,10): error TS2540: Cannot assign to 'name' because it is a read-only property.
src/lib/design-system/interactive/errors.ts(73,10): error TS2540: Cannot assign to 'name' because it is a read-only property.
src/lib/design-system/interactive/errors.ts(93,10): error TS2540: Cannot assign to 'name' because it is a read-only property.
src/lib/examples/render-tracking-usage.tsx(17,8): error TS2307: Cannot find module '../features/analytics/hooks/use-render-tracker' or its corresponding type declarations.
src/lib/examples/WebSocketIntegrationExample.tsx(8,30): error TS2307: Cannot find module '@client/lib/hooks/use-websocket' or its corresponding type declarations.
src/lib/examples/WebSocketIntegrationExample.tsx(73,5): error TS2304: Cannot find name 'useBillRealTime'.
src/lib/examples/WebSocketIntegrationExample.tsx(101,43): error TS7006: Parameter 'update' implicitly has an 'any' type.
src/lib/examples/WebSocketIntegrationExample.tsx(101,51): error TS7006: Parameter 'index' implicitly has an 'any' type.
src/lib/examples/WebSocketIntegrationExample.tsx(138,26): error TS2339: Property 'notificationCount' does not exist on type '{ notifications: Notification[]; unreadCount: number; isLoading: boolean; error: string | null; isInitialized: boolean; markAsRead: (notificationId: string) => Promise<void>; ... 4 more ...; clearError: () => void; }'.
src/lib/examples/WebSocketIntegrationExample.tsx(138,57): error TS2339: Property 'isConnected' does not exist on type '{ notifications: Notification[]; unreadCount: number; isLoading: boolean; error: string | null; isInitialized: boolean; markAsRead: (notificationId: string) => Promise<void>; ... 4 more ...; clearError: () => void; }'.
src/lib/examples/WebSocketIntegrationExample.tsx(176,50): error TS2339: Property 'created_at' does not exist on type 'Notification'.
src/lib/examples/WebSocketIntegrationExample.tsx(210,21): error TS7006: Parameter 'update' implicitly has an 'any' type.
src/lib/examples/WebSocketIntegrationExample.tsx(213,26): error TS7006: Parameter 'update' implicitly has an 'any' type.
src/lib/examples/WebSocketIntegrationExample.tsx(216,23): error TS7006: Parameter 'notification' implicitly has an 'any' type.
src/lib/examples/WebSocketIntegrationExample.tsx(219,27): error TS7006: Parameter 'connected' implicitly has an 'any' type.
src/lib/hooks/hooks-monitoring.ts(380,12): error TS7053: Element implicitly has an 'any' type because expression of type 'ErrorSeverity' can't be used to index type '{ low: number; medium: number; high: number; critical: number; }'.
  Property '[ErrorSeverity.BLOCKER]' does not exist on type '{ low: number; medium: number; high: number; critical: number; }'.
src/lib/hooks/mobile/usePullToRefresh.ts(34,32): error TS2307: Cannot find module '@client/config/gestures' or its corresponding type declarations.
src/lib/hooks/useErrorRecovery.ts(165,50): error TS2339: Property 'connectionType' does not exist on type 'ConnectionInfo'.
src/lib/hooks/useErrorRecovery.ts(169,7): error TS2345: Argument of type 'string | Error' is not assignable to parameter of type 'Error'.
  Type 'string' is not assignable to type 'Error'.
src/lib/hooks/useErrorRecovery.ts(267,27): error TS2339: Property 'connectionType' does not exist on type 'ConnectionInfo'.
src/lib/hooks/useErrorRecovery.ts(297,52): error TS2339: Property 'connectionType' does not exist on type 'ConnectionInfo'.
src/lib/hooks/useErrorRecovery.ts(301,9): error TS2345: Argument of type 'string | Error' is not assignable to parameter of type 'Error'.
  Type 'string' is not assignable to type 'Error'.
src/lib/hooks/useErrorRecovery.ts(321,27): error TS2339: Property 'connectionType' does not exist on type 'ConnectionInfo'.
src/lib/hooks/useErrorRecovery.ts(364,17): error TS2345: Argument of type 'string | Error' is not assignable to parameter of type 'Error'.
  Type 'string' is not assignable to type 'Error'.
src/lib/hooks/useErrorRecovery.ts(421,38): error TS2339: Property 'connectionType' does not exist on type 'ConnectionInfo'.
src/lib/hooks/useMockData.ts(8,29): error TS2307: Cannot find module '@client/data/mock/loaders' or its corresponding type declarations.
src/lib/hooks/useMockData.ts(64,54): error TS2345: Argument of type 'string | number | symbol' is not assignable to parameter of type 'string'.
  Type 'number' is not assignable to type 'string'.
src/lib/hooks/useMockData.ts(72,57): error TS2731: Implicit conversion of a 'symbol' to a 'string' will fail at runtime. Consider wrapping this expression in 'String(...)'.
src/lib/hooks/useMockData.ts(85,52): error TS2731: Implicit conversion of a 'symbol' to a 'string' will fail at runtime. Consider wrapping this expression in 'String(...)'.
src/lib/hooks/useMockData.ts(119,56): error TS2731: Implicit conversion of a 'symbol' to a 'string' will fail at runtime. Consider wrapping this expression in 'String(...)'.
src/lib/hooks/useMockData.ts(195,56): error TS2345: Argument of type '(string | number | symbol)[]' is not assignable to parameter of type 'string[]'.
  Type 'string | number | symbol' is not assignable to type 'string'.
    Type 'number' is not assignable to type 'string'.
src/lib/hooks/useProgressiveDisclosure.ts(41,3): error TS2339: Property '_readingPaths' does not exist on type 'UseProgressiveDisclosureOptions'.
src/lib/hooks/utils/migration-compatibility.ts(26,10): error TS2305: Module '"../use-system"' has no exported member 'useSystem'.
src/lib/hooks/utils/migration-compatibility.ts(79,10): error TS2554: Expected 2 arguments, but got 0.
src/lib/hooks/utils/migration-compatibility.ts(95,10): error TS2554: Expected 1-2 arguments, but got 0.
src/lib/hooks/utils/migration-compatibility.ts(103,10): error TS2554: Expected 1 arguments, but got 0.
src/lib/hooks/utils/migration-compatibility.ts(152,10): error TS2554: Expected 1 arguments, but got 0.
src/lib/hooks/utils/migration-compatibility.ts(160,10): error TS2554: Expected 1 arguments, but got 0.
src/lib/hooks/utils/migration-compatibility.ts(168,10): error TS2554: Expected 1 arguments, but got 0.
src/lib/hooks/utils/migration-compatibility.ts(287,45): error TS2304: Cannot find name 'useState'.
src/lib/hooks/utils/migration-compatibility.ts(288,41): error TS2304: Cannot find name 'useState'.
src/lib/hooks/utils/performance.ts(117,5): error TS2322: Type 'undefined' is not assignable to type 'any[]'.
src/lib/hooks/utils/performance.ts(207,27): error TS2683: 'this' implicitly has type 'any' because it does not have a type annotation.
src/lib/hooks/utils/performance.ts(220,7): error TS2322: Type 'undefined' is not assignable to type 'any[]'.
src/lib/hooks/utils/performance.ts(226,9): error TS2322: Type 'undefined' is not assignable to type 'any[]'.
src/lib/hooks/utils/performance.ts(234,13): error TS2339: Property 'cancel' does not exist on type '(...args: Parameters<T>) => ReturnType<T> | undefined'.
src/lib/hooks/utils/performance.ts(236,20): error TS2769: No overload matches this call.
  Overload 1 of 2, '(timeout: string | number | Timeout | undefined): void', gave the following error.
    Argument of type 'Timeout | null' is not assignable to parameter of type 'string | number | Timeout | undefined'.
      Type 'null' is not assignable to type 'string | number | Timeout | undefined'.
  Overload 2 of 2, '(id: number | undefined): void', gave the following error.
    Argument of type 'Timeout | null' is not assignable to parameter of type 'number | undefined'.
      Type 'null' is not assignable to type 'number | undefined'.
src/lib/hooks/utils/performance.ts(239,5): error TS2322: Type 'undefined' is not assignable to type 'any[]'.
src/lib/hooks/utils/performance.ts(239,49): error TS2322: Type 'undefined' is not assignable to type 'Timeout | null'.
src/lib/hooks/utils/performance.ts(243,13): error TS2339: Property 'flush' does not exist on type '(...args: Parameters<T>) => ReturnType<T> | undefined'.
src/lib/hooks/utils/performance.ts(249,5): error TS2322: Type 'undefined' is not assignable to type 'any[]'.
src/lib/hooks/utils/performance.ts(250,18): error TS2769: No overload matches this call.
  Overload 1 of 2, '(timeout: string | number | Timeout | undefined): void', gave the following error.
    Argument of type 'Timeout | null' is not assignable to parameter of type 'string | number | Timeout | undefined'.
      Type 'null' is not assignable to type 'string | number | Timeout | undefined'.
  Overload 2 of 2, '(id: number | undefined): void', gave the following error.
    Argument of type 'Timeout | null' is not assignable to parameter of type 'number | undefined'.
      Type 'null' is not assignable to type 'number | undefined'.
src/lib/hooks/utils/performance.ts(331,37): error TS2304: Cannot find name 'useState'.
src/lib/infrastructure/monitoring/cross-system-error-analytics.ts(126,11): error TS2416: Property 'trackErrorPropagation' in type 'CrossSystemErrorAnalytics' is not assignable to the same property in base type 'CrossSystemAnalytics'.
  Type '(errorId: string, system: ClientSystem, errorMessage: string) => void' is not assignable to type '(errorId: string) => Promise<{ system: ClientSystem; timestamp: number; error: string; }[]>'.
    Target signature provides too few arguments. Expected 3 or more, but got 1.
src/lib/infrastructure/monitoring/cross-system-error-analytics.ts(349,7): error TS7053: Element implicitly has an 'any' type because expression of type 'ErrorSeverity' can't be used to index type '{ low: number; medium: number; high: number; critical: number; }'.
  Property '[ErrorSeverity.BLOCKER]' does not exist on type '{ low: number; medium: number; high: number; critical: number; }'.
src/lib/infrastructure/monitoring/cross-system-error-analytics.ts(349,32): error TS7053: Element implicitly has an 'any' type because expression of type 'ErrorSeverity' can't be used to index type '{ low: number; medium: number; high: number; critical: number; }'.
  Property '[ErrorSeverity.BLOCKER]' does not exist on type '{ low: number; medium: number; high: number; critical: number; }'.
src/lib/infrastructure/monitoring/error-aggregation-service.ts(60,62): error TS2352: Conversion of type 'ErrorContext' to type 'Record<string, unknown>' may be a mistake because neither type sufficiently overlaps with the other. If this was intentional, convert the expression to 'unknown' first.
  Index signature for type 'string' is missing in type 'ErrorContext'.
src/lib/infrastructure/monitoring/error-aggregation-service.ts(133,11): error TS2740: Type '{ system: number; network: number; authentication: number; authorization: number; permission: number; validation: number; database: number; external_service: number; cache: number; business_logic: number; ... 4 more ...; unknown: number; }' is missing the following properties from type 'Record<ErrorDomain, number>': ui, hooks, library_services, service_architecture, and 6 more.
src/lib/infrastructure/monitoring/error-aggregation-service.ts(156,11): error TS2741: Property '[ErrorSeverity.BLOCKER]' is missing in type '{ low: number; medium: number; high: number; critical: number; }' but required in type 'Record<ErrorSeverity, number>'.
src/lib/infrastructure/monitoring/error-aggregation-service.ts(349,11): error TS2740: Type '{ system: number; network: number; authentication: number; authorization: number; permission: number; validation: number; database: number; external_service: number; cache: number; business_logic: number; ... 4 more ...; unknown: number; }' is missing the following properties from type 'Record<ErrorDomain, number>': ui, hooks, library_services, service_architecture, and 6 more.
src/lib/infrastructure/monitoring/index.ts(12,15): error TS2305: Module '"./monitoring-integration"' has no exported member 'MonitoringConfig'.
src/lib/infrastructure/monitoring/trend-analysis-service.ts(135,29): error TS1308: 'await' expressions are only allowed within async functions and at the top levels of modules.
src/lib/infrastructure/monitoring/trend-analysis-service.ts(135,78): error TS2339: Property 'errors' does not exist on type '{ totalErrors: number; bySystem: Record<ClientSystem, number>; byDomain: Record<ErrorDomain, number>; bySeverity: Record<ErrorSeverity, number>; trends: { ...; }[]; }'.
src/lib/infrastructure/store/middleware/authMiddleware.ts(6,33): error TS2307: Cannot find module '@client/utils/security' or its corresponding type declarations.
src/lib/infrastructure/store/middleware/navigationPersistenceMiddleware.ts(23,30): error TS2339: Property 'user_role' does not exist on type 'NavigationState'.
src/lib/infrastructure/store/middleware/navigationPersistenceMiddleware.ts(51,9): error TS2741: Property 'sidebarCollapsed' is missing in type '{ defaultLandingPage: string; favoritePages: never[]; recentlyVisited: never[]; compactMode: false; showBreadcrumbs: true; autoExpand: false; }' but required in type 'NavigationPreferences'.
src/lib/infrastructure/store/middleware/navigationPersistenceMiddleware.ts(67,3): error TS2741: Property 'sidebarCollapsed' is missing in type '{ defaultLandingPage: string; favoritePages: readonly string[]; recentlyVisited: RecentPage[]; compactMode: boolean; showBreadcrumbs: boolean; autoExpand: boolean; }' but required in type 'NavigationPreferences'.
src/lib/infrastructure/store/middleware/navigationPersistenceMiddleware.ts(146,26): error TS2551: Property 'user_role' does not exist on type 'NavigationState'. Did you mean 'userRole'?
src/lib/infrastructure/store/middleware/navigationPersistenceMiddleware.ts(222,19): error TS2551: Property 'user_role' does not exist on type 'Partial<NavigationState>'. Did you mean 'userRole'?
src/lib/infrastructure/store/slices/navigationSlice.ts(185,7): error TS2322: Type '{ defaultLandingPage: string; favoritePages: readonly string[]; recentlyVisited: RecentPage[]; compactMode: boolean; showBreadcrumbs: boolean; autoExpand: boolean; sidebarCollapsed: boolean; }' is not assignable to type 'WritableDraft<NavigationPreferences>'.
  Types of property 'favoritePages' are incompatible.
    The type 'readonly string[]' is 'readonly' and cannot be assigned to the mutable type 'string[]'.
src/lib/infrastructure/store/slices/userDashboardSlice.ts(21,3): error TS2724: '"@client/lib/types/user-dashboard"' has no exported member named 'DashboardPreferences'. Did you mean 'UserDashboardPreferences'?
src/lib/services/interfaces.ts(13,10): error TS2459: Module '"./factory"' declares 'ServiceError' locally, but it is not exported.
src/lib/services/interfaces.ts(22,18): error TS2430: Interface 'BaseService' incorrectly extends interface 'ServiceLifecycleInterface'.
  The types of 'getInfo().dependencies' are incompatible between these types.
    Type 'string[] | undefined' is not assignable to type 'string[]'.
      Type 'undefined' is not assignable to type 'string[]'.
src/lib/services/services-monitoring.ts(8,43): error TS2307: Cannot find module './lib/infrastructure/monitoring/cross-system-error-analytics' or its corresponding type declarations.
src/lib/services/services-monitoring.ts(9,41): error TS2307: Cannot find module './lib/infrastructure/monitoring/error-aggregation-service' or its corresponding type declarations.
src/lib/services/services-monitoring.ts(21,8): error TS2307: Cannot find module './lib/infrastructure/monitoring/unified-error-monitoring-interface' or its corresponding type declarations.
src/lib/types/index.ts(77,1): error TS2308: Module './community' has already exported a member named 'SearchResult'. Consider explicitly re-exporting to resolve the ambiguity.
src/lib/types/index.ts(80,1): error TS2308: Module './bill' has already exported a member named 'BillAnalytics'. Consider explicitly re-exporting to resolve the ambiguity.
src/lib/types/index.ts(80,1): error TS2308: Module './community' has already exported a member named 'TrendingTopic'. Consider explicitly re-exporting to resolve the ambiguity.
src/lib/types/index.ts(80,1): error TS2308: Module './dashboard' has already exported a member named 'DashboardData'. Consider explicitly re-exporting to resolve the ambiguity.
src/lib/types/index.ts(80,1): error TS2308: Module './dashboard' has already exported a member named 'PerformanceMetrics'. Consider explicitly re-exporting to resolve the ambiguity.
src/lib/types/utils/index.ts(12,1): error TS2308: Module './types' has already exported a member named 'ApiResponse'. Consider explicitly re-exporting to resolve the ambiguity.
src/lib/types/utils/index.ts(13,1): error TS2308: Module './types' has already exported a member named 'ValidationResult'. Consider explicitly re-exporting to resolve the ambiguity.
src/lib/types/utils/index.ts(16,1): error TS2308: Module './types' has already exported a member named 'QueryParams'. Consider explicitly re-exporting to resolve the ambiguity.
src/lib/ui/dashboard/action-items.tsx(13,70): error TS2345: Argument of type 'unknown' is not assignable to parameter of type 'Partial<DashboardConfig> | undefined'.
src/lib/ui/dashboard/activity-summary.tsx(4,23): error TS2614: Module '"@client/core"' has no exported member 'measureAsync'. Did you mean to use 'import measureAsync from "@client/core"' instead?
src/lib/ui/dashboard/activity-summary.tsx(4,37): error TS2614: Module '"@client/core"' has no exported member 'recordMetric'. Did you mean to use 'import recordMetric from "@client/core"' instead?
src/lib/ui/dashboard/AdaptiveDashboard.tsx(24,10): error TS2305: Module '"@client/lib/types"' has no exported member 'personaDetector'.
src/lib/ui/dashboard/DashboardFramework.tsx(416,19): error TS2322: Type '{ sections: any; spacing: string; onSectionUpdate: (sectionId: any, updates: any) => void; }' is not assignable to type 'IntrinsicAttributes & DashboardStackProps'.
  Property 'spacing' does not exist on type 'IntrinsicAttributes & DashboardStackProps'.
src/lib/ui/dashboard/DashboardFramework.tsx(417,37): error TS7006: Parameter 'sectionId' implicitly has an 'any' type.
src/lib/ui/dashboard/DashboardFramework.tsx(417,48): error TS7006: Parameter 'updates' implicitly has an 'any' type.
src/lib/ui/dashboard/DashboardFramework.tsx(429,19): error TS2322: Type '{ sections: any; onTabChange: (tabId: any) => void; onSectionUpdate: (sectionId: any, updates: any) => void; }' is not assignable to type 'IntrinsicAttributes & DashboardTabsProps'.
  Property 'onTabChange' does not exist on type 'IntrinsicAttributes & DashboardTabsProps'.
src/lib/ui/dashboard/DashboardFramework.tsx(429,32): error TS7006: Parameter 'tabId' implicitly has an 'any' type.
src/lib/ui/dashboard/DashboardFramework.tsx(433,37): error TS7006: Parameter 'sectionId' implicitly has an 'any' type.
src/lib/ui/dashboard/DashboardFramework.tsx(433,48): error TS7006: Parameter 'updates' implicitly has an 'any' type.
src/lib/ui/dashboard/hooks/useDashboard.ts(32,3): error TS2353: Object literal may only specify known properties, and 'maxActionItems' does not exist in type 'DashboardConfig'.
src/lib/ui/dashboard/hooks/useDashboard.ts(130,46): error TS18048: 'dashboardConfig.refreshInterval' is possibly 'undefined'.
src/lib/ui/dashboard/hooks/useDashboardConfig.ts(14,3): error TS2353: Object literal may only specify known properties, and 'maxActionItems' does not exist in type 'DashboardConfig'.
src/lib/ui/dashboard/hooks/useDashboardConfig.ts(84,33): error TS2345: Argument of type '{ id: string; name: string; description?: string; layout: DashboardLayout; preferences: DashboardPreferences; ... 8 more ...; enableAutoRefresh?: boolean; }' is not assignable to parameter of type 'DashboardAppConfig'.
  Type '{ id: string; name: string; description?: string | undefined; layout: DashboardLayout; preferences: DashboardPreferences; permissions?: string[] | undefined; ... 7 more ...; enableAutoRefresh?: boolean | undefined; }' is missing the following properties from type 'DashboardAppConfig': maxActionItems, maxTrackedTopics, showCompletedActions, defaultView
src/lib/ui/dashboard/hooks/useDashboardConfig.ts(140,28): error TS2353: Object literal may only specify known properties, and 'maxActionItems' does not exist in type 'Partial<DashboardConfig>'.
src/lib/ui/dashboard/hooks/useDashboardConfig.ts(150,26): error TS2353: Object literal may only specify known properties, and 'showCompletedActions' does not exist in type 'Partial<DashboardConfig>'.
src/lib/ui/dashboard/hooks/useDashboardConfig.ts(150,56): error TS2339: Property 'showCompletedActions' does not exist on type 'DashboardConfig'.
src/lib/ui/dashboard/hooks/useDashboardConfig.ts(151,14): error TS2339: Property 'showCompletedActions' does not exist on type 'DashboardConfig'.
src/lib/ui/dashboard/hooks/useDashboardConfig.ts(155,28): error TS2353: Object literal may only specify known properties, and 'defaultView' does not exist in type 'Partial<DashboardConfig>'.
src/lib/ui/dashboard/modals/DashboardPreferencesModal.tsx(31,10): error TS2724: '"@client/lib/types/user-dashboard"' has no exported member named 'DashboardPreferences'. Did you mean 'UserDashboardPreferences'?
src/lib/ui/dashboard/modals/DashboardPreferencesModal.tsx(92,25): error TS7006: Parameter 'prev' implicitly has an 'any' type.
src/lib/ui/dashboard/modals/DashboardPreferencesModal.tsx(96,25): error TS7006: Parameter 'prev' implicitly has an 'any' type.
src/lib/ui/dashboard/modals/DashboardPreferencesModal.tsx(102,27): error TS7006: Parameter 'prev' implicitly has an 'any' type.
src/lib/ui/dashboard/modals/DashboardPreferencesModal.tsx(107,25): error TS7006: Parameter 'prev' implicitly has an 'any' type.
src/lib/ui/dashboard/modals/DashboardPreferencesModal.tsx(111,25): error TS7006: Parameter 'prev' implicitly has an 'any' type.
src/lib/ui/dashboard/modals/DashboardPreferencesModal.tsx(116,58): error TS7006: Parameter 'id' implicitly has an 'any' type.
src/lib/ui/dashboard/modals/DashboardPreferencesModal.tsx(117,54): error TS7006: Parameter 'id' implicitly has an 'any' type.
src/lib/ui/dashboard/modals/DashboardPreferencesModal.tsx(123,54): error TS7006: Parameter 'id' implicitly has an 'any' type.
src/lib/ui/dashboard/modals/DashboardPreferencesModal.tsx(124,58): error TS7006: Parameter 'id' implicitly has an 'any' type.
src/lib/ui/dashboard/recovery.ts(31,17): error TS2339: Property 'type' does not exist on type 'DashboardError'.
src/lib/ui/dashboard/UserDashboard.tsx(26,3): error TS2724: '"@client/lib/types/user-dashboard"' has no exported member named 'DashboardPreferences'. Did you mean 'UserDashboardPreferences'?
src/lib/ui/dashboard/utils/dashboard-config-utils.ts(53,9): error TS2353: Object literal may only specify known properties, and 'config' does not exist in type '{ details?: Record<string, unknown> | undefined; context?: ErrorContext | undefined; }'.
src/lib/ui/dashboard/utils/dashboard-config-utils.ts(76,9): error TS2353: Object literal may only specify known properties, and 'baseConfig' does not exist in type '{ details?: Record<string, unknown> | undefined; context?: ErrorContext | undefined; }'.
src/lib/ui/dashboard/utils/dashboard-config-utils.ts(291,9): error TS2353: Object literal may only specify known properties, and 'configJson' does not exist in type '{ details?: Record<string, unknown> | undefined; context?: ErrorContext | undefined; }'.
src/lib/ui/dashboard/validation.ts(99,66): error TS2353: Object literal may only specify known properties, and 'zodError' does not exist in type '{ details?: Record<string, unknown> | undefined; context?: ErrorContext | undefined; }'.
src/lib/ui/dashboard/validation.ts(112,69): error TS2353: Object literal may only specify known properties, and 'zodError' does not exist in type '{ details?: Record<string, unknown> | undefined; context?: ErrorContext | undefined; }'.
src/lib/ui/dashboard/validation.ts(125,67): error TS2353: Object literal may only specify known properties, and 'zodError' does not exist in type '{ details?: Record<string, unknown> | undefined; context?: ErrorContext | undefined; }'.
src/lib/ui/dashboard/validation.ts(138,68): error TS2353: Object literal may only specify known properties, and 'zodError' does not exist in type '{ details?: Record<string, unknown> | undefined; context?: ErrorContext | undefined; }'.
src/lib/ui/dashboard/validation.ts(155,66): error TS2353: Object literal may only specify known properties, and 'zodError' does not exist in type '{ details?: Record<string, unknown> | undefined; context?: ErrorContext | undefined; }'.
src/lib/ui/dashboard/widgets/DashboardStack.tsx(10,15): error TS2724: '"@client/lib/types/dashboard"' has no exported member named 'DashboardSectionConfig'. Did you mean 'DashboardSection'?
src/lib/ui/dashboard/widgets/DashboardStack.tsx(33,37): error TS7006: Parameter 'widget' implicitly has an 'any' type.
src/lib/ui/dashboard/widgets/DashboardStack.tsx(114,6): error TS2339: Property 'spacing' does not exist on type 'DashboardStackProps'.
src/lib/ui/dashboard/widgets/DashboardStack.tsx(114,36): error TS2339: Property 'className' does not exist on type 'DashboardStackProps'.
src/lib/ui/dashboard/widgets/DashboardStack.tsx(114,47): error TS2339: Property 'onSectionUpdate' does not exist on type 'DashboardStackProps'.
src/lib/ui/dashboard/widgets/DashboardStack.tsx(127,33): error TS7053: Element implicitly has an 'any' type because expression of type 'any' can't be used to index type '{ tight: string; normal: string; loose: string; }'.
src/lib/ui/dashboard/widgets/DashboardTabs.tsx(10,15): error TS2724: '"@client/lib/types/dashboard"' has no exported member named 'DashboardSectionConfig'. Did you mean 'DashboardSection'?
src/lib/ui/dashboard/widgets/DashboardTabs.tsx(33,37): error TS7006: Parameter 'widget' implicitly has an 'any' type.
src/lib/ui/dashboard/widgets/DashboardTabs.tsx(104,6): error TS2339: Property 'defaultTab' does not exist on type 'DashboardTabsProps'.
src/lib/ui/dashboard/widgets/DashboardTabs.tsx(104,28): error TS2339: Property 'className' does not exist on type 'DashboardTabsProps'.
src/lib/ui/dashboard/widgets/DashboardTabs.tsx(104,39): error TS2339: Property 'onTabChange' does not exist on type 'DashboardTabsProps'.
src/lib/ui/dashboard/widgets/DashboardTabs.tsx(104,52): error TS2339: Property 'onSectionUpdate' does not exist on type 'DashboardTabsProps'.
src/lib/ui/education/EducationalFramework.tsx(346,13): error TS2322: Type '{ id: string; sectionNumber: string; title: string; summary: string; constitutionalBasis: ({ id: string; article: string; section: string; title: string; text: string; relevance: "direct"; impact: "supports"; explanation: string; } | { ...; })[]; concerns: string[]; precedents: string[]; }[]' is not assignable to type 'BillProvision[]'.
  Type '{ id: string; sectionNumber: string; title: string; summary: string; constitutionalBasis: ({ id: string; article: string; section: string; title: string; text: string; relevance: "direct"; impact: "supports"; explanation: string; } | { ...; })[]; concerns: string[]; precedents: string[]; }' is not assignable to type 'BillProvision'.
    Types of property 'constitutionalBasis' are incompatible.
      Type '({ id: string; article: string; section: string; title: string; text: string; relevance: "direct"; impact: "supports"; explanation: string; } | { id: string; article: string; section: string; title: string; text: string; relevance: "contextual"; impact: "mixed"; explanation: string; })[]' is not assignable to type 'ConstitutionalProvision[]'.
        Type '{ id: string; article: string; section: string; title: string; text: string; relevance: "direct"; impact: "supports"; explanation: string; } | { id: string; article: string; section: string; title: string; text: string; relevance: "contextual"; impact: "mixed"; explanation: string; }' is not assignable to type 'ConstitutionalProvision'.
          Type '{ id: string; article: string; section: string; title: string; text: string; relevance: "contextual"; impact: "mixed"; explanation: string; }' is not assignable to type 'ConstitutionalProvision'.
            Types of property 'impact' are incompatible.
              Type '"mixed"' is not assignable to type '"neutral" | "conflicts" | "supports" | "unclear"'.
src/lib/ui/education/EducationalFramework.tsx(354,13): error TS2322: Type '{ id: string; title: string; year: number; jurisdiction: string; status: "implemented"; similarity: "high"; keyProvisions: string[]; outcome: { result: "mixed"; impact: string; lessons: string[]; challenges: string[]; }; constitutionalChallenges: { ...; }; publicSupport: { ...; }; timeline: { ...; }; }[]' is not assignable to type 'LegislationOutcome[]'.
  Type '{ id: string; title: string; year: number; jurisdiction: string; status: "implemented"; similarity: "high"; keyProvisions: string[]; outcome: { result: "mixed"; impact: string; lessons: string[]; challenges: string[]; }; constitutionalChallenges: { ...; }; publicSupport: { ...; }; timeline: { ...; }; }' is not assignable to type 'LegislationOutcome'.
    Types of property 'status' are incompatible.
      Type '"implemented"' is not assignable to type '"pending" | "passed" | "failed" | "withdrawn" | "amended"'.
src/lib/ui/i18n/LanguageSwitcher.tsx(23,40): error TS2307: Cannot find module '../../../utils/i18n' or its corresponding type declarations.
src/lib/ui/integration/IntegrationProvider.tsx(8,41): error TS2307: Cannot find module '@client/services/privacyAnalyticsService' or its corresponding type declarations.
src/lib/ui/integration/IntegrationProvider.tsx(9,77): error TS2307: Cannot find module '@client/utils/security' or its corresponding type declarations.
src/lib/ui/integration/types.ts(6,46): error TS2307: Cannot find module '@client/services/privacyAnalyticsService' or its corresponding type declarations.
src/lib/ui/integration/types.ts(7,82): error TS2307: Cannot find module '@client/utils/security' or its corresponding type declarations.
src/lib/ui/loading/hooks/useLoading.ts(357,26): error TS2345: Argument of type 'string | Error' is not assignable to parameter of type 'string'.
  Type 'Error' is not assignable to type 'string'.
src/lib/ui/loading/hooks/useLoading.ts(450,55): error TS2769: No overload matches this call.
  Overload 1 of 2, '(message?: string | undefined, options?: ErrorOptions | undefined): Error', gave the following error.
    Argument of type 'string | Error' is not assignable to parameter of type 'string | undefined'.
      Type 'Error' is not assignable to type 'string'.
  Overload 2 of 2, '(message?: string | undefined): Error', gave the following error.
    Argument of type 'string | Error' is not assignable to parameter of type 'string | undefined'.
      Type 'Error' is not assignable to type 'string'.
src/lib/ui/loading/hooks/useTimeoutAwareLoading.ts(123,7): error TS2353: Object literal may only specify known properties, and 'retryCount' does not exist in type '{ context?: ErrorContext | undefined; cause?: unknown; }'.
src/lib/ui/loading/hooks/useTimeoutAwareLoading.ts(248,19): error TS2353: Object literal may only specify known properties, and 'retryCount' does not exist in type '{ context?: ErrorContext | undefined; cause?: unknown; }'.
src/lib/ui/loading/ui/TimeoutAwareLoader.tsx(17,5): error TS2339: Property 'size' does not exist on type 'TimeoutAwareLoaderProps'.
src/lib/ui/loading/ui/TimeoutAwareLoader.tsx(19,5): error TS2339: Property 'showMessage' does not exist on type 'TimeoutAwareLoaderProps'.
src/lib/ui/loading/ui/TimeoutAwareLoader.tsx(22,5): error TS2339: Property 'showTimeoutWarning' does not exist on type 'TimeoutAwareLoaderProps'.
src/lib/ui/loading/ui/TimeoutAwareLoader.tsx(23,5): error TS2339: Property 'timeoutMessage' does not exist on type 'TimeoutAwareLoaderProps'.
src/lib/ui/mobile/interaction/PullToRefresh.tsx(6,32): error TS2307: Cannot find module '@client/config/gestures' or its corresponding type declarations.
src/lib/ui/mobile/interaction/SwipeGestures.tsx(6,32): error TS2307: Cannot find module '@client/config/gestures' or its corresponding type declarations.
src/lib/ui/mobile/layout/MobileLayout.tsx(7,37): error TS2307: Cannot find module '@client/config/navigation' or its corresponding type declarations.
src/lib/ui/mobile/MobileNavigation.tsx(8,37): error TS2307: Cannot find module '@client/config' or its corresponding type declarations.
src/lib/ui/mobile/MobileNavigation.tsx(14,25): error TS2307: Cannot find module '@client/hooks' or its corresponding type declarations.
src/lib/ui/navigation/hooks/useOptimizedNavigation.ts(16,10): error TS2305: Module '"@client/lib/services/navigation"' has no exported member 'navigationUtils'.
src/lib/ui/navigation/utils/route-access.ts(37,11): error TS2430: Interface 'NavigationItemWithAccess' incorrectly extends interface 'NavigationItem'.
  Types of property 'condition' are incompatible.
    Type '((userRole: UserRole, user: User | null) => boolean) | undefined' is not assignable to type '((userRole: UserRole, user: unknown) => boolean) | undefined'.
      Type '(userRole: UserRole, user: User | null) => boolean' is not assignable to type '(userRole: UserRole, user: unknown) => boolean'.
        Types of parameters 'user' and 'user' are incompatible.
          Type 'unknown' is not assignable to type 'User | null'.
src/lib/ui/notifications/NotificationCenter.tsx(139,64): error TS2339: Property 'category' does not exist on type 'Notification'.
src/lib/ui/notifications/NotificationItem.tsx(7,48): error TS2307: Cannot find module '@client/services/notification-service' or its corresponding type declarations.
src/scripts/fsd-migration.ts(8,24): error TS2307: Cannot find module '../utils/logger' or its corresponding type declarations.
../shared/types/api/factories.ts(231,7): error TS2322: Type '{ readonly totalItems: number; readonly totalPages: number; readonly currentPage: number; readonly pageSize: number; } | undefined' is not assignable to type '{ readonly totalItems: number; readonly totalPages: number; readonly currentPage: number; readonly pageSize: number; readonly hasNextPage: boolean; readonly hasPreviousPage: boolean; } | undefined'.
  Type '{ readonly totalItems: number; readonly totalPages: number; readonly currentPage: number; readonly pageSize: number; }' is missing the following properties from type '{ readonly totalItems: number; readonly totalPages: number; readonly currentPage: number; readonly pageSize: number; readonly hasNextPage: boolean; readonly hasPreviousPage: boolean; }': hasNextPage, hasPreviousPage
../shared/types/api/serialization.ts(187,11): error TS2322: Type 'number' is not assignable to type 'HttpStatusCode'.
