src/features/bills/BillHeader.tsx(94,42): error TS2769: No overload matches this call.
src/features/bills/pages/BillsPortalPage.tsx(103,83): error TS2345: Argument of type 'BillsPortalFilters' is not assignable to parameter of type 'BillsQueryParams'.
src/features/bills/ui/analysis/comments.tsx(609,32): error TS2322: Type '{ children: string; className: string; }' is not assignable to type 'IntrinsicAttributes & { children: ReactNode; }'.
src/features/bills/ui/analysis/conflict-of-interest/ConflictNetworkVisualization.tsx(167,41): error TS2339: Property 'size' does not exist on type 'SimulationNodeDatum'.
src/features/bills/ui/analysis/conflict-of-interest/ConflictOfInterestAnalysis.tsx(51,9): error TS2322: Type '{ sponsorId: string | number; sponsorName: string; financialInterests: ({ id: string; source: string; amount: number; industry: string; category: "investment"; date: string; description: string; verified: true; } | { ...; } | { ...; })[]; ... 4 more ...; summary: string; }' is not assignable to type 'ConflictAnalysis'.
src/features/bills/ui/analysis/ConstitutionalAnalysisPanel.tsx(103,5): error TS2322: Type 'string | number' is not assignable to type 'string'.
src/features/bills/ui/ArgumentsTab.tsx(175,40): error TS2739: Type 'Argument' is missing the following properties from type 'Argument': position, argumentText
src/features/bills/ui/ArgumentsTab.tsx(223,47): error TS2551: Property 'strength_score' does not exist on type 'Argument'. Did you mean 'strengthScore'?
src/features/bills/ui/ArgumentsTab.tsx(226,49): error TS2551: Property 'confidence_score' does not exist on type 'Argument'. Did you mean 'confidenceScore'?
src/features/bills/ui/ArgumentsTab.tsx(231,23): error TS2551: Property 'argument_text' does not exist on type 'Argument'. Did you mean 'argumentText'?
src/features/bills/ui/ArgumentsTab.tsx(245,25): error TS2551: Property 'argument_text' does not exist on type 'Argument'. Did you mean 'argumentText'?
src/features/bills/ui/ArgumentsTab.tsx(263,41): error TS2551: Property 'strength_score' does not exist on type 'Argument'. Did you mean 'strengthScore'?
src/features/bills/ui/ArgumentsTab.tsx(269,41): error TS2551: Property 'confidence_score' does not exist on type 'Argument'. Did you mean 'confidenceScore'?
src/features/bills/ui/detail/BillCommunityTab.tsx(54,7): error TS2561: Object literal may only specify known properties, but 'author' does not exist in type 'Comment'. Did you mean to write 'authorId'?
src/features/bills/ui/detail/BillCommunityTab.tsx(74,7): error TS2561: Object literal may only specify known properties, but 'author' does not exist in type 'Comment'. Did you mean to write 'authorId'?
src/features/bills/ui/detail/BillHeader.tsx(89,45): error TS2769: No overload matches this call.
src/features/bills/ui/detail/BillHeader.tsx(94,42): error TS2769: No overload matches this call.
src/features/bills/ui/detail/BillOverviewTab.tsx(77,27): error TS2769: No overload matches this call.
src/features/bills/ui/detail/BillOverviewTab.tsx(84,70): error TS2339: Property 'timestamp' does not exist on type 'BillAction'.
src/features/bills/ui/detail/BillSponsorsTab.tsx(226,37): error TS2322: Type 'string | number' is not assignable to type 'string | undefined'.
src/features/bills/ui/tracking/real-time-tracker.tsx(53,5): error TS2451: Cannot redeclare block-scoped variable 'connect'.
src/features/bills/ui/tracking/real-time-tracker.tsx(54,5): error TS2451: Cannot redeclare block-scoped variable 'disconnect'.
src/features/bills/ui/tracking/real-time-tracker.tsx(55,5): error TS2451: Cannot redeclare block-scoped variable 'subscribe'.
src/features/bills/ui/tracking/real-time-tracker.tsx(56,5): error TS2451: Cannot redeclare block-scoped variable 'unsubscribe'.
src/features/bills/ui/tracking/real-time-tracker.tsx(62,5): error TS2451: Cannot redeclare block-scoped variable 'connect'.
src/features/bills/ui/tracking/real-time-tracker.tsx(63,5): error TS2451: Cannot redeclare block-scoped variable 'disconnect'.
src/features/bills/ui/tracking/real-time-tracker.tsx(64,5): error TS2451: Cannot redeclare block-scoped variable 'subscribe'.
src/features/bills/ui/tracking/real-time-tracker.tsx(65,5): error TS2451: Cannot redeclare block-scoped variable 'unsubscribe'.
src/features/bills/ui/tracking/real-time-tracker.tsx(105,41): error TS2345: Argument of type 'BillTrackingPreferences' is not assignable to parameter of type 'LogContext'.
src/features/bills/ui/tracking/real-time-tracker.tsx(114,75): error TS2345: Argument of type '{ statusChanges: boolean; newComments: boolean; votingSchedule: boolean; amendments: boolean; updateFrequency: UpdateFrequency; notificationChannels: { inApp: boolean; email: boolean; push: boolean; }; }' is not assignable to parameter of type 'BillTrackingPreferences | (() => BillTrackingPreferences)'.
src/features/bills/ui/tracking/real-time-tracker.tsx(122,17): error TS2339: Property 'catch' does not exist on type 'void'.
src/features/bills/ui/tracking/real-time-tracker.tsx(143,19): error TS2353: Object literal may only specify known properties, and 'type' does not exist in type 'string[]'.
src/features/bills/ui/tracking/real-time-tracker.tsx(151,21): error TS2353: Object literal may only specify known properties, and 'type' does not exist in type 'string[]'.
src/features/bills/ui/tracking/real-time-tracker.tsx(413,34): error TS2345: Argument of type '(notification: Notification, index: number) => JSX.Element' is not assignable to parameter of type '(value: WebSocketMessage<unknown>, index: number, array: WebSocketMessage<unknown>[]) => Element'.
src/features/bills/ui/tracking/real-time-tracker.tsx(444,33): error TS2339: Property 'message' does not exist on type 'string'.
