src/features/community/hooks/useArgumentClusters.ts(10,38): error TS2307: Cannot find module '@/server/features/argument-intelligence' or its corresponding type declarations.
src/features/community/hooks/useArgumentsForBill.ts(10,31): error TS2307: Cannot find module '@/types/domains/arguments' or its corresponding type declarations.
src/features/community/hooks/useCommunityIntegration.ts(119,45): error TS2345: Argument of type '{ commentId: string; violationType: "spam" | "offensive" | "misinformation" | "harassment" | "off_topic"; reason: string; }' is not assignable to parameter of type 'CommentReportData'.
src/features/community/hooks/useLegislativeBrief.ts(10,39): error TS2307: Cannot find module '@/server/features/argument-intelligence' or its corresponding type declarations.
src/features/community/services/backend.ts(329,54): error TS2304: Cannot find name 'DiscussionThreadMetadata'.
src/features/community/services/backend.ts(372,9): error TS2322: Type 'string | undefined' is not assignable to type 'number | undefined'.
src/features/community/services/index.ts(9,52): error TS2307: Cannot find module './community-service' or its corresponding type declarations.
src/features/community/services/index.ts(13,10): error TS2614: Module '"./backend"' has no exported member 'communityBackend'. Did you mean to use 'import communityBackend from "./backend"' instead?
src/features/community/services/index.ts(21,8): error TS2307: Cannot find module './community-service' or its corresponding type declarations.
src/features/community/store/slices/communitySlice.tsx(45,3): error TS2305: Module '"@client/lib/types"' has no exported member 'Campaign'.
src/features/community/store/slices/communitySlice.tsx(46,3): error TS2305: Module '"@client/lib/types"' has no exported member 'Petition'.
src/features/community/store/slices/communitySlice.tsx(109,11): error TS2430: Interface 'ExtendedExpertInsight' incorrectly extends interface 'ExpertInsight'.
src/features/community/store/slices/communitySlice.tsx(680,7): error TS2352: Conversion of type 'Promise<{ members: number; activeThreads: number; postsToday: number; }>' to type 'Promise<CommunityStats>' may be a mistake because neither type sufficiently overlaps with the other. If this was intentional, convert the expression to 'unknown' first.
src/features/community/ui/activity/ActivityFeed.tsx(70,16): error TS2304: Cannot find name 'PenTool'.
src/features/community/ui/activity/ActivityFeed.tsx(221,48): error TS2345: Argument of type 'string | undefined' is not assignable to parameter of type 'string'.
src/features/community/ui/activity/ActivityFeed.tsx(299,20): error TS18048: 'activity.trendingScore' is possibly 'undefined'.
src/features/community/ui/discussion/CommentItem.tsx(24,15): error TS2305: Module '"@client/lib/types"' has no exported member 'CommunityComment'.
src/features/community/ui/discussion/CommentItem.tsx(156,28): error TS7006: Parameter 'n' implicitly has an 'any' type.
src/features/community/ui/discussion/DiscussionThread.tsx(18,15): error TS2305: Module '"@client/lib/types"' has no exported member 'CommunityComment'.
src/features/community/ui/expert/ExpertInsights.tsx(146,43): error TS2345: Argument of type 'string | number' is not assignable to parameter of type 'string'.
