../@types/index.ts(9,15): error TS2307: Cannot find module './core' or its corresponding type declarations.
../@types/index.ts(12,15): error TS2307: Cannot find module './features' or its corresponding type declarations.
../@types/server/index.ts(10,1): error TS2308: Module './api-response' has already exported a member named 'AuthenticatedRequest'. Consider explicitly re-exporting to resolve the ambiguity.
src/app/providers/AppProviders.tsx(192,7): error TS2322: Type '() => { type: "slow" | "fast" | "unknown"; effectiveType: "2g" | "3g" | "4g" | "5g" | undefined; downlink: number | undefined; rtt: number | undefined; saveData: boolean; online: boolean; }' is not assignable to type '() => ConnectionInfo'.
src/app/providers/AppProviders.tsx(194,7): error TS2322: Type 'AssetLoadingManager' is not assignable to type '{ onProgress?: ((callback: (progress: AssetLoadingProgress) => void) => () => void) | undefined; }'.
src/core/api/hooks/use-api-with-fallback.ts(14,50): error TS2307: Cannot find module '../types/request' or its corresponding type declarations.
src/core/api/privacy.ts(4,63): error TS2307: Cannot find module './types/error-response' or its corresponding type declarations.
src/core/api/types/service.ts(12,37): error TS2307: Cannot find module './request' or its corresponding type declarations.
src/core/community/services/moderation.service.ts(147,29): error TS2339: Property 'trim' does not exist on type 'number'.
src/core/community/services/moderation.service.ts(151,18): error TS2339: Property 'contentType' does not exist on type 'ModerationRequest'.
src/core/community/services/moderation.service.ts(151,73): error TS2339: Property 'contentType' does not exist on type 'ModerationRequest'.
src/core/community/services/moderation.service.ts(180,7): error TS2353: Object literal may only specify known properties, and 'inappropriate_language' does not exist in type 'Record<ViolationType, string>'.
src/core/community/services/moderation.service.ts(197,7): error TS2353: Object literal may only specify known properties, and 'duplicate_content' does not exist in type 'Record<ViolationType, "critical" | "high" | "medium" | "low">'.
src/core/navigation/NavigationConsistency.tsx(210,18): error TS2551: Property 'setCurrentSection' does not exist on type 'NavigationContextValue'. Did you mean 'currentSection'?
src/core/navigation/search.ts(31,30): error TS2339: Property 'description' does not exist on type 'NavigationItem'.
src/core/navigation/test-navigation.ts(20,3): error TS2353: Object literal may only specify known properties, and 'description' does not exist in type 'NavigationItem'.
src/core/navigation/test-navigation.ts(25,3): error TS2741: Property 'path' is missing in type '{ id: string; label: string; href: string; icon: any; section: "legislative"; }' but required in type 'NavigationItem'.
src/core/navigation/test-navigation.ts(33,3): error TS2741: Property 'path' is missing in type '{ id: string; label: string; href: string; icon: any; section: "community"; requiresAuth: true; }' but required in type 'NavigationItem'.
src/core/navigation/utils.ts(379,30): error TS2339: Property 'description' does not exist on type 'NavigationItem'.
src/core/personalization/persona-detector.ts(122,9): error TS2367: This comparison appears to be unintentional because the types '"user" | "page" | "bill" | "comment"' and '"analytics"' have no overlap.
src/core/personalization/persona-detector.ts(146,52): error TS2367: This comparison appears to be unintentional because the types '"user" | "page" | "bill" | "comment"' and '"analytics"' have no overlap.
src/core/realtime/hooks/use-bill-tracking.ts(163,37): error TS2345: Argument of type 'unknown' is not assignable to parameter of type 'number'.
src/core/realtime/hooks/use-bill-tracking.ts(165,20): error TS2345: Argument of type 'unknown' is not assignable to parameter of type 'number'.
src/core/realtime/hooks/use-bill-tracking.ts(181,68): error TS2345: Argument of type '(update: BillUpdate) => void' is not assignable to parameter of type 'EventCallback'.
src/core/realtime/hooks/use-bill-tracking.ts(184,7): error TS2345: Argument of type '(metrics: BillEngagementUpdate) => void' is not assignable to parameter of type 'EventCallback'.
src/core/realtime/hooks/use-bill-tracking.ts(268,5): error TS2353: Object literal may only specify known properties, and 'billUpdates' does not exist in type 'BillTrackingHookReturn'.
src/core/realtime/hooks/use-community-realtime.ts(13,10): error TS2305: Module '"../types"' has no exported member 'CommunityRealTimeHookReturn'.
src/core/realtime/hooks/use-community-realtime.ts(273,69): error TS2345: Argument of type '(indicator: TypingIndicator) => void' is not assignable to parameter of type 'EventCallback'.
src/core/realtime/hooks/use-community-realtime.ts(274,68): error TS2345: Argument of type '(update: CommentUpdate) => void' is not assignable to parameter of type 'EventCallback'.
src/core/realtime/hooks/use-websocket.ts(16,8): error TS2307: Cannot find module '../api/types/websocket' or its corresponding type declarations.
