
> @chanuka/client@1.0.0 type-check
> tsc --noEmit

src/core/core-monitoring.ts(77,57): error TS2345: Argument of type 'AppError | AppError' is not assignable to parameter of type 'AppError'.
  Type 'import("C:/Users/Access Granted/Downloads/projects/SimpleTool/client/src/core/error/types").AppError' is not assignable to type 'import("C:/Users/Access Granted/Downloads/projects/SimpleTool/client/src/lib/infrastructure/monitoring/unified-error-monitoring-interface").AppError'.
    Types of property 'domain' are incompatible.
      Type 'import("C:/Users/Access Granted/Downloads/projects/SimpleTool/client/src/core/error/constants").ErrorDomain' is not assignable to type 'import("C:/Users/Access Granted/Downloads/projects/SimpleTool/client/src/lib/infrastructure/monitoring/unified-error-monitoring-interface").ErrorDomain'.
src/core/core-monitoring.ts(83,29): error TS2345: Argument of type 'AppError | AppError' is not assignable to parameter of type 'AppError'.
  Type 'import("C:/Users/Access Granted/Downloads/projects/SimpleTool/client/src/core/error/types").AppError' is not assignable to type 'import("C:/Users/Access Granted/Downloads/projects/SimpleTool/client/src/lib/infrastructure/monitoring/unified-error-monitoring-interface").AppError'.
    Types of property 'domain' are incompatible.
      Type 'import("C:/Users/Access Granted/Downloads/projects/SimpleTool/client/src/core/error/constants").ErrorDomain' is not assignable to type 'import("C:/Users/Access Granted/Downloads/projects/SimpleTool/client/src/lib/infrastructure/monitoring/unified-error-monitoring-interface").ErrorDomain'.
src/core/core-monitoring.ts(179,7): error TS2322: Type '{ system: string; status: "critical" | "healthy" | "degraded"; errorRate: number; performanceScore: number; lastUpdated: number; }' is not assignable to type 'SystemHealth'.
  Types of property 'system' are incompatible.
    Type 'string' is not assignable to type 'ClientSystem'.
src/core/personalization/persona-detector.ts(122,9): error TS2367: This comparison appears to be unintentional because the types '"user" | "page" | "comment" | "bill"' and '"analytics"' have no overlap.
src/core/personalization/persona-detector.ts(130,9): error TS2367: This comparison appears to be unintentional because the types '"user" | "page" | "comment" | "bill"' and '"analytics"' have no overlap.
src/core/personalization/persona-detector.ts(147,52): error TS2367: This comparison appears to be unintentional because the types '"user" | "page" | "comment" | "bill"' and '"analytics"' have no overlap.
src/core/realtime/utils/event-emitter.ts(46,22): error TS2556: A spread argument must either have a tuple type or be passed to a rest parameter.
src/core/realtime/utils/event-emitter.ts(56,41): error TS2556: A spread argument must either have a tuple type or be passed to a rest parameter.
src/core/search/UnifiedSearchInterface.tsx(174,7): error TS2322: Type 'SearchSuggestion[]' is not assignable to type 'string[]'.
  Type 'SearchSuggestion' is not assignable to type 'string'.
src/core/search/UnifiedSearchInterface.tsx(391,13): error TS2322: Type '{ query: string; onSelect: (suggestion: string | { term?: string | undefined; text?: string | undefined; }) => void; onSearch: (searchQuery?: string | undefined) => void; className: string; }' is not assignable to type 'IntrinsicAttributes & IntelligentAutocompleteProps'.
  Property 'query' does not exist on type 'IntrinsicAttributes & IntelligentAutocompleteProps'.
src/core/security/security-monitor.ts(512,53): error TS2367: This comparison appears to be unintentional because the types 'SecurityEventType' and '"vulnerability_detected"' have no overlap.
src/core/security/security-monitor.ts(513,53): error TS2367: This comparison appears to be unintentional because the types 'SecurityEventType' and '"vulnerability_fixed"' have no overlap.
src/core/security/security-monitoring.ts(68,29): error TS2345: Argument of type 'AppError | AppError' is not assignable to parameter of type 'AppError'.
  Type 'import("C:/Users/Access Granted/Downloads/projects/SimpleTool/client/src/core/error/types").AppError' is not assignable to type 'import("C:/Users/Access Granted/Downloads/projects/SimpleTool/client/src/lib/infrastructure/monitoring/unified-error-monitoring-interface").AppError'.
    Types of property 'domain' are incompatible.
      Type 'import("C:/Users/Access Granted/Downloads/projects/SimpleTool/client/src/core/error/constants").ErrorDomain' is not assignable to type 'import("C:/Users/Access Granted/Downloads/projects/SimpleTool/client/src/lib/infrastructure/monitoring/unified-error-monitoring-interface").ErrorDomain'.
src/core/security/security-monitoring.ts(162,7): error TS2322: Type '{ system: string; status: "critical" | "healthy" | "degraded"; errorRate: number; performanceScore: number; lastUpdated: number; }' is not assignable to type 'SystemHealth'.
  Types of property 'system' are incompatible.
    Type 'string' is not assignable to type 'ClientSystem'.
src/core/validation/dashboard-validation.ts(137,53): error TS2552: Cannot find name 'DashboardConfig'. Did you mean 'DashboardAppConfig'?
src/core/validation/dashboard-validation.ts(139,9): error TS2552: Cannot find name 'DashboardConfig'. Did you mean 'DashboardAppConfig'?
src/features/analytics/model/error-analytics-bridge.ts(575,11): error TS2741: Property '[ErrorSeverity.BLOCKER]' is missing in type '{ critical: number; high: number; medium: number; low: number; }' but required in type 'Record<ErrorSeverity, number>'.
src/features/analytics/services/analysis.ts(98,57): error TS18046: 'data' is of type 'unknown'.
src/features/analytics/services/analysis.ts(105,7): error TS2698: Spread types may only be created from object types.
src/features/analytics/services/analysis.ts(106,27): error TS18046: 'data' is of type 'unknown'.
src/features/bills/BillHeader.tsx(94,42): error TS2769: No overload matches this call.
  Overload 1 of 4, '(value: string | number | Date): Date', gave the following error.
    Argument of type 'string | undefined' is not assignable to parameter of type 'string | number | Date'.
      Type 'undefined' is not assignable to type 'string | number | Date'.
  Overload 2 of 4, '(value: string | number): Date', gave the following error.
    Argument of type 'string | undefined' is not assignable to parameter of type 'string | number'.
      Type 'undefined' is not assignable to type 'string | number'.
src/features/bills/pages/BillsPortalPage.tsx(103,83): error TS2345: Argument of type 'BillsPortalFilters' is not assignable to parameter of type 'BillsQueryParams'.
  Types of property 'status' are incompatible.
    Type 'string[] | undefined' is not assignable to type 'BillStatus[] | undefined'.
      Type 'string[]' is not assignable to type 'BillStatus[]'.
        Type 'string' is not assignable to type 'BillStatus'.
src/features/bills/ui/analysis/comments.tsx(609,32): error TS2322: Type '{ children: string; className: string; }' is not assignable to type 'IntrinsicAttributes & { children: ReactNode; }'.
  Property 'className' does not exist on type 'IntrinsicAttributes & { children: ReactNode; }'.
src/features/bills/ui/analysis/conflict-of-interest/ConflictNetworkVisualization.tsx(35,3): error TS2339: Property 'conflictAnalysis' does not exist on type 'ConflictNetworkVisualizationProps'.
src/features/bills/ui/analysis/conflict-of-interest/ConflictNetworkVisualization.tsx(38,3): error TS2339: Property 'width' does not exist on type 'ConflictNetworkVisualizationProps'.
src/features/bills/ui/analysis/conflict-of-interest/ConflictNetworkVisualization.tsx(39,3): error TS2339: Property 'height' does not exist on type 'ConflictNetworkVisualizationProps'.
src/features/bills/ui/analysis/conflict-of-interest/ConflictNetworkVisualization.tsx(40,3): error TS2339: Property 'interactive' does not exist on type 'ConflictNetworkVisualizationProps'.
src/features/bills/ui/analysis/conflict-of-interest/ConflictNetworkVisualization.tsx(55,16): error TS2345: Argument of type '{ id: string; name: any; type: "sponsor"; size: number; color: string; }' is not assignable to parameter of type 'NetworkNode'.
  Property 'connections' is missing in type '{ id: string; name: any; type: "sponsor"; size: number; color: string; }' but required in type 'NetworkNode'.
src/features/bills/ui/analysis/conflict-of-interest/ConflictNetworkVisualization.tsx(64,57): error TS7006: Parameter 'connection' implicitly has an 'any' type.
src/features/bills/ui/analysis/conflict-of-interest/ConflictNetworkVisualization.tsx(64,69): error TS7006: Parameter 'index' implicitly has an 'any' type.
src/features/bills/ui/analysis/conflict-of-interest/ConflictNetworkVisualization.tsx(66,18): error TS2345: Argument of type '{ id: string; name: any; type: "organization"; size: number; color: string; }' is not assignable to parameter of type 'NetworkNode'.
  Property 'connections' is missing in type '{ id: string; name: any; type: "organization"; size: number; color: string; }' but required in type 'NetworkNode'.
src/features/bills/ui/analysis/conflict-of-interest/ConflictNetworkVisualization.tsx(94,52): error TS7006: Parameter 'sum' implicitly has an 'any' type.
src/features/bills/ui/analysis/conflict-of-interest/ConflictNetworkVisualization.tsx(96,18): error TS2345: Argument of type '{ id: string; name: string; type: "industry"; size: number; color: string; }' is not assignable to parameter of type 'NetworkNode'.
  Property 'connections' is missing in type '{ id: string; name: string; type: "industry"; size: number; color: string; }' but required in type 'NetworkNode'.
src/features/bills/ui/analysis/conflict-of-interest/ConflictNetworkVisualization.tsx(167,41): error TS2339: Property 'size' does not exist on type 'SimulationNodeDatum'.
src/features/bills/ui/analysis/conflict-of-interest/ConflictNetworkVisualization.tsx(191,18): error TS2345: Argument of type '(this: SVGCircleElement, d: NetworkNode) => number | undefined' is not assignable to parameter of type 'string | number | boolean | readonly (string | number)[] | ValueFn<SVGCircleElement, NetworkNode, string | number | boolean | readonly (string | number)[] | null> | null'.
  Type '(this: SVGCircleElement, d: NetworkNode) => number | undefined' is not assignable to type 'ValueFn<SVGCircleElement, NetworkNode, string | number | boolean | readonly (string | number)[] | null>'.
    Type 'number | undefined' is not assignable to type 'string | number | boolean | readonly (string | number)[] | null'.
      Type 'undefined' is not assignable to type 'string | number | boolean | readonly (string | number)[] | null'.
src/features/bills/ui/analysis/conflict-of-interest/ConflictNetworkVisualization.tsx(192,21): error TS2345: Argument of type '(this: SVGCircleElement, d: NetworkNode) => string | undefined' is not assignable to parameter of type 'string | number | boolean | readonly (string | number)[] | ValueFn<SVGCircleElement, NetworkNode, string | number | boolean | readonly (string | number)[] | null> | null'.
  Type '(this: SVGCircleElement, d: NetworkNode) => string | undefined' is not assignable to type 'ValueFn<SVGCircleElement, NetworkNode, string | number | boolean | readonly (string | number)[] | null>'.
    Type 'string | undefined' is not assignable to type 'string | number | boolean | readonly (string | number)[] | null'.
      Type 'undefined' is not assignable to type 'string | number | boolean | readonly (string | number)[] | null'.
src/features/bills/ui/analysis/conflict-of-interest/ConflictNetworkVisualization.tsx(210,24): error TS18048: 'd.size' is possibly 'undefined'.
src/features/bills/ui/analysis/conflict-of-interest/ConflictNetworkVisualization.tsx(300,27): error TS2352: Conversion of type 'string' to type 'NetworkNode' may be a mistake because neither type sufficiently overlaps with the other. If this was intentional, convert the expression to 'unknown' first.
src/features/bills/ui/analysis/conflict-of-interest/ConflictNetworkVisualization.tsx(301,27): error TS2352: Conversion of type 'string' to type 'NetworkNode' may be a mistake because neither type sufficiently overlaps with the other. If this was intentional, convert the expression to 'unknown' first.
src/features/bills/ui/analysis/conflict-of-interest/ConflictNetworkVisualization.tsx(302,27): error TS2352: Conversion of type 'string' to type 'NetworkNode' may be a mistake because neither type sufficiently overlaps with the other. If this was intentional, convert the expression to 'unknown' first.
src/features/bills/ui/analysis/conflict-of-interest/ConflictNetworkVisualization.tsx(303,27): error TS2352: Conversion of type 'string' to type 'NetworkNode' may be a mistake because neither type sufficiently overlaps with the other. If this was intentional, convert the expression to 'unknown' first.
src/features/bills/ui/analysis/conflict-of-interest/ConflictNetworkVisualization.tsx(381,7): error TS2322: Type '{ totalConnections: any; highRiskConnections: any; averageTransparencyScore: any; topIndustries: unknown[]; }' is not assignable to type 'string'.
src/features/bills/ui/analysis/conflict-of-interest/ConflictNetworkVisualization.tsx(386,11): error TS7006: Parameter 'c' implicitly has an 'any' type.
src/features/bills/ui/analysis/conflict-of-interest/ConflictNetworkVisualization.tsx(389,76): error TS7006: Parameter 'f' implicitly has an 'any' type.
src/features/bills/ui/analysis/conflict-of-interest/ConflictNetworkVisualization.tsx(514,77): error TS2339: Property 'totalConnections' does not exist on type 'string'.
src/features/bills/ui/analysis/conflict-of-interest/ConflictNetworkVisualization.tsx(519,43): error TS2339: Property 'highRiskConnections' does not exist on type 'string'.
src/features/bills/ui/analysis/conflict-of-interest/ConflictNetworkVisualization.tsx(525,43): error TS2339: Property 'averageTransparencyScore' does not exist on type 'string'.
src/features/bills/ui/analysis/conflict-of-interest/ConflictNetworkVisualization.tsx(531,43): error TS2339: Property 'topIndustries' does not exist on type 'string'.
src/features/bills/ui/analysis/conflict-of-interest/ConflictNetworkVisualization.tsx(550,22): error TS18048: 'fallbackData.connections' is possibly 'undefined'.
src/features/bills/ui/analysis/conflict-of-interest/ConflictNetworkVisualization.tsx(555,64): error TS2339: Property 'type' does not exist on type '{ from: string; to: string; relationship: string; }'.
src/features/bills/ui/analysis/conflict-of-interest/ConflictNetworkVisualization.tsx(562,63): error TS2339: Property 'strength' does not exist on type '{ from: string; to: string; relationship: string; }'.
src/features/bills/ui/analysis/conflict-of-interest/ConflictNetworkVisualization.tsx(566,44): error TS2339: Property 'strength' does not exist on type '{ from: string; to: string; relationship: string; }'.
src/features/bills/ui/analysis/conflict-of-interest/ConflictNetworkVisualization.tsx(571,39): error TS2339: Property 'description' does not exist on type '{ from: string; to: string; relationship: string; }'.
src/features/bills/ui/analysis/conflict-of-interest/ConflictOfInterestAnalysis.tsx(51,9): error TS2739: Type '{ sponsorId: string | number; sponsorName: string; financialInterests: ({ id: string; source: string; amount: number; industry: string; category: string; date: string; description: string; verified: true; } | { ...; })[]; ... 4 more ...; summary: string; }' is missing the following properties from type 'ConflictAnalysis': conflicts, score
src/features/bills/ui/analysis/conflict-of-interest/ConflictOfInterestAnalysis.tsx(182,36): error TS18048: 'conflictAnalysis.financialInterests' is possibly 'undefined'.
src/features/bills/ui/analysis/conflict-of-interest/ConflictOfInterestAnalysis.tsx(186,34): error TS18048: 'conflictAnalysis.votingPatterns' is possibly 'undefined'.
src/features/bills/ui/analysis/conflict-of-interest/ConflictOfInterestAnalysis.tsx(187,24): error TS2345: Argument of type 'number | undefined' is not assignable to parameter of type 'number'.
  Type 'undefined' is not assignable to type 'number'.
src/features/bills/ui/analysis/conflict-of-interest/ConflictOfInterestAnalysis.tsx(189,31): error TS18048: 'conflictAnalysis.organizationalConnections' is possibly 'undefined'.
src/features/bills/ui/analysis/conflict-of-interest/ConflictOfInterestAnalysis.tsx(190,20): error TS2339: Property 'strength' does not exist on type 'OrganizationalConnectionDetail'.
src/features/bills/ui/analysis/conflict-of-interest/ConflictOfInterestAnalysis.tsx(202,31): error TS18048: 'conflictAnalysis.votingPatterns' is possibly 'undefined'.
src/features/bills/ui/analysis/conflict-of-interest/ConflictOfInterestAnalysis.tsx(320,52): error TS18048: 'conflictAnalysis.transparencyScore' is possibly 'undefined'.
src/features/bills/ui/analysis/conflict-of-interest/ConflictOfInterestAnalysis.tsx(320,87): error TS2339: Property 'overall' does not exist on type 'number'.
src/features/bills/ui/analysis/conflict-of-interest/ConflictOfInterestAnalysis.tsx(367,26): error TS18048: 'conflictAnalysis.financialInterests' is possibly 'undefined'.
src/features/bills/ui/analysis/conflict-of-interest/ConflictOfInterestAnalysis.tsx(373,26): error TS18048: 'conflictAnalysis.organizationalConnections' is possibly 'undefined'.
src/features/bills/ui/analysis/conflict-of-interest/ConflictOfInterestAnalysis.tsx(379,26): error TS18048: 'conflictAnalysis.votingPatterns' is possibly 'undefined'.
src/features/bills/ui/analysis/conflict-of-interest/ConflictOfInterestAnalysis.tsx(475,13): error TS2322: Type '{ conflictAnalysis: ConflictAnalysis; onNodeClick: (node: NetworkNode) => void; onLinkClick: (link: NetworkLink) => void; width: number; height: number; interactive: boolean; }' is not assignable to type 'IntrinsicAttributes & ConflictNetworkVisualizationProps'.
  Property 'conflictAnalysis' does not exist on type 'IntrinsicAttributes & ConflictNetworkVisualizationProps'.
src/features/bills/ui/analysis/conflict-of-interest/FinancialExposureTracker.tsx(47,24): error TS18048: 'financialInterests' is possibly 'undefined'.
src/features/bills/ui/analysis/conflict-of-interest/FinancialExposureTracker.tsx(76,24): error TS18048: 'financialInterests' is possibly 'undefined'.
src/features/bills/ui/analysis/conflict-of-interest/FinancialExposureTracker.tsx(102,20): error TS18048: 'financialInterests' is possibly 'undefined'.
src/features/bills/ui/analysis/conflict-of-interest/FinancialExposureTracker.tsx(130,20): error TS18048: 'financialInterests' is possibly 'undefined'.
src/features/bills/ui/analysis/conflict-of-interest/FinancialExposureTracker.tsx(131,19): error TS18048: 'financialInterests' is possibly 'undefined'.
src/features/bills/ui/analysis/conflict-of-interest/FinancialExposureTracker.tsx(132,23): error TS18048: 'financialInterests' is possibly 'undefined'.
src/features/bills/ui/analysis/conflict-of-interest/FinancialExposureTracker.tsx(135,25): error TS18048: 'financialInterests' is possibly 'undefined'.
src/features/bills/ui/analysis/conflict-of-interest/FinancialExposureTracker.tsx(247,18): error TS18048: 'conflictAnalysis.riskLevel' is possibly 'undefined'.
src/features/bills/ui/analysis/conflict-of-interest/FinancialExposureTracker.tsx(494,22): error TS18048: 'conflictAnalysis.financialInterests' is possibly 'undefined'.
src/features/bills/ui/analysis/conflict-of-interest/HistoricalPatternAnalysis.tsx(47,25): error TS18048: 'votingPatterns' is possibly 'undefined'.
src/features/bills/ui/analysis/conflict-of-interest/HistoricalPatternAnalysis.tsx(76,18): error TS2345: Argument of type 'number | undefined' is not assignable to parameter of type 'number'.
  Type 'undefined' is not assignable to type 'number'.
src/features/bills/ui/analysis/conflict-of-interest/HistoricalPatternAnalysis.tsx(81,40): error TS2345: Argument of type 'number | undefined' is not assignable to parameter of type 'number'.
  Type 'undefined' is not assignable to type 'number'.
src/features/bills/ui/analysis/conflict-of-interest/HistoricalPatternAnalysis.tsx(86,30): error TS18048: 'financialInterests' is possibly 'undefined'.
src/features/bills/ui/analysis/conflict-of-interest/HistoricalPatternAnalysis.tsx(102,30): error TS18048: 'votingPatterns' is possibly 'undefined'.
src/features/bills/ui/analysis/conflict-of-interest/HistoricalPatternAnalysis.tsx(103,16): error TS2339: Property 'relatedIndustries' does not exist on type 'VotingPatternDetail'.
src/features/bills/ui/analysis/conflict-of-interest/HistoricalPatternAnalysis.tsx(110,54): error TS18048: 'vote.financialCorrelation' is possibly 'undefined'.
src/features/bills/ui/analysis/conflict-of-interest/HistoricalPatternAnalysis.tsx(114,21): error TS18048: 'vote.financialCorrelation' is possibly 'undefined'.
src/features/bills/ui/analysis/conflict-of-interest/HistoricalPatternAnalysis.tsx(118,21): error TS18048: 'vote.financialCorrelation' is possibly 'undefined'.
src/features/bills/ui/analysis/conflict-of-interest/HistoricalPatternAnalysis.tsx(128,33): error TS18048: 'votingPatterns' is possibly 'undefined'.
src/features/bills/ui/analysis/conflict-of-interest/HistoricalPatternAnalysis.tsx(136,26): error TS2339: Property 'relatedIndustries' does not exist on type 'VotingPatternDetail'.
src/features/bills/ui/analysis/conflict-of-interest/HistoricalPatternAnalysis.tsx(142,10): error TS18048: 'votingPatterns' is possibly 'undefined'.
src/features/bills/ui/analysis/conflict-of-interest/HistoricalPatternAnalysis.tsx(142,46): error TS2345: Argument of type 'number | undefined' is not assignable to parameter of type 'number'.
  Type 'undefined' is not assignable to type 'number'.
src/features/bills/ui/analysis/conflict-of-interest/HistoricalPatternAnalysis.tsx(143,11): error TS18048: 'votingPatterns' is possibly 'undefined'.
src/features/bills/ui/analysis/conflict-of-interest/HistoricalPatternAnalysis.tsx(148,76): error TS2345: Argument of type 'number | undefined' is not assignable to parameter of type 'number'.
  Type 'undefined' is not assignable to type 'number'.
src/features/bills/ui/analysis/conflict-of-interest/HistoricalPatternAnalysis.tsx(159,19): error TS18048: 'votingPatterns' is possibly 'undefined'.
src/features/bills/ui/analysis/conflict-of-interest/HistoricalPatternAnalysis.tsx(161,9): error TS18048: 'votingPatterns' is possibly 'undefined'.
src/features/bills/ui/analysis/conflict-of-interest/HistoricalPatternAnalysis.tsx(161,61): error TS2345: Argument of type 'number | undefined' is not assignable to parameter of type 'number'.
  Type 'undefined' is not assignable to type 'number'.
src/features/bills/ui/analysis/conflict-of-interest/HistoricalPatternAnalysis.tsx(162,9): error TS18048: 'votingPatterns' is possibly 'undefined'.
src/features/bills/ui/analysis/conflict-of-interest/HistoricalPatternAnalysis.tsx(308,46): error TS2345: Argument of type 'number | undefined' is not assignable to parameter of type 'number'.
  Type 'undefined' is not assignable to type 'number'.
src/features/bills/ui/analysis/conflict-of-interest/HistoricalPatternAnalysis.tsx(325,45): error TS2345: Argument of type 'number | undefined' is not assignable to parameter of type 'number'.
  Type 'undefined' is not assignable to type 'number'.
src/features/bills/ui/analysis/conflict-of-interest/HistoricalPatternAnalysis.tsx(326,63): error TS2345: Argument of type 'number | undefined' is not assignable to parameter of type 'number'.
  Type 'undefined' is not assignable to type 'number'.
src/features/bills/ui/analysis/conflict-of-interest/HistoricalPatternAnalysis.tsx(328,46): error TS2345: Argument of type 'number | undefined' is not assignable to parameter of type 'number'.
  Type 'undefined' is not assignable to type 'number'.
src/features/bills/ui/analysis/conflict-of-interest/ImplementationWorkaroundsTracker.tsx(57,9): error TS2322: Type '{ id: string; originalProvision: string; workaroundMethod: string; implementationDate: string; effectiveness: number; relatedInterests: string[]; description: string; }[]' is not assignable to type 'ImplementationWorkaround[]'.
  Type '{ id: string; originalProvision: string; workaroundMethod: string; implementationDate: string; effectiveness: number; relatedInterests: string[]; description: string; }' is missing the following properties from type 'ImplementationWorkaround': originalBillId, workaroundBillId, originalBillTitle, workaroundBillTitle, and 14 more.
src/features/bills/ui/analysis/conflict-of-interest/ImplementationWorkaroundsTracker.tsx(161,49): error TS18048: 'w.effectiveness' is possibly 'undefined'.
src/features/bills/ui/analysis/conflict-of-interest/ImplementationWorkaroundsTracker.tsx(165,34): error TS2769: No overload matches this call.
  Overload 1 of 4, '(value: string | number | Date): Date', gave the following error.
    Argument of type 'string | undefined' is not assignable to parameter of type 'string | number | Date'.
      Type 'undefined' is not assignable to type 'string | number | Date'.
  Overload 2 of 4, '(value: string | number): Date', gave the following error.
    Argument of type 'string | undefined' is not assignable to parameter of type 'string | number'.
      Type 'undefined' is not assignable to type 'string | number'.
src/features/bills/ui/analysis/conflict-of-interest/ImplementationWorkaroundsTracker.tsx(461,61): error TS2345: Argument of type 'number | undefined' is not assignable to parameter of type 'number'.
  Type 'undefined' is not assignable to type 'number'.
src/features/bills/ui/analysis/conflict-of-interest/ImplementationWorkaroundsTracker.tsx(462,43): error TS2345: Argument of type 'number | undefined' is not assignable to parameter of type 'number'.
  Type 'undefined' is not assignable to type 'number'.
src/features/bills/ui/analysis/conflict-of-interest/ImplementationWorkaroundsTracker.tsx(562,35): error TS18048: 'b.effectiveness' is possibly 'undefined'.
src/features/bills/ui/analysis/conflict-of-interest/ImplementationWorkaroundsTracker.tsx(562,53): error TS18048: 'a.effectiveness' is possibly 'undefined'.
src/features/bills/ui/analysis/conflict-of-interest/ImplementationWorkaroundsTracker.tsx(582,60): error TS2345: Argument of type 'number | undefined' is not assignable to parameter of type 'number'.
  Type 'undefined' is not assignable to type 'number'.
src/features/bills/ui/analysis/conflict-of-interest/ImplementationWorkaroundsTracker.tsx(585,47): error TS2345: Argument of type 'number | undefined' is not assignable to parameter of type 'number'.
  Type 'undefined' is not assignable to type 'number'.
src/features/bills/ui/analysis/conflict-of-interest/ImplementationWorkaroundsTracker.tsx(588,39): error TS2769: No overload matches this call.
  Overload 1 of 4, '(value: string | number | Date): Date', gave the following error.
    Argument of type 'string | undefined' is not assignable to parameter of type 'string | number | Date'.
      Type 'undefined' is not assignable to type 'string | number | Date'.
  Overload 2 of 4, '(value: string | number): Date', gave the following error.
    Argument of type 'string | undefined' is not assignable to parameter of type 'string | number'.
      Type 'undefined' is not assignable to type 'string | number'.
src/features/bills/ui/analysis/conflict-of-interest/ImplementationWorkaroundsTracker.tsx(595,28): error TS18048: 'workaround.relatedInterests' is possibly 'undefined'.
src/features/bills/ui/analysis/conflict-of-interest/ImplementationWorkaroundsTracker.tsx(603,41): error TS2345: Argument of type 'number | undefined' is not assignable to parameter of type 'number'.
  Type 'undefined' is not assignable to type 'number'.
src/features/bills/ui/analysis/conflict-of-interest/ImplementationWorkaroundsTracker.tsx(607,24): error TS18048: 'workaround.effectiveness' is possibly 'undefined'.
src/features/bills/ui/analysis/conflict-of-interest/TransparencyScoring.tsx(49,14): error TS18048: 'transparencyScore' is possibly 'undefined'.
src/features/bills/ui/analysis/conflict-of-interest/TransparencyScoring.tsx(49,32): error TS2339: Property 'financialDisclosure' does not exist on type 'number'.
src/features/bills/ui/analysis/conflict-of-interest/TransparencyScoring.tsx(55,14): error TS18048: 'financialInterests' is possibly 'undefined'.
src/features/bills/ui/analysis/conflict-of-interest/TransparencyScoring.tsx(56,27): error TS18048: 'financialInterests' is possibly 'undefined'.
src/features/bills/ui/analysis/conflict-of-interest/TransparencyScoring.tsx(66,14): error TS18048: 'financialInterests' is possibly 'undefined'.
src/features/bills/ui/analysis/conflict-of-interest/TransparencyScoring.tsx(71,27): error TS18048: 'financialInterests' is possibly 'undefined'.
src/features/bills/ui/analysis/conflict-of-interest/TransparencyScoring.tsx(81,14): error TS18048: 'financialInterests' is possibly 'undefined'.
src/features/bills/ui/analysis/conflict-of-interest/TransparencyScoring.tsx(82,27): error TS18048: 'financialInterests' is possibly 'undefined'.
src/features/bills/ui/analysis/conflict-of-interest/TransparencyScoring.tsx(93,14): error TS18048: 'transparencyScore' is possibly 'undefined'.
src/features/bills/ui/analysis/conflict-of-interest/TransparencyScoring.tsx(93,32): error TS2339: Property 'votingHistory' does not exist on type 'number'.
src/features/bills/ui/analysis/conflict-of-interest/TransparencyScoring.tsx(99,14): error TS18048: 'votingPatterns' is possibly 'undefined'.
src/features/bills/ui/analysis/conflict-of-interest/TransparencyScoring.tsx(99,50): error TS2345: Argument of type 'number | undefined' is not assignable to parameter of type 'number'.
  Type 'undefined' is not assignable to type 'number'.
src/features/bills/ui/analysis/conflict-of-interest/TransparencyScoring.tsx(100,27): error TS18048: 'votingPatterns' is possibly 'undefined'.
src/features/bills/ui/analysis/conflict-of-interest/TransparencyScoring.tsx(116,14): error TS18048: 'votingPatterns' is possibly 'undefined'.
src/features/bills/ui/analysis/conflict-of-interest/TransparencyScoring.tsx(116,41): error TS2367: This comparison appears to be unintentional because the types '"yes" | "no" | "abstain"' and '"absent"' have no overlap.
src/features/bills/ui/analysis/conflict-of-interest/TransparencyScoring.tsx(117,27): error TS18048: 'votingPatterns' is possibly 'undefined'.
src/features/bills/ui/analysis/conflict-of-interest/TransparencyScoring.tsx(128,14): error TS18048: 'transparencyScore' is possibly 'undefined'.
src/features/bills/ui/analysis/conflict-of-interest/TransparencyScoring.tsx(128,32): error TS2339: Property 'industryConnections' does not exist on type 'number'.
src/features/bills/ui/analysis/conflict-of-interest/TransparencyScoring.tsx(134,14): error TS18048: 'organizationalConnections' is possibly 'undefined'.
src/features/bills/ui/analysis/conflict-of-interest/TransparencyScoring.tsx(134,54): error TS2339: Property 'verified' does not exist on type 'OrganizationalConnectionDetail'.
src/features/bills/ui/analysis/conflict-of-interest/TransparencyScoring.tsx(135,27): error TS18048: 'organizationalConnections' is possibly 'undefined'.
src/features/bills/ui/analysis/conflict-of-interest/TransparencyScoring.tsx(145,14): error TS18048: 'organizationalConnections' is possibly 'undefined'.
src/features/bills/ui/analysis/conflict-of-interest/TransparencyScoring.tsx(146,27): error TS18048: 'organizationalConnections' is possibly 'undefined'.
src/features/bills/ui/analysis/conflict-of-interest/TransparencyScoring.tsx(162,16): error TS18048: 'transparencyScore' is possibly 'undefined'.
src/features/bills/ui/analysis/conflict-of-interest/TransparencyScoring.tsx(162,34): error TS2339: Property 'overall' does not exist on type 'number'.
src/features/bills/ui/analysis/conflict-of-interest/TransparencyScoring.tsx(166,20): error TS18048: 'transparencyScore' is possibly 'undefined'.
src/features/bills/ui/analysis/conflict-of-interest/TransparencyScoring.tsx(166,38): error TS2339: Property 'lastUpdated' does not exist on type 'number'.
src/features/bills/ui/BillRealTimeIndicator.tsx(150,30): error TS2345: Argument of type 'string | Date' is not assignable to parameter of type 'string'.
  Type 'Date' is not assignable to type 'string'.
src/features/bills/ui/BillRealTimeIndicator.tsx(205,34): error TS2345: Argument of type 'string | Date' is not assignable to parameter of type 'string'.
  Type 'Date' is not assignable to type 'string'.
src/features/bills/ui/bills-dashboard.tsx(180,14): error TS2367: This comparison appears to be unintentional because the types 'BillStatus' and '"active"' have no overlap.
src/features/bills/ui/LegislativeBriefDisplay.tsx(49,23): error TS2339: Property 'supportCount' does not exist on type 'LegislativeBrief'.
src/features/bills/ui/LegislativeBriefDisplay.tsx(49,44): error TS2339: Property 'opposeCount' does not exist on type 'LegislativeBrief'.
src/features/bills/ui/LegislativeBriefDisplay.tsx(49,64): error TS2339: Property 'neutralCount' does not exist on type 'LegislativeBrief'.
src/features/bills/ui/LegislativeBriefDisplay.tsx(50,56): error TS2339: Property 'supportCount' does not exist on type 'LegislativeBrief'.
src/features/bills/ui/LegislativeBriefDisplay.tsx(51,55): error TS2339: Property 'opposeCount' does not exist on type 'LegislativeBrief'.
src/features/bills/ui/LegislativeBriefDisplay.tsx(52,56): error TS2339: Property 'neutralCount' does not exist on type 'LegislativeBrief'.
src/features/bills/ui/LegislativeBriefDisplay.tsx(77,18): error TS2339: Property 'executiveSummary' does not exist on type 'LegislativeBrief'.
src/features/bills/ui/LegislativeBriefDisplay.tsx(85,71): error TS2339: Property 'supportCount' does not exist on type 'LegislativeBrief'.
src/features/bills/ui/LegislativeBriefDisplay.tsx(106,73): error TS2339: Property 'opposeCount' does not exist on type 'LegislativeBrief'.
src/features/bills/ui/LegislativeBriefDisplay.tsx(127,71): error TS2339: Property 'neutralCount' does not exist on type 'LegislativeBrief'.
src/features/bills/ui/LegislativeBriefDisplay.tsx(150,18): error TS2339: Property 'commonThemes' does not exist on type 'LegislativeBrief'.
src/features/bills/ui/LegislativeBriefDisplay.tsx(150,40): error TS2339: Property 'commonThemes' does not exist on type 'LegislativeBrief'.
src/features/bills/ui/LegislativeBriefDisplay.tsx(154,24): error TS2339: Property 'commonThemes' does not exist on type 'LegislativeBrief'.
src/features/bills/ui/LegislativeBriefDisplay.tsx(167,18): error TS2339: Property 'topSupportingArguments' does not exist on type 'LegislativeBrief'.
src/features/bills/ui/LegislativeBriefDisplay.tsx(167,50): error TS2339: Property 'topSupportingArguments' does not exist on type 'LegislativeBrief'.
src/features/bills/ui/LegislativeBriefDisplay.tsx(171,24): error TS2339: Property 'topSupportingArguments' does not exist on type 'LegislativeBrief'.
src/features/bills/ui/LegislativeBriefDisplay.tsx(181,18): error TS2339: Property 'topOpposingArguments' does not exist on type 'LegislativeBrief'.
src/features/bills/ui/LegislativeBriefDisplay.tsx(181,48): error TS2339: Property 'topOpposingArguments' does not exist on type 'LegislativeBrief'.
src/features/bills/ui/LegislativeBriefDisplay.tsx(185,24): error TS2339: Property 'topOpposingArguments' does not exist on type 'LegislativeBrief'.
src/features/bills/ui/tracking/real-time-tracker.tsx(72,22): error TS2722: Cannot invoke an object which is possibly 'undefined'.
src/features/bills/ui/tracking/real-time-tracker.tsx(72,22): error TS18048: 'getRecentActivity' is possibly 'undefined'.
src/features/bills/ui/tracking/real-time-tracker.tsx(72,40): error TS2554: Expected 0 arguments, but got 1.
src/features/bills/ui/tracking/real-time-tracker.tsx(120,9): error TS2722: Cannot invoke an object which is possibly 'undefined'.
src/features/bills/ui/tracking/real-time-tracker.tsx(135,9): error TS2722: Cannot invoke an object which is possibly 'undefined'.
src/features/bills/ui/tracking/real-time-tracker.tsx(223,61): error TS18048: 'notifications' is possibly 'undefined'.
src/features/bills/ui/tracking/real-time-tracker.tsx(407,8): error TS18048: 'notifications' is possibly 'undefined'.
src/features/bills/ui/tracking/real-time-tracker.tsx(414,16): error TS18048: 'notifications' is possibly 'undefined'.
src/features/bills/ui/tracking/real-time-tracker.tsx(447,39): error TS18048: 'notifications' is possibly 'undefined'.
src/features/community/store/slices/communitySlice.tsx(122,11): error TS2430: Interface 'ExtendedCampaign' incorrectly extends interface 'Campaign'.
  Types of property 'status' are incompatible.
    Type '"pending" | "active" | "completed"' is not assignable to type '"cancelled" | "active" | "completed"'.
      Type '"pending"' is not assignable to type '"cancelled" | "active" | "completed"'.
src/features/community/store/slices/communitySlice.tsx(131,11): error TS2430: Interface 'ExtendedPetition' incorrectly extends interface 'Petition'.
  Types of property 'status' are incompatible.
    Type '"closed" | "active" | "successful"' is not assignable to type '"open" | "closed" | "submitted"'.
      Type '"active"' is not assignable to type '"open" | "closed" | "submitted"'.
src/features/community/store/slices/communitySlice.tsx(680,7): error TS2352: Conversion of type 'Promise<{ members: number; activeThreads: number; postsToday: number; }>' to type 'Promise<CommunityStats>' may be a mistake because neither type sufficiently overlaps with the other. If this was intentional, convert the expression to 'unknown' first.
  Type '{ members: number; activeThreads: number; postsToday: number; }' is missing the following properties from type 'CommunityStats': totalUsers, activeUsers, totalComments, totalThreads, and 3 more.
src/features/community/ui/activity/ActivityFeed.tsx(299,20): error TS18048: 'activity.trendingScore' is possibly 'undefined'.
src/features/expert/pages/expert-verification.tsx(254,19): error TS2353: Object literal may only specify known properties, and 'title' does not exist in type 'Expert'.
src/features/expert/pages/expert-verification.tsx(318,23): error TS2353: Object literal may only specify known properties, and 'reasoning' does not exist in type '{ readonly stance: string; readonly count: number; readonly percentage: number; }'.
src/features/expert/pages/expert-verification.tsx(324,23): error TS2353: Object literal may only specify known properties, and 'reasoning' does not exist in type '{ readonly stance: string; readonly count: number; readonly percentage: number; }'.
src/features/expert/pages/expert-verification.tsx(349,17): error TS2739: Type '{ id: string; contributionId: string; expertId: string; status: "pending"; communityFeedback: { userId: string; feedback: string; vote: "approve"; timestamp: string; }[]; createdAt: string; updatedAt: string; }' is missing the following properties from type 'VerificationWorkflow': submittedAt, currentStep, totalSteps
src/features/index.ts(18,1): error TS2308: Module './bills' has already exported a member named 'BillAnalysis'. Consider explicitly re-exporting to resolve the ambiguity.
src/features/index.ts(27,1): error TS2308: Module './bills' has already exported a member named 'useTrackBill'. Consider explicitly re-exporting to resolve the ambiguity.
src/features/index.ts(36,1): error TS2308: Module './users' has already exported a member named 'NotificationPreferences'. Consider explicitly re-exporting to resolve the ambiguity.
src/features/monitoring/model/performance-benchmarking.ts(78,24): error TS2339: Property 'markComponentStart' does not exist on type 'PerformanceMonitor'.
src/features/monitoring/model/performance-benchmarking.ts(91,24): error TS2339: Property 'markComponentEnd' does not exist on type 'PerformanceMonitor'.
src/features/pretext-detection/hooks/usePretextAnalysis.ts(32,5): error TS2353: Object literal may only specify known properties, and 'endpoint' does not exist in type 'SafeQueryOptions<PretextAnalysisResult, Error>'.
src/features/pretext-detection/ui/PretextDetectionPanel.tsx(64,5): error TS2339: Property 'analysis' does not exist on type '{ data: PretextAnalysisResult | null; isLoading: boolean; error: Error | null; analyzeContent: (textContent: string) => Promise<PretextAnalysisResult | null>; refetch: (options?: RefetchOptions | undefined) => Promise<...>; }'.
src/features/pretext-detection/ui/PretextDetectionPanel.tsx(65,5): error TS2339: Property 'loading' does not exist on type '{ data: PretextAnalysisResult | null; isLoading: boolean; error: Error | null; analyzeContent: (textContent: string) => Promise<PretextAnalysisResult | null>; refetch: (options?: RefetchOptions | undefined) => Promise<...>; }'.
src/features/pretext-detection/ui/PretextDetectionPanel.tsx(67,5): error TS2339: Property 'civicActions' does not exist on type '{ data: PretextAnalysisResult | null; isLoading: boolean; error: Error | null; analyzeContent: (textContent: string) => Promise<PretextAnalysisResult | null>; refetch: (options?: RefetchOptions | undefined) => Promise<...>; }'.
src/features/pretext-detection/ui/PretextDetectionPanel.tsx(68,5): error TS2339: Property 'rightsCards' does not exist on type '{ data: PretextAnalysisResult | null; isLoading: boolean; error: Error | null; analyzeContent: (textContent: string) => Promise<PretextAnalysisResult | null>; refetch: (options?: RefetchOptions | undefined) => Promise<...>; }'.
src/features/pretext-detection/ui/PretextDetectionPanel.tsx(70,26): error TS2559: Type 'string' has no properties in common with type 'PretextAnalysisOptions'.
src/features/pretext-detection/ui/PretextDetectionPanel.tsx(178,32): error TS2322: Type 'Error' is not assignable to type 'ReactNode'.
src/features/pretext-detection/ui/PretextDetectionPanel.tsx(275,11): error TS2719: Type 'CivicAction[]' is not assignable to type 'CivicAction[]'. Two different types with this name exist, but they are unrelated.
  Type 'CivicAction' is not assignable to type 'CivicAction'. Two different types with this name exist, but they are unrelated.
    Types of property 'localContacts' are incompatible.
      Type 'unknown[]' is not assignable to type '{ id: string; name: string; role: string; contact: string; }[]'.
        Type 'unknown' is not assignable to type '{ id: string; name: string; role: string; contact: string; }'.
src/features/pretext-detection/ui/PretextDetectionPanel.tsx(276,11): error TS2719: Type 'RightsCard[]' is not assignable to type 'RightsCard[]'. Two different types with this name exist, but they are unrelated.
  Type 'RightsCard' is not assignable to type 'RightsCard'. Two different types with this name exist, but they are unrelated.
    Types of property 'steps' are incompatible.
      Type 'unknown[]' is not assignable to type '{ id: string; title: string; description: string; order: number; }[]'.
        Type 'unknown' is not assignable to type '{ id: string; title: string; description: string; order: number; }'.
src/features/search/hooks/useStreamingSearch.ts(39,27): error TS2749: 'SearchProgress' refers to a value, but is being used as a type here. Did you mean 'typeof SearchProgress'?
src/features/search/hooks/useStreamingSearch.ts(47,13): error TS2749: 'SearchProgress' refers to a value, but is being used as a type here. Did you mean 'typeof SearchProgress'?
src/features/search/hooks/useStreamingSearch.ts(99,16): error TS2749: 'SearchProgress' refers to a value, but is being used as a type here. Did you mean 'typeof SearchProgress'?
src/features/search/hooks/useStreamingSearch.ts(171,11): error TS2322: Type '(result: SearchResult) => void' is not assignable to type '(result: import("C:/Users/Access Granted/Downloads/projects/SimpleTool/client/src/lib/types/search").SearchResult) => void'.
  Types of parameters 'result' and 'result' are incompatible.
    Property 'score' is missing in type 'import("C:/Users/Access Granted/Downloads/projects/SimpleTool/client/src/lib/types/search").SearchResult' but required in type 'SearchResult'.
src/features/search/hooks/useStreamingSearch.ts(173,11): error TS2322: Type '(results: SearchResult[], totalCount: number) => void' is not assignable to type '(results: import("C:/Users/Access Granted/Downloads/projects/SimpleTool/client/src/lib/types/search").SearchResult[], totalCount: number) => void'.
  Types of parameters 'results' and 'results' are incompatible.
    Type 'import("C:/Users/Access Granted/Downloads/projects/SimpleTool/client/src/lib/types/search").SearchResult[]' is not assignable to type 'SearchResult[]'.
      Property 'score' is missing in type 'import("C:/Users/Access Granted/Downloads/projects/SimpleTool/client/src/lib/types/search").SearchResult' but required in type 'SearchResult'.
src/features/search/pages/UniversalSearchPage.tsx(296,15): error TS2322: Type '(result: DisplayableSearchResult) => void' is not assignable to type '(result: SearchResult) => void'.
  Types of parameters 'result' and 'result' are incompatible.
    Type 'SearchResult' is not assignable to type 'DisplayableSearchResult'.
      Type 'SearchResult' is not assignable to type '{ type: "comment" | "bill" | "sponsor"; excerpt: string; relevanceScore: number; }'.
        Types of property 'type' are incompatible.
          Type '"user" | "expert" | "comment" | "committee" | "insight" | "thread" | "bill" | "legislator" | "sponsor"' is not assignable to type '"comment" | "bill" | "sponsor"'.
            Type '"user"' is not assignable to type '"comment" | "bill" | "sponsor"'.
src/features/search/pages/UniversalSearchPage.tsx(297,15): error TS2322: Type '(result: DisplayableSearchResult) => void' is not assignable to type '(result: SearchResult) => void'.
  Types of parameters 'result' and 'result' are incompatible.
    Type 'SearchResult' is not assignable to type 'DisplayableSearchResult'.
      Type 'SearchResult' is not assignable to type '{ type: "comment" | "bill" | "sponsor"; excerpt: string; relevanceScore: number; }'.
        Types of property 'type' are incompatible.
          Type '"user" | "expert" | "comment" | "committee" | "insight" | "thread" | "bill" | "legislator" | "sponsor"' is not assignable to type '"comment" | "bill" | "sponsor"'.
            Type '"user"' is not assignable to type '"comment" | "bill" | "sponsor"'.
src/features/search/pages/UniversalSearchPage.tsx(298,15): error TS2322: Type '(result: DisplayableSearchResult) => void' is not assignable to type '(result: SearchResult) => void'.
  Types of parameters 'result' and 'result' are incompatible.
    Type 'SearchResult' is not assignable to type 'DisplayableSearchResult'.
      Type 'SearchResult' is not assignable to type '{ type: "comment" | "bill" | "sponsor"; excerpt: string; relevanceScore: number; }'.
        Types of property 'type' are incompatible.
          Type '"user" | "expert" | "comment" | "committee" | "insight" | "thread" | "bill" | "legislator" | "sponsor"' is not assignable to type '"comment" | "bill" | "sponsor"'.
            Type '"user"' is not assignable to type '"comment" | "bill" | "sponsor"'.
src/features/search/ui/interface/IntelligentAutocomplete.tsx(366,15): error TS2322: Type 'unknown' is not assignable to type 'ReactNode'.
src/features/search/ui/interface/IntelligentAutocomplete.tsx(368,19): error TS2322: Type '{}' is not assignable to type 'ReactNode'.
src/features/search/ui/interface/SavedSearches.tsx(191,56): error TS2769: No overload matches this call.
  Overload 1 of 4, '(value: string | number | Date): Date', gave the following error.
    Argument of type 'string | undefined' is not assignable to parameter of type 'string | number | Date'.
      Type 'undefined' is not assignable to type 'string | number | Date'.
  Overload 2 of 4, '(value: string | number): Date', gave the following error.
    Argument of type 'string | undefined' is not assignable to parameter of type 'string | number'.
      Type 'undefined' is not assignable to type 'string | number'.
src/features/search/ui/interface/SavedSearches.tsx(193,33): error TS2339: Property 'lastUsed' does not exist on type 'SavedSearch'.
src/features/search/ui/interface/SavedSearches.tsx(194,67): error TS2339: Property 'lastUsed' does not exist on type 'SavedSearch'.
src/features/security/ui/dashboard/SecuritySettings.tsx(10,10): error TS2459: Module '"@client/features/security/ui/dashboard/SecurityDashboard.tsx"' declares 'getSecuritySystem' locally, but it is not exported.
src/features/security/ui/privacy/DataUsageReportDashboard.tsx(93,56): error TS2339: Property 'getAnalyticsMetrics' does not exist on type 'typeof PrivacyAnalyticsService'.
src/features/sponsorship/pages/financial-network.tsx(39,61): error TS2339: Property 'isEmbedded' does not exist on type 'FinancialNetworkProps'.
src/features/users/hooks/useUserAPI.ts(283,11): error TS2322: Type 'number | undefined' is not assignable to type 'string | undefined'.
  Type 'number' is not assignable to type 'string'.
src/features/users/ui/verification/ExpertConsensus.tsx(114,50): error TS2345: Argument of type 'string | undefined' is not assignable to parameter of type 'string'.
  Type 'undefined' is not assignable to type 'string'.
src/features/users/ui/verification/ExpertConsensus.tsx(203,21): error TS18048: 'consensus.minorityPositions' is possibly 'undefined'.
src/features/users/ui/verification/ExpertConsensus.tsx(215,10): error TS18048: 'consensus.minorityPositions' is possibly 'undefined'.
src/features/users/ui/verification/ExpertConsensus.tsx(240,16): error TS18048: 'consensus.minorityPositions' is possibly 'undefined'.
src/features/users/ui/verification/ExpertConsensus.tsx(311,18): error TS18048: 'consensus.minorityPositions' is possibly 'undefined'.
src/features/users/ui/verification/ExpertConsensus.tsx(318,18): error TS18048: 'consensus.controversyLevel' is possibly 'undefined'.
src/features/users/ui/verification/ExpertProfileCard.tsx(126,16): error TS18048: 'expert.affiliations' is possibly 'undefined'.
src/features/users/ui/verification/ExpertProfileCard.tsx(128,20): error TS18048: 'expert.affiliations' is possibly 'undefined'.
src/features/users/ui/verification/ExpertProfileCard.tsx(128,53): error TS18048: 'expert.affiliations' is possibly 'undefined'.
src/features/users/ui/verification/ExpertProfileCard.tsx(133,18): error TS18048: 'expert.specializations' is possibly 'undefined'.
src/features/users/ui/verification/ExpertProfileCard.tsx(138,18): error TS18048: 'expert.specializations' is possibly 'undefined'.
src/features/users/ui/verification/ExpertProfileCard.tsx(140,23): error TS18048: 'expert.specializations' is possibly 'undefined'.
src/features/users/ui/verification/ExpertProfileCard.tsx(188,16): error TS18048: 'expert.specializations' is possibly 'undefined'.
src/features/users/ui/verification/ExpertProfileCard.tsx(202,44): error TS2345: Argument of type 'string | undefined' is not assignable to parameter of type 'string'.
  Type 'undefined' is not assignable to type 'string'.
src/features/users/ui/verification/ExpertProfileCard.tsx(352,10): error TS18048: 'expert.affiliations' is possibly 'undefined'.
src/features/users/ui/verification/ExpertProfileCard.tsx(355,66): error TS18048: 'expert.affiliations' is possibly 'undefined'.
src/features/users/ui/verification/ExpertProfileCard.tsx(378,18): error TS18048: 'expert.affiliations' is possibly 'undefined'.
src/features/users/ui/verification/ExpertProfileCard.tsx(421,18): error TS18048: 'expert.affiliations' is possibly 'undefined'.
src/features/users/ui/verification/ExpertProfileCard.tsx(438,18): error TS18048: 'expert.affiliations' is possibly 'undefined'.
src/features/users/ui/verification/ExpertProfileCard.tsx(440,23): error TS18048: 'expert.affiliations' is possibly 'undefined'.
src/features/users/ui/verification/ExpertVerificationDemo.tsx(17,3): error TS2300: Duplicate identifier 'VerificationWorkflowType'.
src/features/users/ui/verification/ExpertVerificationDemo.tsx(19,3): error TS2300: Duplicate identifier 'CommunityValidationType'.
src/features/users/ui/verification/ExpertVerificationDemo.tsx(28,3): error TS2300: Duplicate identifier 'CommunityValidationType'.
src/features/users/ui/verification/ExpertVerificationDemo.tsx(30,3): error TS2300: Duplicate identifier 'VerificationWorkflowType'.
src/features/users/ui/verification/ExpertVerificationDemo.tsx(195,5): error TS2322: Type 'number' is not assignable to type 'string'.
src/features/users/ui/verification/ExpertVerificationDemo.tsx(381,14): error TS2693: 'CommunityValidationType' only refers to a type, but is being used as a value here.
src/features/users/ui/verification/ExpertVerificationDemo.tsx(398,22): error TS2693: 'ValidationSummary' only refers to a type, but is being used as a value here.
src/features/users/ui/verification/ExpertVerificationDemo.tsx(401,22): error TS2693: 'ValidationSummary' only refers to a type, but is being used as a value here.
src/features/users/ui/verification/ExpertVerificationDemo.tsx(409,22): error TS2693: 'ValidationSummary' only refers to a type, but is being used as a value here.
src/features/users/ui/verification/ExpertVerificationDemo.tsx(422,20): error TS2693: 'CommunityValidationType' only refers to a type, but is being used as a value here.
src/features/users/ui/verification/ExpertVerificationDemo.tsx(435,12): error TS2693: 'VerificationWorkflowType' only refers to a type, but is being used as a value here.
src/features/users/ui/verification/index.ts(19,10): error TS1205: Re-exporting a type when 'isolatedModules' is enabled requires using 'export type'.
src/features/users/ui/verification/index.ts(19,10): error TS2300: Duplicate identifier 'CommunityValidationType'.
src/features/users/ui/verification/index.ts(19,35): error TS1205: Re-exporting a type when 'isolatedModules' is enabled requires using 'export type'.
src/features/users/ui/verification/index.ts(22,10): error TS1205: Re-exporting a type when 'isolatedModules' is enabled requires using 'export type'.
src/features/users/ui/verification/index.ts(22,10): error TS2300: Duplicate identifier 'VerificationWorkflowType'.
src/features/users/ui/verification/index.ts(37,30): error TS2300: Duplicate identifier 'CommunityValidationType'.
src/features/users/ui/verification/index.ts(38,31): error TS2300: Duplicate identifier 'VerificationWorkflowType'.
src/features/users/ui/verification/verification-list.tsx(136,11): error TS2322: Type '"default" | "outline"' is not assignable to type '"destructive" | "ghost" | "primary" | "secondary" | "outline" | null | undefined'.
  Type '"default"' is not assignable to type '"destructive" | "ghost" | "primary" | "secondary" | "outline" | null | undefined'.
src/features/users/ui/verification/verification-list.tsx(143,11): error TS2322: Type '"default" | "outline"' is not assignable to type '"destructive" | "ghost" | "primary" | "secondary" | "outline" | null | undefined'.
  Type '"default"' is not assignable to type '"destructive" | "ghost" | "primary" | "secondary" | "outline" | null | undefined'.
src/features/users/ui/verification/verification-list.tsx(150,11): error TS2322: Type '"default" | "outline"' is not assignable to type '"destructive" | "ghost" | "primary" | "secondary" | "outline" | null | undefined'.
  Type '"default"' is not assignable to type '"destructive" | "ghost" | "primary" | "secondary" | "outline" | null | undefined'.
src/features/users/ui/verification/verification-list.tsx(157,11): error TS2322: Type '"default" | "outline"' is not assignable to type '"destructive" | "ghost" | "primary" | "secondary" | "outline" | null | undefined'.
  Type '"default"' is not assignable to type '"destructive" | "ghost" | "primary" | "secondary" | "outline" | null | undefined'.
src/lib/context/KenyanContextProvider.tsx(140,13): error TS2367: This comparison appears to be unintentional because the types 'SupportedLanguage' and '"sw"' have no overlap.
src/lib/context/KenyanContextProvider.tsx(153,13): error TS2367: This comparison appears to be unintentional because the types 'SupportedLanguage' and '"sw"' have no overlap.
src/lib/context/KenyanContextProvider.tsx(165,13): error TS2367: This comparison appears to be unintentional because the types 'SupportedLanguage' and '"sw"' have no overlap.
src/lib/context/KenyanContextProvider.tsx(175,13): error TS2367: This comparison appears to be unintentional because the types 'SupportedLanguage' and '"sw"' have no overlap.
src/lib/context/KenyanContextProvider.tsx(183,13): error TS2367: This comparison appears to be unintentional because the types 'SupportedLanguage' and '"sw"' have no overlap.
src/lib/context/KenyanContextProvider.tsx(191,13): error TS2367: This comparison appears to be unintentional because the types 'SupportedLanguage' and '"sw"' have no overlap.
src/lib/context/KenyanContextProvider.tsx(209,13): error TS2367: This comparison appears to be unintentional because the types 'SupportedLanguage' and '"sw"' have no overlap.
src/lib/context/KenyanContextProvider.tsx(223,13): error TS2367: This comparison appears to be unintentional because the types 'SupportedLanguage' and '"sw"' have no overlap.
src/lib/context/KenyanContextProvider.tsx(238,13): error TS2367: This comparison appears to be unintentional because the types 'SupportedLanguage' and '"sw"' have no overlap.
src/lib/context/KenyanContextProvider.tsx(250,13): error TS2367: This comparison appears to be unintentional because the types 'SupportedLanguage' and '"sw"' have no overlap.
src/lib/context/KenyanContextProvider.tsx(264,13): error TS2367: This comparison appears to be unintentional because the types 'SupportedLanguage' and '"sw"' have no overlap.
src/lib/context/KenyanContextProvider.tsx(271,13): error TS2367: This comparison appears to be unintentional because the types 'SupportedLanguage' and '"sw"' have no overlap.
src/lib/context/KenyanContextProvider.tsx(276,13): error TS2367: This comparison appears to be unintentional because the types 'SupportedLanguage' and '"sw"' have no overlap.
src/lib/context/KenyanContextProvider.tsx(283,13): error TS2367: This comparison appears to be unintentional because the types 'SupportedLanguage' and '"sw"' have no overlap.
src/lib/context/KenyanContextProvider.tsx(288,13): error TS2367: This comparison appears to be unintentional because the types 'SupportedLanguage' and '"sw"' have no overlap.
src/lib/context/KenyanContextProvider.tsx(295,11): error TS2367: This comparison appears to be unintentional because the types 'SupportedLanguage' and '"sw"' have no overlap.
src/lib/context/KenyanContextProvider.tsx(311,11): error TS2367: This comparison appears to be unintentional because the types 'SupportedLanguage' and '"sw"' have no overlap.
src/lib/context/KenyanContextProvider.tsx(327,11): error TS2367: This comparison appears to be unintentional because the types 'SupportedLanguage' and '"sw"' have no overlap.
src/lib/context/KenyanContextProvider.tsx(359,11): error TS2367: This comparison appears to be unintentional because the types 'SupportedLanguage' and '"sw"' have no overlap.
src/lib/context/KenyanContextProvider.tsx(363,11): error TS2367: This comparison appears to be unintentional because the types 'SupportedLanguage' and '"sw"' have no overlap.
src/lib/context/KenyanContextProvider.tsx(379,11): error TS2367: This comparison appears to be unintentional because the types 'SupportedLanguage' and '"sw"' have no overlap.
src/lib/context/KenyanContextProvider.tsx(393,11): error TS2367: This comparison appears to be unintentional because the types 'SupportedLanguage' and '"sw"' have no overlap.
src/lib/context/KenyanContextProvider.tsx(407,11): error TS2367: This comparison appears to be unintentional because the types 'SupportedLanguage' and '"sw"' have no overlap.
src/lib/context/KenyanContextProvider.tsx(421,11): error TS2367: This comparison appears to be unintentional because the types 'SupportedLanguage' and '"sw"' have no overlap.
src/lib/context/KenyanContextProvider.tsx(476,36): error TS2367: This comparison appears to be unintentional because the types 'SupportedLanguage' and '"sw"' have no overlap.
src/lib/context/KenyanContextProvider.tsx(488,36): error TS2367: This comparison appears to be unintentional because the types 'SupportedLanguage' and '"sw"' have no overlap.
src/lib/context/KenyanContextProvider.tsx(519,9): error TS2367: This comparison appears to be unintentional because the types 'SupportedLanguage' and '"sw"' have no overlap.
src/lib/context/KenyanContextProvider.tsx(547,9): error TS2367: This comparison appears to be unintentional because the types 'SupportedLanguage' and '"sw"' have no overlap.
src/lib/context/KenyanContextProvider.tsx(569,9): error TS2367: This comparison appears to be unintentional because the types 'SupportedLanguage' and '"sw"' have no overlap.
src/lib/data/mock/analytics.ts(276,5): error TS2322: Type '{ userId: string; username: string | undefined; score: number; rank: number; badge: "Policy Expert" | "Civic Champion" | "Rising Star" | "Community Leader" | "Engaged Citizen"; contributions: { ...; }; }[]' is not assignable to type '{ userId: string; username: string; score: number; rank: number; badge: string; contributions: { comments: number; votes: number; shares: number; }; }[]'.
  Type '{ userId: string; username: string | undefined; score: number; rank: number; badge: "Policy Expert" | "Civic Champion" | "Rising Star" | "Community Leader" | "Engaged Citizen"; contributions: { ...; }; }' is not assignable to type '{ userId: string; username: string; score: number; rank: number; badge: string; contributions: { comments: number; votes: number; shares: number; }; }'.
    Types of property 'username' are incompatible.
      Type 'string | undefined' is not assignable to type 'string'.
        Type 'undefined' is not assignable to type 'string'.
src/lib/data/mock/analytics.ts(291,5): error TS2322: Type '{ hour: number; engagement: number; participants: number; sentiment: number; }[]' is not assignable to type '{ hour: string; engagement: number; participants: number; sentiment: number; }[]'.
  Type '{ hour: number; engagement: number; participants: number; sentiment: number; }' is not assignable to type '{ hour: string; engagement: number; participants: number; sentiment: number; }'.
    Types of property 'hour' are incompatible.
      Type 'number' is not assignable to type 'string'.
src/lib/data/mock/community.ts(61,3): error TS2322: Type '{ velocity: number; diversity: number; substance: number; trendingScore: number; id: string; type: "discussion" | "comment" | "expert_contribution" | "bill_save" | "bill_share" | "campaign_join" | "petition_sign"; ... 17 more ...; userHasLiked: boolean; }[]' is not assignable to type 'ActivityItem[]'.
  Type '{ velocity: number; diversity: number; substance: number; trendingScore: number; id: string; type: "discussion" | "comment" | "expert_contribution" | "bill_save" | "bill_share" | "campaign_join" | "petition_sign"; ... 17 more ...; userHasLiked: boolean; }' is not assignable to type 'ActivityItem'.
    Types of property 'expertInfo' are incompatible.
      Type '{ verificationType: any; credibilityScore: any; specializations: any; } | undefined' is not assignable to type '{ readonly isVerified: boolean; readonly specialty?: string | undefined; readonly credibilityScore?: number | undefined; } | undefined'.
        Property 'isVerified' is missing in type '{ verificationType: any; credibilityScore: any; specializations: any; }' but required in type '{ readonly isVerified: boolean; readonly specialty?: string | undefined; readonly credibilityScore?: number | undefined; }'.
src/lib/data/mock/community.ts(173,3): error TS2322: Type '{ hourlyActivity: number[]; dailyActivity: number[]; weeklyActivity: number[]; geographicDistribution: { state: string; count: number; percentage: number; }[]; timestamp: string; lastUpdated: string; ... 12 more ...; expertCount: number; }[]' is not assignable to type 'TrendingTopic[]'.
  Type '{ hourlyActivity: number[]; dailyActivity: number[]; weeklyActivity: number[]; geographicDistribution: { state: string; count: number; percentage: number; }[]; timestamp: string; lastUpdated: string; ... 12 more ...; expertCount: number; }' is missing the following properties from type 'TrendingTopic': topic, count, trend, change_percentage, and 2 more.
src/lib/data/mock/community.ts(226,3): error TS2322: Type '{ id: string; expertId: string | number; expertName: string; expertAvatar: string | undefined; verificationType: "domain" | "official" | "identity" | undefined; credibilityScore: number | undefined; ... 15 more ...; lastUpdated: string; }[]' is not assignable to type 'ExpertInsight[]'.
  Type '{ id: string; expertId: string | number; expertName: string; expertAvatar: string | undefined; verificationType: "domain" | "official" | "identity" | undefined; credibilityScore: number | undefined; ... 15 more ...; lastUpdated: string; }' is missing the following properties from type 'ExpertInsight': createdAt, published, reviewStatus
src/lib/data/mock/community.ts(311,3): error TS2322: Type '{ id: string; title: string; description: string; summary: string; type: "action" | "petition" | "advocacy" | "awareness"; status: "cancelled" | "paused" | "active" | "completed"; billIds: number[]; ... 13 more ...; updatedAt: string; }[]' is not assignable to type 'Campaign[]'.
  Type '{ id: string; title: string; description: string; summary: string; type: "action" | "petition" | "advocacy" | "awareness"; status: "cancelled" | "paused" | "active" | "completed"; billIds: number[]; ... 13 more ...; updatedAt: string; }' is missing the following properties from type 'Campaign': currentProgress, tags
src/lib/data/mock/community.ts(384,3): error TS2322: Type '{ id: string; title: string; description: string; summary: string; billIds: number[]; policyAreas: string[]; targetOfficial: "Senator Kiptoo" | "Hon. Amina Mohamed" | "Governor Omondi" | "Cabinet Secretary for Health"; ... 10 more ...; updatedAt: string; }[]' is not assignable to type 'Petition[]'.
  Type '{ id: string; title: string; description: string; summary: string; billIds: number[]; policyAreas: string[]; targetOfficial: "Senator Kiptoo" | "Hon. Amina Mohamed" | "Governor Omondi" | "Cabinet Secretary for Health"; ... 10 more ...; updatedAt: string; }' is missing the following properties from type 'Petition': target, signatureCount, signatureGoal
src/lib/data/mock/community.ts(455,5): error TS2353: Object literal may only specify known properties, and 'totalMembers' does not exist in type 'CommunityStats'.
src/lib/data/mock/community.ts(485,5): error TS2353: Object literal may only specify known properties, and 'totalActivity' does not exist in type 'LocalImpactMetrics'.
src/lib/data/mock/experts.ts(295,11): error TS2739: Type '{ upvotes: number; downvotes: number; comments: number; userVote: "up" | "down" | null; validationScore: number; }' is missing the following properties from type 'CommunityValidation': id, contentId, contentType, flagCount, lastUpdated
src/lib/data/mock/experts.ts(370,5): error TS2322: Type 'number' is not assignable to type 'string'.
src/lib/data/mock/experts.ts(415,30): error TS2345: Argument of type 'string | number' is not assignable to parameter of type 'string'.
  Type 'number' is not assignable to type 'string'.
src/lib/data/mock/experts.ts(431,38): error TS18048: 'expert.specializations' is possibly 'undefined'.
src/lib/data/mock/real-kenya-data.ts(125,7): error TS7053: Element implicitly has an 'any' type because expression of type '31' can't be used to index type '{ 10: { id: string; number: string; title: string; content: string; relevance: string; }; 27: { id: string; number: string; title: string; content: string; relevance: string; }; 43: { id: string; number: string; title: string; content: string; relevance: string; }; 189: { ...; }; }'.
  Property '31' does not exist on type '{ 10: { id: string; number: string; title: string; content: string; relevance: string; }; 27: { id: string; number: string; title: string; content: string; relevance: string; }; 43: { id: string; number: string; title: string; content: string; relevance: string; }; 189: { ...; }; }'.
src/lib/data/mock/real-kenya-data.ts(144,7): error TS7053: Element implicitly has an 'any' type because expression of type '201' can't be used to index type '{ 10: { id: string; number: string; title: string; content: string; relevance: string; }; 27: { id: string; number: string; title: string; content: string; relevance: string; }; 43: { id: string; number: string; title: string; content: string; relevance: string; }; 189: { ...; }; }'.
  Property '201' does not exist on type '{ 10: { id: string; number: string; title: string; content: string; relevance: string; }; 27: { id: string; number: string; title: string; content: string; relevance: string; }; 43: { id: string; number: string; title: string; content: string; relevance: string; }; 189: { ...; }; }'.
src/lib/data/mock/real-kenya-data.ts(163,7): error TS7053: Element implicitly has an 'any' type because expression of type '73' can't be used to index type '{ 10: { id: string; number: string; title: string; content: string; relevance: string; }; 27: { id: string; number: string; title: string; content: string; relevance: string; }; 43: { id: string; number: string; title: string; content: string; relevance: string; }; 189: { ...; }; }'.
  Property '73' does not exist on type '{ 10: { id: string; number: string; title: string; content: string; relevance: string; }; 27: { id: string; number: string; title: string; content: string; relevance: string; }; 43: { id: string; number: string; title: string; content: string; relevance: string; }; 189: { ...; }; }'.
src/lib/data/mock/real-kenya-data.ts(164,7): error TS7053: Element implicitly has an 'any' type because expression of type '75' can't be used to index type '{ 10: { id: string; number: string; title: string; content: string; relevance: string; }; 27: { id: string; number: string; title: string; content: string; relevance: string; }; 43: { id: string; number: string; title: string; content: string; relevance: string; }; 189: { ...; }; }'.
  Property '75' does not exist on type '{ 10: { id: string; number: string; title: string; content: string; relevance: string; }; 27: { id: string; number: string; title: string; content: string; relevance: string; }; 43: { id: string; number: string; title: string; content: string; relevance: string; }; 189: { ...; }; }'.
src/lib/data/mock/users.ts(99,5): error TS2322: Type 'string' is not assignable to type '"admin" | "citizen" | "expert" | "official" | "moderator"'.
src/lib/data/mock/users.ts(100,5): error TS2322: Type 'string' is not assignable to type '"pending" | "rejected" | "verified" | undefined'.
src/lib/data/mock/users.ts(145,3): error TS2322: Type '{ id: string; user_id: string; event_type: "login" | "logout" | "password_change" | "suspicious_activity" | "account_locked" | "two_factor_enabled" | "failed_login" | "two_factor_disabled"; ... 5 more ...; details: { ...; }; }[]' is not assignable to type 'SecurityEvent[]'.
  Type '{ id: string; user_id: string; event_type: "login" | "logout" | "password_change" | "suspicious_activity" | "account_locked" | "two_factor_enabled" | "failed_login" | "two_factor_disabled"; ... 5 more ...; details: { ...; }; }' is missing the following properties from type 'SecurityEvent': type, description, severity
src/lib/data/mock/users.ts(191,3): error TS2322: Type '{ role: "expert"; verification_status: "verified"; reputation: number; two_factor_enabled: true; privacy_settings: { profile_visibility: "public"; analytics_consent: true; email_visibility?: "public" | ... 2 more ... | undefined; ... 6 more ...; notification_preferences?: NotificationPreferences | undefined; }; ... ...' is not assignable to type 'User[]'.
  Type '{ role: "expert"; verification_status: "verified"; reputation: number; two_factor_enabled: true; privacy_settings: { profile_visibility: "public"; analytics_consent: true; email_visibility?: "public" | ... 2 more ... | undefined; ... 6 more ...; notification_preferences?: NotificationPreferences | undefined; }; ... ...' is not assignable to type 'User'.
    The types of 'privacy_settings.email_visibility' are incompatible between these types.
      Type '"public" | "private" | "registered" | undefined' is not assignable to type '"public" | "private" | "registered"'.
        Type 'undefined' is not assignable to type '"public" | "private" | "registered"'.
src/lib/data/mock/users.ts(212,3): error TS2322: Type '{ role: "moderator"; verification_status: "verified"; reputation: number; two_factor_enabled: true; account_locked: false; privacy_settings: { profile_visibility: "public"; email_visibility?: "public" | ... 2 more ... | undefined; ... 7 more ...; notification_preferences?: NotificationPreferences | undefined; }; ......' is not assignable to type 'User[]'.
  Type '{ role: "moderator"; verification_status: "verified"; reputation: number; two_factor_enabled: true; account_locked: false; privacy_settings: { profile_visibility: "public"; email_visibility?: "public" | ... 2 more ... | undefined; ... 7 more ...; notification_preferences?: NotificationPreferences | undefined; }; ......' is not assignable to type 'User'.
    The types of 'privacy_settings.email_visibility' are incompatible between these types.
      Type '"public" | "private" | "registered" | undefined' is not assignable to type '"public" | "private" | "registered"'.
        Type 'undefined' is not assignable to type '"public" | "private" | "registered"'.
src/lib/design-system/interactive/Calendar.tsx(243,13): error TS2345: Argument of type 'string' is not assignable to parameter of type 'Date'.
src/lib/design-system/interactive/Calendar.tsx(300,10): error TS2322: Type '{ id?: string | undefined; autoFocus?: boolean | undefined; dir?: string | undefined; hidden?: Matcher | Matcher[] | undefined; lang?: string | undefined; nonce?: string | undefined; ... 72 more ...; disabled: (date: Date) => boolean; }' is not assignable to type 'IntrinsicAttributes & DayPickerProps'.
  Type '{ id?: string | undefined; autoFocus?: boolean | undefined; dir?: string | undefined; hidden?: Matcher | Matcher[] | undefined; lang?: string | undefined; nonce?: string | undefined; ... 72 more ...; disabled: (date: Date) => boolean; }' is not assignable to type '(IntrinsicAttributes & PropsBase & PropsSingle) | (IntrinsicAttributes & PropsBase & PropsSingleRequired) | (IntrinsicAttributes & ... 1 more ... & PropsMulti) | (IntrinsicAttributes & ... 1 more ... & PropsMultiRequired) | (IntrinsicAttributes & ... 1 more ... & PropsRange) | (IntrinsicAttributes & ... 1 more ... &...'.
    Property 'required' is missing in type '{ id?: string | undefined; autoFocus?: boolean | undefined; dir?: string | undefined; hidden?: Matcher | Matcher[] | undefined; lang?: string | undefined; nonce?: string | undefined; ... 72 more ...; disabled: (date: Date) => boolean; }' but required in type 'PropsRangeRequired'.
src/lib/design-system/interactive/errors.ts(38,10): error TS2540: Cannot assign to 'name' because it is a read-only property.
src/lib/design-system/interactive/errors.ts(73,10): error TS2540: Cannot assign to 'name' because it is a read-only property.
src/lib/design-system/interactive/errors.ts(93,10): error TS2540: Cannot assign to 'name' because it is a read-only property.
src/lib/examples/WebSocketIntegrationExample.tsx(21,24): error TS2339: Property 'connectionQuality' does not exist on type '{ isConnected: boolean; lastMessage: any; sendMessage: (message: any) => void; }'.
src/lib/examples/WebSocketIntegrationExample.tsx(21,43): error TS2339: Property 'connect' does not exist on type '{ isConnected: boolean; lastMessage: any; sendMessage: (message: any) => void; }'.
src/lib/examples/WebSocketIntegrationExample.tsx(21,52): error TS2339: Property 'disconnect' does not exist on type '{ isConnected: boolean; lastMessage: any; sendMessage: (message: any) => void; }'.
src/lib/examples/WebSocketIntegrationExample.tsx(21,64): error TS2339: Property 'error' does not exist on type '{ isConnected: boolean; lastMessage: any; sendMessage: (message: any) => void; }'.
src/lib/examples/WebSocketIntegrationExample.tsx(22,5): error TS2353: Object literal may only specify known properties, and 'autoConnect' does not exist in type 'UseWebSocketOptions'.
src/lib/examples/WebSocketIntegrationExample.tsx(73,5): error TS2304: Cannot find name 'useBillRealTime'.
src/lib/examples/WebSocketIntegrationExample.tsx(138,26): error TS2339: Property 'notificationCount' does not exist on type '{ notifications: Notification[]; unreadCount: number; isLoading: boolean; error: string | null; isInitialized: boolean; markAsRead: (notificationId: string) => Promise<void>; ... 4 more ...; clearError: () => void; }'.
src/lib/examples/WebSocketIntegrationExample.tsx(138,57): error TS2339: Property 'isConnected' does not exist on type '{ notifications: Notification[]; unreadCount: number; isLoading: boolean; error: string | null; isInitialized: boolean; markAsRead: (notificationId: string) => Promise<void>; ... 4 more ...; clearError: () => void; }'.
src/lib/examples/WebSocketIntegrationExample.tsx(207,24): error TS2339: Property 'subscribe' does not exist on type '{ isConnected: boolean; lastMessage: any; sendMessage: (message: any) => void; }'.
src/lib/examples/WebSocketIntegrationExample.tsx(207,35): error TS2339: Property 'unsubscribe' does not exist on type '{ isConnected: boolean; lastMessage: any; sendMessage: (message: any) => void; }'.
src/lib/examples/WebSocketIntegrationExample.tsx(207,48): error TS2339: Property 'getRecentActivity' does not exist on type '{ isConnected: boolean; lastMessage: any; sendMessage: (message: any) => void; }'.
src/lib/examples/WebSocketIntegrationExample.tsx(208,5): error TS2353: Object literal may only specify known properties, and 'autoConnect' does not exist in type 'UseWebSocketOptions'.
src/lib/hooks/hooks-monitoring.ts(53,11): error TS2345: Argument of type '"system"' is not assignable to parameter of type 'ErrorDomain'.
src/lib/hooks/hooks-monitoring.ts(71,28): error TS2339: Property 'HOOKS' does not exist on type '{ readonly WEB: "web"; readonly MOBILE: "mobile"; readonly DESKTOP: "desktop"; readonly SERVICE_ARCHITECTURE: "service_architecture"; readonly SECURITY: "security"; }'.
src/lib/hooks/hooks-monitoring.ts(77,57): error TS2345: Argument of type 'AppError | AppError' is not assignable to parameter of type 'AppError'.
  Type 'import("C:/Users/Access Granted/Downloads/projects/SimpleTool/client/src/core/error/types").AppError' is not assignable to type 'import("C:/Users/Access Granted/Downloads/projects/SimpleTool/client/src/lib/infrastructure/monitoring/unified-error-monitoring-interface").AppError'.
    Types of property 'domain' are incompatible.
      Type 'import("C:/Users/Access Granted/Downloads/projects/SimpleTool/client/src/core/error/constants").ErrorDomain' is not assignable to type 'import("C:/Users/Access Granted/Downloads/projects/SimpleTool/client/src/lib/infrastructure/monitoring/unified-error-monitoring-interface").ErrorDomain'.
src/lib/hooks/hooks-monitoring.ts(80,51): error TS2339: Property 'HOOKS' does not exist on type '{ readonly WEB: "web"; readonly MOBILE: "mobile"; readonly DESKTOP: "desktop"; readonly SERVICE_ARCHITECTURE: "service_architecture"; readonly SECURITY: "security"; }'.
src/lib/hooks/hooks-monitoring.ts(83,29): error TS2345: Argument of type 'AppError | AppError' is not assignable to parameter of type 'AppError'.
  Type 'import("C:/Users/Access Granted/Downloads/projects/SimpleTool/client/src/core/error/types").AppError' is not assignable to type 'import("C:/Users/Access Granted/Downloads/projects/SimpleTool/client/src/lib/infrastructure/monitoring/unified-error-monitoring-interface").AppError'.
    Types of property 'domain' are incompatible.
      Type 'import("C:/Users/Access Granted/Downloads/projects/SimpleTool/client/src/core/error/constants").ErrorDomain' is not assignable to type 'import("C:/Users/Access Granted/Downloads/projects/SimpleTool/client/src/lib/infrastructure/monitoring/unified-error-monitoring-interface").ErrorDomain'.
src/lib/hooks/hooks-monitoring.ts(91,20): error TS2339: Property 'HOOKS' does not exist on type '{ readonly WEB: "web"; readonly MOBILE: "mobile"; readonly DESKTOP: "desktop"; readonly SERVICE_ARCHITECTURE: "service_architecture"; readonly SECURITY: "security"; }'.
src/lib/hooks/hooks-monitoring.ts(103,9): error TS2345: Argument of type '"system"' is not assignable to parameter of type 'ErrorDomain'.
src/lib/hooks/hooks-monitoring.ts(116,30): error TS2339: Property 'HOOKS' does not exist on type '{ readonly WEB: "web"; readonly MOBILE: "mobile"; readonly DESKTOP: "desktop"; readonly SERVICE_ARCHITECTURE: "service_architecture"; readonly SECURITY: "security"; }'.
src/lib/hooks/hooks-monitoring.ts(124,79): error TS2339: Property 'HOOKS' does not exist on type '{ readonly WEB: "web"; readonly MOBILE: "mobile"; readonly DESKTOP: "desktop"; readonly SERVICE_ARCHITECTURE: "service_architecture"; readonly SECURITY: "security"; }'.
src/lib/hooks/hooks-monitoring.ts(176,79): error TS2339: Property 'HOOKS' does not exist on type '{ readonly WEB: "web"; readonly MOBILE: "mobile"; readonly DESKTOP: "desktop"; readonly SERVICE_ARCHITECTURE: "service_architecture"; readonly SECURITY: "security"; }'.
src/lib/hooks/hooks-monitoring.ts(179,7): error TS2322: Type '{ system: string; status: "critical" | "healthy" | "degraded"; errorRate: number; performanceScore: number; lastUpdated: number; }' is not assignable to type 'SystemHealth'.
  Types of property 'system' are incompatible.
    Type 'string' is not assignable to type 'ClientSystem'.
src/lib/hooks/hooks-monitoring.ts(184,20): error TS2339: Property 'HOOKS' does not exist on type '{ readonly WEB: "web"; readonly MOBILE: "mobile"; readonly DESKTOP: "desktop"; readonly SERVICE_ARCHITECTURE: "service_architecture"; readonly SECURITY: "security"; }'.
src/lib/hooks/hooks-monitoring.ts(196,28): error TS2339: Property 'HOOKS' does not exist on type '{ readonly WEB: "web"; readonly MOBILE: "mobile"; readonly DESKTOP: "desktop"; readonly SERVICE_ARCHITECTURE: "service_architecture"; readonly SECURITY: "security"; }'.
src/lib/hooks/hooks-monitoring.ts(234,73): error TS2339: Property 'HOOKS' does not exist on type '{ readonly WEB: "web"; readonly MOBILE: "mobile"; readonly DESKTOP: "desktop"; readonly SERVICE_ARCHITECTURE: "service_architecture"; readonly SECURITY: "security"; }'.
src/lib/hooks/hooks-monitoring.ts(340,7): error TS2345: Argument of type '"system"' is not assignable to parameter of type 'ErrorDomain'.
src/lib/hooks/hooks-monitoring.ts(358,28): error TS2339: Property 'HOOKS' does not exist on type '{ readonly WEB: "web"; readonly MOBILE: "mobile"; readonly DESKTOP: "desktop"; readonly SERVICE_ARCHITECTURE: "service_architecture"; readonly SECURITY: "security"; }'.
src/lib/hooks/hooks-monitoring.ts(380,12): error TS7053: Element implicitly has an 'any' type because expression of type 'ErrorSeverity' can't be used to index type '{ low: number; medium: number; high: number; critical: number; }'.
  Property 'blocker' does not exist on type '{ low: number; medium: number; high: number; critical: number; }'.
src/lib/hooks/hooks-monitoring.ts(413,9): error TS2345: Argument of type '"system"' is not assignable to parameter of type 'ErrorDomain'.
src/lib/hooks/hooks-monitoring.ts(426,30): error TS2339: Property 'HOOKS' does not exist on type '{ readonly WEB: "web"; readonly MOBILE: "mobile"; readonly DESKTOP: "desktop"; readonly SERVICE_ARCHITECTURE: "service_architecture"; readonly SECURITY: "security"; }'.
src/lib/hooks/mobile/usePullToRefresh.ts(56,31): error TS2339: Property 'PULL_TO_REFRESH' does not exist on type 'GestureConfig'.
src/lib/hooks/mobile/usePullToRefresh.ts(57,33): error TS2339: Property 'PULL_TO_REFRESH' does not exist on type 'GestureConfig'.
src/lib/hooks/mobile/usePullToRefresh.ts(90,58): error TS2339: Property 'PULL_TO_REFRESH' does not exist on type 'GestureConfig'.
src/lib/hooks/mobile/useScrollManager.ts(20,38): error TS2339: Property 'SCROLL' does not exist on type 'GestureConfig'.
src/lib/hooks/mobile/useScrollManager.ts(21,41): error TS2339: Property 'SCROLL' does not exist on type 'GestureConfig'.
src/lib/hooks/mobile/useSwipeGesture.ts(48,31): error TS2339: Property 'SWIPE' does not exist on type 'GestureConfig'.
src/lib/hooks/mobile/useSwipeGesture.ts(49,31): error TS2339: Property 'SWIPE' does not exist on type 'GestureConfig'.
src/lib/hooks/mobile/useSwipeGesture.ts(50,31): error TS2339: Property 'SWIPE' does not exist on type 'GestureConfig'.
src/lib/hooks/use-i18n.tsx(23,43): error TS2339: Property 'en' does not exist on type 'string[]'.
src/lib/hooks/use-i18n.tsx(23,65): error TS2339: Property 'sw' does not exist on type 'string[]'.
src/lib/hooks/use-i18n.tsx(44,63): error TS2345: Argument of type '() => string' is not assignable to parameter of type 'SupportedLanguage | (() => SupportedLanguage)'.
  Type '() => string' is not assignable to type '() => SupportedLanguage'.
    Type 'string' is not assignable to type 'SupportedLanguage'.
src/lib/hooks/use-i18n.tsx(46,15): error TS7015: Element implicitly has an 'any' type because index expression is not of type 'number'.
src/lib/hooks/use-i18n.tsx(53,43): error TS7015: Element implicitly has an 'any' type because index expression is not of type 'number'.
src/lib/hooks/use-i18n.tsx(65,35): error TS2339: Property 'en' does not exist on type 'string[]'.
src/lib/hooks/use-i18n.tsx(93,50): error TS2339: Property 'en' does not exist on type 'string[]'.
src/lib/hooks/use-i18n.tsx(203,15): error TS2322: Type 'string | number | symbol' is not assignable to type 'string | number | bigint | boolean | null | undefined'.
  Type 'symbol' is not assignable to type 'string | number | bigint | boolean | null | undefined'.
src/lib/hooks/use-i18n.tsx(203,38): error TS2339: Property 'en' does not exist on type 'string[]'.
src/lib/hooks/use-i18n.tsx(204,19): error TS2322: Type 'string | number | symbol' is not assignable to type 'string | number | bigint | boolean | null | undefined'.
  Type 'symbol' is not assignable to type 'string | number | bigint | boolean | null | undefined'.
src/lib/hooks/use-i18n.tsx(204,42): error TS2339: Property 'en' does not exist on type 'string[]'.
src/lib/hooks/use-i18n.tsx(205,15): error TS2322: Type 'string | number | symbol' is not assignable to type 'string | number | bigint | boolean | null | undefined'.
  Type 'symbol' is not assignable to type 'string | number | bigint | boolean | null | undefined'.
src/lib/hooks/use-i18n.tsx(205,38): error TS2339: Property 'en' does not exist on type 'string[]'.
src/lib/hooks/use-i18n.tsx(206,13): error TS2322: Type 'string | number | symbol' is not assignable to type 'string | number | bigint | boolean | null | undefined'.
  Type 'symbol' is not assignable to type 'string | number | bigint | boolean | null | undefined'.
src/lib/hooks/use-i18n.tsx(206,36): error TS2339: Property 'en' does not exist on type 'string[]'.
src/lib/hooks/use-i18n.tsx(207,14): error TS2322: Type 'string | number | symbol' is not assignable to type 'string | number | bigint | boolean | null | undefined'.
  Type 'symbol' is not assignable to type 'string | number | bigint | boolean | null | undefined'.
src/lib/hooks/use-i18n.tsx(207,37): error TS2339: Property 'en' does not exist on type 'string[]'.
src/lib/hooks/use-i18n.tsx(208,18): error TS2322: Type 'string | number | symbol' is not assignable to type 'string | number | bigint | boolean | null | undefined'.
  Type 'symbol' is not assignable to type 'string | number | bigint | boolean | null | undefined'.
src/lib/hooks/use-i18n.tsx(208,41): error TS2339: Property 'en' does not exist on type 'string[]'.
src/lib/hooks/use-i18n.tsx(209,17): error TS2322: Type 'string | number | symbol' is not assignable to type 'string | number | bigint | boolean | null | undefined'.
  Type 'symbol' is not assignable to type 'string | number | bigint | boolean | null | undefined'.
src/lib/hooks/use-i18n.tsx(209,40): error TS2339: Property 'en' does not exist on type 'string[]'.
src/lib/hooks/use-i18n.tsx(210,17): error TS2322: Type 'string | number | symbol' is not assignable to type 'string | number | bigint | boolean | null | undefined'.
  Type 'symbol' is not assignable to type 'string | number | bigint | boolean | null | undefined'.
src/lib/hooks/use-i18n.tsx(210,40): error TS2339: Property 'en' does not exist on type 'string[]'.
src/lib/hooks/use-i18n.tsx(211,19): error TS2322: Type 'string | number | symbol' is not assignable to type 'string | number | bigint | boolean | null | undefined'.
  Type 'symbol' is not assignable to type 'string | number | bigint | boolean | null | undefined'.
src/lib/hooks/use-i18n.tsx(211,42): error TS2339: Property 'en' does not exist on type 'string[]'.
src/lib/hooks/use-i18n.tsx(212,14): error TS2322: Type 'string | number | symbol' is not assignable to type 'string | number | bigint | boolean | null | undefined'.
  Type 'symbol' is not assignable to type 'string | number | bigint | boolean | null | undefined'.
src/lib/hooks/use-i18n.tsx(212,37): error TS2339: Property 'en' does not exist on type 'string[]'.
src/lib/hooks/useErrorRecovery.ts(165,50): error TS2339: Property 'connectionType' does not exist on type 'ConnectionInfo'.
src/lib/hooks/useErrorRecovery.ts(169,7): error TS2345: Argument of type 'string | Error' is not assignable to parameter of type 'Error'.
  Type 'string' is not assignable to type 'Error'.
src/lib/hooks/useErrorRecovery.ts(267,27): error TS2339: Property 'connectionType' does not exist on type 'ConnectionInfo'.
src/lib/hooks/useErrorRecovery.ts(297,52): error TS2339: Property 'connectionType' does not exist on type 'ConnectionInfo'.
src/lib/hooks/useErrorRecovery.ts(301,9): error TS2345: Argument of type 'string | Error' is not assignable to parameter of type 'Error'.
  Type 'string' is not assignable to type 'Error'.
src/lib/hooks/useErrorRecovery.ts(321,27): error TS2339: Property 'connectionType' does not exist on type 'ConnectionInfo'.
src/lib/hooks/useErrorRecovery.ts(364,17): error TS2345: Argument of type 'string | Error' is not assignable to parameter of type 'Error'.
  Type 'string' is not assignable to type 'Error'.
src/lib/hooks/useErrorRecovery.ts(421,38): error TS2339: Property 'connectionType' does not exist on type 'ConnectionInfo'.
src/lib/hooks/useIntegratedServices.ts(37,35): error TS2339: Property 'trackPageView' does not exist on type 'PrivacyAnalyticsService'.
src/lib/hooks/useIntegratedServices.ts(43,35): error TS2339: Property 'trackEngagement' does not exist on type 'PrivacyAnalyticsService'.
src/lib/hooks/useIntegratedServices.ts(49,35): error TS2339: Property 'trackError' does not exist on type 'PrivacyAnalyticsService'.
src/lib/hooks/useNotifications.ts(38,35): error TS2339: Property 'initialize' does not exist on type 'NotificationService'.
src/lib/hooks/useNotifications.ts(43,46): error TS2339: Property 'getUnreadCount' does not exist on type 'NotificationService'.
src/lib/hooks/useNotifications.ts(85,53): error TS2339: Property 'on' does not exist on type 'NotificationService'.
src/lib/hooks/useNotifications.ts(89,56): error TS2339: Property 'on' does not exist on type 'NotificationService'.
src/lib/hooks/useNotifications.ts(105,33): error TS2339: Property 'markAsRead' does not exist on type 'NotificationService'.
src/lib/hooks/useNotifications.ts(120,33): error TS2339: Property 'markAllAsRead' does not exist on type 'NotificationService'.
src/lib/hooks/useNotifications.ts(139,33): error TS2551: Property 'deleteNotification' does not exist on type 'NotificationService'. Did you mean 'getNotifications'?
src/lib/hooks/useNotifications.ts(165,35): error TS2551: Property 'loadNotifications' does not exist on type 'NotificationService'. Did you mean 'addNotification'?
src/lib/hooks/useNotifications.ts(190,33): error TS2551: Property 'loadNotifications' does not exist on type 'NotificationService'. Did you mean 'addNotification'?
src/lib/hooks/useNotifications.ts(192,42): error TS2339: Property 'getUnreadCount' does not exist on type 'NotificationService'.
src/lib/hooks/useNotifications.ts(244,49): error TS2339: Property 'getUserPreferences' does not exist on type 'NotificationService'.
src/lib/hooks/useNotifications.ts(273,35): error TS2339: Property 'updatePreferences' does not exist on type 'NotificationService'.
src/lib/hooks/useNotifications.ts(307,54): error TS2339: Property 'getUserPreferences' does not exist on type 'NotificationService'.
src/lib/hooks/useNotifications.ts(577,35): error TS2551: Property 'loadNotifications' does not exist on type 'NotificationService'. Did you mean 'addNotification'?
src/lib/hooks/useNotifications.ts(628,71): error TS2339: Property 'markAsRead' does not exist on type 'NotificationService'.
src/lib/hooks/useNotifications.ts(656,71): error TS2551: Property 'deleteNotification' does not exist on type 'NotificationService'. Did you mean 'getNotifications'?
src/lib/hooks/useProgressiveDisclosure.ts(41,3): error TS2339: Property '_readingPaths' does not exist on type 'UseProgressiveDisclosureOptions'.
src/lib/hooks/utils/migration-compatibility.ts(79,10): error TS2554: Expected 2 arguments, but got 0.
src/lib/hooks/utils/migration-compatibility.ts(95,10): error TS2554: Expected 1-2 arguments, but got 0.
src/lib/hooks/utils/migration-compatibility.ts(103,10): error TS2554: Expected 1 arguments, but got 0.
src/lib/hooks/utils/migration-compatibility.ts(152,10): error TS2554: Expected 1 arguments, but got 0.
src/lib/hooks/utils/migration-compatibility.ts(160,10): error TS2554: Expected 1 arguments, but got 0.
src/lib/hooks/utils/migration-compatibility.ts(168,10): error TS2554: Expected 1 arguments, but got 0.
src/lib/hooks/utils/migration-compatibility.ts(287,45): error TS2304: Cannot find name 'useState'.
src/lib/hooks/utils/migration-compatibility.ts(288,41): error TS2304: Cannot find name 'useState'.
src/lib/hooks/utils/performance.ts(117,5): error TS2322: Type 'undefined' is not assignable to type 'any[]'.
src/lib/hooks/utils/performance.ts(207,27): error TS2683: 'this' implicitly has type 'any' because it does not have a type annotation.
src/lib/hooks/utils/performance.ts(220,7): error TS2322: Type 'undefined' is not assignable to type 'any[]'.
src/lib/hooks/utils/performance.ts(226,9): error TS2322: Type 'undefined' is not assignable to type 'any[]'.
src/lib/hooks/utils/performance.ts(234,13): error TS2339: Property 'cancel' does not exist on type '(...args: Parameters<T>) => ReturnType<T> | undefined'.
src/lib/hooks/utils/performance.ts(236,20): error TS2769: No overload matches this call.
  Overload 1 of 2, '(timeout: string | number | Timeout | undefined): void', gave the following error.
    Argument of type 'Timeout | null' is not assignable to parameter of type 'string | number | Timeout | undefined'.
      Type 'null' is not assignable to type 'string | number | Timeout | undefined'.
  Overload 2 of 2, '(id: number | undefined): void', gave the following error.
    Argument of type 'Timeout | null' is not assignable to parameter of type 'number | undefined'.
      Type 'null' is not assignable to type 'number | undefined'.
src/lib/hooks/utils/performance.ts(239,5): error TS2322: Type 'undefined' is not assignable to type 'any[]'.
src/lib/hooks/utils/performance.ts(239,49): error TS2322: Type 'undefined' is not assignable to type 'Timeout | null'.
src/lib/hooks/utils/performance.ts(243,13): error TS2339: Property 'flush' does not exist on type '(...args: Parameters<T>) => ReturnType<T> | undefined'.
src/lib/hooks/utils/performance.ts(249,5): error TS2322: Type 'undefined' is not assignable to type 'any[]'.
src/lib/hooks/utils/performance.ts(250,18): error TS2769: No overload matches this call.
  Overload 1 of 2, '(timeout: string | number | Timeout | undefined): void', gave the following error.
    Argument of type 'Timeout | null' is not assignable to parameter of type 'string | number | Timeout | undefined'.
      Type 'null' is not assignable to type 'string | number | Timeout | undefined'.
  Overload 2 of 2, '(id: number | undefined): void', gave the following error.
    Argument of type 'Timeout | null' is not assignable to parameter of type 'number | undefined'.
      Type 'null' is not assignable to type 'number | undefined'.
src/lib/hooks/utils/performance.ts(331,37): error TS2304: Cannot find name 'useState'.
src/lib/infrastructure/monitoring/monitoring-integration.ts(111,21): error TS2339: Property 'overallHealth' does not exist on type '{ totalErrors: number; errorsBySystem: {}; errorsByDomain: {}; criticalErrors: any[]; trends: any[]; insights: any[]; timestamp: Date; systems: { system: string; status: "critical" | "healthy" | "degraded"; errorRate: number; performanceScore: number; lastUpdated: number; }[]; }'.
src/lib/infrastructure/monitoring/monitoring-integration.ts(114,28): error TS2339: Property 'overallHealth' does not exist on type '{ totalErrors: number; errorsBySystem: {}; errorsByDomain: {}; criticalErrors: any[]; trends: any[]; insights: any[]; timestamp: Date; systems: { system: string; status: "critical" | "healthy" | "degraded"; errorRate: number; performanceScore: number; lastUpdated: number; }[]; }'.
src/lib/infrastructure/monitoring/monitoring-integration.ts(153,42): error TS2345: Argument of type 'ClientSystem | undefined' is not assignable to parameter of type 'ClientSystem'.
  Type 'undefined' is not assignable to type 'ClientSystem'.
src/lib/infrastructure/monitoring/monitoring-integration.ts(156,29): error TS2345: Argument of type 'ClientSystem | undefined' is not assignable to parameter of type 'ClientSystem'.
  Type 'undefined' is not assignable to type 'ClientSystem'.
src/lib/infrastructure/monitoring/monitoring-integration.ts(160,38): error TS2345: Argument of type 'string | undefined' is not assignable to parameter of type 'string'.
  Type 'undefined' is not assignable to type 'string'.
src/lib/infrastructure/monitoring/monitoring-integration.ts(164,7): error TS2345: Argument of type 'ClientSystem | undefined' is not assignable to parameter of type 'ClientSystem'.
  Type 'undefined' is not assignable to type 'ClientSystem'.
src/lib/infrastructure/monitoring/monitoring-integration.ts(211,32): error TS2339: Property 'overallHealth' does not exist on type '{ totalErrors: number; errorsBySystem: {}; errorsByDomain: {}; criticalErrors: any[]; trends: any[]; insights: any[]; timestamp: Date; systems: { system: string; status: "critical" | "healthy" | "degraded"; errorRate: number; performanceScore: number; lastUpdated: number; }[]; }'.
src/lib/infrastructure/monitoring/monitoring-integration.ts(214,33): error TS2339: Property 'correlations' does not exist on type '{ totalErrors: number; errorsBySystem: {}; errorsByDomain: {}; criticalErrors: any[]; trends: any[]; insights: any[]; timestamp: Date; systems: { system: string; status: "critical" | "healthy" | "degraded"; errorRate: number; performanceScore: number; lastUpdated: number; }[]; }'.
src/lib/infrastructure/monitoring/monitoring-integration.ts(215,47): error TS2339: Property 'identifyCrossSystemPatterns' does not exist on type 'CrossSystemErrorAnalytics'.
src/lib/infrastructure/monitoring/monitoring-integration.ts(231,55): error TS2551: Property 'aggregateErrors' does not exist on type 'ErrorAggregationService'. Did you mean 'getAggregatedErrors'?
src/lib/infrastructure/monitoring/performance-impact-monitor.ts(158,11): error TS2739: Type '{ [x: number]: never[]; security: never[]; service_architecture: never[]; }' is missing the following properties from type 'Record<ClientSystem, PerformanceImpact[]>': mobile, desktop, web
src/lib/infrastructure/monitoring/performance-impact-monitor.ts(160,21): error TS2339: Property 'HOOKS' does not exist on type '{ readonly WEB: "web"; readonly MOBILE: "mobile"; readonly DESKTOP: "desktop"; readonly SERVICE_ARCHITECTURE: "service_architecture"; readonly SECURITY: "security"; }'.
src/lib/infrastructure/monitoring/performance-impact-monitor.ts(161,21): error TS2339: Property 'LIBRARY_SERVICES' does not exist on type '{ readonly WEB: "web"; readonly MOBILE: "mobile"; readonly DESKTOP: "desktop"; readonly SERVICE_ARCHITECTURE: "service_architecture"; readonly SECURITY: "security"; }'.
src/lib/infrastructure/monitoring/performance-impact-monitor.ts(166,11): error TS2739: Type '{ [x: number]: Set<unknown>; security: Set<string>; service_architecture: Set<string>; }' is missing the following properties from type 'Record<ClientSystem, Set<string>>': mobile, desktop, web
src/lib/infrastructure/monitoring/performance-impact-monitor.ts(168,21): error TS2339: Property 'HOOKS' does not exist on type '{ readonly WEB: "web"; readonly MOBILE: "mobile"; readonly DESKTOP: "desktop"; readonly SERVICE_ARCHITECTURE: "service_architecture"; readonly SECURITY: "security"; }'.
src/lib/infrastructure/monitoring/performance-impact-monitor.ts(169,21): error TS2339: Property 'LIBRARY_SERVICES' does not exist on type '{ readonly WEB: "web"; readonly MOBILE: "mobile"; readonly DESKTOP: "desktop"; readonly SERVICE_ARCHITECTURE: "service_architecture"; readonly SECURITY: "security"; }'.
src/lib/infrastructure/monitoring/trend-analysis-service.ts(135,29): error TS1308: 'await' expressions are only allowed within async functions and at the top levels of modules.
src/lib/infrastructure/monitoring/trend-analysis-service.ts(135,59): error TS2551: Property 'aggregateErrors' does not exist on type 'ErrorAggregationService'. Did you mean 'getAggregatedErrors'?
src/lib/infrastructure/monitoring/trend-analysis-service.ts(212,9): error TS2416: Property 'analyzeTrends' in type 'TrendAnalysisService' is not assignable to the same property in base type 'TrendAnalysisService'.
  Type '(timeRange: { start: number; end: number; }) => Promise<{ trends: { pattern: string; trend: "stable" | "increasing" | "decreasing"; confidence: number; prediction: number; }[]; alerts: { type: "threshold_exceeded" | "anomaly_detected" | "trend_shift"; message: string; severity: ErrorSeverity; affectedSystems: Client...' is not assignable to type '(data: any[]) => { trends: never[]; insights: never[]; }'.
    Types of parameters 'timeRange' and 'data' are incompatible.
      Type 'any[]' is missing the following properties from type '{ start: number; end: number; }': start, end
src/lib/infrastructure/monitoring/trend-analysis-service.ts(303,11): error TS2739: Type '{ [x: number]: number; security: number; service_architecture: number; }' is missing the following properties from type 'Record<ClientSystem, number>': mobile, desktop, web
src/lib/infrastructure/monitoring/trend-analysis-service.ts(305,21): error TS2339: Property 'HOOKS' does not exist on type '{ readonly WEB: "web"; readonly MOBILE: "mobile"; readonly DESKTOP: "desktop"; readonly SERVICE_ARCHITECTURE: "service_architecture"; readonly SECURITY: "security"; }'.
src/lib/infrastructure/monitoring/trend-analysis-service.ts(306,21): error TS2339: Property 'LIBRARY_SERVICES' does not exist on type '{ readonly WEB: "web"; readonly MOBILE: "mobile"; readonly DESKTOP: "desktop"; readonly SERVICE_ARCHITECTURE: "service_architecture"; readonly SECURITY: "security"; }'.
src/lib/infrastructure/monitoring/trend-analysis-service.ts(393,11): error TS2322: Type 'string' is not assignable to type 'ClientSystem'.
src/lib/infrastructure/store/middleware/authMiddleware.ts(155,45): error TS2551: Property 'createSecurityEvent' does not exist on type '{ trackSecurityEvent: (event: string, data?: any) => void; }'. Did you mean 'trackSecurityEvent'?
src/lib/infrastructure/store/middleware/authMiddleware.ts(159,23): error TS2339: Property 'logSecurityEvent' does not exist on type '{ trackSecurityEvent: (event: string, data?: any) => void; }'.
src/lib/infrastructure/store/middleware/authMiddleware.ts(184,23): error TS2339: Property 'recordLoginAttempt' does not exist on type '{ trackSecurityEvent: (event: string, data?: any) => void; }'.
src/lib/infrastructure/store/middleware/navigationPersistenceMiddleware.ts(23,30): error TS2339: Property 'user_role' does not exist on type 'NavigationState'.
src/lib/infrastructure/store/middleware/navigationPersistenceMiddleware.ts(51,9): error TS2741: Property 'sidebarCollapsed' is missing in type '{ defaultLandingPage: string; favoritePages: never[]; recentlyVisited: never[]; compactMode: false; showBreadcrumbs: true; autoExpand: false; }' but required in type 'NavigationPreferences'.
src/lib/infrastructure/store/middleware/navigationPersistenceMiddleware.ts(67,3): error TS2741: Property 'sidebarCollapsed' is missing in type '{ defaultLandingPage: string; favoritePages: readonly string[]; recentlyVisited: RecentPage[]; compactMode: boolean; showBreadcrumbs: boolean; autoExpand: boolean; }' but required in type 'NavigationPreferences'.
src/lib/infrastructure/store/middleware/navigationPersistenceMiddleware.ts(146,26): error TS2551: Property 'user_role' does not exist on type 'NavigationState'. Did you mean 'userRole'?
src/lib/infrastructure/store/middleware/navigationPersistenceMiddleware.ts(222,19): error TS2551: Property 'user_role' does not exist on type 'Partial<NavigationState>'. Did you mean 'userRole'?
src/lib/infrastructure/store/middleware/webSocketMiddleware.ts(72,22): error TS2551: Property 'intervals' does not exist on type 'PollingFallbackConfig'. Did you mean 'interval'?
src/lib/infrastructure/store/middleware/webSocketMiddleware.ts(80,20): error TS2551: Property 'intervals' does not exist on type 'PollingFallbackConfig'. Did you mean 'interval'?
src/lib/infrastructure/store/middleware/webSocketMiddleware.ts(88,22): error TS2551: Property 'intervals' does not exist on type 'PollingFallbackConfig'. Did you mean 'interval'?
src/lib/infrastructure/store/middleware/webSocketMiddleware.ts(408,5): error TS2561: Object literal may only specify known properties, but 'intervals' does not exist in type 'PollingFallbackConfig'. Did you mean to write 'interval'?
src/lib/infrastructure/store/slices/navigationSlice.ts(185,7): error TS2322: Type '{ defaultLandingPage: string; favoritePages: readonly string[]; recentlyVisited: RecentPage[]; compactMode: boolean; showBreadcrumbs: boolean; autoExpand: boolean; sidebarCollapsed: boolean; }' is not assignable to type 'WritableDraft<NavigationPreferences>'.
  Types of property 'favoritePages' are incompatible.
    The type 'readonly string[]' is 'readonly' and cannot be assigned to the mutable type 'string[]'.
src/lib/infrastructure/store/slices/realTimeSlice.ts(109,14): error TS2678: Type '"user_notifications"' is not comparable to type '"community" | "expert" | "bill" | "notification" | undefined'.
src/lib/infrastructure/store/slices/realTimeSlice.ts(145,14): error TS2678: Type '"user_notifications"' is not comparable to type '"community" | "expert" | "bill" | "notification" | undefined'.
src/lib/infrastructure/store/slices/realTimeSlice.ts(161,7): error TS2322: Type 'string | Date' is not assignable to type 'string | null'.
  Type 'Date' is not assignable to type 'string'.
src/lib/infrastructure/store/slices/realTimeSlice.ts(173,7): error TS2322: Type 'string | Date' is not assignable to type 'string | null'.
  Type 'Date' is not assignable to type 'string'.
src/lib/infrastructure/store/slices/realTimeSlice.ts(179,7): error TS2322: Type 'string | Date' is not assignable to type 'string | null'.
  Type 'Date' is not assignable to type 'string'.
src/lib/infrastructure/store/slices/realTimeSlice.ts(185,7): error TS2322: Type 'Date' is not assignable to type 'string'.
src/lib/infrastructure/store/slices/realTimeSlice.ts(196,7): error TS2322: Type 'string | undefined' is not assignable to type 'string | null'.
  Type 'undefined' is not assignable to type 'string | null'.
src/lib/infrastructure/store/slices/userDashboardSlice.ts(36,16): error TS2552: Cannot find name 'UserDashboardPreferences'. Did you mean 'DashboardPreferences'?
src/lib/infrastructure/store/slices/userDashboardSlice.ts(56,13): error TS2322: Type 'number' is not assignable to type 'string'.
src/lib/infrastructure/store/slices/userDashboardSlice.ts(125,27): error TS2552: Cannot find name 'UserDashboardPreferences'. Did you mean 'DashboardPreferences'?
src/lib/infrastructure/store/slices/userDashboardSlice.ts(171,73): error TS2367: This comparison appears to be unintentional because the types 'string' and 'number' have no overlap.
src/lib/infrastructure/store/slices/userDashboardSlice.ts(210,77): error TS2367: This comparison appears to be unintentional because the types 'string' and 'number' have no overlap.
src/lib/infrastructure/store/slices/userDashboardSlice.ts(214,11): error TS2322: Type 'number' is not assignable to type 'string'.
src/lib/infrastructure/store/slices/userDashboardSlice.ts(243,69): error TS2367: This comparison appears to be unintentional because the types 'string' and 'number' have no overlap.
src/lib/infrastructure/store/slices/userDashboardSlice.ts(257,73): error TS2367: This comparison appears to be unintentional because the types 'string' and 'number' have no overlap.
src/lib/infrastructure/store/slices/userDashboardSlice.ts(269,14): error TS2367: This comparison appears to be unintentional because the types 'string' and 'number' have no overlap.
src/lib/services/interfaces.ts(13,10): error TS2459: Module '"./factory"' declares 'ServiceError' locally, but it is not exported.
src/lib/services/interfaces.ts(22,18): error TS2430: Interface 'BaseService' incorrectly extends interface 'ServiceLifecycleInterface'.
  The types of 'getInfo().dependencies' are incompatible between these types.
    Type 'string[] | undefined' is not assignable to type 'string[]'.
      Type 'undefined' is not assignable to type 'string[]'.
src/lib/services/services-monitoring.ts(84,51): error TS2339: Property 'LIBRARY_SERVICES' does not exist on type '{ readonly WEB: "web"; readonly MOBILE: "mobile"; readonly DESKTOP: "desktop"; readonly SERVICE_ARCHITECTURE: "service_architecture"; readonly SECURITY: "security"; }'.
src/lib/services/services-monitoring.ts(92,20): error TS2339: Property 'LIBRARY_SERVICES' does not exist on type '{ readonly WEB: "web"; readonly MOBILE: "mobile"; readonly DESKTOP: "desktop"; readonly SERVICE_ARCHITECTURE: "service_architecture"; readonly SECURITY: "security"; }'.
src/lib/services/services-monitoring.ts(106,79): error TS2339: Property 'LIBRARY_SERVICES' does not exist on type '{ readonly WEB: "web"; readonly MOBILE: "mobile"; readonly DESKTOP: "desktop"; readonly SERVICE_ARCHITECTURE: "service_architecture"; readonly SECURITY: "security"; }'.
src/lib/services/services-monitoring.ts(114,89): error TS2339: Property 'LIBRARY_SERVICES' does not exist on type '{ readonly WEB: "web"; readonly MOBILE: "mobile"; readonly DESKTOP: "desktop"; readonly SERVICE_ARCHITECTURE: "service_architecture"; readonly SECURITY: "security"; }'.
src/lib/services/services-monitoring.ts(116,5): error TS2322: Type '{ system: string; status: "critical" | "healthy" | "degraded"; errorRate: number; performanceScore: number; lastUpdated: number; }' is not assignable to type 'SystemHealth'.
  Types of property 'system' are incompatible.
    Type 'string' is not assignable to type 'ClientSystem'.
src/lib/services/services-monitoring.ts(136,73): error TS2339: Property 'LIBRARY_SERVICES' does not exist on type '{ readonly WEB: "web"; readonly MOBILE: "mobile"; readonly DESKTOP: "desktop"; readonly SERVICE_ARCHITECTURE: "service_architecture"; readonly SECURITY: "security"; }'.
src/lib/services/services-monitoring.ts(173,7): error TS2322: Type 'import("C:/Users/Access Granted/Downloads/projects/SimpleTool/client/src/core/error/types").AppError' is not assignable to type 'import("C:/Users/Access Granted/Downloads/projects/SimpleTool/client/src/lib/infrastructure/monitoring/unified-error-monitoring-interface").AppError'.
  Types of property 'domain' are incompatible.
    Type 'import("C:/Users/Access Granted/Downloads/projects/SimpleTool/client/src/core/error/constants").ErrorDomain' is not assignable to type 'import("C:/Users/Access Granted/Downloads/projects/SimpleTool/client/src/lib/infrastructure/monitoring/unified-error-monitoring-interface").ErrorDomain'.
src/lib/services/services-monitoring.ts(174,9): error TS2345: Argument of type '"system"' is not assignable to parameter of type 'ErrorDomain'.
src/lib/services/services-monitoring.ts(194,28): error TS2339: Property 'LIBRARY_SERVICES' does not exist on type '{ readonly WEB: "web"; readonly MOBILE: "mobile"; readonly DESKTOP: "desktop"; readonly SERVICE_ARCHITECTURE: "service_architecture"; readonly SECURITY: "security"; }'.
src/lib/services/services-monitoring.ts(195,7): error TS2353: Object literal may only specify known properties, and 'serviceComponent' does not exist in type 'ErrorContext'.
src/lib/services/services-monitoring.ts(207,7): error TS2345: Argument of type '"system"' is not assignable to parameter of type 'ErrorDomain'.
src/lib/services/services-monitoring.ts(220,28): error TS2339: Property 'LIBRARY_SERVICES' does not exist on type '{ readonly WEB: "web"; readonly MOBILE: "mobile"; readonly DESKTOP: "desktop"; readonly SERVICE_ARCHITECTURE: "service_architecture"; readonly SECURITY: "security"; }'.
src/lib/services/services-monitoring.ts(324,20): error TS2339: Property 'LIBRARY_SERVICES' does not exist on type '{ readonly WEB: "web"; readonly MOBILE: "mobile"; readonly DESKTOP: "desktop"; readonly SERVICE_ARCHITECTURE: "service_architecture"; readonly SECURITY: "security"; }'.
src/lib/services/services-monitoring.ts(332,28): error TS2339: Property 'LIBRARY_SERVICES' does not exist on type '{ readonly WEB: "web"; readonly MOBILE: "mobile"; readonly DESKTOP: "desktop"; readonly SERVICE_ARCHITECTURE: "service_architecture"; readonly SECURITY: "security"; }'.
src/lib/services/services-monitoring.ts(414,7): error TS2345: Argument of type '"system"' is not assignable to parameter of type 'ErrorDomain'.
src/lib/services/services-monitoring.ts(432,28): error TS2339: Property 'LIBRARY_SERVICES' does not exist on type '{ readonly WEB: "web"; readonly MOBILE: "mobile"; readonly DESKTOP: "desktop"; readonly SERVICE_ARCHITECTURE: "service_architecture"; readonly SECURITY: "security"; }'.
src/lib/services/services-monitoring.ts(447,11): error TS2741: Property 'blocker' is missing in type '{ low: number; medium: number; high: number; critical: number; }' but required in type 'Record<ErrorSeverity, number>'.
src/lib/services/services-monitoring.ts(509,7): error TS2345: Argument of type '"system"' is not assignable to parameter of type 'ErrorDomain'.
src/lib/services/services-monitoring.ts(522,28): error TS2339: Property 'LIBRARY_SERVICES' does not exist on type '{ readonly WEB: "web"; readonly MOBILE: "mobile"; readonly DESKTOP: "desktop"; readonly SERVICE_ARCHITECTURE: "service_architecture"; readonly SECURITY: "security"; }'.
src/lib/types/index.ts(21,1): error TS2308: Module './dashboard' has already exported a member named 'DashboardPreferences'. Consider explicitly re-exporting to resolve the ambiguity.
src/lib/types/index.ts(57,3): error TS2484: Export declaration conflicts with exported declaration of 'UserProfile'.
src/lib/types/index.ts(80,1): error TS2308: Module './bill' has already exported a member named 'BillAnalytics'. Consider explicitly re-exporting to resolve the ambiguity.
src/lib/types/index.ts(80,1): error TS2308: Module './dashboard' has already exported a member named 'DashboardData'. Consider explicitly re-exporting to resolve the ambiguity.
src/lib/types/index.ts(80,1): error TS2308: Module './dashboard' has already exported a member named 'PerformanceMetrics'. Consider explicitly re-exporting to resolve the ambiguity.
src/lib/types/utils/index.ts(12,1): error TS2308: Module './types' has already exported a member named 'ApiResponse'. Consider explicitly re-exporting to resolve the ambiguity.
src/lib/types/utils/index.ts(13,1): error TS2308: Module './types' has already exported a member named 'ValidationResult'. Consider explicitly re-exporting to resolve the ambiguity.
src/lib/types/utils/index.ts(16,1): error TS2308: Module './types' has already exported a member named 'QueryParams'. Consider explicitly re-exporting to resolve the ambiguity.
src/lib/ui/civic/CivicEducationHub.tsx(51,15): error TS2367: This comparison appears to be unintentional because the types 'SupportedLanguage' and '"sw"' have no overlap.
src/lib/ui/civic/CivicEducationHub.tsx(52,19): error TS2367: This comparison appears to be unintentional because the types 'SupportedLanguage' and '"sw"' have no overlap.
src/lib/ui/civic/CivicEducationHub.tsx(53,15): error TS2367: This comparison appears to be unintentional because the types 'SupportedLanguage' and '"sw"' have no overlap.
src/lib/ui/civic/CivicEducationHub.tsx(94,14): error TS2367: This comparison appears to be unintentional because the types 'SupportedLanguage' and '"sw"' have no overlap.
src/lib/ui/civic/CivicEducationHub.tsx(96,9): error TS2367: This comparison appears to be unintentional because the types 'SupportedLanguage' and '"sw"' have no overlap.
src/lib/ui/civic/CivicEducationHub.tsx(101,22): error TS2367: This comparison appears to be unintentional because the types 'SupportedLanguage' and '"sw"' have no overlap.
src/lib/ui/civic/CivicEducationHub.tsx(105,14): error TS2367: This comparison appears to be unintentional because the types 'SupportedLanguage' and '"sw"' have no overlap.
src/lib/ui/civic/CivicEducationHub.tsx(107,9): error TS2367: This comparison appears to be unintentional because the types 'SupportedLanguage' and '"sw"' have no overlap.
src/lib/ui/civic/CivicEducationHub.tsx(112,22): error TS2367: This comparison appears to be unintentional because the types 'SupportedLanguage' and '"sw"' have no overlap.
src/lib/ui/civic/CivicEducationHub.tsx(116,14): error TS2367: This comparison appears to be unintentional because the types 'SupportedLanguage' and '"sw"' have no overlap.
src/lib/ui/civic/CivicEducationHub.tsx(118,9): error TS2367: This comparison appears to be unintentional because the types 'SupportedLanguage' and '"sw"' have no overlap.
src/lib/ui/civic/CivicEducationHub.tsx(123,22): error TS2367: This comparison appears to be unintentional because the types 'SupportedLanguage' and '"sw"' have no overlap.
src/lib/ui/civic/CivicEducationHub.tsx(127,14): error TS2367: This comparison appears to be unintentional because the types 'SupportedLanguage' and '"sw"' have no overlap.
src/lib/ui/civic/CivicEducationHub.tsx(129,9): error TS2367: This comparison appears to be unintentional because the types 'SupportedLanguage' and '"sw"' have no overlap.
src/lib/ui/civic/CivicEducationHub.tsx(134,22): error TS2367: This comparison appears to be unintentional because the types 'SupportedLanguage' and '"sw"' have no overlap.
src/lib/ui/civic/CivicEducationHub.tsx(144,16): error TS2367: This comparison appears to be unintentional because the types 'SupportedLanguage' and '"sw"' have no overlap.
src/lib/ui/civic/CivicEducationHub.tsx(157,16): error TS2367: This comparison appears to be unintentional because the types 'SupportedLanguage' and '"sw"' have no overlap.
src/lib/ui/civic/CivicEducationHub.tsx(170,12): error TS2367: This comparison appears to be unintentional because the types 'SupportedLanguage' and '"sw"' have no overlap.
src/lib/ui/civic/CivicEducationHub.tsx(173,12): error TS2367: This comparison appears to be unintentional because the types 'SupportedLanguage' and '"sw"' have no overlap.
src/lib/ui/civic/CivicEducationHub.tsx(184,53): error TS2367: This comparison appears to be unintentional because the types 'SupportedLanguage' and '"sw"' have no overlap.
src/lib/ui/civic/CivicEducationHub.tsx(190,53): error TS2367: This comparison appears to be unintentional because the types 'SupportedLanguage' and '"sw"' have no overlap.
src/lib/ui/civic/CivicEducationHub.tsx(197,16): error TS2367: This comparison appears to be unintentional because the types 'SupportedLanguage' and '"sw"' have no overlap.
src/lib/ui/civic/CivicEducationHub.tsx(205,16): error TS2367: This comparison appears to be unintentional because the types 'SupportedLanguage' and '"sw"' have no overlap.
src/lib/ui/civic/CivicEducationHub.tsx(214,12): error TS2367: This comparison appears to be unintentional because the types 'SupportedLanguage' and '"sw"' have no overlap.
src/lib/ui/civic/CivicEducationHub.tsx(236,20): error TS2367: This comparison appears to be unintentional because the types 'SupportedLanguage' and '"sw"' have no overlap.
src/lib/ui/civic/CivicEducationHub.tsx(243,18): error TS2367: This comparison appears to be unintentional because the types 'SupportedLanguage' and '"sw"' have no overlap.
src/lib/ui/civic/CivicEducationHub.tsx(257,18): error TS2367: This comparison appears to be unintentional because the types 'SupportedLanguage' and '"sw"' have no overlap.
src/lib/ui/civic/CivicEducationHub.tsx(276,14): error TS2367: This comparison appears to be unintentional because the types 'SupportedLanguage' and '"sw"' have no overlap.
src/lib/ui/civic/CivicEducationHub.tsx(281,14): error TS2367: This comparison appears to be unintentional because the types 'SupportedLanguage' and '"sw"' have no overlap.
src/lib/ui/civic/CivicEducationHub.tsx(287,16): error TS2367: This comparison appears to be unintentional because the types 'SupportedLanguage' and '"sw"' have no overlap.
src/lib/ui/civic/CivicEducationHub.tsx(290,16): error TS2367: This comparison appears to be unintentional because the types 'SupportedLanguage' and '"sw"' have no overlap.
src/lib/ui/civic/CivicEducationWidget.tsx(143,20): error TS2367: This comparison appears to be unintentional because the types 'SupportedLanguage' and '"sw"' have no overlap.
src/lib/ui/civic/CivicEducationWidget.tsx(146,14): error TS2367: This comparison appears to be unintentional because the types 'SupportedLanguage' and '"sw"' have no overlap.
src/lib/ui/civic/CivicEducationWidget.tsx(157,16): error TS2367: This comparison appears to be unintentional because the types 'SupportedLanguage' and '"sw"' have no overlap.
src/lib/ui/civic/CivicEducationWidget.tsx(160,16): error TS2367: This comparison appears to be unintentional because the types 'SupportedLanguage' and '"sw"' have no overlap.
src/lib/ui/civic/CivicEducationWidget.tsx(163,16): error TS2367: This comparison appears to be unintentional because the types 'SupportedLanguage' and '"sw"' have no overlap.
src/lib/ui/civic/CivicEducationWidget.tsx(166,16): error TS2367: This comparison appears to be unintentional because the types 'SupportedLanguage' and '"sw"' have no overlap.
src/lib/ui/civic/CivicEducationWidget.tsx(188,22): error TS2367: This comparison appears to be unintentional because the types 'SupportedLanguage' and '"sw"' have no overlap.
src/lib/ui/civic/CivicEducationWidget.tsx(199,22): error TS2367: This comparison appears to be unintentional because the types 'SupportedLanguage' and '"sw"' have no overlap.
src/lib/ui/civic/CivicEducationWidget.tsx(306,28): error TS2367: This comparison appears to be unintentional because the types 'SupportedLanguage' and '"sw"' have no overlap.
src/lib/ui/civic/CivicEducationWidget.tsx(325,24): error TS2367: This comparison appears to be unintentional because the types 'SupportedLanguage' and '"sw"' have no overlap.
src/lib/ui/civic/CivicEducationWidget.tsx(348,22): error TS2367: This comparison appears to be unintentional because the types 'SupportedLanguage' and '"sw"' have no overlap.
src/lib/ui/civic/KenyanLegislativeProcess.tsx(160,14): error TS2367: This comparison appears to be unintentional because the types 'SupportedLanguage' and '"sw"' have no overlap.
src/lib/ui/civic/KenyanLegislativeProcess.tsx(164,12): error TS2367: This comparison appears to be unintentional because the types 'SupportedLanguage' and '"sw"' have no overlap.
src/lib/ui/civic/KenyanLegislativeProcess.tsx(173,43): error TS2367: This comparison appears to be unintentional because the types 'SupportedLanguage' and '"sw"' have no overlap.
src/lib/ui/civic/KenyanLegislativeProcess.tsx(175,16): error TS2367: This comparison appears to be unintentional because the types 'SupportedLanguage' and '"sw"' have no overlap.
src/lib/ui/civic/KenyanLegislativeProcess.tsx(178,16): error TS2367: This comparison appears to be unintentional because the types 'SupportedLanguage' and '"sw"' have no overlap.
src/lib/ui/civic/KenyanLegislativeProcess.tsx(207,18): error TS2367: This comparison appears to be unintentional because the types 'SupportedLanguage' and '"sw"' have no overlap.
src/lib/ui/civic/KenyanLegislativeProcess.tsx(216,24): error TS2367: This comparison appears to be unintentional because the types 'SupportedLanguage' and '"sw"' have no overlap.
src/lib/ui/civic/KenyanLegislativeProcess.tsx(237,20): error TS2367: This comparison appears to be unintentional because the types 'SupportedLanguage' and '"sw"' have no overlap.
src/lib/ui/civic/KenyanLegislativeProcess.tsx(251,18): error TS2367: This comparison appears to be unintentional because the types 'SupportedLanguage' and '"sw"' have no overlap.
src/lib/ui/civic/KenyanLegislativeProcess.tsx(272,26): error TS2367: This comparison appears to be unintentional because the types 'SupportedLanguage' and '"sw"' have no overlap.
src/lib/ui/civic/KenyanLegislativeProcess.tsx(303,24): error TS2367: This comparison appears to be unintentional because the types 'SupportedLanguage' and '"sw"' have no overlap.
src/lib/ui/civic/KenyanLegislativeProcess.tsx(339,28): error TS2367: This comparison appears to be unintentional because the types 'SupportedLanguage' and '"sw"' have no overlap.
src/lib/ui/civic/KenyanLegislativeProcess.tsx(348,28): error TS2367: This comparison appears to be unintentional because the types 'SupportedLanguage' and '"sw"' have no overlap.
src/lib/ui/civic/KenyanLegislativeProcess.tsx(369,32): error TS2367: This comparison appears to be unintentional because the types 'SupportedLanguage' and '"sw"' have no overlap.
src/lib/ui/civic/KenyanLegislativeProcess.tsx(393,30): error TS2367: This comparison appears to be unintentional because the types 'SupportedLanguage' and '"sw"' have no overlap.
src/lib/ui/civic/KenyanLegislativeProcess.tsx(415,30): error TS2367: This comparison appears to be unintentional because the types 'SupportedLanguage' and '"sw"' have no overlap.
src/lib/ui/dashboard/action-items.tsx(13,70): error TS2345: Argument of type 'unknown' is not assignable to parameter of type 'Partial<DashboardConfig> | undefined'.
src/lib/ui/dashboard/activity-summary.tsx(54,54): error TS2554: Expected 1 arguments, but got 2.
src/lib/ui/dashboard/activity-summary.tsx(57,17): error TS2554: Expected 2 arguments, but got 1.
src/lib/ui/dashboard/activity-summary.tsx(76,55): error TS2554: Expected 1 arguments, but got 2.
src/lib/ui/dashboard/activity-summary.tsx(79,17): error TS2554: Expected 2 arguments, but got 1.
src/lib/ui/dashboard/AdaptiveDashboard.tsx(193,54): error TS2339: Property 'detectPersona' does not exist on type '{ detect: (userData: any) => string; }'.
src/lib/ui/dashboard/AdaptiveDashboard.tsx(199,45): error TS2339: Property 'getDefaultPreferences' does not exist on type '{ detect: (userData: any) => string; }'.
src/lib/ui/dashboard/hooks/useDashboard.ts(30,7): error TS2740: Type '{ refreshInterval: number; maxActionItems: number; maxTrackedTopics: number; enableAutoRefresh: true; showCompletedActions: false; defaultView: "activity"; }' is missing the following properties from type 'DashboardConfig': id, name, layout, preferences, and 2 more.
src/lib/ui/dashboard/hooks/useDashboard.ts(130,46): error TS18048: 'dashboardConfig.refreshInterval' is possibly 'undefined'.
src/lib/ui/dashboard/hooks/useDashboardConfig.ts(12,7): error TS2740: Type '{ refreshInterval: number; maxActionItems: number; maxTrackedTopics: number; enableAutoRefresh: true; showCompletedActions: false; defaultView: "activity"; }' is missing the following properties from type 'DashboardConfig': id, name, layout, preferences, and 2 more.
src/lib/ui/dashboard/hooks/useDashboardConfig.ts(84,33): error TS2345: Argument of type '{ id: string; name: string; description?: string; layout: DashboardLayout; preferences: DashboardPreferences; ... 12 more ...; defaultView?: DashboardSection; }' is not assignable to parameter of type 'DashboardAppConfig'.
  Types of property 'refreshInterval' are incompatible.
    Type 'number | undefined' is not assignable to type 'number'.
      Type 'undefined' is not assignable to type 'number'.
src/lib/ui/dashboard/modals/DashboardPreferencesModal.tsx(37,35): error TS2552: Cannot find name 'DashboardPreferences'. Did you mean 'UserDashboardPreferences'?
src/lib/ui/dashboard/modals/DashboardPreferencesModal.tsx(45,4): error TS2304: Cannot find name 'UserDashboardPreferencesModalProps'.
src/lib/ui/dashboard/modals/DashboardPreferencesModal.tsx(46,60): error TS2304: Cannot find name 'DashboardPreferences'.
src/lib/ui/dashboard/modals/DashboardPreferencesModal.tsx(92,25): error TS7006: Parameter 'prev' implicitly has an 'any' type.
src/lib/ui/dashboard/modals/DashboardPreferencesModal.tsx(96,25): error TS7006: Parameter 'prev' implicitly has an 'any' type.
src/lib/ui/dashboard/modals/DashboardPreferencesModal.tsx(102,27): error TS7006: Parameter 'prev' implicitly has an 'any' type.
src/lib/ui/dashboard/modals/DashboardPreferencesModal.tsx(107,25): error TS7006: Parameter 'prev' implicitly has an 'any' type.
src/lib/ui/dashboard/modals/DashboardPreferencesModal.tsx(111,25): error TS7006: Parameter 'prev' implicitly has an 'any' type.
src/lib/ui/dashboard/modals/DashboardPreferencesModal.tsx(176,58): error TS2304: Cannot find name 'DashboardPreferences'.
src/lib/ui/dashboard/modals/DashboardPreferencesModal.tsx(205,41): error TS2304: Cannot find name 'DashboardPreferences'.
src/lib/ui/dashboard/recovery.ts(31,17): error TS2339: Property 'type' does not exist on type 'DashboardError'.
src/lib/ui/dashboard/sections/TrackedBillsSection.tsx(88,34): error TS2367: This comparison appears to be unintentional because the types 'string' and 'number' have no overlap.
src/lib/ui/dashboard/sections/TrackedBillsSection.tsx(193,54): error TS2345: Argument of type 'string' is not assignable to parameter of type 'number'.
src/lib/ui/dashboard/sections/TrackedBillsSection.tsx(241,62): error TS2345: Argument of type 'string' is not assignable to parameter of type 'number'.
src/lib/ui/dashboard/sections/TrackedBillsSection.tsx(259,62): error TS2345: Argument of type 'string' is not assignable to parameter of type 'number'.
src/lib/ui/dashboard/sections/TrackedBillsSection.tsx(277,62): error TS2345: Argument of type 'string' is not assignable to parameter of type 'number'.
src/lib/ui/i18n/LanguageSwitcher.tsx(73,31): error TS7053: Element implicitly has an 'any' type because expression of type 'SupportedLanguage' can't be used to index type 'Record<SupportedLanguage, { name: string; nativeName: string; flag: string; region: string; }>'.
  Property 'fr' does not exist on type 'Record<SupportedLanguage, { name: string; nativeName: string; flag: string; region: string; }>'.
src/lib/ui/i18n/LanguageSwitcher.tsx(79,20): error TS2345: Argument of type 'import("C:/Users/Access Granted/Downloads/projects/SimpleTool/client/src/lib/design-system/standards/multilingual-support").SupportedLanguage' is not assignable to parameter of type 'import("C:/Users/Access Granted/Downloads/projects/SimpleTool/client/src/lib/utils/i18n").SupportedLanguage'.
  Type '"sw"' is not assignable to type 'SupportedLanguage'.
src/lib/ui/i18n/LanguageSwitcher.tsx(120,30): error TS7053: Element implicitly has an 'any' type because expression of type 'SupportedLanguage' can't be used to index type 'Record<SupportedLanguage, { name: string; nativeName: string; flag: string; region: string; }>'.
  Property 'fr' does not exist on type 'Record<SupportedLanguage, { name: string; nativeName: string; flag: string; region: string; }>'.
src/lib/ui/i18n/LanguageSwitcher.tsx(124,53): error TS2345: Argument of type 'import("C:/Users/Access Granted/Downloads/projects/SimpleTool/client/src/lib/utils/i18n").SupportedLanguage' is not assignable to parameter of type 'import("C:/Users/Access Granted/Downloads/projects/SimpleTool/client/src/lib/design-system/standards/multilingual-support").SupportedLanguage'.
  Type '"fr"' is not assignable to type 'SupportedLanguage'.
src/lib/ui/i18n/LanguageSwitcher.tsx(158,30): error TS7053: Element implicitly has an 'any' type because expression of type 'SupportedLanguage' can't be used to index type 'Record<SupportedLanguage, { name: string; nativeName: string; flag: string; region: string; }>'.
  Property 'fr' does not exist on type 'Record<SupportedLanguage, { name: string; nativeName: string; flag: string; region: string; }>'.
src/lib/ui/i18n/LanguageSwitcher.tsx(162,53): error TS2345: Argument of type 'import("C:/Users/Access Granted/Downloads/projects/SimpleTool/client/src/lib/utils/i18n").SupportedLanguage' is not assignable to parameter of type 'import("C:/Users/Access Granted/Downloads/projects/SimpleTool/client/src/lib/design-system/standards/multilingual-support").SupportedLanguage'.
  Type '"fr"' is not assignable to type 'SupportedLanguage'.
src/lib/ui/i18n/LanguageSwitcher.tsx(208,28): error TS7053: Element implicitly has an 'any' type because expression of type 'SupportedLanguage' can't be used to index type 'Record<SupportedLanguage, { name: string; nativeName: string; flag: string; region: string; }>'.
  Property 'fr' does not exist on type 'Record<SupportedLanguage, { name: string; nativeName: string; flag: string; region: string; }>'.
src/lib/ui/i18n/LanguageSwitcher.tsx(212,51): error TS2345: Argument of type 'import("C:/Users/Access Granted/Downloads/projects/SimpleTool/client/src/lib/utils/i18n").SupportedLanguage' is not assignable to parameter of type 'import("C:/Users/Access Granted/Downloads/projects/SimpleTool/client/src/lib/design-system/standards/multilingual-support").SupportedLanguage'.
  Type '"fr"' is not assignable to type 'SupportedLanguage'.
src/lib/ui/i18n/LanguageSwitcher.tsx(252,31): error TS7053: Element implicitly has an 'any' type because expression of type 'SupportedLanguage' can't be used to index type 'Record<SupportedLanguage, { name: string; nativeName: string; flag: string; region: string; }>'.
  Property 'fr' does not exist on type 'Record<SupportedLanguage, { name: string; nativeName: string; flag: string; region: string; }>'.
src/lib/ui/i18n/LanguageSwitcher.tsx(273,31): error TS7053: Element implicitly has an 'any' type because expression of type 'SupportedLanguage' can't be used to index type 'Record<SupportedLanguage, { name: string; nativeName: string; flag: string; region: string; }>'.
  Property 'fr' does not exist on type 'Record<SupportedLanguage, { name: string; nativeName: string; flag: string; region: string; }>'.
src/lib/ui/integration/IntegrationProvider.tsx(80,38): error TS2339: Property 'generateCSPHeader' does not exist on type 'CSPManager'.
src/lib/ui/mobile/interaction/PullToRefresh.tsx(92,59): error TS2339: Property 'resistance' does not exist on type '{ onRefresh?: (() => Promise<void>) | undefined; threshold: number; maxDistance?: number | undefined; refreshing?: boolean | undefined; disabled?: boolean | undefined; }'.
src/lib/ui/mobile/interaction/PullToRefresh.tsx(92,78): error TS2551: Property 'maxPullDistance' does not exist on type '{ onRefresh?: (() => Promise<void>) | undefined; threshold: number; maxDistance?: number | undefined; refreshing?: boolean | undefined; disabled?: boolean | undefined; }'. Did you mean 'maxDistance'?
src/lib/ui/navigation/core/roleGuard.ts(10,56): error TS2345: Argument of type 'import("C:/Users/Access Granted/Downloads/projects/SimpleTool/client/src/lib/types/index").UserRole' is not assignable to parameter of type 'import("C:/Users/Access Granted/Downloads/projects/SimpleTool/client/src/lib/types/navigation").UserRole'.
  Type '"guest"' is not assignable to type 'UserRole'.
src/lib/ui/navigation/core/roleGuard.ts(11,41): error TS2345: Argument of type 'import("C:/Users/Access Granted/Downloads/projects/SimpleTool/client/src/lib/types/index").UserRole' is not assignable to parameter of type 'import("C:/Users/Access Granted/Downloads/projects/SimpleTool/client/src/lib/types/navigation").UserRole'.
  Type '"guest"' is not assignable to type 'UserRole'.
src/lib/ui/navigation/hooks/useNav.ts(14,28): error TS2345: Argument of type 'import("C:/Users/Access Granted/Downloads/projects/SimpleTool/client/src/lib/types/navigation").UserRole' is not assignable to parameter of type 'import("C:/Users/Access Granted/Downloads/projects/SimpleTool/client/src/lib/types/index").UserRole'.
  Type '"public"' is not assignable to type 'UserRole'.
src/lib/ui/navigation/hooks/useRelatedPages.ts(48,11): error TS2322: Type '"citizen" | UserRole' is not assignable to type 'UserRole'.
  Type '"citizen"' is not assignable to type 'UserRole'.
src/lib/ui/navigation/hooks/useRouteAccess.ts(34,11): error TS2322: Type '"citizen" | UserRole' is not assignable to type 'UserRole'.
  Type '"citizen"' is not assignable to type 'UserRole'.
src/lib/ui/navigation/utils/page-relationships.ts(15,5): error TS2322: Type '"public"' is not assignable to type 'UserRole'.
src/lib/ui/navigation/utils/page-relationships.ts(16,5): error TS2322: Type '"citizen"' is not assignable to type 'UserRole'.
src/lib/ui/navigation/utils/page-relationships.ts(18,5): error TS2322: Type '"expert"' is not assignable to type 'UserRole'.
src/lib/ui/navigation/utils/page-relationships.ts(20,5): error TS2322: Type '"journalist"' is not assignable to type 'UserRole'.
src/lib/ui/navigation/utils/page-relationships.ts(21,5): error TS2322: Type '"advocate"' is not assignable to type 'UserRole'.
src/lib/ui/navigation/utils/page-relationships.ts(22,5): error TS2322: Type '"citizen"' is not assignable to type 'UserRole'.
src/lib/ui/navigation/utils/route-access.ts(37,11): error TS2430: Interface 'NavigationItemWithAccess' incorrectly extends interface 'NavigationItem'.
  Types of property 'allowedRoles' are incompatible.
    Type 'import("C:/Users/Access Granted/Downloads/projects/SimpleTool/client/src/lib/types/index").UserRole[] | undefined' is not assignable to type 'import("C:/Users/Access Granted/Downloads/projects/SimpleTool/client/src/lib/types/navigation").UserRole[] | undefined'.
      Type 'import("C:/Users/Access Granted/Downloads/projects/SimpleTool/client/src/lib/types/index").UserRole[]' is not assignable to type 'import("C:/Users/Access Granted/Downloads/projects/SimpleTool/client/src/lib/types/navigation").UserRole[]'.
        Type 'import("C:/Users/Access Granted/Downloads/projects/SimpleTool/client/src/lib/types/index").UserRole' is not assignable to type 'import("C:/Users/Access Granted/Downloads/projects/SimpleTool/client/src/lib/types/navigation").UserRole'.
          Type '"guest"' is not assignable to type 'UserRole'.
