<testsuites id="" name="" tests="4" failures="4" skipped="0" errors="0" time="75.94722800000001">
<testsuite name="e2e\responsive-test.spec.ts" timestamp="2025-10-29T21:01:30.912Z" hostname="chromium" tests="4" failures="4" skipped="0" time="148.434" errors="0">
<testcase name="Responsive Design Testing › bills-dashboard page should be responsive" classname="e2e\responsive-test.spec.ts" time="7.568">
<failure message="responsive-test.spec.ts:4:5 bills-dashboard page should be responsive" type="FAILURE">
<![CDATA[  [chromium] › e2e\responsive-test.spec.ts:4:5 › Responsive Design Testing › bills-dashboard page should be responsive 

    Error: expect(locator).toContainText(expected) failed

    Locator: locator('h1')
    Expected substring: "Bills Dashboard"
    Timeout: 5000ms
    Error: element(s) not found

    Call log:
      - Expect "toContainText" with timeout 5000ms
      - waiting for locator('h1')


       8 |
       9 |         // Check that the page loads
    > 10 |         await expect(page.locator('h1')).toContainText('Bills Dashboard');
         |                                          ^
      11 |
      12 |         // Check responsive container
      13 |         const container = page.locator('.container');
        at c:\Users\Access Granted\Downloads\projects\SimpleTool\tests\e2e\responsive-test.spec.ts:10:42

    attachment #1: screenshot (image/png) ──────────────────────────────────────────────────────────
    ..\test-results\e2e-responsive-test-Respon-3cd32-d-page-should-be-responsive-chromium\test-failed-1.png
    ────────────────────────────────────────────────────────────────────────────────────────────────

    attachment #2: video (video/webm) ──────────────────────────────────────────────────────────────
    ..\test-results\e2e-responsive-test-Respon-3cd32-d-page-should-be-responsive-chromium\video.webm
    ────────────────────────────────────────────────────────────────────────────────────────────────

    Error Context: ..\test-results\e2e-responsive-test-Respon-3cd32-d-page-should-be-responsive-chromium\error-context.md
]]>
</failure>
<system-out>
<![CDATA[
[[ATTACHMENT|e2e-responsive-test-Respon-3cd32-d-page-should-be-responsive-chromium\test-failed-1.png]]

[[ATTACHMENT|e2e-responsive-test-Respon-3cd32-d-page-should-be-responsive-chromium\video.webm]]

[[ATTACHMENT|e2e-responsive-test-Respon-3cd32-d-page-should-be-responsive-chromium\error-context.md]]
]]>
</system-out>
</testcase>
<testcase name="Responsive Design Testing › home page should be responsive with ResponsiveGrid" classname="e2e\responsive-test.spec.ts" time="7.421">
<failure message="responsive-test.spec.ts:31:5 home page should be responsive with ResponsiveGrid" type="FAILURE">
<![CDATA[  [chromium] › e2e\responsive-test.spec.ts:31:5 › Responsive Design Testing › home page should be responsive with ResponsiveGrid 

    Error: expect(locator).toContainText(expected) failed

    Locator: locator('h1')
    Expected substring: "Welcome to Chanuka Platform"
    Timeout: 5000ms
    Error: element(s) not found

    Call log:
      - Expect "toContainText" with timeout 5000ms
      - waiting for locator('h1')


      35 |
      36 |         // Check that the page loads
    > 37 |         await expect(page.locator('h1')).toContainText('Welcome to Chanuka Platform');
         |                                          ^
      38 |
      39 |         // Check responsive grid
      40 |         const grid = page.locator('.responsive-grid');
        at c:\Users\Access Granted\Downloads\projects\SimpleTool\tests\e2e\responsive-test.spec.ts:37:42

    attachment #1: screenshot (image/png) ──────────────────────────────────────────────────────────
    ..\test-results\e2e-responsive-test-Respon-c61b7-ponsive-with-ResponsiveGrid-chromium\test-failed-1.png
    ────────────────────────────────────────────────────────────────────────────────────────────────

    attachment #2: video (video/webm) ──────────────────────────────────────────────────────────────
    ..\test-results\e2e-responsive-test-Respon-c61b7-ponsive-with-ResponsiveGrid-chromium\video.webm
    ────────────────────────────────────────────────────────────────────────────────────────────────

    Error Context: ..\test-results\e2e-responsive-test-Respon-c61b7-ponsive-with-ResponsiveGrid-chromium\error-context.md
]]>
</failure>
<system-out>
<![CDATA[
[[ATTACHMENT|e2e-responsive-test-Respon-c61b7-ponsive-with-ResponsiveGrid-chromium\test-failed-1.png]]

[[ATTACHMENT|e2e-responsive-test-Respon-c61b7-ponsive-with-ResponsiveGrid-chromium\video.webm]]

[[ATTACHMENT|e2e-responsive-test-Respon-c61b7-ponsive-with-ResponsiveGrid-chromium\error-context.md]]
]]>
</system-out>
</testcase>
<testcase name="Responsive Design Testing › ResponsiveContainer should apply correct padding and max-width" classname="e2e\responsive-test.spec.ts" time="66.748">
<failure message="responsive-test.spec.ts:62:5 ResponsiveContainer should apply correct padding and max-width" type="FAILURE">
<![CDATA[  [chromium] › e2e\responsive-test.spec.ts:62:5 › Responsive Design Testing › ResponsiveContainer should apply correct padding and max-width 

    Test timeout of 60000ms exceeded.

    Error: locator.evaluate: Test timeout of 60000ms exceeded.
    Call log:
      - waiting for locator('.responsive-container')


      66 |         // Check ResponsiveContainer styles
      67 |         const container = page.locator('.responsive-container');
    > 68 |         const styles = await container.evaluate(el => {
         |                                        ^
      69 |             const computed = window.getComputedStyle(el);
      70 |             return {
      71 |                 maxWidth: computed.maxWidth,
        at c:\Users\Access Granted\Downloads\projects\SimpleTool\tests\e2e\responsive-test.spec.ts:68:40

    attachment #1: screenshot (image/png) ──────────────────────────────────────────────────────────
    ..\test-results\e2e-responsive-test-Respon-74e4c-rrect-padding-and-max-width-chromium\test-failed-1.png
    ────────────────────────────────────────────────────────────────────────────────────────────────

    attachment #2: video (video/webm) ──────────────────────────────────────────────────────────────
    ..\test-results\e2e-responsive-test-Respon-74e4c-rrect-padding-and-max-width-chromium\video.webm
    ────────────────────────────────────────────────────────────────────────────────────────────────

    Error Context: ..\test-results\e2e-responsive-test-Respon-74e4c-rrect-padding-and-max-width-chromium\error-context.md
]]>
</failure>
<system-out>
<![CDATA[
[[ATTACHMENT|e2e-responsive-test-Respon-74e4c-rrect-padding-and-max-width-chromium\test-failed-1.png]]

[[ATTACHMENT|e2e-responsive-test-Respon-74e4c-rrect-padding-and-max-width-chromium\video.webm]]

[[ATTACHMENT|e2e-responsive-test-Respon-74e4c-rrect-padding-and-max-width-chromium\error-context.md]]
]]>
</system-out>
</testcase>
<testcase name="Responsive Design Testing › ResponsiveGrid should adapt columns based on screen size" classname="e2e\responsive-test.spec.ts" time="66.697">
<failure message="responsive-test.spec.ts:85:5 ResponsiveGrid should adapt columns based on screen size" type="FAILURE">
<![CDATA[  [chromium] › e2e\responsive-test.spec.ts:85:5 › Responsive Design Testing › ResponsiveGrid should adapt columns based on screen size 

    Test timeout of 60000ms exceeded.

    Error: locator.evaluate: Test timeout of 60000ms exceeded.
    Call log:
      - waiting for locator('.responsive-grid')


      89 |
      90 |         const gridDesktop = page.locator('.responsive-grid');
    > 91 |         const gridTemplateDesktop = await gridDesktop.evaluate(el =>
         |                                                       ^
      92 |             window.getComputedStyle(el).gridTemplateColumns
      93 |         );
      94 |         expect(gridTemplateDesktop).toContain('repeat(3, minmax(0, 1fr))');
        at c:\Users\Access Granted\Downloads\projects\SimpleTool\tests\e2e\responsive-test.spec.ts:91:55

    attachment #1: screenshot (image/png) ──────────────────────────────────────────────────────────
    ..\test-results\e2e-responsive-test-Respon-ea833-olumns-based-on-screen-size-chromium\test-failed-1.png
    ────────────────────────────────────────────────────────────────────────────────────────────────

    attachment #2: video (video/webm) ──────────────────────────────────────────────────────────────
    ..\test-results\e2e-responsive-test-Respon-ea833-olumns-based-on-screen-size-chromium\video.webm
    ────────────────────────────────────────────────────────────────────────────────────────────────

    Error Context: ..\test-results\e2e-responsive-test-Respon-ea833-olumns-based-on-screen-size-chromium\error-context.md
]]>
</failure>
<system-out>
<![CDATA[
[[ATTACHMENT|e2e-responsive-test-Respon-ea833-olumns-based-on-screen-size-chromium\test-failed-1.png]]

[[ATTACHMENT|e2e-responsive-test-Respon-ea833-olumns-based-on-screen-size-chromium\video.webm]]

[[ATTACHMENT|e2e-responsive-test-Respon-ea833-olumns-based-on-screen-size-chromium\error-context.md]]
]]>
</system-out>
</testcase>
</testsuite>
</testsuites>