TN:
SF:server\config\index.ts
FN:9,(anonymous_0)
FN:17,(anonymous_1)
FN:25,(anonymous_2)
FN:34,(anonymous_3)
FN:45,(anonymous_4)
FN:56,(anonymous_5)
FN:61,(anonymous_6)
FN:72,(anonymous_7)
FN:82,(anonymous_8)
FN:91,(anonymous_9)
FN:94,(anonymous_10)
FN:398,mergeConfigs
FN:433,loadEnvironmentConfig
FN:442,createBaseConfig
FN:743,createConfig
FN:764,(anonymous_15)
FN:779,enableHotReload
FN:782,(anonymous_17)
FN:794,disableHotReload
FNF:19
FNH:0
FNDA:0,(anonymous_0)
FNDA:0,(anonymous_1)
FNDA:0,(anonymous_2)
FNDA:0,(anonymous_3)
FNDA:0,(anonymous_4)
FNDA:0,(anonymous_5)
FNDA:0,(anonymous_6)
FNDA:0,(anonymous_7)
FNDA:0,(anonymous_8)
FNDA:0,(anonymous_9)
FNDA:0,(anonymous_10)
FNDA:0,mergeConfigs
FNDA:0,loadEnvironmentConfig
FNDA:0,createBaseConfig
FNDA:0,createConfig
FNDA:0,(anonymous_15)
FNDA:0,enableHotReload
FNDA:0,(anonymous_17)
FNDA:0,disableHotReload
DA:9,0
DA:10,0
DA:11,0
DA:13,0
DA:17,0
DA:18,0
DA:19,0
DA:21,0
DA:25,0
DA:26,0
DA:27,0
DA:29,0
DA:34,0
DA:35,0
DA:36,0
DA:37,0
DA:42,0
DA:45,0
DA:46,0
DA:47,0
DA:48,0
DA:53,0
DA:56,0
DA:57,0
DA:61,0
DA:62,0
DA:63,0
DA:64,0
DA:65,0
DA:67,0
DA:72,0
DA:73,0
DA:74,0
DA:75,0
DA:76,0
DA:78,0
DA:82,0
DA:83,0
DA:84,0
DA:85,0
DA:87,0
DA:91,0
DA:92,0
DA:93,0
DA:94,0
DA:96,0
DA:100,0
DA:110,0
DA:125,0
DA:136,0
DA:148,0
DA:159,0
DA:188,0
DA:201,0
DA:211,0
DA:227,0
DA:235,0
DA:256,0
DA:270,0
DA:277,0
DA:286,0
DA:295,0
DA:304,0
DA:312,0
DA:321,0
DA:330,0
DA:338,0
DA:349,0
DA:399,0
DA:434,0
DA:438,0
DA:443,0
DA:444,0
DA:673,0
DA:674,0
DA:704,0
DA:705,0
DA:719,0
DA:720,0
DA:739,0
DA:744,0
DA:745,0
DA:746,0
DA:749,0
DA:750,0
DA:751,0
DA:753,0
DA:754,0
DA:756,0
DA:757,0
DA:761,0
DA:763,0
DA:764,0
DA:765,0
DA:767,0
DA:772,0
DA:777,0
DA:780,0
DA:782,0
DA:783,0
DA:784,0
DA:789,0
DA:795,0
DA:796,0
DA:797,0
DA:802,0
DA:803,0
LF:107
LH:0
BRDA:11,0,0,0
BRDA:11,0,1,0
BRDA:19,1,0,0
BRDA:19,1,1,0
BRDA:27,2,0,0
BRDA:27,2,1,0
BRDA:36,3,0,0
BRDA:36,4,0,0
BRDA:36,4,1,0
BRDA:47,5,0,0
BRDA:47,6,0,0
BRDA:47,6,1,0
BRDA:57,7,0,0
BRDA:57,7,1,0
BRDA:61,8,0,0
BRDA:64,9,0,0
BRDA:74,10,0,0
BRDA:76,11,0,0
BRDA:82,12,0,0
BRDA:84,13,0,0
BRDA:85,14,0,0
BRDA:85,14,1,0
BRDA:91,15,0,0
BRDA:93,16,0,0
BRDA:434,17,0,0
BRDA:434,17,1,0
BRDA:443,18,0,0
BRDA:443,18,1,0
BRDA:673,19,0,0
BRDA:704,20,0,0
BRDA:719,21,0,0
BRDA:749,22,0,0
BRDA:750,23,0,0
BRDA:750,24,0,0
BRDA:750,24,1,0
BRDA:753,25,0,0
BRDA:753,26,0,0
BRDA:753,26,1,0
BRDA:756,27,0,0
BRDA:763,28,0,0
BRDA:779,29,0,0
BRDA:780,30,0,0
BRDA:780,31,0,0
BRDA:780,31,1,0
BRDA:795,32,0,0
BRDA:802,33,0,0
BRF:46
BRH:0
end_of_record
TN:
SF:server\config\production.ts
FNF:0
FNH:0
DA:6,0
LF:1
LH:0
BRDA:18,0,0,0
BRDA:18,0,1,0
BRDA:19,1,0,0
BRDA:19,1,1,0
BRDA:20,2,0,0
BRDA:20,2,1,0
BRDA:21,3,0,0
BRDA:21,3,1,0
BRDA:22,4,0,0
BRDA:22,4,1,0
BRDA:24,5,0,0
BRDA:24,5,1,0
BRDA:25,6,0,0
BRDA:25,6,1,0
BRDA:26,7,0,0
BRDA:26,7,1,0
BRDA:27,8,0,0
BRDA:27,8,1,0
BRDA:28,9,0,0
BRDA:28,9,1,0
BRDA:32,10,0,0
BRDA:32,10,1,0
BRDA:33,11,0,0
BRDA:33,11,1,0
BRDA:34,12,0,0
BRDA:34,12,1,0
BRDA:35,13,0,0
BRDA:35,13,1,0
BRDA:36,14,0,0
BRDA:36,14,1,0
BRDA:37,15,0,0
BRDA:37,15,1,0
BRDA:39,16,0,0
BRDA:39,16,1,0
BRDA:44,17,0,0
BRDA:44,17,1,0
BRDA:48,18,0,0
BRDA:48,18,1,0
BRDA:49,19,0,0
BRDA:49,19,1,0
BRDA:55,20,0,0
BRDA:55,20,1,0
BRDA:56,21,0,0
BRDA:56,21,1,0
BRDA:57,22,0,0
BRDA:57,22,1,0
BRDA:59,23,0,0
BRDA:59,23,1,0
BRDA:60,24,0,0
BRDA:60,24,1,0
BRDA:61,25,0,0
BRDA:61,25,1,0
BRDA:68,26,0,0
BRDA:68,26,1,0
BRDA:69,27,0,0
BRDA:69,27,1,0
BRDA:70,28,0,0
BRDA:70,28,1,0
BRDA:72,29,0,0
BRDA:72,29,1,0
BRDA:73,30,0,0
BRDA:73,30,1,0
BRDA:78,31,0,0
BRDA:78,31,1,0
BRDA:79,32,0,0
BRDA:79,32,1,0
BRDA:80,33,0,0
BRDA:80,33,1,0
BRDA:82,34,0,0
BRDA:82,34,1,0
BRDA:87,35,0,0
BRDA:87,35,1,0
BRDA:88,36,0,0
BRDA:88,36,1,0
BRDA:89,37,0,0
BRDA:89,37,1,0
BRDA:90,38,0,0
BRDA:90,38,1,0
BRDA:108,39,0,0
BRDA:108,39,1,0
BRDA:111,40,0,0
BRDA:111,40,1,0
BRDA:112,41,0,0
BRDA:112,41,1,0
BRDA:113,42,0,0
BRDA:113,42,1,0
BRDA:118,43,0,0
BRDA:118,43,1,0
BRDA:118,44,0,0
BRDA:118,44,1,0
BRDA:134,45,0,0
BRDA:134,45,1,0
BRDA:135,46,0,0
BRDA:135,46,1,0
BRDA:166,47,0,0
BRDA:166,47,1,0
BRDA:167,48,0,0
BRDA:167,48,1,0
BRDA:169,49,0,0
BRDA:169,49,1,0
BRDA:170,50,0,0
BRDA:170,50,1,0
BRDA:171,51,0,0
BRDA:171,51,1,0
BRDA:176,52,0,0
BRDA:176,52,1,0
BRDA:177,53,0,0
BRDA:177,53,1,0
BRDA:184,54,0,0
BRDA:184,54,1,0
BRDA:185,55,0,0
BRDA:185,55,1,0
BRDA:194,56,0,0
BRDA:194,56,1,0
BRDA:195,57,0,0
BRDA:195,57,1,0
BRDA:196,58,0,0
BRDA:196,58,1,0
BRDA:201,59,0,0
BRDA:201,59,1,0
BRDA:211,60,0,0
BRDA:211,60,1,0
BRDA:212,61,0,0
BRDA:212,61,1,0
BRDA:213,62,0,0
BRDA:213,62,1,0
BRDA:222,63,0,0
BRDA:222,63,1,0
BRDA:229,64,0,0
BRDA:229,64,1,0
BRDA:230,65,0,0
BRDA:230,65,1,0
BRDA:231,66,0,0
BRDA:231,66,1,0
BRDA:238,67,0,0
BRDA:238,67,1,0
BRDA:239,68,0,0
BRDA:239,68,1,0
BRDA:248,69,0,0
BRDA:248,69,1,0
BRDA:249,70,0,0
BRDA:249,70,1,0
BRF:142
BRH:0
end_of_record
TN:
SF:server\core\types.ts
FNF:0
FNH:0
DA:173,0
DA:174,0
DA:175,0
DA:176,0
DA:177,0
DA:178,0
LF:6
LH:0
BRF:0
BRH:0
end_of_record
TN:
SF:server\core\auth\auth.ts
FN:16,getClientIP
FN:25,(anonymous_1)
FN:61,(anonymous_2)
FN:102,(anonymous_3)
FN:141,(anonymous_4)
FN:173,(anonymous_5)
FN:221,(anonymous_6)
FN:254,(anonymous_7)
FN:296,(anonymous_8)
FNF:9
FNH:0
FNDA:0,getClientIP
FNDA:0,(anonymous_1)
FNDA:0,(anonymous_2)
FNDA:0,(anonymous_3)
FNDA:0,(anonymous_4)
FNDA:0,(anonymous_5)
FNDA:0,(anonymous_6)
FNDA:0,(anonymous_7)
FNDA:0,(anonymous_8)
DA:11,0
DA:17,0
DA:25,0
DA:26,0
DA:28,0
DA:29,0
DA:31,0
DA:32,0
DA:38,0
DA:45,0
DA:47,0
DA:53,0
DA:61,0
DA:62,0
DA:64,0
DA:65,0
DA:67,0
DA:68,0
DA:74,0
DA:76,0
DA:77,0
DA:83,0
DA:88,0
DA:94,0
DA:102,0
DA:103,0
DA:105,0
DA:106,0
DA:108,0
DA:109,0
DA:113,0
DA:120,0
DA:125,0
DA:127,0
DA:133,0
DA:141,0
DA:142,0
DA:144,0
DA:145,0
DA:147,0
DA:148,0
DA:152,0
DA:156,0
DA:159,0
DA:165,0
DA:173,0
DA:174,0
DA:176,0
DA:177,0
DA:179,0
DA:180,0
DA:186,0
DA:188,0
DA:189,0
DA:193,0
DA:200,0
DA:205,0
DA:207,0
DA:213,0
DA:221,0
DA:222,0
DA:224,0
DA:225,0
DA:227,0
DA:228,0
DA:232,0
DA:234,0
DA:235,0
DA:239,0
DA:242,0
DA:248,0
DA:254,0
DA:255,0
DA:257,0
DA:258,0
DA:260,0
DA:261,0
DA:268,0
DA:278,0
DA:282,0
DA:288,0
DA:296,0
DA:297,0
DA:299,0
DA:300,0
DA:302,0
DA:303,0
DA:310,0
DA:320,0
DA:324,0
DA:330,0
LF:91
LH:0
BRDA:17,0,0,0
BRDA:17,0,1,0
BRDA:17,0,2,0
BRDA:17,0,3,0
BRDA:17,0,4,0
BRDA:17,0,5,0
BRDA:31,1,0,0
BRDA:34,2,0,0
BRDA:34,2,1,0
BRDA:67,3,0,0
BRDA:76,4,0,0
BRDA:79,5,0,0
BRDA:79,5,1,0
BRDA:108,6,0,0
BRDA:109,7,0,0
BRDA:109,7,1,0
BRDA:147,8,0,0
BRDA:179,9,0,0
BRDA:188,10,0,0
BRDA:189,11,0,0
BRDA:189,11,1,0
BRDA:227,12,0,0
BRDA:234,13,0,0
BRDA:235,14,0,0
BRDA:235,14,1,0
BRDA:260,15,0,0
BRDA:263,16,0,0
BRDA:263,16,1,0
BRDA:302,17,0,0
BRDA:305,18,0,0
BRDA:305,18,1,0
BRF:31
BRH:0
end_of_record
TN:
SF:server\core\validation\data-validation-service.ts
FN:34,(anonymous_0)
FN:41,(anonymous_1)
FN:258,(anonymous_2)
FN:300,(anonymous_3)
FN:314,(anonymous_4)
FN:315,(anonymous_5)
FN:316,(anonymous_6)
FN:326,(anonymous_7)
FN:328,(anonymous_8)
FN:343,(anonymous_9)
FN:344,(anonymous_10)
FN:345,(anonymous_11)
FN:355,(anonymous_12)
FN:356,(anonymous_13)
FN:366,(anonymous_14)
FNF:15
FNH:0
FNDA:0,(anonymous_0)
FNDA:0,(anonymous_1)
FNDA:0,(anonymous_2)
FNDA:0,(anonymous_3)
FNDA:0,(anonymous_4)
FNDA:0,(anonymous_5)
FNDA:0,(anonymous_6)
FNDA:0,(anonymous_7)
FNDA:0,(anonymous_8)
FNDA:0,(anonymous_9)
FNDA:0,(anonymous_10)
FNDA:0,(anonymous_11)
FNDA:0,(anonymous_12)
FNDA:0,(anonymous_13)
FNDA:0,(anonymous_14)
DA:3,0
DA:35,0
DA:42,0
DA:259,0
DA:260,0
DA:261,0
DA:263,0
DA:264,0
DA:266,0
DA:267,0
DA:268,0
DA:269,0
DA:270,0
DA:271,0
DA:272,0
DA:274,0
DA:278,0
DA:287,0
DA:301,0
DA:302,0
DA:304,0
DA:306,0
DA:307,0
DA:308,0
DA:309,0
DA:312,0
DA:314,0
DA:315,0
DA:316,0
DA:320,0
DA:327,0
DA:328,0
DA:330,0
DA:331,0
DA:334,0
DA:336,0
DA:337,0
DA:338,0
DA:341,0
DA:343,0
DA:344,0
DA:345,0
DA:349,0
DA:356,0
DA:367,0
DA:418,0
DA:419,0
DA:421,0
DA:422,0
DA:423,0
DA:425,0
DA:426,0
DA:427,0
DA:428,0
DA:429,0
DA:430,0
DA:433,0
DA:434,0
DA:435,0
DA:436,0
DA:437,0
DA:441,0
DA:442,0
DA:443,0
DA:447,0
LF:65
LH:0
BRDA:266,0,0,0
BRDA:267,1,0,0
BRDA:267,1,1,0
BRDA:270,2,0,0
BRDA:270,2,1,0
BRDA:271,3,0,0
BRDA:271,3,1,0
BRDA:272,4,0,0
BRDA:272,4,1,0
BRDA:291,5,0,0
BRDA:291,5,1,0
BRDA:315,6,0,0
BRDA:315,6,1,0
BRDA:316,7,0,0
BRDA:316,7,1,0
BRDA:330,8,0,0
BRDA:344,9,0,0
BRDA:344,9,1,0
BRDA:345,10,0,0
BRDA:345,10,1,0
BRDA:366,11,0,0
BRDA:423,12,0,0
BRDA:423,12,1,0
BRDA:427,13,0,0
BRDA:427,13,1,0
BRDA:428,14,0,0
BRDA:434,15,0,0
BRDA:434,15,1,0
BRDA:435,16,0,0
BRDA:441,17,0,0
BRDA:441,17,1,0
BRF:31
BRH:0
end_of_record
TN:
SF:server\core\validation\data-validation.ts
FN:39,(anonymous_0)
FN:114,(anonymous_1)
FN:187,(anonymous_2)
FN:206,(anonymous_3)
FN:220,(anonymous_4)
FN:221,(anonymous_5)
FN:222,(anonymous_6)
FN:223,(anonymous_7)
FN:231,(anonymous_8)
FN:242,(anonymous_9)
FN:254,(anonymous_10)
FN:264,(anonymous_11)
FN:279,(anonymous_12)
FN:294,(anonymous_13)
FN:324,(anonymous_14)
FN:325,(anonymous_15)
FN:336,(anonymous_16)
FN:348,(anonymous_17)
FN:375,(anonymous_18)
FN:394,(anonymous_19)
FN:402,(anonymous_20)
FN:413,(anonymous_21)
FN:441,(anonymous_22)
FN:453,(anonymous_23)
FN:454,(anonymous_24)
FN:471,(anonymous_25)
FNF:26
FNH:0
FNDA:0,(anonymous_0)
FNDA:0,(anonymous_1)
FNDA:0,(anonymous_2)
FNDA:0,(anonymous_3)
FNDA:0,(anonymous_4)
FNDA:0,(anonymous_5)
FNDA:0,(anonymous_6)
FNDA:0,(anonymous_7)
FNDA:0,(anonymous_8)
FNDA:0,(anonymous_9)
FNDA:0,(anonymous_10)
FNDA:0,(anonymous_11)
FNDA:0,(anonymous_12)
FNDA:0,(anonymous_13)
FNDA:0,(anonymous_14)
FNDA:0,(anonymous_15)
FNDA:0,(anonymous_16)
FNDA:0,(anonymous_17)
FNDA:0,(anonymous_18)
FNDA:0,(anonymous_19)
FNDA:0,(anonymous_20)
FNDA:0,(anonymous_21)
FNDA:0,(anonymous_22)
FNDA:0,(anonymous_23)
FNDA:0,(anonymous_24)
FNDA:0,(anonymous_25)
DA:8,0
DA:40,0
DA:54,0
DA:55,0
DA:56,0
DA:57,0
DA:61,0
DA:62,0
DA:63,0
DA:64,0
DA:68,0
DA:69,0
DA:73,0
DA:74,0
DA:78,0
DA:79,0
DA:80,0
DA:81,0
DA:82,0
DA:86,0
DA:92,0
DA:95,0
DA:98,0
DA:101,0
DA:108,0
DA:115,0
DA:129,0
DA:130,0
DA:131,0
DA:132,0
DA:136,0
DA:137,0
DA:138,0
DA:139,0
DA:143,0
DA:144,0
DA:148,0
DA:149,0
DA:150,0
DA:154,0
DA:155,0
DA:159,0
DA:165,0
DA:168,0
DA:171,0
DA:174,0
DA:181,0
DA:188,0
DA:189,0
DA:190,0
DA:192,0
DA:193,0
DA:197,0
DA:199,0
DA:200,0
DA:202,0
DA:206,0
DA:207,0
DA:208,0
DA:210,0
DA:220,0
DA:221,0
DA:222,0
DA:223,0
DA:232,0
DA:233,0
DA:235,0
DA:236,0
DA:237,0
DA:238,0
DA:239,0
DA:242,0
DA:251,0
DA:254,0
DA:265,0
DA:267,0
DA:268,0
DA:269,0
DA:273,0
DA:280,0
DA:282,0
DA:283,0
DA:284,0
DA:288,0
DA:295,0
DA:296,0
DA:298,0
DA:299,0
DA:300,0
DA:301,0
DA:302,0
DA:305,0
DA:306,0
DA:310,0
DA:311,0
DA:312,0
DA:318,0
DA:325,0
DA:326,0
DA:330,0
DA:338,0
DA:339,0
DA:340,0
DA:342,0
DA:349,0
DA:352,0
DA:353,0
DA:354,0
DA:356,0
DA:357,0
DA:362,0
DA:363,0
DA:364,0
DA:365,0
DA:369,0
DA:376,0
DA:378,0
DA:379,0
DA:382,0
DA:383,0
DA:384,0
DA:385,0
DA:386,0
DA:388,0
DA:395,0
DA:396,0
DA:404,0
DA:407,0
DA:417,0
DA:419,0
DA:422,0
DA:423,0
DA:426,0
DA:429,0
DA:430,0
DA:432,0
DA:435,0
DA:445,0
DA:446,0
DA:451,0
DA:452,0
DA:453,0
DA:454,0
DA:456,0
DA:458,0
DA:459,0
DA:463,0
DA:464,0
DA:465,0
DA:467,0
DA:468,0
DA:470,0
DA:471,0
DA:473,0
DA:474,0
DA:476,0
DA:480,0
LF:157
LH:0
BRDA:55,0,0,0
BRDA:62,1,0,0
BRDA:68,2,0,0
BRDA:68,3,0,0
BRDA:68,3,1,0
BRDA:73,4,0,0
BRDA:73,5,0,0
BRDA:73,5,1,0
BRDA:81,6,0,0
BRDA:130,7,0,0
BRDA:137,8,0,0
BRDA:143,9,0,0
BRDA:143,10,0,0
BRDA:143,10,1,0
BRDA:148,11,0,0
BRDA:148,12,0,0
BRDA:148,12,1,0
BRDA:154,13,0,0
BRDA:154,14,0,0
BRDA:154,14,1,0
BRDA:193,15,0,0
BRDA:193,15,1,0
BRDA:199,16,0,0
BRDA:199,16,1,0
BRDA:236,17,0,0
BRDA:238,18,0,0
BRDA:257,19,0,0
BRDA:257,19,1,0
BRDA:268,20,0,0
BRDA:268,21,0,0
BRDA:268,21,1,0
BRDA:268,21,2,0
BRDA:283,22,0,0
BRDA:283,23,0,0
BRDA:283,23,1,0
BRDA:283,23,2,0
BRDA:299,24,0,0
BRDA:301,25,0,0
BRDA:301,25,1,0
BRDA:305,26,0,0
BRDA:305,27,0,0
BRDA:305,27,1,0
BRDA:311,28,0,0
BRDA:326,29,0,0
BRDA:326,29,1,0
BRDA:326,29,2,0
BRDA:352,30,0,0
BRDA:352,31,0,0
BRDA:352,31,1,0
BRDA:356,32,0,0
BRDA:362,33,0,0
BRDA:362,34,0,0
BRDA:362,34,1,0
BRDA:364,35,0,0
BRDA:376,36,0,0
BRDA:382,37,0,0
BRDA:383,38,0,0
BRDA:384,39,0,0
BRDA:385,40,0,0
BRDA:386,41,0,0
BRDA:407,42,0,0
BRDA:407,42,1,0
BRDA:407,42,2,0
BRDA:422,43,0,0
BRDA:422,43,1,0
BRDA:423,44,0,0
BRDA:423,44,1,0
BRDA:423,44,2,0
BRDA:426,45,0,0
BRDA:426,45,1,0
BRDA:426,46,0,0
BRDA:426,46,1,0
BRDA:429,47,0,0
BRDA:446,48,0,0
BRDA:446,48,1,0
BRDA:454,49,0,0
BRDA:454,49,1,0
BRDA:454,49,2,0
BRDA:458,50,0,0
BRDA:464,51,0,0
BRDA:464,51,1,0
BRDA:465,52,0,0
BRDA:468,53,0,0
BRDA:473,54,0,0
BRDA:473,54,1,0
BRF:85
BRH:0
end_of_record
TN:
SF:server\features\analytics\legal-analysis.ts
FN:17,(anonymous_0)
FN:33,(anonymous_1)
FN:71,(anonymous_2)
FN:72,(anonymous_3)
FN:74,(anonymous_4)
FN:86,(anonymous_5)
FN:95,(anonymous_6)
FN:99,(anonymous_7)
FN:103,(anonymous_8)
FN:159,(anonymous_9)
FN:166,(anonymous_10)
FN:175,(anonymous_11)
FN:178,(anonymous_12)
FN:205,(anonymous_13)
FN:218,(anonymous_14)
FN:226,(anonymous_15)
FN:227,(anonymous_16)
FN:233,(anonymous_17)
FN:237,(anonymous_18)
FN:249,(anonymous_19)
FNF:20
FNH:0
FNDA:0,(anonymous_0)
FNDA:0,(anonymous_1)
FNDA:0,(anonymous_2)
FNDA:0,(anonymous_3)
FNDA:0,(anonymous_4)
FNDA:0,(anonymous_5)
FNDA:0,(anonymous_6)
FNDA:0,(anonymous_7)
FNDA:0,(anonymous_8)
FNDA:0,(anonymous_9)
FNDA:0,(anonymous_10)
FNDA:0,(anonymous_11)
FNDA:0,(anonymous_12)
FNDA:0,(anonymous_13)
FNDA:0,(anonymous_14)
FNDA:0,(anonymous_15)
FNDA:0,(anonymous_16)
FNDA:0,(anonymous_17)
FNDA:0,(anonymous_18)
FNDA:0,(anonymous_19)
DA:18,0
DA:21,0
DA:35,0
DA:36,0
DA:39,0
DA:42,0
DA:43,0
DA:44,0
DA:46,0
DA:49,0
DA:50,0
DA:54,0
DA:55,0
DA:57,0
DA:62,0
DA:72,0
DA:74,0
DA:75,0
DA:76,0
DA:79,0
DA:86,0
DA:87,0
DA:88,0
DA:92,0
DA:93,0
DA:95,0
DA:96,0
DA:99,0
DA:100,0
DA:103,0
DA:104,0
DA:107,0
DA:108,0
DA:109,0
DA:112,0
DA:113,0
DA:115,0
DA:116,0
DA:117,0
DA:120,0
DA:122,0
DA:123,0
DA:124,0
DA:127,0
DA:130,0
DA:131,0
DA:132,0
DA:135,0
DA:137,0
DA:142,0
DA:143,0
DA:144,0
DA:146,0
DA:147,0
DA:148,0
DA:160,0
DA:161,0
DA:165,0
DA:166,0
DA:170,0
DA:171,0
DA:173,0
DA:174,0
DA:176,0
DA:180,0
DA:183,0
DA:186,0
DA:187,0
DA:189,0
DA:190,0
DA:191,0
DA:198,0
DA:199,0
DA:206,0
DA:207,0
DA:220,0
DA:227,0
DA:234,0
DA:235,0
DA:237,0
DA:239,0
DA:241,0
DA:252,0
DA:257,0
LF:84
LH:0
BRDA:17,0,0,0
BRDA:22,1,0,0
BRDA:22,1,1,0
BRDA:23,2,0,0
BRDA:23,2,1,0
BRDA:24,3,0,0
BRDA:24,3,1,0
BRDA:35,4,0,0
BRDA:35,5,0,0
BRDA:35,5,1,0
BRDA:49,6,0,0
BRDA:54,7,0,0
BRDA:107,8,0,0
BRDA:115,9,0,0
BRDA:122,10,0,0
BRDA:130,11,0,0
BRDA:159,12,0,0
BRDA:160,13,0,0
BRDA:160,14,0,0
BRDA:160,14,1,0
BRDA:165,15,0,0
BRDA:186,16,0,0
BRDA:190,17,0,0
BRDA:208,18,0,0
BRDA:208,18,1,0
BRDA:208,18,2,0
BRDA:208,18,3,0
BRDA:220,19,0,0
BRDA:220,19,1,0
BRF:29
BRH:0
end_of_record
TN:
SF:server\features\analytics\swagger.ts
FN:186,(anonymous_0)
FNF:1
FNH:0
FNDA:0,(anonymous_0)
DA:7,0
DA:170,0
DA:175,0
DA:188,0
DA:189,0
DA:190,0
DA:192,0
DA:200,0
DA:201,0
LF:9
LH:0
BRDA:189,0,0,0
BRF:1
BRH:0
end_of_record
TN:
SF:server\features\analytics\config\analytics.config.ts
FN:194,loadAnalyticsConfig
FN:306,validateAnalyticsConfig
FN:311,(anonymous_2)
FN:324,initializeAnalyticsConfig
FN:338,(anonymous_4)
FN:346,(anonymous_5)
FNF:6
FNH:6
FNDA:10,loadAnalyticsConfig
FNDA:7,validateAnalyticsConfig
FNDA:5,(anonymous_2)
FNDA:3,initializeAnalyticsConfig
FNDA:1,(anonymous_4)
FNDA:19,(anonymous_5)
DA:1,1
DA:92,1
DA:143,1
DA:194,1
DA:195,10
DA:198,10
DA:199,2
DA:201,10
DA:202,0
DA:204,10
DA:205,0
DA:207,10
DA:208,0
DA:210,10
DA:211,0
DA:213,10
DA:214,0
DA:216,10
DA:217,1
DA:221,10
DA:222,0
DA:224,10
DA:225,0
DA:227,10
DA:228,0
DA:230,10
DA:231,0
DA:235,10
DA:236,1
DA:238,10
DA:239,1
DA:241,10
DA:242,0
DA:244,10
DA:245,0
DA:247,10
DA:248,0
DA:252,10
DA:253,1
DA:255,10
DA:256,1
DA:258,10
DA:259,0
DA:261,10
DA:262,0
DA:266,10
DA:267,2
DA:268,2
DA:269,1
DA:272,10
DA:273,1
DA:275,10
DA:276,0
DA:278,10
DA:279,0
DA:283,10
DA:284,2
DA:285,2
DA:286,1
DA:289,10
DA:290,1
DA:292,10
DA:293,0
DA:295,10
DA:296,0
DA:299,10
DA:306,1
DA:307,7
DA:308,7
DA:310,3
DA:311,3
DA:312,5
DA:314,3
DA:316,0
DA:324,1
DA:325,3
DA:326,3
DA:327,3
DA:328,2
DA:330,1
DA:331,1
DA:336,1
DA:338,1
DA:339,1
DA:340,1
DA:342,1
DA:346,1
DA:347,19
LF:88
LH:69
BRDA:198,0,0,2
BRDA:201,1,0,0
BRDA:204,2,0,0
BRDA:207,3,0,0
BRDA:210,4,0,0
BRDA:213,5,0,0
BRDA:216,6,0,1
BRDA:221,7,0,0
BRDA:224,8,0,0
BRDA:227,9,0,0
BRDA:230,10,0,0
BRDA:235,11,0,1
BRDA:238,12,0,1
BRDA:241,13,0,0
BRDA:244,14,0,0
BRDA:247,15,0,0
BRDA:252,16,0,1
BRDA:255,17,0,1
BRDA:258,18,0,0
BRDA:261,19,0,0
BRDA:266,20,0,2
BRDA:268,21,0,1
BRDA:272,22,0,1
BRDA:275,23,0,0
BRDA:278,24,0,0
BRDA:283,25,0,2
BRDA:285,26,0,1
BRDA:289,27,0,1
BRDA:292,28,0,0
BRDA:295,29,0,0
BRDA:310,30,0,3
BRDA:331,31,0,1
BRDA:331,31,1,0
BRDA:339,32,0,1
BRF:34
BRH:15
end_of_record
TN:
SF:server\features\analytics\controllers\engagement.controller.ts
FN:10,(anonymous_0)
FN:11,(anonymous_1)
FN:12,(anonymous_2)
FN:13,(anonymous_3)
FN:27,(anonymous_4)
FN:118,(anonymous_5)
FN:126,(anonymous_6)
FN:127,(anonymous_7)
FN:188,(anonymous_8)
FN:201,(anonymous_9)
FN:209,(anonymous_10)
FN:216,(anonymous_11)
FN:231,(anonymous_12)
FN:249,(anonymous_13)
FN:269,(anonymous_14)
FN:282,(anonymous_15)
FN:306,(anonymous_16)
FN:318,(anonymous_17)
FN:333,(anonymous_18)
FN:344,(anonymous_19)
FN:367,(anonymous_20)
FN:372,(anonymous_21)
FNF:22
FNH:0
FNDA:0,(anonymous_0)
FNDA:0,(anonymous_1)
FNDA:0,(anonymous_2)
FNDA:0,(anonymous_3)
FNDA:0,(anonymous_4)
FNDA:0,(anonymous_5)
FNDA:0,(anonymous_6)
FNDA:0,(anonymous_7)
FNDA:0,(anonymous_8)
FNDA:0,(anonymous_9)
FNDA:0,(anonymous_10)
FNDA:0,(anonymous_11)
FNDA:0,(anonymous_12)
FNDA:0,(anonymous_13)
FNDA:0,(anonymous_14)
FNDA:0,(anonymous_15)
FNDA:0,(anonymous_16)
FNDA:0,(anonymous_17)
FNDA:0,(anonymous_18)
FNDA:0,(anonymous_19)
FNDA:0,(anonymous_20)
FNDA:0,(anonymous_21)
DA:6,0
DA:10,0
DA:11,0
DA:12,0
DA:13,0
DA:17,0
DA:25,0
DA:28,0
DA:29,0
DA:30,0
DA:119,0
DA:122,0
DA:124,0
DA:126,0
DA:127,0
DA:189,0
DA:192,0
DA:193,0
DA:195,0
DA:202,0
DA:214,0
DA:216,0
DA:224,0
DA:237,0
DA:250,0
DA:270,0
DA:293,0
DA:294,0
DA:298,0
DA:300,0
DA:301,0
DA:304,0
DA:307,0
DA:310,0
DA:319,0
DA:335,0
DA:345,0
DA:347,0
DA:349,0
DA:350,0
DA:356,0
DA:368,0
DA:369,0
DA:372,0
DA:381,0
LF:45
LH:0
BRDA:13,0,0,0
BRDA:13,0,1,0
BRDA:29,1,0,0
BRDA:193,2,0,0
BRDA:193,2,1,0
BRDA:214,3,0,0
BRDA:214,3,1,0
BRDA:239,4,0,0
BRDA:239,4,1,0
BRDA:293,5,0,0
BRDA:293,6,0,0
BRDA:293,6,1,0
BRDA:300,7,0,0
BRDA:300,7,1,0
BRDA:368,8,0,0
BRDA:368,8,1,0
BRF:16
BRH:0
end_of_record
TN:
SF:server\features\analytics\financial-disclosure\config.ts
FN:98,(anonymous_0)
FN:99,(anonymous_1)
FN:100,(anonymous_2)
FN:101,(anonymous_3)
FN:102,(anonymous_4)
FN:103,(anonymous_5)
FN:104,(anonymous_6)
FN:105,(anonymous_7)
FN:106,(anonymous_8)
FNF:9
FNH:0
FNDA:0,(anonymous_0)
FNDA:0,(anonymous_1)
FNDA:0,(anonymous_2)
FNDA:0,(anonymous_3)
FNDA:0,(anonymous_4)
FNDA:0,(anonymous_5)
FNDA:0,(anonymous_6)
FNDA:0,(anonymous_7)
FNDA:0,(anonymous_8)
DA:9,0
DA:25,0
DA:38,0
DA:58,0
DA:69,0
DA:94,0
DA:98,0
DA:99,0
DA:100,0
DA:101,0
DA:102,0
DA:103,0
DA:104,0
DA:105,0
DA:106,0
DA:125,0
DA:143,0
DA:167,0
DA:192,0
LF:19
LH:0
BRF:0
BRH:0
end_of_record
TN:
SF:server\features\analytics\middleware\analytics-context.ts
FN:29,analyticsContextMiddleware
FN:81,getTraceId
FN:88,getRequestContext
FN:95,addContextMetadata
FNF:4
FNH:0
FNDA:0,analyticsContextMiddleware
FNDA:0,getTraceId
FNDA:0,getRequestContext
FNDA:0,addContextMetadata
DA:34,0
DA:36,0
DA:41,0
DA:44,0
DA:57,0
DA:60,0
DA:63,0
DA:66,0
DA:69,0
DA:74,0
DA:82,0
DA:89,0
DA:100,0
DA:101,0
DA:102,0
DA:104,0
LF:16
LH:0
BRDA:36,0,0,0
BRDA:36,0,1,0
BRDA:36,0,2,0
BRDA:41,1,0,0
BRDA:41,1,1,0
BRDA:52,2,0,0
BRDA:52,2,1,0
BRDA:82,3,0,0
BRDA:82,3,1,0
BRDA:100,4,0,0
BRDA:101,5,0,0
BRF:11
BRH:0
end_of_record
TN:
SF:server\features\analytics\middleware\performance-tracking.ts
FN:17,performanceTrackingMiddleware
FN:26,(anonymous_1)
FN:70,trackAnalyticsOperation
FN:88,getAnalyticsPerformanceMetrics
FNF:4
FNH:0
FNDA:0,performanceTrackingMiddleware
FNDA:0,(anonymous_1)
FNDA:0,trackAnalyticsOperation
FNDA:0,getAnalyticsPerformanceMetrics
DA:22,0
DA:23,0
DA:26,0
DA:27,0
DA:28,0
DA:31,0
DA:32,0
DA:46,0
DA:55,0
DA:56,0
DA:57,0
DA:61,0
DA:64,0
DA:75,0
DA:82,0
DA:91,0
LF:16
LH:0
BRDA:28,0,0,0
BRDA:28,0,1,0
BRDA:31,1,0,0
BRDA:48,2,0,0
BRDA:48,2,1,0
BRDA:55,3,0,0
BRF:6
BRH:0
end_of_record
TN:
SF:server\features\analytics\services\ml.service.ts
FN:22,(anonymous_0)
FN:46,(anonymous_1)
FN:52,(anonymous_2)
FN:108,(anonymous_3)
FN:172,(anonymous_4)
FN:226,(anonymous_5)
FN:316,detectImplementationWorkarounds
FN:357,performComprehensiveAnalysis
FN:411,(anonymous_8)
FNF:9
FNH:0
FNDA:0,(anonymous_0)
FNDA:0,(anonymous_1)
FNDA:0,(anonymous_2)
FNDA:0,(anonymous_3)
FNDA:0,(anonymous_4)
FNDA:0,(anonymous_5)
FNDA:0,detectImplementationWorkarounds
FNDA:0,performComprehensiveAnalysis
FNDA:0,(anonymous_8)
DA:23,0
DA:29,0
DA:47,0
DA:53,0
DA:55,0
DA:56,0
DA:59,0
DA:62,0
DA:102,0
DA:104,0
DA:109,0
DA:110,0
DA:111,0
DA:115,0
DA:116,0
DA:122,0
DA:124,0
DA:166,0
DA:168,0
DA:173,0
DA:174,0
DA:175,0
DA:178,0
DA:180,0
DA:220,0
DA:222,0
DA:247,0
DA:248,0
DA:249,0
DA:253,0
DA:254,0
DA:260,0
DA:299,0
DA:303,0
DA:314,0
DA:317,0
DA:319,0
DA:320,0
DA:324,0
DA:348,0
DA:353,0
DA:372,0
DA:373,0
DA:376,0
DA:377,0
DA:381,0
DA:389,0
DA:393,0
DA:397,0
DA:401,0
DA:406,0
DA:411,0
DA:414,0
DA:423,0
DA:425,0
DA:440,0
DA:447,0
LF:57
LH:0
BRDA:27,0,0,0
BRDA:27,0,1,0
BRDA:47,1,0,0
BRDA:47,1,1,0
BRDA:47,1,2,0
BRDA:55,2,0,0
BRDA:110,3,0,0
BRDA:115,4,0,0
BRDA:115,5,0,0
BRDA:115,5,1,0
BRDA:174,6,0,0
BRDA:248,7,0,0
BRDA:253,8,0,0
BRDA:302,9,0,0
BRDA:302,9,1,0
BRDA:319,10,0,0
BRDA:319,11,0,0
BRDA:319,11,1,0
BRDA:319,11,2,0
BRDA:352,12,0,0
BRDA:352,12,1,0
BRDA:376,13,0,0
BRDA:376,14,0,0
BRDA:376,14,1,0
BRDA:376,14,2,0
BRDA:389,15,0,0
BRDA:389,15,1,0
BRDA:393,16,0,0
BRDA:393,16,1,0
BRDA:397,17,0,0
BRDA:397,17,1,0
BRDA:401,18,0,0
BRDA:401,18,1,0
BRDA:419,19,0,0
BRDA:419,19,1,0
BRDA:420,20,0,0
BRDA:420,20,1,0
BRDA:435,21,0,0
BRDA:435,21,1,0
BRDA:435,22,0,0
BRDA:435,22,1,0
BRDA:436,23,0,0
BRDA:436,23,1,0
BRDA:436,24,0,0
BRDA:436,24,1,0
BRDA:436,25,0,0
BRDA:436,25,1,0
BRDA:444,26,0,0
BRDA:444,26,1,0
BRF:49
BRH:0
end_of_record
TN:
SF:server\features\bills\bill-service.ts
FN:69,(anonymous_0)
FN:73,(anonymous_1)
FN:155,(anonymous_2)
FN:178,(anonymous_3)
FN:274,(anonymous_4)
FN:284,(anonymous_5)
FN:346,(anonymous_6)
FN:361,(anonymous_7)
FN:363,(anonymous_8)
FN:404,(anonymous_9)
FN:406,(anonymous_10)
FN:437,(anonymous_11)
FN:458,(anonymous_12)
FN:501,(anonymous_13)
FN:511,(anonymous_14)
FN:547,(anonymous_15)
FN:548,(anonymous_16)
FN:578,(anonymous_17)
FN:586,(anonymous_18)
FN:693,(anonymous_19)
FN:707,(anonymous_20)
FN:712,(anonymous_21)
FN:728,(anonymous_22)
FN:739,(anonymous_23)
FN:752,(anonymous_24)
FN:756,(anonymous_25)
FN:764,(anonymous_26)
FN:767,(anonymous_27)
FN:771,(anonymous_28)
FN:793,(anonymous_29)
FNF:30
FNH:0
FNDA:0,(anonymous_0)
FNDA:0,(anonymous_1)
FNDA:0,(anonymous_2)
FNDA:0,(anonymous_3)
FNDA:0,(anonymous_4)
FNDA:0,(anonymous_5)
FNDA:0,(anonymous_6)
FNDA:0,(anonymous_7)
FNDA:0,(anonymous_8)
FNDA:0,(anonymous_9)
FNDA:0,(anonymous_10)
FNDA:0,(anonymous_11)
FNDA:0,(anonymous_12)
FNDA:0,(anonymous_13)
FNDA:0,(anonymous_14)
FNDA:0,(anonymous_15)
FNDA:0,(anonymous_16)
FNDA:0,(anonymous_17)
FNDA:0,(anonymous_18)
FNDA:0,(anonymous_19)
FNDA:0,(anonymous_20)
FNDA:0,(anonymous_21)
FNDA:0,(anonymous_22)
FNDA:0,(anonymous_23)
FNDA:0,(anonymous_24)
FNDA:0,(anonymous_25)
FNDA:0,(anonymous_26)
FNDA:0,(anonymous_27)
FNDA:0,(anonymous_28)
FNDA:0,(anonymous_29)
DA:70,0
DA:74,0
DA:159,0
DA:165,0
DA:166,0
DA:167,0
DA:177,0
DA:179,0
DA:182,0
DA:184,0
DA:185,0
DA:188,0
DA:189,0
DA:192,0
DA:193,0
DA:196,0
DA:197,0
DA:198,0
DA:208,0
DA:209,0
DA:212,0
DA:213,0
DA:217,0
DA:219,0
DA:220,0
DA:224,0
DA:225,0
DA:226,0
DA:229,0
DA:238,0
DA:240,0
DA:242,0
DA:257,0
DA:258,0
DA:261,0
DA:275,0
DA:278,0
DA:279,0
DA:280,0
DA:283,0
DA:285,0
DA:290,0
DA:291,0
DA:295,0
DA:307,0
DA:324,0
DA:325,0
DA:326,0
DA:336,0
DA:339,0
DA:346,0
DA:351,0
DA:352,0
DA:355,0
DA:362,0
DA:365,0
DA:375,0
DA:388,0
DA:391,0
DA:393,0
DA:398,0
DA:405,0
DA:407,0
DA:416,0
DA:417,0
DA:421,0
DA:424,0
DA:426,0
DA:431,0
DA:439,0
DA:445,0
DA:446,0
DA:449,0
DA:452,0
DA:453,0
DA:454,0
DA:457,0
DA:460,0
DA:473,0
DA:479,0
DA:480,0
DA:481,0
DA:493,0
DA:502,0
DA:505,0
DA:506,0
DA:507,0
DA:510,0
DA:513,0
DA:518,0
DA:527,0
DA:537,0
DA:538,0
DA:540,0
DA:545,0
DA:547,0
DA:548,0
DA:568,0
DA:569,0
DA:572,0
DA:583,0
DA:585,0
DA:588,0
DA:598,0
DA:600,0
DA:605,0
DA:607,0
DA:608,0
DA:610,0
DA:611,0
DA:613,0
DA:614,0
DA:617,0
DA:623,0
DA:631,0
DA:643,0
DA:646,0
DA:655,0
DA:656,0
DA:657,0
DA:667,0
DA:674,0
DA:675,0
DA:676,0
DA:677,0
DA:685,0
DA:694,0
DA:696,0
DA:698,0
DA:700,0
DA:703,0
DA:708,0
DA:710,0
DA:712,0
DA:713,0
DA:727,0
DA:728,0
DA:729,0
DA:739,0
DA:750,0
DA:752,0
DA:760,0
DA:763,0
DA:764,0
DA:766,0
DA:767,0
DA:769,0
DA:770,0
DA:771,0
DA:772,0
DA:779,0
DA:780,0
DA:782,0
DA:794,0
DA:796,0
DA:797,0
DA:798,0
DA:801,0
DA:802,0
DA:808,0
DA:814,0
LF:161
LH:0
BRDA:156,0,0,0
BRDA:157,1,0,0
BRDA:160,2,0,0
BRDA:160,2,1,0
BRDA:166,3,0,0
BRDA:184,4,0,0
BRDA:188,5,0,0
BRDA:192,6,0,0
BRDA:196,7,0,0
BRDA:208,8,0,0
BRDA:212,9,0,0
BRDA:219,10,0,0
BRDA:225,11,0,0
BRDA:225,11,1,0
BRDA:234,12,0,0
BRDA:234,12,1,0
BRDA:240,13,0,0
BRDA:240,13,1,0
BRDA:257,14,0,0
BRDA:279,15,0,0
BRDA:290,16,0,0
BRDA:325,17,0,0
BRDA:336,18,0,0
BRDA:336,18,1,0
BRDA:346,19,0,0
BRDA:346,19,1,0
BRDA:351,20,0,0
BRDA:351,21,0,0
BRDA:351,21,1,0
BRDA:416,22,0,0
BRDA:445,23,0,0
BRDA:452,24,0,0
BRDA:506,25,0,0
BRDA:548,26,0,0
BRDA:548,26,1,0
BRDA:568,27,0,0
BRDA:598,28,0,0
BRDA:598,28,1,0
BRDA:605,29,0,0
BRDA:605,29,1,0
BRDA:605,29,2,0
BRDA:624,30,0,0
BRDA:624,30,1,0
BRDA:625,31,0,0
BRDA:625,31,1,0
BRDA:626,32,0,0
BRDA:626,32,1,0
BRDA:627,33,0,0
BRDA:627,33,1,0
BRDA:634,34,0,0
BRDA:634,34,1,0
BRDA:635,35,0,0
BRDA:635,35,1,0
BRDA:636,36,0,0
BRDA:636,36,1,0
BRDA:647,37,0,0
BRDA:647,37,1,0
BRDA:648,38,0,0
BRDA:648,38,1,0
BRDA:649,39,0,0
BRDA:649,39,1,0
BRDA:655,40,0,0
BRDA:655,41,0,0
BRDA:655,41,1,0
BRDA:656,42,0,0
BRDA:656,42,1,0
BRDA:674,43,0,0
BRDA:674,44,0,0
BRDA:674,44,1,0
BRDA:694,45,0,0
BRDA:694,45,1,0
BRDA:694,45,2,0
BRDA:694,45,3,0
BRDA:694,45,4,0
BRDA:708,46,0,0
BRDA:730,47,0,0
BRDA:730,47,1,0
BRDA:731,48,0,0
BRDA:731,48,1,0
BRDA:732,49,0,0
BRDA:732,49,1,0
BRDA:733,50,0,0
BRDA:733,50,1,0
BRDA:734,51,0,0
BRDA:734,51,1,0
BRDA:741,52,0,0
BRDA:741,52,1,0
BRDA:742,53,0,0
BRDA:742,53,1,0
BRDA:744,54,0,0
BRDA:744,54,1,0
BRDA:763,55,0,0
BRDA:766,56,0,0
BRDA:769,57,0,0
BRDA:772,58,0,0
BRDA:772,58,1,0
BRDA:772,58,2,0
BRDA:801,59,0,0
BRF:98
BRH:0
end_of_record
TN:
SF:server\features\bills\bill-status-monitor.ts
FN:69,(anonymous_0)
FN:76,(anonymous_1)
FN:78,(anonymous_2)
FN:86,(anonymous_3)
FN:137,(anonymous_4)
FN:184,(anonymous_5)
FN:236,(anonymous_6)
FN:290,(anonymous_7)
FN:304,(anonymous_8)
FN:334,(anonymous_9)
FN:352,(anonymous_10)
FN:396,(anonymous_11)
FN:401,(anonymous_12)
FN:403,(anonymous_13)
FN:425,(anonymous_14)
FN:431,(anonymous_15)
FN:466,(anonymous_16)
FN:476,(anonymous_17)
FN:493,(anonymous_18)
FN:537,(anonymous_19)
FN:559,(anonymous_20)
FN:567,(anonymous_21)
FN:585,(anonymous_22)
FN:588,(anonymous_23)
FN:612,(anonymous_24)
FN:625,(anonymous_25)
FN:628,(anonymous_26)
FN:651,(anonymous_27)
FN:670,(anonymous_28)
FN:685,(anonymous_29)
FN:690,(anonymous_30)
FN:697,(anonymous_31)
FNF:32
FNH:0
FNDA:0,(anonymous_0)
FNDA:0,(anonymous_1)
FNDA:0,(anonymous_2)
FNDA:0,(anonymous_3)
FNDA:0,(anonymous_4)
FNDA:0,(anonymous_5)
FNDA:0,(anonymous_6)
FNDA:0,(anonymous_7)
FNDA:0,(anonymous_8)
FNDA:0,(anonymous_9)
FNDA:0,(anonymous_10)
FNDA:0,(anonymous_11)
FNDA:0,(anonymous_12)
FNDA:0,(anonymous_13)
FNDA:0,(anonymous_14)
FNDA:0,(anonymous_15)
FNDA:0,(anonymous_16)
FNDA:0,(anonymous_17)
FNDA:0,(anonymous_18)
FNDA:0,(anonymous_19)
FNDA:0,(anonymous_20)
FNDA:0,(anonymous_21)
FNDA:0,(anonymous_22)
FNDA:0,(anonymous_23)
FNDA:0,(anonymous_24)
FNDA:0,(anonymous_25)
FNDA:0,(anonymous_26)
FNDA:0,(anonymous_27)
FNDA:0,(anonymous_28)
FNDA:0,(anonymous_29)
FNDA:0,(anonymous_30)
FNDA:0,(anonymous_31)
DA:59,0
DA:60,0
DA:61,0
DA:67,0
DA:70,0
DA:78,0
DA:79,0
DA:87,0
DA:88,0
DA:91,0
DA:92,0
DA:93,0
DA:94,0
DA:98,0
DA:99,0
DA:102,0
DA:103,0
DA:107,0
DA:121,0
DA:124,0
DA:126,0
DA:129,0
DA:130,0
DA:138,0
DA:139,0
DA:142,0
DA:143,0
DA:144,0
DA:145,0
DA:149,0
DA:152,0
DA:154,0
DA:156,0
DA:160,0
DA:173,0
DA:176,0
DA:177,0
DA:190,0
DA:191,0
DA:195,0
DA:196,0
DA:197,0
DA:203,0
DA:207,0
DA:222,0
DA:224,0
DA:225,0
DA:228,0
DA:229,0
DA:243,0
DA:247,0
DA:248,0
DA:252,0
DA:253,0
DA:259,0
DA:262,0
DA:276,0
DA:278,0
DA:279,0
DA:282,0
DA:283,0
DA:291,0
DA:293,0
DA:294,0
DA:295,0
DA:297,0
DA:305,0
DA:310,0
DA:311,0
DA:312,0
DA:315,0
DA:316,0
DA:319,0
DA:320,0
DA:321,0
DA:324,0
DA:325,0
DA:328,0
DA:335,0
DA:336,0
DA:339,0
DA:346,0
DA:353,0
DA:355,0
DA:356,0
DA:358,0
DA:360,0
DA:363,0
DA:364,0
DA:368,0
DA:380,0
DA:383,0
DA:385,0
DA:388,0
DA:397,0
DA:399,0
DA:402,0
DA:404,0
DA:410,0
DA:416,0
DA:429,0
DA:430,0
DA:433,0
DA:441,0
DA:442,0
DA:443,0
DA:444,0
DA:450,0
DA:456,0
DA:458,0
DA:459,0
DA:473,0
DA:476,0
DA:477,0
DA:479,0
DA:481,0
DA:483,0
DA:485,0
DA:494,0
DA:495,0
DA:498,0
DA:516,0
DA:519,0
DA:538,0
DA:539,0
DA:542,0
DA:543,0
DA:545,0
DA:546,0
DA:548,0
DA:549,0
DA:552,0
DA:560,0
DA:561,0
DA:568,0
DA:570,0
DA:573,0
DA:576,0
DA:578,0
DA:586,0
DA:587,0
DA:589,0
DA:605,0
DA:614,0
DA:626,0
DA:627,0
DA:630,0
DA:631,0
DA:644,0
DA:652,0
DA:654,0
DA:655,0
DA:656,0
DA:659,0
DA:661,0
DA:663,0
DA:671,0
DA:673,0
DA:674,0
DA:675,0
DA:677,0
DA:678,0
DA:686,0
DA:690,0
DA:698,0
DA:700,0
DA:701,0
DA:705,0
DA:708,0
DA:709,0
DA:711,0
DA:715,0
LF:172
LH:0
BRDA:92,0,0,0
BRDA:143,1,0,0
BRDA:154,2,0,0
BRDA:161,3,0,0
BRDA:161,3,1,0
BRDA:190,4,0,0
BRDA:195,5,0,0
BRDA:222,6,0,0
BRDA:222,6,1,0
BRDA:222,6,2,0
BRDA:243,7,0,0
BRDA:243,7,1,0
BRDA:243,7,2,0
BRDA:243,7,3,0
BRDA:243,7,4,0
BRDA:243,7,5,0
BRDA:247,8,0,0
BRDA:252,9,0,0
BRDA:276,10,0,0
BRDA:276,10,1,0
BRDA:276,10,2,0
BRDA:310,11,0,0
BRDA:312,12,0,0
BRDA:312,12,1,0
BRDA:315,13,0,0
BRDA:319,14,0,0
BRDA:319,15,0,0
BRDA:319,15,1,0
BRDA:324,16,0,0
BRDA:335,17,0,0
BRDA:356,18,0,0
BRDA:363,19,0,0
BRDA:410,20,0,0
BRDA:410,20,1,0
BRDA:477,21,0,0
BRDA:477,21,1,0
BRDA:477,21,2,0
BRDA:477,21,3,0
BRDA:499,22,0,0
BRDA:499,22,1,0
BRDA:500,23,0,0
BRDA:500,23,1,0
BRDA:506,24,0,0
BRDA:506,24,1,0
BRDA:507,25,0,0
BRDA:507,25,1,0
BRDA:538,26,0,0
BRDA:548,27,0,0
BRDA:548,27,1,0
BRDA:549,28,0,0
BRDA:549,28,1,0
BRDA:552,29,0,0
BRDA:552,29,1,0
BRDA:570,30,0,0
BRDA:570,30,1,0
BRDA:570,30,2,0
BRDA:576,31,0,0
BRDA:576,31,1,0
BRDA:630,32,0,0
BRDA:655,33,0,0
BRDA:655,33,1,0
BRDA:675,34,0,0
BRDA:675,34,1,0
BRDA:700,35,0,0
BRF:64
BRH:0
end_of_record
TN:
SF:server\features\bills\voting-pattern-analysis.ts
FN:103,(anonymous_0)
FN:120,(anonymous_1)
FN:152,(anonymous_2)
FN:159,(anonymous_3)
FN:184,(anonymous_4)
FN:191,(anonymous_5)
FN:245,(anonymous_6)
FN:287,(anonymous_7)
FN:291,(anonymous_8)
FN:295,(anonymous_9)
FN:303,(anonymous_10)
FN:308,(anonymous_11)
FN:314,(anonymous_12)
FN:322,(anonymous_13)
FN:335,(anonymous_14)
FN:399,(anonymous_15)
FN:407,(anonymous_16)
FN:421,(anonymous_17)
FN:422,(anonymous_18)
FN:423,(anonymous_19)
FN:436,(anonymous_20)
FN:442,(anonymous_21)
FN:446,(anonymous_22)
FN:452,(anonymous_23)
FN:459,(anonymous_24)
FN:469,(anonymous_25)
FN:479,(anonymous_26)
FN:492,(anonymous_27)
FN:500,(anonymous_28)
FN:501,(anonymous_29)
FN:502,(anonymous_30)
FN:525,(anonymous_31)
FN:532,(anonymous_32)
FN:548,(anonymous_33)
FN:550,(anonymous_34)
FN:552,(anonymous_35)
FN:556,(anonymous_36)
FN:575,(anonymous_37)
FN:583,(anonymous_38)
FN:604,(anonymous_39)
FN:614,(anonymous_40)
FN:615,(anonymous_41)
FN:617,(anonymous_42)
FN:639,(anonymous_43)
FN:645,(anonymous_44)
FN:652,(anonymous_45)
FN:653,(anonymous_46)
FN:654,(anonymous_47)
FN:672,(anonymous_48)
FN:688,(anonymous_49)
FN:692,(anonymous_50)
FN:708,(anonymous_51)
FN:710,(anonymous_52)
FN:713,(anonymous_53)
FN:719,(anonymous_54)
FN:719,(anonymous_55)
FN:720,(anonymous_56)
FN:726,(anonymous_57)
FN:727,(anonymous_58)
FN:737,(anonymous_59)
FN:783,(anonymous_60)
FN:791,(anonymous_61)
FN:799,(anonymous_62)
FN:810,(anonymous_63)
FN:812,(anonymous_64)
FN:822,(anonymous_65)
FN:826,(anonymous_66)
FN:829,(anonymous_67)
FN:835,(anonymous_68)
FN:852,(anonymous_69)
FN:865,(anonymous_70)
FN:866,(anonymous_71)
FN:867,(anonymous_72)
FN:882,(anonymous_73)
FN:890,(anonymous_74)
FN:891,(anonymous_75)
FN:898,(anonymous_76)
FN:906,(anonymous_77)
FN:908,(anonymous_78)
FN:922,(anonymous_79)
FN:939,(anonymous_80)
FN:956,(anonymous_81)
FN:969,(anonymous_82)
FNF:83
FNH:0
FNDA:0,(anonymous_0)
FNDA:0,(anonymous_1)
FNDA:0,(anonymous_2)
FNDA:0,(anonymous_3)
FNDA:0,(anonymous_4)
FNDA:0,(anonymous_5)
FNDA:0,(anonymous_6)
FNDA:0,(anonymous_7)
FNDA:0,(anonymous_8)
FNDA:0,(anonymous_9)
FNDA:0,(anonymous_10)
FNDA:0,(anonymous_11)
FNDA:0,(anonymous_12)
FNDA:0,(anonymous_13)
FNDA:0,(anonymous_14)
FNDA:0,(anonymous_15)
FNDA:0,(anonymous_16)
FNDA:0,(anonymous_17)
FNDA:0,(anonymous_18)
FNDA:0,(anonymous_19)
FNDA:0,(anonymous_20)
FNDA:0,(anonymous_21)
FNDA:0,(anonymous_22)
FNDA:0,(anonymous_23)
FNDA:0,(anonymous_24)
FNDA:0,(anonymous_25)
FNDA:0,(anonymous_26)
FNDA:0,(anonymous_27)
FNDA:0,(anonymous_28)
FNDA:0,(anonymous_29)
FNDA:0,(anonymous_30)
FNDA:0,(anonymous_31)
FNDA:0,(anonymous_32)
FNDA:0,(anonymous_33)
FNDA:0,(anonymous_34)
FNDA:0,(anonymous_35)
FNDA:0,(anonymous_36)
FNDA:0,(anonymous_37)
FNDA:0,(anonymous_38)
FNDA:0,(anonymous_39)
FNDA:0,(anonymous_40)
FNDA:0,(anonymous_41)
FNDA:0,(anonymous_42)
FNDA:0,(anonymous_43)
FNDA:0,(anonymous_44)
FNDA:0,(anonymous_45)
FNDA:0,(anonymous_46)
FNDA:0,(anonymous_47)
FNDA:0,(anonymous_48)
FNDA:0,(anonymous_49)
FNDA:0,(anonymous_50)
FNDA:0,(anonymous_51)
FNDA:0,(anonymous_52)
FNDA:0,(anonymous_53)
FNDA:0,(anonymous_54)
FNDA:0,(anonymous_55)
FNDA:0,(anonymous_56)
FNDA:0,(anonymous_57)
FNDA:0,(anonymous_58)
FNDA:0,(anonymous_59)
FNDA:0,(anonymous_60)
FNDA:0,(anonymous_61)
FNDA:0,(anonymous_62)
FNDA:0,(anonymous_63)
FNDA:0,(anonymous_64)
FNDA:0,(anonymous_65)
FNDA:0,(anonymous_66)
FNDA:0,(anonymous_67)
FNDA:0,(anonymous_68)
FNDA:0,(anonymous_69)
FNDA:0,(anonymous_70)
FNDA:0,(anonymous_71)
FNDA:0,(anonymous_72)
FNDA:0,(anonymous_73)
FNDA:0,(anonymous_74)
FNDA:0,(anonymous_75)
FNDA:0,(anonymous_76)
FNDA:0,(anonymous_77)
FNDA:0,(anonymous_78)
FNDA:0,(anonymous_79)
FNDA:0,(anonymous_80)
FNDA:0,(anonymous_81)
FNDA:0,(anonymous_82)
DA:104,0
DA:110,0
DA:121,0
DA:125,0
DA:127,0
DA:128,0
DA:129,0
DA:131,0
DA:133,0
DA:134,0
DA:137,0
DA:149,0
DA:152,0
DA:163,0
DA:164,0
DA:166,0
DA:167,0
DA:169,0
DA:171,0
DA:172,0
DA:173,0
DA:175,0
DA:181,0
DA:184,0
DA:195,0
DA:196,0
DA:197,0
DA:200,0
DA:203,0
DA:206,0
DA:207,0
DA:210,0
DA:211,0
DA:212,0
DA:213,0
DA:219,0
DA:224,0
DA:229,0
DA:231,0
DA:249,0
DA:250,0
DA:252,0
DA:253,0
DA:255,0
DA:256,0
DA:260,0
DA:261,0
DA:264,0
DA:267,0
DA:270,0
DA:276,0
DA:288,0
DA:292,0
DA:296,0
DA:304,0
DA:305,0
DA:309,0
DA:314,0
DA:328,0
DA:339,0
DA:340,0
DA:342,0
DA:344,0
DA:345,0
DA:348,0
DA:349,0
DA:350,0
DA:352,0
DA:364,0
DA:372,0
DA:374,0
DA:377,0
DA:378,0
DA:379,0
DA:380,0
DA:382,0
DA:385,0
DA:396,0
DA:403,0
DA:406,0
DA:407,0
DA:408,0
DA:409,0
DA:411,0
DA:414,0
DA:415,0
DA:418,0
DA:419,0
DA:421,0
DA:422,0
DA:423,0
DA:426,0
DA:427,0
DA:429,0
DA:430,0
DA:433,0
DA:440,0
DA:442,0
DA:443,0
DA:445,0
DA:446,0
DA:449,0
DA:455,0
DA:458,0
DA:459,0
DA:460,0
DA:461,0
DA:463,0
DA:466,0
DA:467,0
DA:469,0
DA:470,0
DA:473,0
DA:476,0
DA:483,0
DA:484,0
DA:486,0
DA:487,0
DA:488,0
DA:491,0
DA:492,0
DA:495,0
DA:496,0
DA:498,0
DA:500,0
DA:501,0
DA:502,0
DA:504,0
DA:505,0
DA:506,0
DA:507,0
DA:508,0
DA:509,0
DA:511,0
DA:512,0
DA:516,0
DA:525,0
DA:529,0
DA:536,0
DA:537,0
DA:547,0
DA:548,0
DA:549,0
DA:550,0
DA:552,0
DA:555,0
DA:556,0
DA:557,0
DA:560,0
DA:561,0
DA:563,0
DA:579,0
DA:582,0
DA:583,0
DA:586,0
DA:587,0
DA:588,0
DA:590,0
DA:603,0
DA:604,0
DA:605,0
DA:606,0
DA:608,0
DA:611,0
DA:612,0
DA:614,0
DA:615,0
DA:616,0
DA:617,0
DA:619,0
DA:620,0
DA:621,0
DA:623,0
DA:636,0
DA:645,0
DA:647,0
DA:648,0
DA:649,0
DA:651,0
DA:652,0
DA:653,0
DA:654,0
DA:656,0
DA:657,0
DA:658,0
DA:659,0
DA:660,0
DA:661,0
DA:664,0
DA:665,0
DA:669,0
DA:672,0
DA:673,0
DA:677,0
DA:678,0
DA:679,0
DA:682,0
DA:688,0
DA:693,0
DA:694,0
DA:696,0
DA:699,0
DA:707,0
DA:708,0
DA:710,0
DA:718,0
DA:719,0
DA:720,0
DA:722,0
DA:724,0
DA:725,0
DA:726,0
DA:727,0
DA:729,0
DA:730,0
DA:734,0
DA:741,0
DA:744,0
DA:746,0
DA:747,0
DA:748,0
DA:749,0
DA:751,0
DA:756,0
DA:757,0
DA:759,0
DA:760,0
DA:761,0
DA:763,0
DA:766,0
DA:767,0
DA:768,0
DA:769,0
DA:780,0
DA:787,0
DA:788,0
DA:791,0
DA:792,0
DA:793,0
DA:795,0
DA:799,0
DA:800,0
DA:801,0
DA:803,0
DA:806,0
DA:808,0
DA:809,0
DA:810,0
DA:811,0
DA:812,0
DA:814,0
DA:815,0
DA:819,0
DA:823,0
DA:824,0
DA:826,0
DA:833,0
DA:835,0
DA:836,0
DA:837,0
DA:839,0
DA:840,0
DA:842,0
DA:845,0
DA:847,0
DA:848,0
DA:851,0
DA:852,0
DA:853,0
DA:854,0
DA:856,0
DA:859,0
DA:860,0
DA:862,0
DA:863,0
DA:865,0
DA:866,0
DA:867,0
DA:869,0
DA:870,0
DA:871,0
DA:874,0
DA:875,0
DA:879,0
DA:883,0
DA:885,0
DA:886,0
DA:888,0
DA:890,0
DA:891,0
DA:893,0
DA:894,0
DA:895,0
DA:902,0
DA:905,0
DA:906,0
DA:908,0
DA:910,0
DA:911,0
DA:912,0
DA:921,0
DA:922,0
DA:923,0
DA:926,0
DA:927,0
DA:929,0
DA:936,0
DA:944,0
DA:946,0
DA:947,0
DA:948,0
DA:951,0
DA:952,0
DA:953,0
DA:956,0
DA:957,0
DA:958,0
DA:961,0
DA:962,0
DA:963,0
DA:966,0
DA:970,0
DA:971,0
DA:972,0
DA:973,0
DA:975,0
DA:979,0
LF:327
LH:0
BRDA:121,0,0,0
BRDA:121,0,1,0
BRDA:131,1,0,0
BRDA:164,2,0,0
BRDA:167,3,0,0
BRDA:167,3,1,0
BRDA:173,4,0,0
BRDA:196,5,0,0
BRDA:203,6,0,0
BRDA:203,6,1,0
BRDA:247,7,0,0
BRDA:255,8,0,0
BRDA:342,9,0,0
BRDA:350,10,0,0
BRDA:356,11,0,0
BRDA:356,11,1,0
BRDA:357,12,0,0
BRDA:357,12,1,0
BRDA:377,13,0,0
BRDA:377,13,1,0
BRDA:379,14,0,0
BRDA:379,14,1,0
BRDA:389,15,0,0
BRDA:389,15,1,0
BRDA:390,16,0,0
BRDA:390,16,1,0
BRDA:391,17,0,0
BRDA:391,17,1,0
BRDA:403,18,0,0
BRDA:408,19,0,0
BRDA:419,20,0,0
BRDA:433,21,0,0
BRDA:433,21,1,0
BRDA:440,22,0,0
BRDA:443,23,0,0
BRDA:460,24,0,0
BRDA:467,25,0,0
BRDA:488,26,0,0
BRDA:498,27,0,0
BRDA:504,28,0,0
BRDA:504,28,1,0
BRDA:504,29,0,0
BRDA:504,29,1,0
BRDA:507,30,0,0
BRDA:507,30,1,0
BRDA:536,31,0,0
BRDA:550,32,0,0
BRDA:550,32,1,0
BRDA:557,33,0,0
BRDA:557,33,1,0
BRDA:565,34,0,0
BRDA:565,34,1,0
BRDA:570,35,0,0
BRDA:570,35,1,0
BRDA:583,36,0,0
BRDA:583,36,1,0
BRDA:588,37,0,0
BRDA:605,38,0,0
BRDA:612,39,0,0
BRDA:616,40,0,0
BRDA:616,40,1,0
BRDA:617,41,0,0
BRDA:617,41,1,0
BRDA:621,42,0,0
BRDA:651,43,0,0
BRDA:656,44,0,0
BRDA:656,44,1,0
BRDA:656,45,0,0
BRDA:656,45,1,0
BRDA:659,46,0,0
BRDA:673,47,0,0
BRDA:673,47,1,0
BRDA:677,48,0,0
BRDA:694,49,0,0
BRDA:702,50,0,0
BRDA:702,50,1,0
BRDA:722,51,0,0
BRDA:729,52,0,0
BRDA:748,53,0,0
BRDA:760,54,0,0
BRDA:767,55,0,0
BRDA:770,56,0,0
BRDA:770,56,1,0
BRDA:773,57,0,0
BRDA:773,57,1,0
BRDA:792,58,0,0
BRDA:795,59,0,0
BRDA:800,60,0,0
BRDA:803,61,0,0
BRDA:811,62,0,0
BRDA:811,62,1,0
BRDA:814,63,0,0
BRDA:824,64,0,0
BRDA:839,65,0,0
BRDA:848,66,0,0
BRDA:853,67,0,0
BRDA:863,68,0,0
BRDA:874,69,0,0
BRDA:883,70,0,0
BRDA:888,71,0,0
BRDA:893,72,0,0
BRDA:894,73,0,0
BRDA:906,74,0,0
BRDA:906,74,1,0
BRDA:910,75,0,0
BRDA:916,76,0,0
BRDA:916,76,1,0
BRDA:923,77,0,0
BRDA:923,77,1,0
BRDA:933,78,0,0
BRDA:933,78,1,0
BRDA:946,79,0,0
BRDA:951,80,0,0
BRDA:957,81,0,0
BRDA:957,82,0,0
BRDA:957,82,1,0
BRDA:961,83,0,0
BRDA:970,84,0,0
BRDA:971,85,0,0
BRDA:973,86,0,0
BRDA:973,86,1,0
BRF:121
BRH:0
end_of_record
TN:
SF:server\features\coverage\coverage-routes.ts
FN:11,(anonymous_0)
FN:32,(anonymous_1)
FN:53,(anonymous_2)
FN:74,(anonymous_3)
FN:95,(anonymous_4)
FN:113,(anonymous_5)
FN:114,(anonymous_6)
FN:115,(anonymous_7)
FN:116,(anonymous_8)
FN:134,(anonymous_9)
FNF:10
FNH:0
FNDA:0,(anonymous_0)
FNDA:0,(anonymous_1)
FNDA:0,(anonymous_2)
FNDA:0,(anonymous_3)
FNDA:0,(anonymous_4)
FNDA:0,(anonymous_5)
FNDA:0,(anonymous_6)
FNDA:0,(anonymous_7)
FNDA:0,(anonymous_8)
FNDA:0,(anonymous_9)
DA:4,0
DA:5,0
DA:11,0
DA:12,0
DA:13,0
DA:14,0
DA:19,0
DA:20,0
DA:32,0
DA:33,0
DA:34,0
DA:35,0
DA:40,0
DA:41,0
DA:53,0
DA:54,0
DA:55,0
DA:56,0
DA:61,0
DA:62,0
DA:74,0
DA:75,0
DA:76,0
DA:77,0
DA:82,0
DA:83,0
DA:95,0
DA:96,0
DA:97,0
DA:98,0
DA:99,0
DA:101,0
DA:107,0
DA:113,0
DA:114,0
DA:115,0
DA:116,0
DA:121,0
DA:122,0
DA:134,0
DA:135,0
DA:136,0
DA:139,0
DA:141,0
DA:142,0
DA:144,0
DA:145,0
DA:147,0
DA:148,0
DA:151,0
DA:152,0
DA:155,0
DA:161,0
DA:162,0
LF:54
LH:0
BRDA:23,0,0,0
BRDA:23,0,1,0
BRDA:44,1,0,0
BRDA:44,1,1,0
BRDA:65,2,0,0
BRDA:65,2,1,0
BRDA:86,3,0,0
BRDA:86,3,1,0
BRDA:125,4,0,0
BRDA:125,4,1,0
BRDA:139,5,0,0
BRDA:139,5,1,0
BRDA:139,5,2,0
BRDA:139,5,3,0
BRDA:139,5,4,0
BRDA:158,6,0,0
BRDA:158,6,1,0
BRDA:165,7,0,0
BRDA:165,7,1,0
BRF:19
BRH:0
end_of_record
TN:
SF:server\features\users\ExpertVerificationService.ts
FN:20,(anonymous_0)
FN:74,(anonymous_1)
FN:76,(anonymous_2)
FN:77,(anonymous_3)
FN:80,(anonymous_4)
FN:81,(anonymous_5)
FN:82,(anonymous_6)
FN:85,(anonymous_7)
FN:86,(anonymous_8)
FN:87,(anonymous_9)
FN:99,(anonymous_10)
FN:100,(anonymous_11)
FN:101,(anonymous_12)
FN:102,(anonymous_13)
FN:112,(anonymous_14)
FN:130,(anonymous_15)
FN:162,(anonymous_16)
FN:206,(anonymous_17)
FN:217,(anonymous_18)
FN:218,(anonymous_19)
FN:234,(anonymous_20)
FN:240,(anonymous_21)
FN:245,(anonymous_22)
FN:260,(anonymous_23)
FN:271,(anonymous_24)
FN:292,(anonymous_25)
FN:302,(anonymous_26)
FN:319,(anonymous_27)
FN:330,(anonymous_28)
FN:331,(anonymous_29)
FN:341,(anonymous_30)
FN:343,(anonymous_31)
FN:347,(anonymous_32)
FN:367,(anonymous_33)
FN:370,(anonymous_34)
FN:383,(anonymous_35)
FN:401,(anonymous_36)
FN:418,(anonymous_37)
FN:440,(anonymous_38)
FN:451,(anonymous_39)
FN:470,(anonymous_40)
FN:492,(anonymous_41)
FN:497,(anonymous_42)
FN:500,(anonymous_43)
FN:506,(anonymous_44)
FN:526,(anonymous_45)
FN:529,(anonymous_46)
FN:532,(anonymous_47)
FN:553,(anonymous_48)
FN:558,(anonymous_49)
FN:614,(anonymous_50)
FN:638,(anonymous_51)
FNF:52
FNH:0
FNDA:0,(anonymous_0)
FNDA:0,(anonymous_1)
FNDA:0,(anonymous_2)
FNDA:0,(anonymous_3)
FNDA:0,(anonymous_4)
FNDA:0,(anonymous_5)
FNDA:0,(anonymous_6)
FNDA:0,(anonymous_7)
FNDA:0,(anonymous_8)
FNDA:0,(anonymous_9)
FNDA:0,(anonymous_10)
FNDA:0,(anonymous_11)
FNDA:0,(anonymous_12)
FNDA:0,(anonymous_13)
FNDA:0,(anonymous_14)
FNDA:0,(anonymous_15)
FNDA:0,(anonymous_16)
FNDA:0,(anonymous_17)
FNDA:0,(anonymous_18)
FNDA:0,(anonymous_19)
FNDA:0,(anonymous_20)
FNDA:0,(anonymous_21)
FNDA:0,(anonymous_22)
FNDA:0,(anonymous_23)
FNDA:0,(anonymous_24)
FNDA:0,(anonymous_25)
FNDA:0,(anonymous_26)
FNDA:0,(anonymous_27)
FNDA:0,(anonymous_28)
FNDA:0,(anonymous_29)
FNDA:0,(anonymous_30)
FNDA:0,(anonymous_31)
FNDA:0,(anonymous_32)
FNDA:0,(anonymous_33)
FNDA:0,(anonymous_34)
FNDA:0,(anonymous_35)
FNDA:0,(anonymous_36)
FNDA:0,(anonymous_37)
FNDA:0,(anonymous_38)
FNDA:0,(anonymous_39)
FNDA:0,(anonymous_40)
FNDA:0,(anonymous_41)
FNDA:0,(anonymous_42)
FNDA:0,(anonymous_43)
FNDA:0,(anonymous_44)
FNDA:0,(anonymous_45)
FNDA:0,(anonymous_46)
FNDA:0,(anonymous_47)
FNDA:0,(anonymous_48)
FNDA:0,(anonymous_49)
FNDA:0,(anonymous_50)
FNDA:0,(anonymous_51)
DA:21,0
DA:22,0
DA:23,0
DA:65,0
DA:66,0
DA:67,0
DA:68,0
DA:69,0
DA:70,0
DA:71,0
DA:72,0
DA:75,0
DA:76,0
DA:79,0
DA:81,0
DA:84,0
DA:85,0
DA:88,0
DA:89,0
DA:97,0
DA:99,0
DA:100,0
DA:101,0
DA:105,0
DA:113,0
DA:114,0
DA:116,0
DA:117,0
DA:119,0
DA:120,0
DA:131,0
DA:133,0
DA:136,0
DA:139,0
DA:144,0
DA:145,0
DA:146,0
DA:149,0
DA:152,0
DA:167,0
DA:168,0
DA:171,0
DA:175,0
DA:177,0
DA:180,0
DA:183,0
DA:188,0
DA:190,0
DA:191,0
DA:192,0
DA:194,0
DA:207,0
DA:208,0
DA:218,0
DA:220,0
DA:221,0
DA:222,0
DA:225,0
DA:238,0
DA:240,0
DA:241,0
DA:243,0
DA:244,0
DA:245,0
DA:247,0
DA:251,0
DA:263,0
DA:264,0
DA:265,0
DA:267,0
DA:268,0
DA:270,0
DA:271,0
DA:272,0
DA:281,0
DA:293,0
DA:303,0
DA:304,0
DA:305,0
DA:319,0
DA:320,0
DA:321,0
DA:331,0
DA:332,0
DA:342,0
DA:343,0
DA:346,0
DA:347,0
DA:350,0
DA:351,0
DA:353,0
DA:354,0
DA:368,0
DA:370,0
DA:371,0
DA:372,0
DA:384,0
DA:385,0
DA:386,0
DA:387,0
DA:390,0
DA:393,0
DA:399,0
DA:400,0
DA:402,0
DA:404,0
DA:405,0
DA:407,0
DA:411,0
DA:417,0
DA:418,0
DA:419,0
DA:424,0
DA:426,0
DA:427,0
DA:445,0
DA:446,0
DA:451,0
DA:453,0
DA:454,0
DA:463,0
DA:470,0
DA:475,0
DA:477,0
DA:478,0
DA:479,0
DA:481,0
DA:493,0
DA:494,0
DA:497,0
DA:500,0
DA:503,0
DA:506,0
DA:508,0
DA:513,0
DA:514,0
DA:528,0
DA:529,0
DA:531,0
DA:532,0
DA:534,0
DA:536,0
DA:537,0
DA:540,0
DA:541,0
DA:542,0
DA:543,0
DA:545,0
DA:554,0
DA:555,0
DA:558,0
DA:560,0
DA:561,0
DA:562,0
DA:567,0
DA:586,0
DA:587,0
DA:588,0
DA:590,0
DA:596,0
DA:600,0
DA:601,0
DA:619,0
DA:620,0
DA:622,0
DA:627,0
DA:629,0
DA:639,0
LF:168
LH:0
BRDA:22,0,0,0
BRDA:75,1,0,0
BRDA:76,2,0,0
BRDA:76,2,1,0
BRDA:79,3,0,0
BRDA:84,4,0,0
BRDA:88,5,0,0
BRDA:88,6,0,0
BRDA:88,6,1,0
BRDA:144,7,0,0
BRDA:152,8,0,0
BRDA:152,8,1,0
BRDA:167,9,0,0
BRDA:191,10,0,0
BRDA:196,11,0,0
BRDA:196,11,1,0
BRDA:207,12,0,0
BRDA:207,13,0,0
BRDA:207,13,1,0
BRDA:220,14,0,0
BRDA:220,15,0,0
BRDA:220,15,1,0
BRDA:267,16,0,0
BRDA:267,16,1,0
BRDA:270,17,0,0
BRDA:356,18,0,0
BRDA:356,18,1,0
BRDA:373,19,0,0
BRDA:373,19,1,0
BRDA:385,20,0,0
BRDA:417,21,0,0
BRDA:417,22,0,0
BRDA:417,22,1,0
BRDA:429,23,0,0
BRDA:429,23,1,0
BRDA:453,24,0,0
BRDA:478,25,0,0
BRDA:483,26,0,0
BRDA:483,26,1,0
BRDA:516,27,0,0
BRDA:516,27,1,0
BRDA:540,28,0,0
BRDA:540,28,1,0
BRDA:540,29,0,0
BRDA:540,29,1,0
BRDA:542,30,0,0
BRDA:542,30,1,0
BRDA:542,31,0,0
BRDA:542,31,1,0
BRDA:560,32,0,0
BRDA:603,33,0,0
BRDA:603,33,1,0
BRDA:620,34,0,0
BRDA:627,35,0,0
BRF:54
BRH:0
end_of_record
TN:
SF:server\infrastructure\cache\cache-service.ts
FN:52,(anonymous_0)
FN:53,(anonymous_1)
FN:54,(anonymous_2)
FN:55,(anonymous_3)
FN:56,(anonymous_4)
FN:57,(anonymous_5)
FN:58,(anonymous_6)
FN:59,(anonymous_7)
FN:60,(anonymous_8)
FN:61,(anonymous_9)
FN:62,(anonymous_10)
FN:63,(anonymous_11)
FN:77,(anonymous_12)
FN:82,(anonymous_13)
FN:94,(anonymous_14)
FN:122,(anonymous_15)
FN:144,(anonymous_16)
FN:163,(anonymous_17)
FN:168,(anonymous_18)
FN:180,(anonymous_19)
FN:194,(anonymous_20)
FN:219,(anonymous_21)
FN:233,(anonymous_22)
FN:240,(anonymous_23)
FN:279,(anonymous_24)
FN:304,(anonymous_25)
FN:323,(anonymous_26)
FN:339,(anonymous_27)
FN:374,(anonymous_28)
FN:399,(anonymous_29)
FN:401,(anonymous_30)
FN:402,(anonymous_31)
FN:409,(anonymous_32)
FN:416,(anonymous_33)
FN:434,(anonymous_34)
FN:441,(anonymous_35)
FN:448,(anonymous_36)
FN:455,(anonymous_37)
FN:456,(anonymous_38)
FN:464,(anonymous_39)
FNF:40
FNH:0
FNDA:0,(anonymous_0)
FNDA:0,(anonymous_1)
FNDA:0,(anonymous_2)
FNDA:0,(anonymous_3)
FNDA:0,(anonymous_4)
FNDA:0,(anonymous_5)
FNDA:0,(anonymous_6)
FNDA:0,(anonymous_7)
FNDA:0,(anonymous_8)
FNDA:0,(anonymous_9)
FNDA:0,(anonymous_10)
FNDA:0,(anonymous_11)
FNDA:0,(anonymous_12)
FNDA:0,(anonymous_13)
FNDA:0,(anonymous_14)
FNDA:0,(anonymous_15)
FNDA:0,(anonymous_16)
FNDA:0,(anonymous_17)
FNDA:0,(anonymous_18)
FNDA:0,(anonymous_19)
FNDA:0,(anonymous_20)
FNDA:0,(anonymous_21)
FNDA:0,(anonymous_22)
FNDA:0,(anonymous_23)
FNDA:0,(anonymous_24)
FNDA:0,(anonymous_25)
FNDA:0,(anonymous_26)
FNDA:0,(anonymous_27)
FNDA:0,(anonymous_28)
FNDA:0,(anonymous_29)
FNDA:0,(anonymous_30)
FNDA:0,(anonymous_31)
FNDA:0,(anonymous_32)
FNDA:0,(anonymous_33)
FNDA:0,(anonymous_34)
FNDA:0,(anonymous_35)
FNDA:0,(anonymous_36)
FNDA:0,(anonymous_37)
FNDA:0,(anonymous_38)
FNDA:0,(anonymous_39)
DA:30,0
DA:51,0
DA:52,0
DA:53,0
DA:54,0
DA:55,0
DA:56,0
DA:57,0
DA:58,0
DA:59,0
DA:60,0
DA:61,0
DA:62,0
DA:63,0
DA:67,0
DA:68,0
DA:78,0
DA:86,0
DA:87,0
DA:95,0
DA:96,0
DA:98,0
DA:99,0
DA:100,0
DA:104,0
DA:105,0
DA:106,0
DA:107,0
DA:108,0
DA:112,0
DA:113,0
DA:115,0
DA:116,0
DA:124,0
DA:125,0
DA:128,0
DA:129,0
DA:142,0
DA:150,0
DA:151,0
DA:152,0
DA:156,0
DA:157,0
DA:158,0
DA:162,0
DA:164,0
DA:165,0
DA:166,0
DA:169,0
DA:170,0
DA:173,0
DA:174,0
DA:181,0
DA:182,0
DA:184,0
DA:185,0
DA:188,0
DA:195,0
DA:196,0
DA:197,0
DA:200,0
DA:201,0
DA:202,0
DA:207,0
DA:208,0
DA:209,0
DA:213,0
DA:221,0
DA:222,0
DA:225,0
DA:226,0
DA:227,0
DA:234,0
DA:241,0
DA:242,0
DA:243,0
DA:246,0
DA:247,0
DA:249,0
DA:252,0
DA:253,0
DA:254,0
DA:257,0
DA:262,0
DA:265,0
DA:280,0
DA:281,0
DA:282,0
DA:285,0
DA:286,0
DA:287,0
DA:292,0
DA:293,0
DA:294,0
DA:298,0
DA:306,0
DA:307,0
DA:308,0
DA:311,0
DA:312,0
DA:315,0
DA:316,0
DA:324,0
DA:325,0
DA:328,0
DA:329,0
DA:330,0
DA:333,0
DA:348,0
DA:349,0
DA:351,0
DA:352,0
DA:355,0
DA:356,0
DA:357,0
DA:360,0
DA:375,0
DA:376,0
DA:378,0
DA:381,0
DA:382,0
DA:383,0
DA:387,0
DA:388,0
DA:389,0
DA:390,0
DA:393,0
DA:400,0
DA:401,0
DA:402,0
DA:410,0
DA:411,0
DA:417,0
DA:418,0
DA:421,0
DA:422,0
DA:423,0
DA:424,0
DA:428,0
DA:429,0
DA:430,0
DA:435,0
DA:436,0
DA:437,0
DA:442,0
DA:443,0
DA:444,0
DA:449,0
DA:450,0
DA:451,0
DA:452,0
DA:456,0
DA:457,0
DA:458,0
DA:459,0
DA:465,0
DA:466,0
DA:467,0
DA:473,0
LF:159
LH:0
BRDA:77,0,0,0
BRDA:79,1,0,0
BRDA:79,1,1,0
BRDA:80,2,0,0
BRDA:80,2,1,0
BRDA:81,3,0,0
BRDA:81,3,1,0
BRDA:82,4,0,0
BRDA:82,4,1,0
BRDA:86,5,0,0
BRDA:98,6,0,0
BRDA:105,7,0,0
BRDA:122,8,0,0
BRDA:124,9,0,0
BRDA:124,10,0,0
BRDA:124,10,1,0
BRDA:147,11,0,0
BRDA:151,12,0,0
BRDA:157,13,0,0
BRDA:184,14,0,0
BRDA:184,15,0,0
BRDA:184,15,1,0
BRDA:201,16,0,0
BRDA:208,17,0,0
BRDA:242,18,0,0
BRDA:242,18,1,0
BRDA:243,19,0,0
BRDA:243,19,1,0
BRDA:286,20,0,0
BRDA:293,21,0,0
BRDA:307,22,0,0
BRDA:312,23,0,0
BRDA:312,23,1,0
BRDA:315,24,0,0
BRDA:325,25,0,0
BRDA:328,26,0,0
BRDA:349,27,0,0
BRDA:355,28,0,0
BRDA:376,29,0,0
BRDA:381,30,0,0
BRDA:389,31,0,0
BRDA:399,32,0,0
BRDA:422,33,0,0
BRDA:428,34,0,0
BRDA:435,35,0,0
BRDA:442,36,0,0
BRDA:458,37,0,0
BRDA:465,38,0,0
BRF:48
BRH:0
end_of_record
TN:
SF:server\infrastructure\database\config.ts
FN:14,(anonymous_0)
FN:20,(anonymous_1)
FN:23,(anonymous_2)
FN:28,(anonymous_3)
FN:33,(anonymous_4)
FN:39,initializeConnections
FNF:6
FNH:0
FNDA:0,(anonymous_0)
FNDA:0,(anonymous_1)
FNDA:0,(anonymous_2)
FNDA:0,(anonymous_3)
FNDA:0,(anonymous_4)
FNDA:0,initializeConnections
DA:6,0
DA:14,0
DA:21,0
DA:24,0
DA:25,0
DA:29,0
DA:30,0
DA:34,0
DA:35,0
DA:40,0
DA:41,0
DA:43,0
DA:45,0
LF:13
LH:0
BRDA:30,0,0,0
BRDA:35,1,0,0
BRF:2
BRH:0
end_of_record
TN:
SF:server\infrastructure\database\connection-pool.ts
FN:41,(anonymous_0)
FN:63,(anonymous_1)
FN:74,(anonymous_2)
FN:148,(anonymous_3)
FN:208,(anonymous_4)
FN:210,(anonymous_5)
FN:229,(anonymous_6)
FN:231,(anonymous_7)
FN:238,(anonymous_8)
FN:240,(anonymous_9)
FN:241,(anonymous_10)
FN:248,(anonymous_11)
FN:289,(anonymous_12)
FN:298,(anonymous_13)
FN:315,(anonymous_14)
FN:323,(anonymous_15)
FNF:16
FNH:0
FNDA:0,(anonymous_0)
FNDA:0,(anonymous_1)
FNDA:0,(anonymous_2)
FNDA:0,(anonymous_3)
FNDA:0,(anonymous_4)
FNDA:0,(anonymous_5)
FNDA:0,(anonymous_6)
FNDA:0,(anonymous_7)
FNDA:0,(anonymous_8)
FNDA:0,(anonymous_9)
FNDA:0,(anonymous_10)
FNDA:0,(anonymous_11)
FNDA:0,(anonymous_12)
FNDA:0,(anonymous_13)
FNDA:0,(anonymous_14)
FNDA:0,(anonymous_15)
DA:42,0
DA:56,0
DA:57,0
DA:65,0
DA:68,0
DA:79,0
DA:80,0
DA:82,0
DA:84,0
DA:90,0
DA:93,0
DA:101,0
DA:102,0
DA:103,0
DA:107,0
DA:109,0
DA:116,0
DA:117,0
DA:120,0
DA:128,0
DA:131,0
DA:133,0
DA:134,0
DA:141,0
DA:152,0
DA:153,0
DA:155,0
DA:157,0
DA:158,0
DA:160,0
DA:162,0
DA:164,0
DA:166,0
DA:167,0
DA:174,0
DA:177,0
DA:178,0
DA:179,0
DA:181,0
DA:185,0
DA:186,0
DA:188,0
DA:189,0
DA:196,0
DA:198,0
DA:199,0
DA:200,0
DA:209,0
DA:210,0
DA:213,0
DA:230,0
DA:231,0
DA:239,0
DA:240,0
DA:241,0
DA:257,0
DA:258,0
DA:259,0
DA:264,0
DA:266,0
DA:269,0
DA:270,0
DA:271,0
DA:272,0
DA:275,0
DA:291,0
DA:292,0
DA:299,0
DA:300,0
DA:301,0
DA:306,0
DA:307,0
DA:317,0
DA:324,0
DA:325,0
DA:328,0
DA:330,0
DA:340,0
DA:342,0
DA:343,0
DA:346,0
DA:347,0
DA:350,0
DA:351,0
DA:354,0
DA:355,0
DA:358,0
DA:359,0
DA:362,0
DA:363,0
DA:366,0
DA:367,0
DA:369,0
DA:375,0
LF:94
LH:0
BRDA:87,0,0,0
BRDA:87,0,1,0
BRDA:102,1,0,0
BRDA:107,2,0,0
BRDA:107,2,1,0
BRDA:111,3,0,0
BRDA:111,3,1,0
BRDA:131,4,0,0
BRDA:131,4,1,0
BRDA:133,5,0,0
BRDA:133,5,1,0
BRDA:177,6,0,0
BRDA:188,7,0,0
BRDA:188,7,1,0
BRDA:198,8,0,0
BRDA:209,9,0,0
BRDA:209,9,1,0
BRDA:229,10,0,0
BRDA:238,11,0,0
BRDA:238,12,0,0
BRDA:259,13,0,0
BRDA:259,13,1,0
BRDA:269,14,0,0
BRDA:269,14,1,0
BRDA:269,15,0,0
BRDA:269,15,1,0
BRDA:269,15,2,0
BRDA:269,15,3,0
BRDA:271,16,0,0
BRDA:271,17,0,0
BRDA:271,17,1,0
BRDA:271,17,2,0
BRDA:342,18,0,0
BRDA:346,19,0,0
BRDA:350,20,0,0
BRDA:354,21,0,0
BRDA:358,22,0,0
BRDA:362,23,0,0
BRDA:366,24,0,0
BRDA:366,24,1,0
BRF:40
BRH:0
end_of_record
TN:
SF:server\infrastructure\database\database-service.ts
FN:85,(anonymous_0)
FN:99,(anonymous_1)
FN:135,(anonymous_2)
FN:136,(anonymous_3)
FN:144,(anonymous_4)
FN:157,(anonymous_5)
FN:162,(anonymous_6)
FN:171,(anonymous_7)
FN:186,(anonymous_8)
FN:187,(anonymous_9)
FN:188,(anonymous_10)
FN:191,(anonymous_11)
FN:208,(anonymous_12)
FN:216,(anonymous_13)
FN:224,(anonymous_14)
FN:297,(anonymous_15)
FN:306,(anonymous_16)
FN:312,(anonymous_17)
FN:324,(anonymous_18)
FN:345,(anonymous_19)
FN:360,(anonymous_20)
FN:434,(anonymous_21)
FN:479,(anonymous_22)
FN:503,(anonymous_23)
FN:532,(anonymous_24)
FN:539,(anonymous_25)
FN:546,(anonymous_26)
FN:553,(anonymous_27)
FN:560,(anonymous_28)
FN:577,(anonymous_29)
FN:583,(anonymous_30)
FN:587,(anonymous_31)
FN:605,(anonymous_32)
FN:617,(anonymous_33)
FN:618,(anonymous_34)
FN:640,(anonymous_35)
FN:652,(anonymous_36)
FNF:37
FNH:0
FNDA:0,(anonymous_0)
FNDA:0,(anonymous_1)
FNDA:0,(anonymous_2)
FNDA:0,(anonymous_3)
FNDA:0,(anonymous_4)
FNDA:0,(anonymous_5)
FNDA:0,(anonymous_6)
FNDA:0,(anonymous_7)
FNDA:0,(anonymous_8)
FNDA:0,(anonymous_9)
FNDA:0,(anonymous_10)
FNDA:0,(anonymous_11)
FNDA:0,(anonymous_12)
FNDA:0,(anonymous_13)
FNDA:0,(anonymous_14)
FNDA:0,(anonymous_15)
FNDA:0,(anonymous_16)
FNDA:0,(anonymous_17)
FNDA:0,(anonymous_18)
FNDA:0,(anonymous_19)
FNDA:0,(anonymous_20)
FNDA:0,(anonymous_21)
FNDA:0,(anonymous_22)
FNDA:0,(anonymous_23)
FNDA:0,(anonymous_24)
FNDA:0,(anonymous_25)
FNDA:0,(anonymous_26)
FNDA:0,(anonymous_27)
FNDA:0,(anonymous_28)
FNDA:0,(anonymous_29)
FNDA:0,(anonymous_30)
FNDA:0,(anonymous_31)
FNDA:0,(anonymous_32)
FNDA:0,(anonymous_33)
FNDA:0,(anonymous_34)
FNDA:0,(anonymous_35)
FNDA:0,(anonymous_36)
DA:3,0
DA:65,0
DA:66,0
DA:67,0
DA:68,0
DA:69,0
DA:72,0
DA:73,0
DA:74,0
DA:75,0
DA:78,0
DA:87,0
DA:88,0
DA:89,0
DA:91,0
DA:92,0
DA:100,0
DA:103,0
DA:104,0
DA:117,0
DA:136,0
DA:137,0
DA:138,0
DA:139,0
DA:140,0
DA:141,0
DA:144,0
DA:145,0
DA:153,0
DA:154,0
DA:157,0
DA:158,0
DA:162,0
DA:172,0
DA:173,0
DA:174,0
DA:175,0
DA:177,0
DA:178,0
DA:187,0
DA:188,0
DA:191,0
DA:192,0
DA:193,0
DA:194,0
DA:195,0
DA:197,0
DA:201,0
DA:209,0
DA:210,0
DA:214,0
DA:216,0
DA:217,0
DA:226,0
DA:227,0
DA:228,0
DA:229,0
DA:238,0
DA:241,0
DA:243,0
DA:244,0
DA:245,0
DA:246,0
DA:247,0
DA:249,0
DA:250,0
DA:251,0
DA:252,0
DA:255,0
DA:256,0
DA:259,0
DA:266,0
DA:269,0
DA:270,0
DA:271,0
DA:273,0
DA:281,0
DA:283,0
DA:298,0
DA:300,0
DA:302,0
DA:307,0
DA:308,0
DA:309,0
DA:313,0
DA:314,0
DA:315,0
DA:316,0
DA:325,0
DA:326,0
DA:327,0
DA:331,0
DA:335,0
DA:338,0
DA:339,0
DA:341,0
DA:343,0
DA:345,0
DA:346,0
DA:347,0
DA:348,0
DA:349,0
DA:351,0
DA:352,0
DA:365,0
DA:366,0
DA:369,0
DA:370,0
DA:371,0
DA:380,0
DA:381,0
DA:382,0
DA:391,0
DA:392,0
DA:393,0
DA:396,0
DA:397,0
DA:400,0
DA:407,0
DA:408,0
DA:417,0
DA:418,0
DA:419,0
DA:421,0
DA:439,0
DA:440,0
DA:442,0
DA:443,0
DA:446,0
DA:447,0
DA:449,0
DA:450,0
DA:452,0
DA:453,0
DA:455,0
DA:456,0
DA:458,0
DA:460,0
DA:462,0
DA:469,0
DA:472,0
DA:475,0
DA:476,0
DA:477,0
DA:478,0
DA:479,0
DA:480,0
DA:483,0
DA:491,0
DA:493,0
DA:497,0
DA:515,0
DA:533,0
DA:540,0
DA:547,0
DA:559,0
DA:561,0
DA:562,0
DA:563,0
DA:564,0
DA:566,0
DA:582,0
DA:584,0
DA:587,0
DA:590,0
DA:591,0
DA:592,0
DA:593,0
DA:595,0
DA:606,0
DA:608,0
DA:609,0
DA:610,0
DA:613,0
DA:615,0
DA:616,0
DA:617,0
DA:618,0
DA:621,0
DA:622,0
DA:624,0
DA:633,0
DA:641,0
DA:642,0
DA:643,0
DA:644,0
DA:645,0
DA:646,0
DA:653,0
DA:654,0
DA:659,0
LF:191
LH:0
BRDA:103,0,0,0
BRDA:106,1,0,0
BRDA:106,1,1,0
BRDA:107,2,0,0
BRDA:107,2,1,0
BRDA:108,3,0,0
BRDA:108,3,1,0
BRDA:109,4,0,0
BRDA:109,4,1,0
BRDA:118,5,0,0
BRDA:118,5,1,0
BRDA:119,6,0,0
BRDA:119,6,1,0
BRDA:120,7,0,0
BRDA:120,7,1,0
BRDA:121,8,0,0
BRDA:121,8,1,0
BRDA:122,9,0,0
BRDA:122,9,1,0
BRDA:123,10,0,0
BRDA:123,10,1,0
BRDA:124,11,0,0
BRDA:124,11,1,0
BRDA:125,12,0,0
BRDA:125,12,1,0
BRDA:126,13,0,0
BRDA:126,13,1,0
BRDA:126,14,0,0
BRDA:126,14,1,0
BRDA:209,15,0,0
BRDA:214,16,0,0
BRDA:214,16,1,0
BRDA:226,17,0,0
BRDA:226,18,0,0
BRDA:226,18,1,0
BRDA:228,19,0,0
BRDA:255,20,0,0
BRDA:300,21,0,0
BRDA:300,22,0,0
BRDA:300,22,1,0
BRDA:313,23,0,0
BRDA:325,24,0,0
BRDA:369,25,0,0
BRDA:380,26,0,0
BRDA:380,27,0,0
BRDA:380,27,1,0
BRDA:396,28,0,0
BRDA:436,29,0,0
BRDA:437,30,0,0
BRDA:442,31,0,0
BRDA:472,32,0,0
BRDA:472,32,1,0
BRDA:475,33,0,0
BRDA:475,34,0,0
BRDA:475,34,1,0
BRDA:475,34,2,0
BRDA:555,35,0,0
BRDA:557,36,0,0
BRDA:579,37,0,0
BRDA:580,38,0,0
BRDA:584,39,0,0
BRDA:584,39,1,0
BRDA:608,40,0,0
BRF:63
BRH:0
end_of_record
TN:
SF:server\infrastructure\database\migration-service.ts
FN:36,(anonymous_0)
FN:44,(anonymous_1)
FN:52,(anonymous_2)
FN:120,(anonymous_3)
FN:136,(anonymous_4)
FN:143,(anonymous_5)
FN:150,(anonymous_6)
FN:201,(anonymous_7)
FN:209,(anonymous_8)
FN:218,(anonymous_9)
FN:250,(anonymous_10)
FN:286,(anonymous_11)
FN:355,(anonymous_12)
FN:431,(anonymous_13)
FN:439,(anonymous_14)
FN:463,(anonymous_15)
FN:476,(anonymous_16)
FN:478,(anonymous_17)
FN:482,(anonymous_18)
FN:484,(anonymous_19)
FN:490,(anonymous_20)
FN:515,(anonymous_21)
FNF:22
FNH:0
FNDA:0,(anonymous_0)
FNDA:0,(anonymous_1)
FNDA:0,(anonymous_2)
FNDA:0,(anonymous_3)
FNDA:0,(anonymous_4)
FNDA:0,(anonymous_5)
FNDA:0,(anonymous_6)
FNDA:0,(anonymous_7)
FNDA:0,(anonymous_8)
FNDA:0,(anonymous_9)
FNDA:0,(anonymous_10)
FNDA:0,(anonymous_11)
FNDA:0,(anonymous_12)
FNDA:0,(anonymous_13)
FNDA:0,(anonymous_14)
FNDA:0,(anonymous_15)
FNDA:0,(anonymous_16)
FNDA:0,(anonymous_17)
FNDA:0,(anonymous_18)
FNDA:0,(anonymous_19)
FNDA:0,(anonymous_20)
FNDA:0,(anonymous_21)
DA:2,0
DA:37,0
DA:38,0
DA:46,0
DA:52,0
DA:55,0
DA:56,0
DA:68,0
DA:71,0
DA:73,0
DA:74,0
DA:76,0
DA:77,0
DA:79,0
DA:80,0
DA:82,0
DA:83,0
DA:85,0
DA:86,0
DA:89,0
DA:90,0
DA:91,0
DA:95,0
DA:96,0
DA:104,0
DA:105,0
DA:114,0
DA:120,0
DA:122,0
DA:123,0
DA:125,0
DA:126,0
DA:128,0
DA:129,0
DA:137,0
DA:144,0
DA:151,0
DA:158,0
DA:159,0
DA:160,0
DA:164,0
DA:170,0
DA:171,0
DA:172,0
DA:177,0
DA:178,0
DA:182,0
DA:184,0
DA:185,0
DA:186,0
DA:187,0
DA:188,0
DA:191,0
DA:192,0
DA:195,0
DA:202,0
DA:203,0
DA:210,0
DA:212,0
DA:218,0
DA:221,0
DA:222,0
DA:226,0
DA:230,0
DA:231,0
DA:235,0
DA:239,0
DA:240,0
DA:242,0
DA:243,0
DA:258,0
DA:264,0
DA:266,0
DA:274,0
DA:287,0
DA:288,0
DA:290,0
DA:292,0
DA:293,0
DA:294,0
DA:297,0
DA:298,0
DA:306,0
DA:307,0
DA:308,0
DA:316,0
DA:319,0
DA:321,0
DA:323,0
DA:324,0
DA:327,0
DA:328,0
DA:330,0
DA:332,0
DA:339,0
DA:340,0
DA:343,0
DA:356,0
DA:358,0
DA:360,0
DA:365,0
DA:366,0
DA:373,0
DA:374,0
DA:375,0
DA:383,0
DA:385,0
DA:386,0
DA:389,0
DA:395,0
DA:396,0
DA:401,0
DA:407,0
DA:409,0
DA:415,0
DA:416,0
DA:419,0
DA:433,0
DA:439,0
DA:442,0
DA:443,0
DA:444,0
DA:445,0
DA:446,0
DA:447,0
DA:448,0
DA:450,0
DA:452,0
DA:453,0
DA:454,0
DA:455,0
DA:457,0
DA:460,0
DA:463,0
DA:477,0
DA:478,0
DA:481,0
DA:482,0
DA:484,0
DA:491,0
DA:493,0
DA:494,0
DA:496,0
DA:497,0
DA:498,0
DA:499,0
DA:501,0
DA:502,0
DA:505,0
DA:509,0
DA:516,0
DA:522,0
DA:524,0
DA:545,0
DA:546,0
DA:547,0
DA:548,0
DA:549,0
DA:554,0
DA:562,0
DA:564,0
DA:568,0
DA:569,0
DA:572,0
LF:164
LH:0
BRDA:36,0,0,0
BRDA:55,1,0,0
BRDA:55,1,1,0
BRDA:73,2,0,0
BRDA:76,3,0,0
BRDA:79,4,0,0
BRDA:82,5,0,0
BRDA:85,6,0,0
BRDA:89,7,0,0
BRDA:95,8,0,0
BRDA:104,9,0,0
BRDA:122,10,0,0
BRDA:125,11,0,0
BRDA:128,12,0,0
BRDA:158,13,0,0
BRDA:171,14,0,0
BRDA:177,15,0,0
BRDA:177,16,0,0
BRDA:177,16,1,0
BRDA:184,17,0,0
BRDA:184,17,1,0
BRDA:185,18,0,0
BRDA:185,18,1,0
BRDA:186,19,0,0
BRDA:191,20,0,0
BRDA:191,20,1,0
BRDA:203,21,0,0
BRDA:203,21,1,0
BRDA:221,22,0,0
BRDA:230,23,0,0
BRDA:242,24,0,0
BRDA:242,24,1,0
BRDA:264,25,0,0
BRDA:264,25,1,0
BRDA:297,26,0,0
BRDA:307,27,0,0
BRDA:346,28,0,0
BRDA:346,28,1,0
BRDA:365,29,0,0
BRDA:374,30,0,0
BRDA:395,31,0,0
BRDA:395,31,1,0
BRDA:395,32,0,0
BRDA:395,32,1,0
BRDA:422,33,0,0
BRDA:422,33,1,0
BRDA:443,34,0,0
BRDA:444,35,0,0
BRDA:445,36,0,0
BRDA:446,37,0,0
BRDA:447,38,0,0
BRDA:448,39,0,0
BRDA:452,40,0,0
BRDA:452,40,1,0
BRDA:454,41,0,0
BRDA:454,41,1,0
BRDA:465,42,0,0
BRDA:465,42,1,0
BRDA:466,43,0,0
BRDA:466,43,1,0
BRDA:467,44,0,0
BRDA:467,44,1,0
BRDA:467,44,2,0
BRDA:469,45,0,0
BRDA:469,45,1,0
BRDA:469,45,2,0
BRDA:501,46,0,0
BRDA:501,46,1,0
BRDA:548,47,0,0
BRDA:568,48,0,0
BRDA:568,48,1,0
BRF:71
BRH:0
end_of_record
TN:
SF:server\infrastructure\external-data\external-api-manager.ts
FN:191,(anonymous_0)
FN:206,(anonymous_1)
FN:292,(anonymous_2)
FN:298,(anonymous_3)
FN:356,(anonymous_4)
FN:473,(anonymous_5)
FN:493,(anonymous_6)
FN:528,(anonymous_7)
FN:563,(anonymous_8)
FN:576,(anonymous_9)
FN:596,(anonymous_10)
FN:627,(anonymous_11)
FN:635,(anonymous_12)
FN:656,(anonymous_13)
FN:672,(anonymous_14)
FN:694,(anonymous_15)
FN:699,(anonymous_16)
FN:703,(anonymous_17)
FN:704,(anonymous_18)
FN:721,(anonymous_19)
FN:728,(anonymous_20)
FN:736,(anonymous_21)
FN:744,(anonymous_22)
FN:767,(anonymous_23)
FN:800,(anonymous_24)
FN:825,(anonymous_25)
FN:851,(anonymous_26)
FN:871,(anonymous_27)
FN:906,(anonymous_28)
FN:934,(anonymous_29)
FN:942,(anonymous_30)
FN:946,(anonymous_31)
FN:948,(anonymous_32)
FN:950,(anonymous_33)
FN:951,(anonymous_34)
FN:952,(anonymous_35)
FN:955,(anonymous_36)
FN:960,(anonymous_37)
FN:964,(anonymous_38)
FN:966,(anonymous_39)
FN:969,(anonymous_40)
FN:983,(anonymous_41)
FN:991,(anonymous_42)
FN:994,(anonymous_43)
FN:999,(anonymous_44)
FN:1002,(anonymous_45)
FN:1003,(anonymous_46)
FN:1004,(anonymous_47)
FN:1009,(anonymous_48)
FN:1015,(anonymous_49)
FN:1021,(anonymous_50)
FN:1025,(anonymous_51)
FN:1033,(anonymous_52)
FN:1034,(anonymous_53)
FN:1041,(anonymous_54)
FN:1049,(anonymous_55)
FN:1054,(anonymous_56)
FN:1064,(anonymous_57)
FN:1067,(anonymous_58)
FN:1084,(anonymous_59)
FN:1100,(anonymous_60)
FN:1101,(anonymous_61)
FN:1105,(anonymous_62)
FN:1115,(anonymous_63)
FN:1147,(anonymous_64)
FN:1151,(anonymous_65)
FNF:66
FNH:0
FNDA:0,(anonymous_0)
FNDA:0,(anonymous_1)
FNDA:0,(anonymous_2)
FNDA:0,(anonymous_3)
FNDA:0,(anonymous_4)
FNDA:0,(anonymous_5)
FNDA:0,(anonymous_6)
FNDA:0,(anonymous_7)
FNDA:0,(anonymous_8)
FNDA:0,(anonymous_9)
FNDA:0,(anonymous_10)
FNDA:0,(anonymous_11)
FNDA:0,(anonymous_12)
FNDA:0,(anonymous_13)
FNDA:0,(anonymous_14)
FNDA:0,(anonymous_15)
FNDA:0,(anonymous_16)
FNDA:0,(anonymous_17)
FNDA:0,(anonymous_18)
FNDA:0,(anonymous_19)
FNDA:0,(anonymous_20)
FNDA:0,(anonymous_21)
FNDA:0,(anonymous_22)
FNDA:0,(anonymous_23)
FNDA:0,(anonymous_24)
FNDA:0,(anonymous_25)
FNDA:0,(anonymous_26)
FNDA:0,(anonymous_27)
FNDA:0,(anonymous_28)
FNDA:0,(anonymous_29)
FNDA:0,(anonymous_30)
FNDA:0,(anonymous_31)
FNDA:0,(anonymous_32)
FNDA:0,(anonymous_33)
FNDA:0,(anonymous_34)
FNDA:0,(anonymous_35)
FNDA:0,(anonymous_36)
FNDA:0,(anonymous_37)
FNDA:0,(anonymous_38)
FNDA:0,(anonymous_39)
FNDA:0,(anonymous_40)
FNDA:0,(anonymous_41)
FNDA:0,(anonymous_42)
FNDA:0,(anonymous_43)
FNDA:0,(anonymous_44)
FNDA:0,(anonymous_45)
FNDA:0,(anonymous_46)
FNDA:0,(anonymous_47)
FNDA:0,(anonymous_48)
FNDA:0,(anonymous_49)
FNDA:0,(anonymous_50)
FNDA:0,(anonymous_51)
FNDA:0,(anonymous_52)
FNDA:0,(anonymous_53)
FNDA:0,(anonymous_54)
FNDA:0,(anonymous_55)
FNDA:0,(anonymous_56)
FNDA:0,(anonymous_57)
FNDA:0,(anonymous_58)
FNDA:0,(anonymous_59)
FNDA:0,(anonymous_60)
FNDA:0,(anonymous_61)
FNDA:0,(anonymous_62)
FNDA:0,(anonymous_63)
FNDA:0,(anonymous_64)
FNDA:0,(anonymous_65)
DA:172,0
DA:173,0
DA:174,0
DA:175,0
DA:176,0
DA:177,0
DA:178,0
DA:179,0
DA:185,0
DA:186,0
DA:187,0
DA:188,0
DA:189,0
DA:192,0
DA:193,0
DA:194,0
DA:197,0
DA:198,0
DA:199,0
DA:208,0
DA:237,0
DA:264,0
DA:293,0
DA:294,0
DA:295,0
DA:300,0
DA:301,0
DA:302,0
DA:303,0
DA:304,0
DA:305,0
DA:306,0
DA:309,0
DA:322,0
DA:335,0
DA:336,0
DA:346,0
DA:349,0
DA:368,0
DA:369,0
DA:371,0
DA:372,0
DA:375,0
DA:377,0
DA:379,0
DA:380,0
DA:381,0
DA:382,0
DA:388,0
DA:389,0
DA:390,0
DA:391,0
DA:392,0
DA:404,0
DA:405,0
DA:406,0
DA:411,0
DA:412,0
DA:413,0
DA:418,0
DA:420,0
DA:421,0
DA:424,0
DA:425,0
DA:429,0
DA:430,0
DA:434,0
DA:435,0
DA:436,0
DA:438,0
DA:439,0
DA:442,0
DA:450,0
DA:455,0
DA:456,0
DA:460,0
DA:461,0
DA:462,0
DA:463,0
DA:467,0
DA:468,0
DA:478,0
DA:479,0
DA:481,0
DA:482,0
DA:488,0
DA:489,0
DA:492,0
DA:493,0
DA:495,0
DA:496,0
DA:503,0
DA:505,0
DA:506,0
DA:509,0
DA:510,0
DA:512,0
DA:514,0
DA:517,0
DA:518,0
DA:519,0
DA:520,0
DA:529,0
DA:530,0
DA:532,0
DA:533,0
DA:536,0
DA:538,0
DA:540,0
DA:543,0
DA:544,0
DA:545,0
DA:546,0
DA:547,0
DA:549,0
DA:555,0
DA:556,0
DA:557,0
DA:559,0
DA:564,0
DA:565,0
DA:567,0
DA:568,0
DA:569,0
DA:570,0
DA:571,0
DA:572,0
DA:577,0
DA:578,0
DA:580,0
DA:582,0
DA:583,0
DA:585,0
DA:586,0
DA:587,0
DA:588,0
DA:597,0
DA:598,0
DA:599,0
DA:601,0
DA:608,0
DA:609,0
DA:611,0
DA:612,0
DA:613,0
DA:616,0
DA:617,0
DA:624,0
DA:628,0
DA:630,0
DA:631,0
DA:641,0
DA:642,0
DA:644,0
DA:657,0
DA:658,0
DA:660,0
DA:669,0
DA:673,0
DA:674,0
DA:676,0
DA:678,0
DA:679,0
DA:681,0
DA:682,0
DA:683,0
DA:686,0
DA:687,0
DA:689,0
DA:691,0
DA:695,0
DA:696,0
DA:700,0
DA:702,0
DA:703,0
DA:704,0
DA:705,0
DA:706,0
DA:709,0
DA:710,0
DA:713,0
DA:714,0
DA:722,0
DA:724,0
DA:725,0
DA:728,0
DA:729,0
DA:732,0
DA:733,0
DA:737,0
DA:739,0
DA:740,0
DA:741,0
DA:743,0
DA:744,0
DA:746,0
DA:751,0
DA:752,0
DA:754,0
DA:755,0
DA:757,0
DA:758,0
DA:762,0
DA:763,0
DA:768,0
DA:770,0
DA:771,0
DA:776,0
DA:777,0
DA:778,0
DA:779,0
DA:780,0
DA:782,0
DA:783,0
DA:784,0
DA:787,0
DA:788,0
DA:789,0
DA:790,0
DA:792,0
DA:795,0
DA:797,0
DA:801,0
DA:802,0
DA:804,0
DA:805,0
DA:808,0
DA:814,0
DA:815,0
DA:818,0
DA:826,0
DA:827,0
DA:829,0
DA:830,0
DA:841,0
DA:843,0
DA:844,0
DA:845,0
DA:848,0
DA:849,0
DA:851,0
DA:852,0
DA:853,0
DA:855,0
DA:859,0
DA:862,0
DA:863,0
DA:877,0
DA:878,0
DA:879,0
DA:881,0
DA:882,0
DA:884,0
DA:885,0
DA:887,0
DA:889,0
DA:890,0
DA:891,0
DA:894,0
DA:898,0
DA:899,0
DA:907,0
DA:908,0
DA:910,0
DA:912,0
DA:913,0
DA:915,0
DA:918,0
DA:922,0
DA:923,0
DA:926,0
DA:927,0
DA:934,0
DA:935,0
DA:936,0
DA:937,0
DA:939,0
DA:942,0
DA:943,0
DA:947,0
DA:948,0
DA:950,0
DA:951,0
DA:952,0
DA:954,0
DA:955,0
DA:958,0
DA:960,0
DA:961,0
DA:963,0
DA:964,0
DA:966,0
DA:968,0
DA:969,0
DA:971,0
DA:984,0
DA:985,0
DA:986,0
DA:988,0
DA:992,0
DA:993,0
DA:994,0
DA:996,0
DA:1000,0
DA:1001,0
DA:1002,0
DA:1003,0
DA:1004,0
DA:1006,0
DA:1008,0
DA:1009,0
DA:1015,0
DA:1018,0
DA:1022,0
DA:1026,0
DA:1034,0
DA:1035,0
DA:1036,0
DA:1037,0
DA:1041,0
DA:1042,0
DA:1043,0
DA:1044,0
DA:1045,0
DA:1049,0
DA:1050,0
DA:1051,0
DA:1054,0
DA:1055,0
DA:1056,0
DA:1065,0
DA:1067,0
DA:1068,0
DA:1069,0
DA:1071,0
DA:1072,0
DA:1073,0
DA:1074,0
DA:1075,0
DA:1079,0
DA:1080,0
DA:1084,0
DA:1085,0
DA:1087,0
DA:1088,0
DA:1089,0
DA:1090,0
DA:1091,0
DA:1097,0
DA:1101,0
DA:1102,0
DA:1106,0
DA:1107,0
DA:1108,0
DA:1109,0
DA:1110,0
DA:1111,0
DA:1116,0
DA:1118,0
DA:1119,0
DA:1121,0
DA:1123,0
DA:1124,0
DA:1126,0
DA:1128,0
DA:1129,0
DA:1130,0
DA:1131,0
DA:1132,0
DA:1133,0
DA:1134,0
DA:1135,0
DA:1136,0
DA:1140,0
DA:1148,0
DA:1158,0
LF:376
LH:0
BRDA:335,0,0,0
BRDA:359,1,0,0
BRDA:371,2,0,0
BRDA:379,3,0,0
BRDA:381,4,0,0
BRDA:388,5,0,0
BRDA:388,6,0,0
BRDA:388,6,1,0
BRDA:390,7,0,0
BRDA:405,8,0,0
BRDA:411,9,0,0
BRDA:411,9,1,0
BRDA:412,10,0,0
BRDA:412,11,0,0
BRDA:412,11,1,0
BRDA:424,12,0,0
BRDA:429,13,0,0
BRDA:429,14,0,0
BRDA:429,14,1,0
BRDA:429,14,2,0
BRDA:438,15,0,0
BRDA:455,16,0,0
BRDA:460,17,0,0
BRDA:460,18,0,0
BRDA:460,18,1,0
BRDA:462,19,0,0
BRDA:469,20,0,0
BRDA:469,20,1,0
BRDA:488,21,0,0
BRDA:497,22,0,0
BRDA:497,22,1,0
BRDA:499,23,0,0
BRDA:499,23,1,0
BRDA:505,24,0,0
BRDA:532,25,0,0
BRDA:532,26,0,0
BRDA:532,26,1,0
BRDA:538,27,0,0
BRDA:538,27,1,0
BRDA:538,27,2,0
BRDA:543,28,0,0
BRDA:555,29,0,0
BRDA:565,30,0,0
BRDA:567,31,0,0
BRDA:567,31,1,0
BRDA:571,32,0,0
BRDA:580,33,0,0
BRDA:580,34,0,0
BRDA:580,34,1,0
BRDA:585,35,0,0
BRDA:611,36,0,0
BRDA:616,37,0,0
BRDA:645,38,0,0
BRDA:645,38,1,0
BRDA:646,39,0,0
BRDA:646,39,1,0
BRDA:647,40,0,0
BRDA:647,40,1,0
BRDA:648,41,0,0
BRDA:648,41,1,0
BRDA:676,42,0,0
BRDA:681,43,0,0
BRDA:695,44,0,0
BRDA:695,44,1,0
BRDA:702,45,0,0
BRDA:702,45,1,0
BRDA:724,46,0,0
BRDA:741,47,0,0
BRDA:741,47,1,0
BRDA:754,48,0,0
BRDA:754,48,1,0
BRDA:763,49,0,0
BRDA:763,49,1,0
BRDA:770,50,0,0
BRDA:771,51,0,0
BRDA:771,51,1,0
BRDA:777,52,0,0
BRDA:777,52,1,0
BRDA:787,53,0,0
BRDA:787,53,1,0
BRDA:789,54,0,0
BRDA:789,54,1,0
BRDA:804,55,0,0
BRDA:804,56,0,0
BRDA:804,56,1,0
BRDA:804,56,2,0
BRDA:814,57,0,0
BRDA:829,58,0,0
BRDA:829,58,1,0
BRDA:836,59,0,0
BRDA:836,59,1,0
BRDA:844,60,0,0
BRDA:855,61,0,0
BRDA:855,61,1,0
BRDA:862,62,0,0
BRDA:879,63,0,0
BRDA:882,64,0,0
BRDA:889,65,0,0
BRDA:912,66,0,0
BRDA:912,66,1,0
BRDA:918,67,0,0
BRDA:918,67,1,0
BRDA:922,68,0,0
BRDA:922,69,0,0
BRDA:922,69,1,0
BRDA:928,70,0,0
BRDA:928,70,1,0
BRDA:929,71,0,0
BRDA:929,71,1,0
BRDA:930,72,0,0
BRDA:930,72,1,0
BRDA:931,73,0,0
BRDA:931,73,1,0
BRDA:935,74,0,0
BRDA:935,74,1,0
BRDA:947,75,0,0
BRDA:947,75,1,0
BRDA:954,76,0,0
BRDA:954,76,1,0
BRDA:958,77,0,0
BRDA:958,77,1,0
BRDA:961,78,0,0
BRDA:961,78,1,0
BRDA:984,79,0,0
BRDA:986,80,0,0
BRDA:986,80,1,0
BRDA:992,81,0,0
BRDA:1006,82,0,0
BRDA:1006,82,1,0
BRDA:1036,83,0,0
BRDA:1037,84,0,0
BRDA:1037,84,1,0
BRDA:1043,85,0,0
BRDA:1073,86,0,0
BRDA:1079,87,0,0
BRDA:1089,88,0,0
BRDA:1106,89,0,0
BRDA:1106,89,1,0
BRDA:1106,89,2,0
BRDA:1106,89,3,0
BRDA:1106,89,4,0
BRF:141
BRH:0
end_of_record
TN:
SF:server\infrastructure\notifications\email-service.ts
FN:9,(anonymous_0)
FN:19,(anonymous_1)
FN:24,(anonymous_2)
FN:40,(anonymous_3)
FN:151,(anonymous_4)
FN:214,(anonymous_5)
FN:223,(anonymous_6)
FN:231,(anonymous_7)
FN:248,(anonymous_8)
FN:253,(anonymous_9)
FN:257,(anonymous_10)
FN:264,(anonymous_11)
FN:269,(anonymous_12)
FN:324,(anonymous_13)
FN:328,(anonymous_14)
FN:339,(anonymous_15)
FN:362,(anonymous_16)
FN:363,(anonymous_17)
FN:370,(anonymous_18)
FN:371,(anonymous_19)
FN:378,(anonymous_20)
FN:379,(anonymous_21)
FN:398,(anonymous_22)
FN:402,(anonymous_23)
FN:406,(anonymous_24)
FN:426,(anonymous_25)
FN:445,(anonymous_26)
FN:503,(anonymous_27)
FN:508,(anonymous_28)
FN:554,(anonymous_29)
FN:578,(anonymous_30)
FN:582,(anonymous_31)
FN:586,(anonymous_32)
FN:604,(anonymous_33)
FN:608,(anonymous_34)
FN:609,(anonymous_35)
FN:615,(anonymous_36)
FN:620,(anonymous_37)
FN:649,(anonymous_38)
FN:654,(anonymous_39)
FN:658,(anonymous_40)
FN:662,(anonymous_41)
FN:668,(anonymous_42)
FN:700,(anonymous_43)
FN:731,(anonymous_44)
FN:760,(anonymous_45)
FN:799,(anonymous_46)
FN:847,(anonymous_47)
FN:864,(anonymous_48)
FN:900,getEmailService
FN:913,(anonymous_50)
FN:918,(anonymous_51)
FN:928,sendTemplatedEmail
FNF:53
FNH:0
FNDA:0,(anonymous_0)
FNDA:0,(anonymous_1)
FNDA:0,(anonymous_2)
FNDA:0,(anonymous_3)
FNDA:0,(anonymous_4)
FNDA:0,(anonymous_5)
FNDA:0,(anonymous_6)
FNDA:0,(anonymous_7)
FNDA:0,(anonymous_8)
FNDA:0,(anonymous_9)
FNDA:0,(anonymous_10)
FNDA:0,(anonymous_11)
FNDA:0,(anonymous_12)
FNDA:0,(anonymous_13)
FNDA:0,(anonymous_14)
FNDA:0,(anonymous_15)
FNDA:0,(anonymous_16)
FNDA:0,(anonymous_17)
FNDA:0,(anonymous_18)
FNDA:0,(anonymous_19)
FNDA:0,(anonymous_20)
FNDA:0,(anonymous_21)
FNDA:0,(anonymous_22)
FNDA:0,(anonymous_23)
FNDA:0,(anonymous_24)
FNDA:0,(anonymous_25)
FNDA:0,(anonymous_26)
FNDA:0,(anonymous_27)
FNDA:0,(anonymous_28)
FNDA:0,(anonymous_29)
FNDA:0,(anonymous_30)
FNDA:0,(anonymous_31)
FNDA:0,(anonymous_32)
FNDA:0,(anonymous_33)
FNDA:0,(anonymous_34)
FNDA:0,(anonymous_35)
FNDA:0,(anonymous_36)
FNDA:0,(anonymous_37)
FNDA:0,(anonymous_38)
FNDA:0,(anonymous_39)
FNDA:0,(anonymous_40)
FNDA:0,(anonymous_41)
FNDA:0,(anonymous_42)
FNDA:0,(anonymous_43)
FNDA:0,(anonymous_44)
FNDA:0,(anonymous_45)
FNDA:0,(anonymous_46)
FNDA:0,(anonymous_47)
FNDA:0,(anonymous_48)
FNDA:0,getEmailService
FNDA:0,(anonymous_50)
FNDA:0,(anonymous_51)
FNDA:0,sendTemplatedEmail
DA:9,0
DA:10,0
DA:11,0
DA:19,0
DA:20,0
DA:21,0
DA:24,0
DA:25,0
DA:26,0
DA:40,0
DA:152,0
DA:153,0
DA:154,0
DA:156,0
DA:157,0
DA:158,0
DA:161,0
DA:162,0
DA:163,0
DA:164,0
DA:165,0
DA:166,0
DA:167,0
DA:168,0
DA:169,0
DA:173,0
DA:174,0
DA:175,0
DA:176,0
DA:180,0
DA:182,0
DA:183,0
DA:184,0
DA:185,0
DA:188,0
DA:189,0
DA:190,0
DA:191,0
DA:194,0
DA:215,0
DA:224,0
DA:226,0
DA:227,0
DA:228,0
DA:231,0
DA:232,0
DA:233,0
DA:237,0
DA:238,0
DA:241,0
DA:242,0
DA:245,0
DA:249,0
DA:250,0
DA:251,0
DA:253,0
DA:258,0
DA:259,0
DA:265,0
DA:266,0
DA:267,0
DA:270,0
DA:271,0
DA:321,0
DA:325,0
DA:330,0
DA:331,0
DA:332,0
DA:339,0
DA:342,0
DA:343,0
DA:344,0
DA:347,0
DA:349,0
DA:355,0
DA:363,0
DA:364,0
DA:365,0
DA:366,0
DA:371,0
DA:372,0
DA:373,0
DA:374,0
DA:379,0
DA:380,0
DA:381,0
DA:383,0
DA:399,0
DA:403,0
DA:407,0
DA:422,0
DA:423,0
DA:424,0
DA:427,0
DA:428,0
DA:446,0
DA:448,0
DA:449,0
DA:450,0
DA:451,0
DA:453,0
DA:454,0
DA:457,0
DA:458,0
DA:462,0
DA:463,0
DA:465,0
DA:467,0
DA:468,0
DA:469,0
DA:473,0
DA:487,0
DA:488,0
DA:492,0
DA:494,0
DA:499,0
DA:505,0
DA:510,0
DA:511,0
DA:512,0
DA:513,0
DA:519,0
DA:520,0
DA:523,0
DA:524,0
DA:533,0
DA:540,0
DA:545,0
DA:550,0
DA:556,0
DA:557,0
DA:558,0
DA:561,0
DA:563,0
DA:570,0
DA:587,0
DA:588,0
DA:591,0
DA:592,0
DA:594,0
DA:596,0
DA:597,0
DA:600,0
DA:601,0
DA:603,0
DA:604,0
DA:608,0
DA:609,0
DA:611,0
DA:614,0
DA:615,0
DA:621,0
DA:622,0
DA:624,0
DA:625,0
DA:626,0
DA:628,0
DA:629,0
DA:632,0
DA:634,0
DA:635,0
DA:640,0
DA:644,0
DA:645,0
DA:649,0
DA:655,0
DA:659,0
DA:663,0
DA:664,0
DA:665,0
DA:669,0
DA:670,0
DA:676,0
DA:677,0
DA:683,0
DA:684,0
DA:685,0
DA:690,0
DA:701,0
DA:702,0
DA:704,0
DA:732,0
DA:733,0
DA:735,0
DA:766,0
DA:767,0
DA:768,0
DA:769,0
DA:771,0
DA:805,0
DA:806,0
DA:807,0
DA:808,0
DA:810,0
DA:816,0
DA:817,0
DA:819,0
DA:848,0
DA:850,0
DA:852,0
DA:856,0
DA:857,0
DA:859,0
DA:860,0
DA:865,0
DA:867,0
DA:868,0
DA:869,0
DA:870,0
DA:873,0
DA:874,0
DA:875,0
DA:876,0
DA:877,0
DA:879,0
DA:880,0
DA:881,0
DA:884,0
DA:889,0
DA:890,0
DA:891,0
DA:892,0
DA:897,0
DA:898,0
DA:902,0
DA:903,0
DA:907,0
DA:908,0
DA:912,0
DA:914,0
DA:915,0
DA:916,0
DA:919,0
DA:920,0
DA:921,0
DA:924,0
DA:933,0
DA:938,0
DA:940,0
DA:941,0
DA:945,0
DA:948,0
DA:949,0
DA:953,0
DA:956,0
DA:957,0
DA:963,0
DA:966,0
DA:967,0
DA:973,0
DA:976,0
DA:979,0
LF:252
LH:0
BRDA:10,0,0,0
BRDA:25,1,0,0
BRDA:40,2,0,0
BRDA:40,2,1,0
BRDA:161,3,0,0
BRDA:161,3,1,0
BRDA:164,4,0,0
BRDA:164,4,1,0
BRDA:167,5,0,0
BRDA:173,6,0,0
BRDA:173,6,1,0
BRDA:175,7,0,0
BRDA:184,8,0,0
BRDA:190,9,0,0
BRDA:227,10,0,0
BRDA:232,11,0,0
BRDA:237,12,0,0
BRDA:241,13,0,0
BRDA:241,14,0,0
BRDA:241,14,1,0
BRDA:250,15,0,0
BRDA:259,16,0,0
BRDA:259,16,1,0
BRDA:324,17,0,0
BRDA:331,18,0,0
BRDA:342,19,0,0
BRDA:352,20,0,0
BRDA:352,20,1,0
BRDA:364,21,0,0
BRDA:372,22,0,0
BRDA:373,23,0,0
BRDA:373,23,1,0
BRDA:385,24,0,0
BRDA:385,24,1,0
BRDA:389,25,0,0
BRDA:389,25,1,0
BRDA:392,26,0,0
BRDA:392,26,1,0
BRDA:429,27,0,0
BRDA:429,27,1,0
BRDA:432,28,0,0
BRDA:432,28,1,0
BRDA:433,29,0,0
BRDA:433,29,1,0
BRDA:449,30,0,0
BRDA:450,31,0,0
BRDA:451,32,0,0
BRDA:453,33,0,0
BRDA:511,34,0,0
BRDA:519,35,0,0
BRDA:519,36,0,0
BRDA:519,36,1,0
BRDA:529,37,0,0
BRDA:529,37,1,0
BRDA:556,38,0,0
BRDA:567,39,0,0
BRDA:567,39,1,0
BRDA:587,40,0,0
BRDA:587,41,0,0
BRDA:587,41,1,0
BRDA:614,42,0,0
BRDA:628,43,0,0
BRDA:628,44,0,0
BRDA:628,44,1,0
BRDA:632,45,0,0
BRDA:632,45,1,0
BRDA:634,46,0,0
BRDA:669,47,0,0
BRDA:676,48,0,0
BRDA:692,49,0,0
BRDA:692,49,1,0
BRDA:816,50,0,0
BRDA:816,50,1,0
BRDA:817,51,0,0
BRDA:817,51,1,0
BRDA:848,52,0,0
BRDA:848,52,1,0
BRDA:848,52,2,0
BRDA:848,52,3,0
BRDA:848,52,4,0
BRDA:848,52,5,0
BRDA:873,53,0,0
BRDA:873,53,1,0
BRDA:875,54,0,0
BRDA:879,55,0,0
BRDA:879,56,0,0
BRDA:879,56,1,0
BRDA:902,57,0,0
BRDA:907,58,0,0
BRDA:938,59,0,0
BRDA:938,59,1,0
BRDA:938,59,2,0
BRDA:938,59,3,0
BRDA:938,59,4,0
BRDA:942,60,0,0
BRDA:942,60,1,0
BRDA:943,61,0,0
BRDA:943,61,1,0
BRDA:950,62,0,0
BRDA:950,62,1,0
BRDA:951,63,0,0
BRDA:951,63,1,0
BRDA:956,64,0,0
BRDA:956,64,1,0
BRDA:958,65,0,0
BRDA:958,65,1,0
BRDA:959,66,0,0
BRDA:959,66,1,0
BRDA:960,67,0,0
BRDA:960,67,1,0
BRDA:961,68,0,0
BRDA:961,68,1,0
BRDA:966,69,0,0
BRDA:966,69,1,0
BRDA:968,70,0,0
BRDA:968,70,1,0
BRDA:969,71,0,0
BRDA:969,71,1,0
BRDA:970,72,0,0
BRDA:970,72,1,0
BRDA:971,73,0,0
BRDA:971,73,1,0
BRF:122
BRH:0
end_of_record
TN:
SF:server\middleware\error-handler.ts
FN:26,(anonymous_0)
FN:49,getSeverityFromStatusCode
FN:59,getCategoryFromErrorCode
FN:71,analyzeUnhandledError
FN:153,logError
FN:191,errorHandler
FN:244,(anonymous_6)
FN:256,(anonymous_7)
FN:263,(anonymous_8)
FN:271,(anonymous_9)
FN:278,(anonymous_10)
FN:285,(anonymous_11)
FN:292,(anonymous_12)
FNF:13
FNH:0
FNDA:0,(anonymous_0)
FNDA:0,getSeverityFromStatusCode
FNDA:0,getCategoryFromErrorCode
FNDA:0,analyzeUnhandledError
FNDA:0,logError
FNDA:0,errorHandler
FNDA:0,(anonymous_6)
FNDA:0,(anonymous_7)
FNDA:0,(anonymous_8)
FNDA:0,(anonymous_9)
FNDA:0,(anonymous_10)
FNDA:0,(anonymous_11)
FNDA:0,(anonymous_12)
DA:33,0
DA:34,0
DA:35,0
DA:36,0
DA:37,0
DA:38,0
DA:41,0
DA:50,0
DA:51,0
DA:52,0
DA:60,0
DA:61,0
DA:62,0
DA:63,0
DA:64,0
DA:72,0
DA:75,0
DA:76,0
DA:85,0
DA:86,0
DA:95,0
DA:96,0
DA:106,0
DA:107,0
DA:117,0
DA:118,0
DA:128,0
DA:129,0
DA:140,0
DA:154,0
DA:174,0
DA:175,0
DA:177,0
DA:197,0
DA:201,0
DA:202,0
DA:212,0
DA:216,0
DA:219,0
DA:223,0
DA:228,0
DA:244,0
DA:250,0
DA:256,0
DA:257,0
DA:263,0
DA:264,0
DA:271,0
DA:272,0
DA:278,0
DA:279,0
DA:285,0
DA:286,0
DA:292,0
DA:293,0
LF:55
LH:0
BRDA:28,0,0,0
BRDA:29,1,0,0
BRDA:31,2,0,0
BRDA:50,3,0,0
BRDA:51,4,0,0
BRDA:60,5,0,0
BRDA:61,6,0,0
BRDA:61,7,0,0
BRDA:61,7,1,0
BRDA:62,8,0,0
BRDA:63,9,0,0
BRDA:63,10,0,0
BRDA:63,10,1,0
BRDA:75,11,0,0
BRDA:75,12,0,0
BRDA:75,12,1,0
BRDA:85,13,0,0
BRDA:85,14,0,0
BRDA:85,14,1,0
BRDA:95,15,0,0
BRDA:95,16,0,0
BRDA:95,16,1,0
BRDA:106,17,0,0
BRDA:106,18,0,0
BRDA:106,18,1,0
BRDA:117,19,0,0
BRDA:117,20,0,0
BRDA:117,20,1,0
BRDA:128,21,0,0
BRDA:128,22,0,0
BRDA:128,22,1,0
BRDA:145,23,0,0
BRDA:145,23,1,0
BRDA:162,24,0,0
BRDA:162,24,1,0
BRDA:168,25,0,0
BRDA:168,25,1,0
BRDA:174,26,0,0
BRDA:174,26,1,0
BRDA:174,27,0,0
BRDA:174,27,1,0
BRDA:201,28,0,0
BRDA:201,28,1,0
BRDA:224,29,0,0
BRDA:224,29,1,0
BRDA:246,30,0,0
BRDA:247,31,0,0
BRDA:256,32,0,0
BRDA:271,33,0,0
BRDA:278,34,0,0
BRDA:285,35,0,0
BRDA:292,36,0,0
BRF:52
BRH:0
end_of_record
TN:
SF:server\middleware\rate-limiter.ts
FN:18,(anonymous_0)
FN:25,(anonymous_1)
FN:138,(anonymous_2)
FN:139,(anonymous_3)
FN:143,(anonymous_4)
FNF:5
FNH:0
FNDA:0,(anonymous_0)
FNDA:0,(anonymous_1)
FNDA:0,(anonymous_2)
FNDA:0,(anonymous_3)
FNDA:0,(anonymous_4)
DA:11,0
DA:14,0
DA:15,0
DA:16,0
DA:18,0
DA:25,0
DA:27,0
DA:28,0
DA:31,0
DA:32,0
DA:35,0
DA:36,0
DA:37,0
DA:38,0
DA:39,0
DA:43,0
DA:44,0
DA:48,0
DA:49,0
DA:54,0
DA:58,0
DA:59,0
DA:62,0
DA:63,0
DA:66,0
DA:77,0
DA:84,0
DA:89,0
DA:97,0
DA:105,0
DA:113,0
DA:121,0
DA:129,0
DA:138,0
DA:139,0
DA:143,0
DA:144,0
DA:145,0
LF:38
LH:0
BRDA:14,0,0,0
BRDA:14,0,1,0
BRDA:27,1,0,0
BRDA:27,2,0,0
BRDA:27,2,1,0
BRDA:31,3,0,0
BRDA:31,3,1,0
BRDA:36,4,0,0
BRDA:36,4,1,0
BRDA:36,5,0,0
BRDA:36,5,1,0
BRDA:38,6,0,0
BRDA:38,7,0,0
BRDA:38,7,1,0
BRDA:43,8,0,0
BRDA:43,9,0,0
BRDA:43,9,1,0
BRDA:48,10,0,0
BRDA:48,10,1,0
BRDA:58,11,0,0
BRDA:62,12,0,0
BRDA:67,13,0,0
BRDA:67,13,1,0
BRDA:144,14,0,0
BRDA:144,14,1,0
BRDA:145,15,0,0
BRDA:145,15,1,0
BRF:27
BRH:0
end_of_record
TN:
SF:server\middleware\request-logger.ts
FN:4,requestLogger
FN:12,(anonymous_1)
FNF:2
FNH:0
FNDA:0,requestLogger
FNDA:0,(anonymous_1)
DA:5,0
DA:6,0
DA:9,0
DA:12,0
DA:13,0
DA:14,0
DA:15,0
DA:17,0
DA:20,0
LF:9
LH:0
BRDA:15,0,0,0
BRDA:15,0,1,0
BRF:2
BRH:0
end_of_record
TN:
SF:server\services\api-cost-monitoring.ts
FN:13,(anonymous_0)
FN:73,(anonymous_1)
FN:82,(anonymous_2)
FN:110,(anonymous_3)
FN:119,(anonymous_4)
FN:130,(anonymous_5)
FN:145,(anonymous_6)
FN:160,(anonymous_7)
FN:173,(anonymous_8)
FN:193,(anonymous_9)
FN:194,(anonymous_10)
FN:196,(anonymous_11)
FN:197,(anonymous_12)
FN:198,(anonymous_13)
FN:199,(anonymous_14)
FN:217,(anonymous_15)
FN:226,(anonymous_16)
FN:232,(anonymous_17)
FN:238,(anonymous_18)
FN:239,(anonymous_19)
FN:273,(anonymous_20)
FN:325,(anonymous_21)
FN:334,(anonymous_22)
FN:336,(anonymous_23)
FN:337,(anonymous_24)
FN:343,(anonymous_25)
FN:356,(anonymous_26)
FN:368,(anonymous_27)
FN:403,(anonymous_28)
FN:412,(anonymous_29)
FN:413,(anonymous_30)
FN:416,(anonymous_31)
FN:417,(anonymous_32)
FN:430,(anonymous_33)
FN:441,(anonymous_34)
FN:468,(anonymous_35)
FN:471,(anonymous_36)
FN:478,(anonymous_37)
FN:481,(anonymous_38)
FN:492,(anonymous_39)
FN:494,(anonymous_40)
FN:501,(anonymous_41)
FN:509,(anonymous_42)
FN:514,(anonymous_43)
FN:522,(anonymous_44)
FN:546,(anonymous_45)
FN:548,(anonymous_46)
FNF:47
FNH:0
FNDA:0,(anonymous_0)
FNDA:0,(anonymous_1)
FNDA:0,(anonymous_2)
FNDA:0,(anonymous_3)
FNDA:0,(anonymous_4)
FNDA:0,(anonymous_5)
FNDA:0,(anonymous_6)
FNDA:0,(anonymous_7)
FNDA:0,(anonymous_8)
FNDA:0,(anonymous_9)
FNDA:0,(anonymous_10)
FNDA:0,(anonymous_11)
FNDA:0,(anonymous_12)
FNDA:0,(anonymous_13)
FNDA:0,(anonymous_14)
FNDA:0,(anonymous_15)
FNDA:0,(anonymous_16)
FNDA:0,(anonymous_17)
FNDA:0,(anonymous_18)
FNDA:0,(anonymous_19)
FNDA:0,(anonymous_20)
FNDA:0,(anonymous_21)
FNDA:0,(anonymous_22)
FNDA:0,(anonymous_23)
FNDA:0,(anonymous_24)
FNDA:0,(anonymous_25)
FNDA:0,(anonymous_26)
FNDA:0,(anonymous_27)
FNDA:0,(anonymous_28)
FNDA:0,(anonymous_29)
FNDA:0,(anonymous_30)
FNDA:0,(anonymous_31)
FNDA:0,(anonymous_32)
FNDA:0,(anonymous_33)
[...]
BRDA:235,20,0,0
BRDA:235,20,1,0
BRDA:249,21,0,0
BRDA:249,21,1,0
BRDA:282,22,0,0
BRDA:282,22,1,0
BRDA:284,23,0,0
BRDA:284,23,1,0
BRDA:289,24,0,0
BRDA:289,24,1,0
BRDA:291,25,0,0
BRDA:291,25,1,0
BRF:36
BRH:0
end_of_record
TN:
SF:server\utils\cache.ts
FN:34,(anonymous_0)
FN:35,(anonymous_1)
FN:42,(anonymous_2)
FN:65,(anonymous_3)
FN:117,(anonymous_4)
FN:122,(anonymous_5)
FN:132,(anonymous_6)
FN:143,(anonymous_7)
FN:153,(anonymous_8)
FN:158,(anonymous_9)
FNF:10
FNH:0
FNDA:0,(anonymous_0)
FNDA:0,(anonymous_1)
FNDA:0,(anonymous_2)
FNDA:0,(anonymous_3)
FNDA:0,(anonymous_4)
FNDA:0,(anonymous_5)
FNDA:0,(anonymous_6)
FNDA:0,(anonymous_7)
FNDA:0,(anonymous_8)
FNDA:0,(anonymous_9)
DA:21,0
DA:22,0
DA:33,0
DA:35,0
DA:40,0
DA:42,0
DA:43,0
DA:44,0
DA:45,0
DA:47,0
DA:48,0
DA:51,0
DA:52,0
DA:53,0
DA:56,0
DA:70,0
DA:72,0
DA:74,0
DA:75,0
DA:76,0
DA:77,0
DA:78,0
DA:82,0
DA:83,0
DA:91,0
DA:92,0
DA:94,0
DA:96,0
DA:98,0
DA:99,0
DA:100,0
DA:103,0
DA:104,0
DA:111,0
DA:117,0
DA:123,0
DA:124,0
DA:125,0
DA:126,0
DA:133,0
DA:134,0
DA:135,0
DA:137,0
DA:144,0
DA:145,0
DA:146,0
DA:147,0
DA:153,0
DA:158,0
LF:49
LH:0
BRDA:34,0,0,0
BRDA:47,1,0,0
BRDA:47,2,0,0
BRDA:47,2,1,0
BRDA:47,2,2,0
BRDA:75,3,0,0
BRDA:75,4,0,0
BRDA:75,4,1,0
BRDA:86,5,0,0
BRDA:86,5,1,0
BRDA:107,6,0,0
BRDA:107,6,1,0
BRDA:134,7,0,0
BRF:13
BRH:0
end_of_record
TN:
SF:server\utils\crypto.ts
FN:7,hashPassword
FN:13,comparePasswords
FN:23,generateSecureToken
FN:35,encrypt
FN:49,decrypt
FNF:5
FNH:0
FNDA:0,hashPassword
FNDA:0,comparePasswords
FNDA:0,generateSecureToken
FNDA:0,encrypt
FNDA:0,decrypt
DA:5,0
DA:8,0
DA:9,0
DA:10,0
DA:14,0
DA:15,0
DA:16,0
DA:17,0
DA:24,0
DA:30,0
DA:36,0
DA:38,0
DA:39,0
DA:40,0
DA:41,0
DA:42,0
DA:43,0
DA:50,0
DA:51,0
DA:52,0
DA:53,0
DA:54,0
DA:55,0
DA:56,0
DA:57,0
LF:25
LH:0
BRDA:23,0,0,0
BRDA:36,1,0,0
BRDA:36,1,1,0
BRDA:36,1,2,0
BRDA:50,2,0,0
BRDA:50,2,1,0
BRDA:50,2,2,0
BRF:7
BRH:0
end_of_record
TN:
SF:server\utils\db-helpers.ts
FN:26,buildTimeThreshold
FN:97,normalizeRowNumbers
FN:98,(anonymous_2)
FN:102,(anonymous_3)
FN:138,groupByTime
FN:145,(anonymous_5)
FNF:6
FNH:0
FNDA:0,buildTimeThreshold
FNDA:0,normalizeRowNumbers
FNDA:0,(anonymous_2)
FNDA:0,(anonymous_3)
FNDA:0,groupByTime
FNDA:0,(anonymous_5)
DA:27,0
DA:30,0
DA:31,0
DA:32,0
DA:33,0
DA:34,0
DA:36,0
DA:37,0
DA:38,0
DA:39,0
DA:43,0
DA:44,0
DA:45,0
DA:46,0
DA:47,0
DA:49,0
DA:50,0
DA:51,0
DA:55,0
DA:57,0
DA:58,0
DA:59,0
DA:60,0
DA:63,0
DA:64,0
DA:65,0
DA:66,0
DA:67,0
DA:68,0
DA:71,0
DA:72,0
DA:73,0
DA:74,0
DA:77,0
DA:98,0
DA:99,0
DA:102,0
DA:103,0
DA:104,0
DA:105,0
DA:106,0
DA:107,0
DA:108,0
DA:110,0
DA:122,0
DA:143,0
DA:145,0
DA:146,0
DA:147,0
DA:148,0
DA:154,0
DA:158,0
DA:160,0
DA:161,0
DA:163,0
DA:164,0
DA:166,0
DA:167,0
DA:168,0
DA:169,0
DA:170,0
DA:171,0
DA:172,0
DA:175,0
DA:176,0
DA:179,0
DA:180,0
DA:182,0
DA:185,0
LF:69
LH:0
BRDA:31,0,0,0
BRDA:33,1,0,0
BRDA:33,2,0,0
BRDA:33,2,1,0
BRDA:44,3,0,0
BRDA:46,4,0,0
BRDA:55,5,0,0
BRDA:55,5,1,0
BRDA:55,5,2,0
BRDA:55,5,3,0
BRDA:65,6,0,0
BRDA:65,6,1,0
BRDA:103,7,0,0
BRDA:103,8,0,0
BRDA:103,8,1,0
BRDA:105,9,0,0
BRDA:105,10,0,0
BRDA:105,10,1,0
BRDA:106,11,0,0
BRDA:106,11,1,0
BRDA:107,12,0,0
BRDA:107,12,1,0
BRDA:115,13,0,0
BRDA:115,13,1,0
BRDA:147,14,0,0
BRDA:158,15,0,0
BRDA:158,15,1,0
BRDA:158,15,2,0
BRDA:158,15,3,0
BRDA:168,16,0,0
BRDA:168,16,1,0
BRDA:179,17,0,0
BRF:32
BRH:0
end_of_record
TN:
SF:server\utils\db-init.ts
FN:4,initializeDatabase
FN:64,validateDatabaseHealth
FN:107,checkTablesExist
FNF:3
FNH:0
FNDA:0,initializeDatabase
FNDA:0,validateDatabaseHealth
FNDA:0,checkTablesExist
DA:5,0
DA:6,0
DA:12,0
DA:13,0
DA:14,0
DA:16,0
DA:22,0
DA:29,0
DA:30,0
DA:36,0
DA:39,0
DA:44,0
DA:47,0
DA:56,0
DA:60,0
DA:65,0
DA:66,0
DA:67,0
DA:76,0
DA:79,0
DA:80,0
DA:83,0
DA:85,0
DA:92,0
DA:98,0
DA:108,0
DA:109,0
DA:116,0
DA:118,0
DA:124,0
LF:30
LH:0
BRDA:29,0,0,0
BRDA:51,1,0,0
BRDA:51,1,1,0
BRDA:66,2,0,0
BRDA:96,3,0,0
BRDA:96,3,1,0
BRDA:102,4,0,0
BRDA:102,4,1,0
BRDA:122,5,0,0
BRDA:122,5,1,0
BRF:10
BRH:0
end_of_record
TN:
SF:server\utils\errors.ts
FN:12,(anonymous_0)
FN:30,(anonymous_1)
FN:42,(anonymous_2)
FN:49,(anonymous_3)
FN:56,(anonymous_4)
FN:66,(anonymous_5)
FN:75,(anonymous_6)
FN:84,(anonymous_7)
FN:93,asyncHandler
FN:94,(anonymous_9)
FNF:10
FNH:0
FNDA:0,(anonymous_0)
FNDA:0,(anonymous_1)
FNDA:0,(anonymous_2)
FNDA:0,(anonymous_3)
FNDA:0,(anonymous_4)
FNDA:0,(anonymous_5)
FNDA:0,(anonymous_6)
FNDA:0,(anonymous_7)
FNDA:0,asyncHandler
FNDA:0,(anonymous_9)
DA:18,0
DA:19,0
DA:20,0
DA:21,0
DA:22,0
DA:25,0
DA:36,0
DA:37,0
DA:43,0
DA:44,0
DA:50,0
DA:51,0
DA:57,0
DA:58,0
DA:67,0
DA:76,0
DA:85,0
DA:86,0
DA:94,0
DA:95,0
LF:20
LH:0
BRDA:32,0,0,0
BRDA:33,1,0,0
BRDA:42,2,0,0
BRDA:49,3,0,0
BRDA:56,4,0,0
BRDA:66,5,0,0
BRDA:75,6,0,0
BRDA:84,7,0,0
BRF:8
BRH:0
end_of_record
TN:
SF:server\utils\featureFlags.ts
FN:20,(anonymous_0)
FN:30,(anonymous_1)
FN:40,(anonymous_2)
FN:51,(anonymous_3)
FN:63,(anonymous_4)
FN:76,(anonymous_5)
FN:86,(anonymous_6)
FNF:7
FNH:0
FNDA:0,(anonymous_0)
FNDA:0,(anonymous_1)
FNDA:0,(anonymous_2)
FNDA:0,(anonymous_3)
FNDA:0,(anonymous_4)
FNDA:0,(anonymous_5)
FNDA:0,(anonymous_6)
DA:9,0
DA:21,0
DA:22,0
DA:31,0
DA:32,0
DA:41,0
DA:42,0
DA:52,0
DA:53,0
DA:54,0
DA:64,0
DA:65,0
DA:68,0
DA:69,0
DA:77,0
DA:87,0
DA:88,0
LF:17
LH:0
BRDA:63,0,0,0
BRDA:64,1,0,0
BRDA:87,2,0,0
BRF:3
BRH:0
end_of_record
TN:
SF:server\utils\logger.ts
FN:75,(anonymous_0)
FN:88,(anonymous_1)
FN:96,(anonymous_2)
FN:125,(anonymous_3)
FN:159,(anonymous_4)
FN:181,(anonymous_5)
FN:224,(anonymous_6)
FN:232,(anonymous_7)
FN:244,(anonymous_8)
FN:256,(anonymous_9)
FN:268,(anonymous_10)
FN:280,(anonymous_11)
FN:292,(anonymous_12)
FN:305,(anonymous_13)
FN:319,(anonymous_14)
FN:321,(anonymous_15)
FN:384,(anonymous_16)
FN:389,(anonymous_17)
FN:395,(anonymous_18)
FN:402,(anonymous_19)
FN:409,(anonymous_20)
FN:414,(anonymous_21)
FN:420,(anonymous_22)
FN:429,(anonymous_23)
FN:431,(anonymous_24)
FN:432,(anonymous_25)
FN:441,(anonymous_26)
FN:453,(anonymous_27)
FN:465,(anonymous_28)
FNF:29
FNH:0
FNDA:0,(anonymous_0)
FNDA:0,(anonymous_1)
FNDA:0,(anonymous_2)
FNDA:0,(anonymous_3)
FNDA:0,(anonymous_4)
FNDA:0,(anonymous_5)
FNDA:0,(anonymous_6)
FNDA:0,(anonymous_7)
FNDA:0,(anonymous_8)
FNDA:0,(anonymous_9)
FNDA:0,(anonymous_10)
FNDA:0,(anonymous_11)
FNDA:0,(anonymous_12)
FNDA:0,(anonymous_13)
FNDA:0,(anonymous_14)
FNDA:0,(anonymous_15)
FNDA:0,(anonymous_16)
FNDA:0,(anonymous_17)
FNDA:0,(anonymous_18)
FNDA:0,(anonymous_19)
FNDA:0,(anonymous_20)
FNDA:0,(anonymous_21)
FNDA:0,(anonymous_22)
FNDA:0,(anonymous_23)
FNDA:0,(anonymous_24)
FNDA:0,(anonymous_25)
FNDA:0,(anonymous_26)
FNDA:0,(anonymous_27)
FNDA:0,(anonymous_28)
DA:4,0
DA:16,0
DA:76,0
DA:77,0
DA:78,0
DA:81,0
DA:82,0
DA:89,0
DA:97,0
DA:98,0
DA:99,0
DA:100,0
DA:102,0
DA:105,0
DA:106,0
DA:110,0
DA:111,0
DA:112,0
DA:113,0
DA:114,0
DA:118,0
DA:131,0
DA:142,0
DA:143,0
DA:144,0
DA:145,0
DA:146,0
DA:147,0
DA:148,0
DA:149,0
DA:152,0
DA:160,0
DA:161,0
DA:164,0
DA:166,0
DA:167,0
DA:168,0
DA:169,0
DA:172,0
DA:173,0
DA:182,0
DA:185,0
DA:186,0
DA:190,0
DA:191,0
DA:193,0
DA:194,0
DA:195,0
DA:206,0
DA:214,0
DA:225,0
DA:233,0
DA:234,0
DA:245,0
DA:247,0
DA:248,0
DA:249,0
DA:257,0
DA:259,0
DA:260,0
DA:261,0
DA:269,0
DA:271,0
DA:272,0
DA:273,0
DA:281,0
DA:283,0
DA:284,0
DA:285,0
DA:294,0
DA:295,0
DA:296,0
DA:306,0
DA:307,0
DA:308,0
DA:320,0
DA:321,0
DA:324,0
DA:333,0
DA:335,0
DA:338,0
DA:339,0
DA:340,0
DA:344,0
DA:345,0
DA:349,0
DA:350,0
DA:351,0
DA:353,0
DA:354,0
DA:359,0
DA:363,0
DA:367,0
DA:385,0
DA:388,0
DA:389,0
DA:390,0
DA:394,0
DA:395,0
DA:396,0
DA:400,0
DA:401,0
DA:402,0
DA:403,0
DA:407,0
DA:408,0
DA:409,0
DA:412,0
DA:413,0
DA:414,0
DA:415,0
DA:420,0
DA:422,0
DA:430,0
DA:431,0
DA:432,0
DA:442,0
DA:454,0
DA:466,0
DA:475,0
LF:120
LH:0
BRDA:16,0,0,0
BRDA:16,0,1,0
BRDA:99,1,0,0
BRDA:99,1,1,0
BRDA:100,2,0,0
BRDA:100,2,1,0
BRDA:105,3,0,0
BRDA:105,4,0,0
BRDA:105,4,1,0
BRDA:110,5,0,0
BRDA:110,6,0,0
BRDA:110,6,1,0
BRDA:113,7,0,0
BRDA:142,8,0,0
BRDA:142,9,0,0
BRDA:142,9,1,0
BRDA:160,10,0,0
BRDA:185,11,0,0
BRDA:190,12,0,0
BRDA:190,13,0,0
BRDA:190,13,1,0
BRDA:193,14,0,0
BRDA:201,15,0,0
BRDA:201,15,1,0
BRDA:209,16,0,0
BRDA:209,16,1,0
BRDA:233,17,0,0
BRDA:245,18,0,0
BRDA:257,19,0,0
BRDA:269,20,0,0
BRDA:281,21,0,0
BRDA:306,22,0,0
BRDA:306,22,1,0
BRDA:306,23,0,0
BRDA:306,23,1,0
BRDA:307,24,0,0
BRDA:307,24,1,0
BRDA:319,25,0,0
BRDA:335,26,0,0
BRDA:335,26,1,0
BRDA:338,27,0,0
BRDA:340,28,0,0
BRDA:340,28,1,0
BRDA:344,29,0,0
BRDA:344,30,0,0
BRDA:344,30,1,0
BRDA:349,31,0,0
BRDA:353,32,0,0
BRDA:359,33,0,0
BRDA:359,33,1,0
BRDA:363,34,0,0
BRDA:363,34,1,0
BRDA:388,35,0,0
BRDA:394,36,0,0
BRDA:400,37,0,0
BRDA:403,38,0,0
BRDA:403,38,1,0
BRDA:407,39,0,0
BRDA:412,40,0,0
BRDA:415,41,0,0
BRDA:415,41,1,0
BRDA:422,42,0,0
BRDA:422,42,1,0
BRF:63
BRH:0
end_of_record
TN:
SF:server\utils\metrics.ts
FN:20,(anonymous_0)
FN:24,(anonymous_1)
FN:25,(anonymous_2)
FN:32,(anonymous_3)
FN:66,(anonymous_4)
FN:67,(anonymous_5)
FN:74,(anonymous_6)
FN:107,(anonymous_7)
FN:125,(anonymous_8)
FN:130,(anonymous_9)
FN:149,(anonymous_10)
FN:161,incrementCounter
FN:165,recordTiming
FN:169,recordGauge
FNF:14
FNH:0
FNDA:0,(anonymous_0)
FNDA:0,(anonymous_1)
FNDA:0,(anonymous_2)
FNDA:0,(anonymous_3)
FNDA:0,(anonymous_4)
FNDA:0,(anonymous_5)
FNDA:0,(anonymous_6)
FNDA:0,(anonymous_7)
FNDA:0,(anonymous_8)
FNDA:0,(anonymous_9)
FNDA:0,(anonymous_10)
FNDA:0,incrementCounter
FNDA:0,recordTiming
FNDA:0,recordGauge
DA:21,0
DA:25,0
DA:30,0
DA:32,0
DA:34,0
DA:37,0
DA:40,0
DA:46,0
DA:47,0
DA:48,0
DA:49,0
DA:58,0
DA:61,0
DA:67,0
DA:72,0
DA:74,0
DA:75,0
DA:76,0
DA:78,0
DA:80,0
DA:83,0
DA:89,0
DA:90,0
DA:91,0
DA:102,0
DA:108,0
DA:111,0
DA:112,0
DA:113,0
DA:114,0
DA:126,0
DA:131,0
DA:132,0
DA:134,0
DA:135,0
DA:146,0
DA:150,0
DA:152,0
DA:158,0
DA:162,0
DA:166,0
DA:170,0
LF:42
LH:0
BRDA:37,0,0,0
BRDA:37,0,1,0
BRDA:46,1,0,0
BRDA:48,2,0,0
BRDA:89,3,0,0
BRDA:90,4,0,0
BRDA:111,5,0,0
BRDA:113,6,0,0
BRDA:162,7,0,0
BRDA:162,7,1,0
BRDA:166,8,0,0
BRDA:166,8,1,0
BRF:12
BRH:0
end_of_record
TN:
SF:server\utils\performance-monitoring-utils.ts
FN:11,measure
FN:12,(anonymous_1)
FN:20,(anonymous_2)
FN:23,(anonymous_3)
FN:32,track
FN:33,(anonymous_5)
FN:41,(anonymous_6)
FN:58,monitorClass
FN:63,(anonymous_8)
FN:99,trackBusinessMetric
FN:110,trackApiMetric
FN:137,trackDatabaseMetric
FN:157,trackCacheMetric
FN:175,trackUserAction
FN:187,trackError
FN:199,trackResourceUsage
FN:211,createApiMonitoringMiddleware
FN:212,(anonymous_17)
FN:216,(anonymous_18)
FN:235,getMonitoringStatus
FN:240,getAggregatedMetrics
FN:245,getRecentAlerts
FN:250,getBusinessKPIs
FN:255,updateMonitoringConfig
FN:260,getEnvironmentSpecificConfig
FN:333,initializeMonitoring
FNF:26
FNH:0
FNDA:0,measure
FNDA:0,(anonymous_1)
FNDA:0,(anonymous_2)
FNDA:0,(anonymous_3)
FNDA:0,track
FNDA:0,(anonymous_5)
FNDA:0,(anonymous_6)
FNDA:0,monitorClass
FNDA:0,(anonymous_8)
FNDA:0,trackBusinessMetric
FNDA:0,trackApiMetric
FNDA:0,trackDatabaseMetric
FNDA:0,trackCacheMetric
FNDA:0,trackUserAction
FNDA:0,trackError
FNDA:0,trackResourceUsage
FNDA:0,createApiMonitoringMiddleware
FNDA:0,(anonymous_17)
FNDA:0,(anonymous_18)
FNDA:0,getMonitoringStatus
FNDA:0,getAggregatedMetrics
FNDA:0,getRecentAlerts
FNDA:0,getBusinessKPIs
FNDA:0,updateMonitoringConfig
FNDA:0,getEnvironmentSpecificConfig
FNDA:0,initializeMonitoring
DA:12,0
DA:17,0
DA:18,0
DA:20,0
DA:21,0
DA:23,0
DA:27,0
DA:33,0
DA:38,0
DA:39,0
DA:41,0
DA:42,0
DA:45,0
DA:50,0
DA:53,0
DA:63,0
DA:64,0
DA:65,0
DA:66,0
DA:69,0
DA:71,0
DA:72,0
DA:74,0
DA:75,0
DA:78,0
DA:79,0
DA:87,0
DA:94,0
DA:104,0
DA:117,0
DA:124,0
DA:125,0
DA:128,0
DA:129,0
DA:131,0
DA:132,0
DA:143,0
DA:149,0
DA:162,0
DA:167,0
DA:169,0
DA:170,0
DA:180,0
DA:192,0
DA:205,0
DA:212,0
DA:213,0
DA:214,0
DA:216,0
DA:217,0
DA:219,0
DA:227,0
DA:230,0
DA:236,0
DA:241,0
DA:246,0
DA:251,0
DA:256,0
DA:261,0
DA:263,0
DA:288,0
DA:310,0
DA:334,0
DA:335,0
DA:336,0
DA:338,0
LF:66
LH:0
BRDA:39,0,0,0
BRDA:39,0,1,0
BRDA:58,1,0,0
BRDA:65,2,0,0
BRDA:65,2,1,0
BRDA:72,3,0,0
BRDA:75,4,0,0
BRDA:75,5,0,0
BRDA:75,5,1,0
BRDA:78,6,0,0
BRDA:124,7,0,0
BRDA:131,8,0,0
BRDA:141,9,0,0
BRDA:169,10,0,0
BRDA:221,11,0,0
BRDA:221,11,1,0
BRDA:245,12,0,0
BRDA:261,13,0,0
BRDA:261,13,1,0
BRDA:261,13,2,0
BRDA:261,13,3,0
BRDA:333,14,0,0
BRDA:333,15,0,0
BRDA:333,15,1,0
BRF:24
BRH:0
end_of_record
TN:
SF:server\utils\race-condition-prevention.ts
FN:13,(anonymous_0)
FN:22,(anonymous_1)
FN:37,(anonymous_2)
FN:45,(anonymous_3)
FN:55,(anonymous_4)
FN:68,(anonymous_5)
FN:75,(anonymous_6)
FN:82,(anonymous_7)
FN:90,(anonymous_8)
FN:97,(anonymous_9)
FN:108,(anonymous_10)
FN:129,(anonymous_11)
FN:141,(anonymous_12)
FN:142,(anonymous_13)
FN:143,(anonymous_14)
FN:150,(anonymous_15)
FN:171,(anonymous_16)
FN:186,(anonymous_17)
FN:194,(anonymous_18)
FN:206,(anonymous_19)
FN:213,(anonymous_20)
FN:220,(anonymous_21)
FN:227,(anonymous_22)
FN:234,(anonymous_23)
FN:258,(anonymous_24)
FN:274,(anonymous_25)
FN:281,(anonymous_26)
FN:294,(anonymous_27)
FN:304,(anonymous_28)
FN:324,(anonymous_29)
FN:331,(anonymous_30)
FN:332,(anonymous_31)
FN:352,(anonymous_32)
FN:360,(anonymous_33)
FN:378,(anonymous_34)
FN:386,(anonymous_35)
FN:393,(anonymous_36)
FN:407,(anonymous_37)
FN:429,(anonymous_38)
FN:443,(anonymous_39)
FN:472,(anonymous_40)
FN:489,(anonymous_41)
FN:504,(anonymous_42)
FN:522,(anonymous_43)
FN:529,(anonymous_44)
FN:536,(anonymous_45)
FN:543,(anonymous_46)
FN:551,(anonymous_47)
FN:569,(anonymous_48)
FN:584,debounce
FN:593,(anonymous_50)
FN:610,(anonymous_51)
FN:622,throttle
FN:632,(anonymous_53)
FN:654,(anonymous_54)
FN:671,retry
FN:689,(anonymous_56)
FN:720,(anonymous_57)
FN:755,cleanup
FNF:59
FNH:0
FNDA:0,(anonymous_0)
FNDA:0,(anonymous_1)
FNDA:0,(anonymous_2)
FNDA:0,(anonymous_3)
FNDA:0,(anonymous_4)
FNDA:0,(anonymous_5)
FNDA:0,(anonymous_6)
FNDA:0,(anonymous_7)
FNDA:0,(anonymous_8)
FNDA:0,(anonymous_9)
FNDA:0,(anonymous_10)
FNDA:0,(anonymous_11)
FNDA:0,(anonymous_12)
FNDA:0,(anonymous_13)
FNDA:0,(anonymous_14)
FNDA:0,(anonymous_15)
FNDA:0,(anonymous_16)
FNDA:0,(anonymous_17)
FNDA:0,(anonymous_18)
FNDA:0,(anonymous_19)
FNDA:0,(anonymous_20)
FNDA:0,(anonymous_21)
FNDA:0,(anonymous_22)
FNDA:0,(anonymous_23)
FNDA:0,(anonymous_24)
FNDA:0,(anonymous_25)
FNDA:0,(anonymous_26)
FNDA:0,(anonymous_27)
FNDA:0,(anonymous_28)
FNDA:0,(anonymous_29)
FNDA:0,(anonymous_30)
FNDA:0,(anonymous_31)
FNDA:0,(anonymous_32)
FNDA:0,(anonymous_33)
FNDA:0,(anonymous_34)
FNDA:0,(anonymous_35)
FNDA:0,(anonymous_36)
FNDA:0,(anonymous_37)
FNDA:0,(anonymous_38)
FNDA:0,(anonymous_39)
FNDA:0,(anonymous_40)
FNDA:0,(anonymous_41)
FNDA:0,(anonymous_42)
FNDA:0,(anonymous_43)
FNDA:0,(anonymous_44)
FNDA:0,(anonymous_45)
FNDA:0,(anonymous_46)
FNDA:0,(anonymous_47)
FNDA:0,(anonymous_48)
FNDA:0,debounce
FNDA:0,(anonymous_50)
FNDA:0,(anonymous_51)
FNDA:0,throttle
FNDA:0,(anonymous_53)
FNDA:0,(anonymous_54)
FNDA:0,retry
FNDA:0,(anonymous_56)
FNDA:0,(anonymous_57)
FNDA:0,cleanup
DA:15,0
DA:16,0
DA:24,0
DA:26,0
DA:28,0
DA:29,0
DA:32,0
DA:37,0
DA:38,0
DA:41,0
DA:42,0
DA:45,0
DA:46,0
DA:47,0
DA:56,0
DA:57,0
DA:58,0
DA:61,0
DA:69,0
DA:76,0
DA:83,0
DA:84,0
DA:91,0
DA:98,0
DA:110,0
DA:113,0
DA:114,0
DA:126,0
DA:127,0
DA:130,0
DA:131,0
DA:133,0
DA:134,0
DA:142,0
DA:143,0
DA:144,0
DA:145,0
DA:146,0
DA:149,0
DA:150,0
DA:151,0
DA:152,0
DA:153,0
DA:155,0
DA:156,0
DA:159,0
DA:161,0
DA:164,0
DA:172,0
DA:173,0
DA:176,0
DA:177,0
DA:178,0
DA:182,0
DA:183,0
DA:184,0
DA:186,0
DA:195,0
DA:196,0
DA:197,0
DA:199,0
DA:207,0
DA:214,0
DA:221,0
DA:228,0
DA:235,0
DA:254,0
DA:255,0
DA:256,0
DA:259,0
DA:260,0
DA:262,0
DA:263,0
DA:264,0
DA:265,0
DA:268,0
DA:275,0
DA:279,0
DA:281,0
DA:282,0
DA:286,0
DA:287,0
DA:295,0
DA:296,0
DA:297,0
DA:305,0
DA:306,0
DA:309,0
DA:311,0
DA:312,0
DA:313,0
DA:314,0
DA:317,0
DA:325,0
DA:326,0
DA:329,0
DA:331,0
DA:332,0
DA:333,0
DA:334,0
DA:337,0
DA:338,0
DA:341,0
DA:342,0
DA:345,0
DA:353,0
DA:354,0
DA:361,0
DA:362,0
DA:364,0
DA:366,0
DA:368,0
DA:370,0
DA:371,0
DA:379,0
DA:380,0
DA:387,0
DA:394,0
DA:408,0
DA:409,0
DA:410,0
DA:411,0
DA:420,0
DA:421,0
DA:422,0
DA:423,0
DA:424,0
DA:425,0
DA:426,0
DA:427,0
DA:430,0
DA:431,0
DA:432,0
DA:434,0
DA:435,0
DA:444,0
DA:447,0
DA:448,0
DA:449,0
DA:450,0
DA:452,0
DA:453,0
DA:459,0
DA:460,0
DA:461,0
DA:462,0
DA:464,0
DA:465,0
DA:473,0
DA:474,0
DA:476,0
DA:477,0
DA:478,0
DA:480,0
DA:482,0
DA:490,0
DA:491,0
DA:492,0
DA:493,0
DA:496,0
DA:497,0
DA:505,0
DA:506,0
DA:507,0
DA:510,0
DA:511,0
DA:512,0
DA:513,0
DA:514,0
DA:523,0
DA:530,0
DA:537,0
DA:544,0
DA:545,0
DA:552,0
DA:570,0
DA:571,0
DA:572,0
DA:573,0
DA:574,0
DA:575,0
DA:576,0
DA:589,0
DA:590,0
DA:591,0
DA:593,0
DA:594,0
DA:595,0
DA:596,0
DA:599,0
DA:600,0
DA:604,0
DA:605,0
DA:609,0
DA:610,0
DA:611,0
DA:612,0
DA:627,0
DA:628,0
DA:629,0
DA:630,0
DA:632,0
DA:633,0
DA:634,0
DA:637,0
DA:638,0
DA:639,0
DA:640,0
DA:643,0
DA:644,0
DA:645,0
DA:649,0
DA:652,0
DA:653,0
DA:654,0
DA:655,0
DA:656,0
DA:657,0
DA:658,0
DA:660,0
DA:689,0
DA:691,0
DA:693,0
DA:694,0
DA:699,0
DA:700,0
DA:701,0
DA:703,0
DA:706,0
DA:707,0
DA:711,0
DA:712,0
DA:713,0
DA:716,0
DA:717,0
DA:720,0
DA:724,0
DA:731,0
DA:732,0
DA:733,0
DA:734,0
DA:737,0
DA:738,0
DA:739,0
DA:742,0
DA:743,0
DA:744,0
DA:747,0
DA:748,0
DA:749,0
DA:756,0
DA:757,0
DA:758,0
LF:253
LH:0
BRDA:26,0,0,0
BRDA:42,1,0,0
BRDA:42,1,1,0
BRDA:76,2,0,0
BRDA:76,2,1,0
BRDA:84,3,0,0
BRDA:84,3,1,0
BRDA:130,4,0,0
BRDA:130,5,0,0
BRDA:130,5,1,0
BRDA:144,6,0,0
BRDA:144,6,1,0
BRDA:151,7,0,0
BRDA:176,8,0,0
BRDA:182,9,0,0
BRDA:184,10,0,0
BRDA:259,11,0,0
BRDA:259,12,0,0
BRDA:259,12,1,0
BRDA:275,13,0,0
BRDA:286,14,0,0
BRDA:286,15,0,0
BRDA:286,15,1,0
BRDA:295,16,0,0
BRDA:304,17,0,0
BRDA:305,18,0,0
BRDA:305,19,0,0
BRDA:305,19,1,0
BRDA:311,20,0,0
BRDA:324,21,0,0
BRDA:325,22,0,0
BRDA:333,23,0,0
BRDA:333,23,1,0
BRDA:352,24,0,0
BRDA:364,25,0,0
BRDA:368,26,0,0
BRDA:430,27,0,0
BRDA:431,28,0,0
BRDA:432,29,0,0
BRDA:434,30,0,0
BRDA:434,31,0,0
BRDA:434,31,1,0
BRDA:434,31,2,0
BRDA:447,32,0,0
BRDA:449,33,0,0
BRDA:449,33,1,0
BRDA:476,34,0,0
BRDA:476,34,1,0
BRDA:477,35,0,0
BRDA:480,36,0,0
BRDA:496,37,0,0
BRDA:496,38,0,0
BRDA:496,38,1,0
BRDA:505,39,0,0
BRDA:510,40,0,0
BRDA:510,40,1,0
BRDA:513,41,0,0
BRDA:544,42,0,0
BRDA:560,43,0,0
BRDA:560,43,1,0
BRDA:587,44,0,0
BRDA:589,45,0,0
BRDA:589,46,0,0
BRDA:599,47,0,0
BRDA:599,48,0,0
BRDA:599,48,1,0
BRDA:604,49,0,0
BRDA:609,50,0,0
BRDA:625,51,0,0
BRDA:627,52,0,0
BRDA:627,53,0,0
BRDA:637,54,0,0
BRDA:637,54,1,0
BRDA:637,55,0,0
BRDA:637,55,1,0
BRDA:643,56,0,0
BRDA:652,57,0,0
BRDA:652,58,0,0
BRDA:652,58,1,0
BRDA:655,59,0,0
BRDA:673,60,0,0
BRDA:684,61,0,0
BRDA:685,62,0,0
BRDA:686,63,0,0
BRDA:687,64,0,0
BRDA:688,65,0,0
BRDA:689,66,0,0
BRDA:693,67,0,0
BRDA:706,68,0,0
BRDA:706,69,0,0
BRDA:706,69,1,0
BRDA:716,70,0,0
BRF:92
BRH:0
end_of_record
TN:
SF:server\utils\validation.ts
FN:18,(anonymous_0)
FN:19,(anonymous_1)
FN:23,(anonymous_2)
FN:24,(anonymous_3)
FN:39,validateSchema
FN:40,(anonymous_5)
FN:57,validateEmail
FN:75,validatePassword
FN:126,sanitizeInput
FN:137,validateBillNumber
FNF:10
FNH:0
FNDA:0,(anonymous_0)
FNDA:0,(anonymous_1)
FNDA:0,(anonymous_2)
FNDA:0,(anonymous_3)
FNDA:0,validateSchema
FNDA:0,(anonymous_5)
FNDA:0,validateEmail
FNDA:0,validatePassword
FNDA:0,sanitizeInput
FNDA:0,validateBillNumber
DA:18,0
DA:19,0
DA:20,0
DA:21,0
DA:23,0
DA:24,0
DA:25,0
DA:26,0
DA:29,0
DA:32,0
DA:40,0
DA:41,0
DA:42,0
DA:43,0
DA:45,0
DA:46,0
DA:48,0
DA:58,0
DA:59,0
DA:62,0
DA:63,0
DA:65,0
DA:66,0
DA:69,0
DA:76,0
DA:77,0
DA:80,0
DA:81,0
DA:83,0
DA:84,0
DA:86,0
DA:89,0
DA:90,0
DA:92,0
DA:95,0
DA:96,0
DA:98,0
DA:101,0
DA:102,0
DA:104,0
DA:107,0
DA:108,0
DA:110,0
DA:113,0
DA:115,0
DA:127,0
DA:128,0
DA:131,0
DA:138,0
DA:139,0
DA:142,0
DA:143,0
DA:145,0
DA:146,0
DA:149,0
DA:150,0
DA:151,0
DA:154,0
LF:58
LH:0
BRDA:21,0,0,0
BRDA:21,0,1,0
BRDA:25,1,0,0
BRDA:25,2,0,0
BRDA:25,2,1,0
BRDA:45,3,0,0
BRDA:45,3,1,0
BRDA:58,4,0,0
BRDA:58,5,0,0
BRDA:58,5,1,0
BRDA:65,6,0,0
BRDA:76,7,0,0
BRDA:76,8,0,0
BRDA:76,8,1,0
BRDA:83,9,0,0
BRDA:83,9,1,0
BRDA:89,10,0,0
BRDA:89,10,1,0
BRDA:95,11,0,0
BRDA:95,11,1,0
BRDA:101,12,0,0
BRDA:101,12,1,0
BRDA:107,13,0,0
BRDA:107,13,1,0
BRDA:113,14,0,0
BRDA:113,14,1,0
BRDA:113,15,0,0
BRDA:113,15,1,0
BRDA:119,16,0,0
BRDA:119,16,1,0
BRDA:127,17,0,0
BRDA:127,18,0,0
BRDA:127,18,1,0
BRDA:138,19,0,0
BRDA:138,20,0,0
BRDA:138,20,1,0
BRDA:145,21,0,0
BRDA:150,22,0,0
BRDA:150,23,0,0
BRDA:150,23,1,0
BRF:40
BRH:0
end_of_record
