src/app/providers/AppProviders.tsx(192,7): error TS2322: Type '() => { type: "slow" | "fast" | "unknown"; effectiveType: "2g" | "3g" | "4g" | "5g" | undefined; downlink: number | undefined; rtt: number | undefined; saveData: boolean; online: boolean; }' is not assignable to type '() => ConnectionInfo'.
  Call signature return types '{ type: "slow" | "fast" | "unknown"; effectiveType: "2g" | "3g" | "4g" | "5g" | undefined; downlink: number | undefined; rtt: number | undefined; saveData: boolean; online: boolean; }' and 'ConnectionInfo' are incompatible.
    The types of 'type' are incompatible between these types.
      Type '"fast" | "slow" | "unknown"' is not assignable to type 'ConnectionType'.
        Type '"fast"' is not assignable to type 'ConnectionType'.
src/app/providers/AppProviders.tsx(194,7): error TS2322: Type 'AssetLoadingManager' is not assignable to type '{ onProgress?: ((callback: (progress: AssetLoadingProgress) => void) => () => void) | undefined; }'.
  Types of property 'onProgress' are incompatible.
    Type '(callback: (progress: LoadingProgress) => void) => () => void' is not assignable to type '(callback: (progress: AssetLoadingProgress) => void) => () => void'.
      Types of parameters 'callback' and 'callback' are incompatible.
        Types of parameters 'progress' and 'progress' are incompatible.
          Type 'LoadingProgress' is not assignable to type 'AssetLoadingProgress'.
            Types of property 'status' are incompatible.
              Type '"loading" | "error" | "success" | "idle"' is not assignable to type 'AssetLoadingStatus'.
                Type '"success"' is not assignable to type 'AssetLoadingStatus'.
src/infrastructure/api/community.ts(49,3): error TS2724: '"@client/lib/types/community"' has no exported member named 'Expert'. Did you mean 'isExpert'?
src/infrastructure/api/community.ts(59,3): error TS2305: Module '"@client/lib/types/community"' has no exported member 'ExpertVerificationResponse'.
src/infrastructure/api/community.ts(84,3): error TS2724: '"@client/lib/types/community"' has no exported member named 'Expert'. Did you mean 'isExpert'?
src/infrastructure/api/hooks/use-api-with-fallback.ts(14,50): error TS2307: Cannot find module '../types/request' or its corresponding type declarations.
src/infrastructure/api/privacy.ts(4,63): error TS2307: Cannot find module './types/error-response' or its corresponding type declarations.
src/infrastructure/api/types/service.ts(12,37): error TS2307: Cannot find module './request' or its corresponding type declarations.
src/infrastructure/auth/service.ts(56,7): error TS2353: Object literal may only specify known properties, and 'preferences' does not exist in type 'UserProfile'.
src/infrastructure/community/services/moderation.service.ts(177,5): error TS2739: Type '{ spam: string; harassment: string; inappropriate_language: string; misinformation: string; off_topic: string; personal_attack: string; copyright_violation: string; hate_speech: string; duplicate_content: string; }' is missing the following properties from type 'Record<ViolationType, string>': other, offensive
src/infrastructure/community/services/moderation.service.ts(194,11): error TS2739: Type '{ spam: "low"; off_topic: "low"; duplicate_content: "low"; inappropriate_language: "medium"; misinformation: "medium"; personal_attack: "high"; harassment: "high"; hate_speech: "critical"; copyright_violation: "high"; }' is missing the following properties from type 'Record<ViolationType, "low" | "medium" | "high" | "critical">': other, offensive
src/infrastructure/monitoring/monitoring-init.ts(493,58): error TS2339: Property 'DD_RUM' does not exist on type 'Window & typeof globalThis'.
src/infrastructure/monitoring/monitoring-init.ts(494,14): error TS2339: Property 'DD_RUM' does not exist on type 'Window & typeof globalThis'.
src/infrastructure/monitoring/monitoring-init.ts(514,16): error TS2339: Property 'DD_RUM' does not exist on type 'Window & typeof globalThis'.
src/infrastructure/monitoring/monitoring-init.ts(515,14): error TS2339: Property 'DD_RUM' does not exist on type 'Window & typeof globalThis'.
src/infrastructure/monitoring/monitoring-init.ts(628,16): error TS2339: Property 'DD_RUM' does not exist on type 'Window & typeof globalThis'.
src/infrastructure/monitoring/monitoring-init.ts(629,14): error TS2339: Property 'DD_RUM' does not exist on type 'Window & typeof globalThis'.
src/infrastructure/monitoring/monitoring-init.ts(634,16): error TS2339: Property 'DD_RUM' does not exist on type 'Window & typeof globalThis'.
src/infrastructure/monitoring/monitoring-init.ts(635,14): error TS2339: Property 'DD_RUM' does not exist on type 'Window & typeof globalThis'.
src/infrastructure/monitoring/monitoring-init.ts(644,16): error TS2339: Property 'DD_RUM' does not exist on type 'Window & typeof globalThis'.
src/infrastructure/monitoring/monitoring-init.ts(645,14): error TS2339: Property 'DD_RUM' does not exist on type 'Window & typeof globalThis'.
src/infrastructure/personalization/persona-detector.ts(122,9): error TS2367: This comparison appears to be unintentional because the types '"user" | "comment" | "page" | "bill"' and '"analytics"' have no overlap.
src/infrastructure/personalization/persona-detector.ts(146,52): error TS2367: This comparison appears to be unintentional because the types '"user" | "comment" | "page" | "bill"' and '"analytics"' have no overlap.
src/infrastructure/realtime/hooks/use-bill-tracking.ts(163,37): error TS2345: Argument of type 'unknown' is not assignable to parameter of type 'number'.
src/infrastructure/realtime/hooks/use-bill-tracking.ts(165,20): error TS2345: Argument of type 'unknown' is not assignable to parameter of type 'number'.
src/infrastructure/realtime/hooks/use-bill-tracking.ts(181,68): error TS2345: Argument of type '(update: BillUpdate) => void' is not assignable to parameter of type 'EventCallback'.
  Types of parameters 'update' and 'data' are incompatible.
    Type 'unknown' is not assignable to type 'BillRealTimeUpdate'.
src/infrastructure/realtime/hooks/use-bill-tracking.ts(184,7): error TS2345: Argument of type '(metrics: BillEngagementUpdate) => void' is not assignable to parameter of type 'EventCallback'.
  Types of parameters 'metrics' and 'data' are incompatible.
    Type 'unknown' is not assignable to type 'EngagementMetricsUpdate'.
src/infrastructure/realtime/hooks/use-bill-tracking.ts(268,5): error TS2353: Object literal may only specify known properties, and 'billUpdates' does not exist in type 'BillTrackingHookReturn'.
src/infrastructure/realtime/hooks/use-community-realtime.ts(13,10): error TS2305: Module '"../types"' has no exported member 'CommunityRealTimeHookReturn'.
src/infrastructure/realtime/hooks/use-community-realtime.ts(273,69): error TS2345: Argument of type '(indicator: TypingIndicator) => void' is not assignable to parameter of type 'EventCallback'.
  Types of parameters 'indicator' and 'data' are incompatible.
    Type 'unknown' is not assignable to type 'TypingIndicator'.
src/infrastructure/realtime/hooks/use-community-realtime.ts(274,68): error TS2345: Argument of type '(update: CommentUpdate) => void' is not assignable to parameter of type 'EventCallback'.
  Types of parameters 'update' and 'data' are incompatible.
    Type 'unknown' is not assignable to type 'CommentUpdate'.
src/infrastructure/realtime/hooks/use-websocket.ts(16,8): error TS2307: Cannot find module '../api/types/websocket' or its corresponding type declarations.
src/infrastructure/realtime/hooks/use-websocket.ts(18,56): error TS2307: Cannot find module './websocket-client' or its corresponding type declarations.
src/infrastructure/realtime/hooks/use-websocket.ts(92,45): error TS7006: Parameter 'code' implicitly has an 'any' type.
src/infrastructure/realtime/hooks/use-websocket.ts(92,51): error TS7006: Parameter 'reason' implicitly has an 'any' type.
src/infrastructure/realtime/hooks/use-websocket.ts(222,42): error TS7006: Parameter 'err' implicitly has an 'any' type.
src/infrastructure/realtime/index.ts(14,27): error TS2724: '"./websocket-client"' has no exported member named 'createWebSocketClient'. Did you mean 'WebSocketClient'?
src/infrastructure/realtime/manager.ts(10,30): error TS2307: Cannot find module '../utils/event-emitter' or its corresponding type declarations.
src/infrastructure/realtime/manager.ts(257,9): error TS2532: Object is possibly 'undefined'.
src/infrastructure/realtime/manager.ts(262,9): error TS2532: Object is possibly 'undefined'.
src/infrastructure/realtime/manager.ts(286,30): error TS2352: Conversion of type 'WebSocketMessage<unknown>' to type 'HeartbeatMessage' may be a mistake because neither type sufficiently overlaps with the other. If this was intentional, convert the expression to 'unknown' first.
  Types of property 'timestamp' are incompatible.
    Type 'number | undefined' is not comparable to type 'string'.
      Type 'number' is not comparable to type 'string'.
src/infrastructure/realtime/manager.ts(314,7): error TS2532: Object is possibly 'undefined'.
src/infrastructure/realtime/manager.ts(317,32): error TS2532: Object is possibly 'undefined'.
src/infrastructure/realtime/manager.ts(320,42): error TS2532: Object is possibly 'undefined'.
src/infrastructure/realtime/manager.ts(359,9): error TS2722: Cannot invoke an object which is possibly 'undefined'.
src/infrastructure/realtime/manager.ts(378,40): error TS2339: Property 'topic' does not exist on type 'WebSocketMessage<unknown>'.
src/infrastructure/realtime/manager.ts(392,27): error TS7053: Element implicitly has an 'any' type because expression of type 'string' can't be used to index type 'WebSocketMessage<unknown>'.
  No index signature with a parameter of type 'string' was found on type 'WebSocketMessage<unknown>'.
src/infrastructure/realtime/manager.ts(410,7): error TS2353: Object literal may only specify known properties, and 'filters' does not exist in type 'SubscriptionMessage'.
src/infrastructure/realtime/manager.ts(413,15): error TS2345: Argument of type 'SubscriptionMessage' is not assignable to parameter of type 'WebSocketMessage<unknown>'.
  Types of property 'timestamp' are incompatible.
    Type 'string' is not assignable to type 'number'.
src/infrastructure/realtime/manager.ts(420,7): error TS2561: Object literal may only specify known properties, but 'subscriptionId' does not exist in type 'SubscriptionMessage'. Did you mean to write 'subscriptions'?
src/infrastructure/realtime/manager.ts(422,15): error TS2345: Argument of type 'SubscriptionMessage' is not assignable to parameter of type 'WebSocketMessage<unknown>'.
  Types of property 'timestamp' are incompatible.
    Type 'string' is not assignable to type 'number'.
src/infrastructure/realtime/manager.ts(487,42): error TS2532: Object is possibly 'undefined'.
src/infrastructure/realtime/manager.ts(497,8): error TS2532: Object is possibly 'undefined'.
src/infrastructure/realtime/manager.ts(516,8): error TS2532: Object is possibly 'undefined'.
src/infrastructure/realtime/manager.ts(527,47): error TS2532: Object is possibly 'undefined'.
src/infrastructure/realtime/manager.ts(533,9): error TS2322: Type 'number' is not assignable to type 'string'.
src/infrastructure/realtime/manager.ts(535,17): error TS2345: Argument of type 'BatchMessage' is not assignable to parameter of type 'WebSocketMessage<unknown>'.
  Types of property 'timestamp' are incompatible.
    Type 'string' is not assignable to type 'number'.
src/infrastructure/realtime/manager.ts(546,7): error TS2532: Object is possibly 'undefined'.
src/infrastructure/realtime/manager.ts(547,11): error TS2532: Object is possibly 'undefined'.
src/infrastructure/realtime/manager.ts(548,11): error TS2532: Object is possibly 'undefined'.
src/infrastructure/realtime/services/bill-tracking.ts(351,11): error TS2322: Type 'string' is not assignable to type '"new_comment" | "amendment" | "expert_analysis" | "status_change" | "voting_scheduled" | "engagement_change" | "constitutional_flag"'.
src/infrastructure/realtime/services/bill-tracking.ts(396,9): error TS2322: Type 'string' is not assignable to type '"new_comment" | "amendment" | "expert_analysis" | "status_change" | "voting_scheduled" | "engagement_change" | "constitutional_flag"'.
src/infrastructure/realtime/services/bill-tracking.ts(439,9): error TS2353: Object literal may only specify known properties, and 'viewCount' does not exist in type 'EngagementMetricsUpdate'.
src/infrastructure/realtime/services/bill-tracking.ts(482,13): error TS2322: Type 'string' is not assignable to type '"new_comment" | "amendment" | "expert_analysis" | "status_change" | "voting_scheduled" | "engagement_change" | "constitutional_flag"'.
src/infrastructure/realtime/services/bill-tracking.ts(595,11): error TS2322: Type 'string' is not assignable to type '"new_comment" | "amendment" | "expert_analysis" | "status_change" | "voting_scheduled" | "engagement_change" | "constitutional_flag"'.
src/infrastructure/realtime/services/community.ts(332,9): error TS2322: Type 'string' is not assignable to type '"moderation_action" | "expert_joined" | "comment_added" | "new_discussion" | "consensus_change" | "trending_topic"'.
src/infrastructure/realtime/services/community.ts(361,9): error TS2561: Object literal may only specify known properties, but 'discussionId' does not exist in type 'CommunityRealTimeUpdate'. Did you mean to write 'discussion_id'?
src/infrastructure/realtime/services/community.ts(369,30): error TS2551: Property 'discussionId' does not exist on type 'CommunityRealTimeUpdate'. Did you mean 'discussion_id'?
src/infrastructure/realtime/services/notifications.ts(157,9): error TS2353: Object literal may only specify known properties, and 'data' does not exist in type 'RealTimeNotification'.
src/infrastructure/realtime/services/realtime-service.ts(238,31): error TS2345: Argument of type 'Error' is not assignable to parameter of type 'string'.
src/infrastructure/realtime/utils/event-emitter.ts(46,22): error TS2556: A spread argument must either have a tuple type or be passed to a rest parameter.
src/infrastructure/realtime/utils/event-emitter.ts(56,41): error TS2556: A spread argument must either have a tuple type or be passed to a rest parameter.
src/infrastructure/search/UnifiedSearchInterface.tsx(202,15): error TS2322: Type 'SearchResult[]' is not assignable to type 'import("C:/Users/Access Granted/Downloads/projects/SimpleTool/client/src/features/search/types").SearchResult[]'.
  Type 'SearchResult' is missing the following properties from type 'SearchResult': excerpt, relevanceScore, metadata, highlights
src/infrastructure/search/UnifiedSearchInterface.tsx(391,13): error TS2322: Type '{ query: string; onSelect: (suggestion: string | { term?: string | undefined; text?: string | undefined; }) => void; onSearch: (searchQuery?: string | undefined) => void; className: string; }' is not assignable to type 'IntrinsicAttributes & IntelligentAutocompleteProps'.
  Property 'query' does not exist on type 'IntrinsicAttributes & IntelligentAutocompleteProps'.
src/infrastructure/security/headers/SecurityHeaders.ts(8,1): error TS2304: Cannot find name 'impo'.
src/infrastructure/security/security-monitor.ts(510,7): error TS2353: Object literal may only specify known properties, and 'totalIncidents' does not exist in type 'ExtendedSecurityMetrics'.
src/infrastructure/security/security-monitoring.ts(51,13): error TS2322: Type 'ErrorContext' is not assignable to type 'Partial<ErrorContext>'.
  Index signature for type 'string' is missing in type 'ErrorContext'.
src/infrastructure/security/security-monitoring.ts(89,11): error TS2322: Type 'PerformanceMetrics' is not assignable to type 'Record<string, unknown>'.
  Index signature for type 'string' is missing in type 'PerformanceMetrics'.
src/infrastructure/security/security-monitoring.ts(125,21): error TS2339: Property 'recoverySuccess' does not exist on type 'AppError'.
src/infrastructure/security/security-monitoring.ts(319,12): error TS7053: Element implicitly has an 'any' type because expression of type 'ErrorSeverity' can't be used to index type '{ low: number; medium: number; high: number; critical: number; }'.
  Property '[ErrorSeverity.BLOCKER]' does not exist on type '{ low: number; medium: number; high: number; critical: number; }'.
src/infrastructure/security/security-monitoring.ts(351,18): error TS2352: Conversion of type 'Promise<any>' to type 'T' may be a mistake because neither type sufficiently overlaps with the other. If this was intentional, convert the expression to 'unknown' first.
  'T' could be instantiated with an arbitrary type which could be unrelated to 'Promise<any>'.
src/infrastructure/security/security-monitoring.ts(399,37): error TS2345: Argument of type 'unknown' is not assignable to parameter of type 'Error | AppError'.
src/infrastructure/security/ui/dashboard/SecureForm.tsx(6,63): error TS2307: Cannot find module '@client/lib/hooks/useSecurity' or its corresponding type declarations.
src/infrastructure/security/ui/dashboard/SecurityDashboard.tsx(11,8): error TS2307: Cannot find module '@client/features/analytics/types.ts' or its corresponding type declarations.
src/infrastructure/security/ui/dashboard/SecurityDashboard.tsx(24,10): error TS2459: Module '"@client/features/security/ui/dashboard/SecurityDashboard.tsx"' declares 'getSecuritySystem' locally, but it is not exported.
src/infrastructure/security/ui/dashboard/SecurityDashboard.tsx(85,65): error TS2345: Argument of type 'unknown' is not assignable to parameter of type 'LogContext | undefined'.
src/infrastructure/security/ui/dashboard/SecurityDashboard.tsx(148,51): error TS2345: Argument of type 'unknown' is not assignable to parameter of type 'LogContext | undefined'.
src/infrastructure/security/ui/dashboard/SecurityDashboard.tsx(160,56): error TS2345: Argument of type 'unknown' is not assignable to parameter of type 'LogContext | undefined'.
src/infrastructure/security/ui/dashboard/SecurityDashboard.tsx(389,58): error TS7006: Parameter 'rec' implicitly has an 'any' type.
src/infrastructure/security/ui/dashboard/SecurityDashboard.tsx(389,63): error TS7006: Parameter 'index' implicitly has an 'any' type.
src/infrastructure/security/ui/dashboard/SecurityDashboard.tsx(415,57): error TS2322: Type 'unknown' is not assignable to type 'ReactNode'.
src/infrastructure/security/ui/dashboard/SecurityDashboard.tsx(435,57): error TS2322: Type 'unknown' is not assignable to type 'ReactNode'.
src/infrastructure/security/ui/dashboard/SecuritySettings.tsx(10,10): error TS2459: Module '"@client/features/security/ui/dashboard/SecurityDashboard.tsx"' declares 'getSecuritySystem' locally, but it is not exported.
src/infrastructure/security/ui/index.ts(2,15): error TS2307: Cannot find module './components' or its corresponding type declarations.
src/infrastructure/security/ui/privacy/DataUsageReportDashboard.tsx(35,10): error TS2724: '"@client/lib/services/privacyAnalyticsService"' has no exported member named 'privacyAnalyticsService'. Did you mean 'PrivacyAnalyticsService'?
src/infrastructure/security/ui/privacy/DataUsageReportDashboard.tsx(100,25): error TS2339: Property 'generatePrivacyPolicySummary' does not exist on type 'PrivacyComplianceManager'.
src/infrastructure/validation/dashboard-validation.ts(137,53): error TS2304: Cannot find name 'DashboardConfig'.
src/infrastructure/validation/dashboard-validation.ts(139,9): error TS2304: Cannot find name 'DashboardConfig'.
src/features/admin/pages/admin.tsx(747,33): error TS2322: Type '{ showDetails: boolean; }' is not assignable to type 'IntrinsicAttributes & ConnectionStatusProps'.
  Property 'showDetails' does not exist on type 'IntrinsicAttributes & ConnectionStatusProps'.
src/features/admin/pages/admin.tsx(753,16): error TS2559: Type '{ data: any; isLoading: boolean; error: Error | null; refetch: (options?: RefetchOptions | undefined) => Promise<QueryObserverResult<any, Error>>; }' has no properties in common with type 'IntrinsicAttributes & DatabaseStatusProps'.
src/features/admin/pages/AnalyticsDashboardPage.tsx(159,18): error TS2322: Type '"primary" | "secondary"' is not assignable to type '"success" | "warning" | "default" | "secondary" | "outline" | "destructive" | null | undefined'.
  Type '"primary"' is not assignable to type '"success" | "warning" | "default" | "secondary" | "outline" | "destructive" | null | undefined'.
src/features/admin/pages/AnalyticsDashboardPage.tsx(192,9): error TS2304: Cannot find name 'isEnabled'.
src/features/admin/pages/AnalyticsDashboardPage.tsx(473,47): error TS2304: Cannot find name 'isEnabled'.
src/features/admin/ui/coverage/coverage-dashboard.tsx(31,8): error TS2307: Cannot find module '@client/shared/design-system' or its corresponding type declarations.
src/features/analysis/index.ts(36,3): error TS2305: Module '"@client/features/analysis/types"' has no exported member 'ConflictOfInterestAnalysisProps'.
src/features/analysis/model/hooks/useConflictAnalysis.ts(115,7): error TS2353: Object literal may only specify known properties, and 'overallScore' does not exist in type 'TransparencyScore'.
src/features/analysis/model/services/conflict-detection.ts(34,27): error TS2304: Cannot find name 'sponsorId'.
src/features/analysis/model/services/conflict-detection.ts(35,31): error TS2304: Cannot find name 'sponsorId'.
src/features/analysis/model/services/conflict-detection.ts(46,9): error TS2353: Object literal may only specify known properties, and 'overallScore' does not exist in type 'TransparencyScore'.
src/features/analytics/hooks/use-journey-tracker.ts(33,6): error TS2322: Type '"guest"' is not assignable to type 'UserRole'.
src/features/analytics/hooks/use-journey-tracker.ts(34,45): error TS2345: Argument of type 'UserRole' is not assignable to parameter of type 'UserRole | undefined'.
  Type '"user"' is not assignable to type 'UserRole | undefined'.
src/features/analytics/hooks/use-journey-tracker.ts(44,46): error TS2345: Argument of type 'import("C:/Users/Access Granted/Downloads/projects/SimpleTool/client/src/lib/types/navigation").NavigationSection' is not assignable to parameter of type 'import("C:/Users/Access Granted/Downloads/projects/SimpleTool/client/src/features/analytics/model/user-journey-tracker").NavigationSection'.
  Type '"system"' is not assignable to type 'NavigationSection'.
src/features/analytics/hooks/use-journey-tracker.ts(110,31): error TS2551: Property 'user_role' does not exist on type 'NavigationContextValue'. Did you mean 'userRole'?
src/features/analytics/hooks/use-journey-tracker.ts(125,16): error TS2551: Property 'user_role' does not exist on type 'NavigationContextValue'. Did you mean 'userRole'?
src/features/analytics/hooks/use-journey-tracker.ts(135,55): error TS2551: Property 'user_role' does not exist on type 'NavigationContextValue'. Did you mean 'userRole'?
src/features/analytics/hooks/use-journey-tracker.ts(138,33): error TS2551: Property 'user_role' does not exist on type 'NavigationContextValue'. Did you mean 'userRole'?
src/features/analytics/hooks/use-journey-tracker.ts(141,18): error TS2551: Property 'user_role' does not exist on type 'NavigationContextValue'. Did you mean 'userRole'?
src/features/analytics/hooks/use-journey-tracker.ts(163,33): error TS2551: Property 'user_role' does not exist on type 'NavigationContextValue'. Did you mean 'userRole'?
src/features/analytics/hooks/use-journey-tracker.ts(172,18): error TS2551: Property 'user_role' does not exist on type 'NavigationContextValue'. Did you mean 'userRole'?
src/features/analytics/hooks/use-journey-tracker.ts(214,12): error TS2304: Cannot find name 'tracker'.
src/features/analytics/hooks/use-journey-tracker.ts(218,5): error TS18004: No value exists in scope for the shorthand property 'getAnalytics'. Either declare one or provide an initializer.
src/features/analytics/hooks/use-journey-tracker.ts(219,5): error TS18004: No value exists in scope for the shorthand property 'getOptimizations'. Either declare one or provide an initializer.
src/features/analytics/hooks/use-journey-tracker.ts(220,5): error TS18004: No value exists in scope for the shorthand property 'getGoalCompletionRate'. Either declare one or provide an initializer.
src/features/analytics/hooks/useAnalytics.ts(6,39): error TS2307: Cannot find module '../types' or its corresponding type declarations.
src/features/analytics/hooks/useErrorAnalytics.ts(224,30): error TS2345: Argument of type 'Partial<DashboardFilters>' is not assignable to parameter of type 'Partial<import("C:/Users/Access Granted/Downloads/projects/SimpleTool/client/src/lib/infrastructure/store/slices/errorAnalyticsSlice").DashboardFilters>'.
  Types of property 'timeRange' are incompatible.
    Type 'TimeRange | undefined' is not assignable to type '{ start: number; end: number; preset?: "24h" | "7d" | "30d" | "1h" | undefined; } | undefined'.
      Type 'TimeRange' is not assignable to type '{ start: number; end: number; preset?: "24h" | "7d" | "30d" | "1h" | undefined; }'.
        Types of property 'preset' are incompatible.
          Type 'string' is not assignable to type '"24h" | "7d" | "30d" | "1h" | undefined'.
src/features/analytics/hooks/useErrorAnalytics.ts(231,32): error TS2322: Type 'TimeRange' is not assignable to type '{ start: number; end: number; preset?: "24h" | "7d" | "30d" | "1h" | undefined; }'.
  Types of property 'preset' are incompatible.
    Type 'string' is not assignable to type '"24h" | "7d" | "30d" | "1h" | undefined'.
src/features/analytics/hooks/useErrorAnalytics.ts(353,5): error TS2322: Type 'import("C:/Users/Access Granted/Downloads/projects/SimpleTool/client/src/lib/infrastructure/store/slices/errorAnalyticsSlice").ErrorPattern[]' is not assignable to type 'import("C:/Users/Access Granted/Downloads/projects/SimpleTool/client/src/lib/services/index").ErrorPattern[]'.
  Type 'ErrorPattern' is missing the following properties from type 'ErrorPattern': impact, trend
src/features/analytics/hooks/useErrorAnalytics.ts(358,5): error TS2322: Type 'import("C:/Users/Access Granted/Downloads/projects/SimpleTool/client/src/lib/infrastructure/store/slices/errorAnalyticsSlice").DashboardFilters' is not assignable to type 'DashboardFilters'.
  The types of 'timeRange.preset' are incompatible between these types.
    Type 'string | undefined' is not assignable to type 'string'.
      Type 'undefined' is not assignable to type 'string'.
src/features/analytics/hooks/useErrorAnalytics.ts(466,7): error TS2322: Type 'import("C:/Users/Access Granted/Downloads/projects/SimpleTool/client/src/lib/infrastructure/store/slices/errorAnalyticsSlice").DashboardFilters' is not assignable to type 'DashboardFilters'.
  The types of 'timeRange.preset' are incompatible between these types.
    Type 'string | undefined' is not assignable to type 'string'.
      Type 'undefined' is not assignable to type 'string'.
src/features/analytics/hooks/useErrorAnalytics.ts(469,7): error TS2322: Type 'import("C:/Users/Access Granted/Downloads/projects/SimpleTool/client/src/lib/infrastructure/store/slices/errorAnalyticsSlice").ErrorPattern[]' is not assignable to type 'import("C:/Users/Access Granted/Downloads/projects/SimpleTool/client/src/lib/services/index").ErrorPattern[]'.
  Type 'ErrorPattern' is missing the following properties from type 'ErrorPattern': impact, trend
src/features/analytics/hooks/useErrorAnalytics.ts(505,15): error TS2339: Property 'impact' does not exist on type 'ErrorPattern'.
src/features/analytics/hooks/useErrorAnalytics.ts(506,15): error TS2339: Property 'trend' does not exist on type 'ErrorPattern'.
src/features/analytics/model/error-analytics-bridge.ts(575,11): error TS2741: Property '[ErrorSeverity.BLOCKER]' is missing in type '{ critical: number; high: number; medium: number; low: number; }' but required in type 'Record<ErrorSeverity, number>'.
src/features/analytics/services/analysis.ts(98,57): error TS18046: 'data' is of type 'unknown'.
src/features/analytics/services/analysis.ts(105,7): error TS2698: Spread types may only be created from object types.
src/features/analytics/services/analysis.ts(106,27): error TS18046: 'data' is of type 'unknown'.
src/features/analytics/services/index.ts(12,29): error TS2614: Module '"./analysis"' has no exported member 'ConflictAnalysisResult'. Did you mean to use 'import ConflictAnalysisResult from "./analysis"' instead?
src/features/analytics/ui/dashboard/AnalyticsDashboard.tsx(10,39): error TS2307: Cannot find module '@client/lib/hooks/useAnalytics' or its corresponding type declarations.
src/features/bills/BillAnalysis.tsx(93,10): error TS2339: Property 'constitutionalFlags' does not exist on type 'Bill'.
src/features/bills/BillAnalysis.tsx(112,26): error TS2339: Property 'constitutionalFlags' does not exist on type 'Bill'.
src/features/bills/BillAnalysis.tsx(143,29): error TS2339: Property 'constitutionalFlags' does not exist on type 'Bill'.
src/features/bills/BillAnalysis.tsx(149,29): error TS2339: Property 'constitutionalFlags' does not exist on type 'Bill'.
src/features/bills/BillAnalysis.tsx(155,29): error TS2339: Property 'constitutionalFlags' does not exist on type 'Bill'.
src/features/bills/BillAnalysis.tsx(179,17): error TS2339: Property 'constitutionalFlags' does not exist on type 'Bill'.
src/features/bills/BillAnalysis.tsx(179,45): error TS2339: Property 'constitutionalFlags' does not exist on type 'Bill'.
src/features/bills/BillAnalysis.tsx(181,21): error TS2339: Property 'constitutionalFlags' does not exist on type 'Bill'.
src/features/bills/BillHeader.tsx(23,23): error TS2339: Property 'introducedDate' does not exist on type 'Bill'.
src/features/bills/BillHeader.tsx(24,24): error TS2339: Property 'lastUpdated' does not exist on type 'Bill'.
src/features/bills/BillHeader.tsx(89,50): error TS2339: Property 'introducedDate' does not exist on type 'Bill'.
src/features/bills/BillHeader.tsx(94,47): error TS2339: Property 'lastUpdated' does not exist on type 'Bill'.
src/features/bills/BillList.tsx(141,39): error TS2322: Type 'import("C:/Users/Access Granted/Downloads/projects/SimpleTool/shared/types/domains/legislative/bill").BillStatus[]' is not assignable to type 'import("C:/Users/Access Granted/Downloads/projects/SimpleTool/client/src/lib/types/bill/bill-base").BillStatus[]'.
  Type 'import("C:/Users/Access Granted/Downloads/projects/SimpleTool/shared/types/domains/legislative/bill").BillStatus' is not assignable to type 'import("C:/Users/Access Granted/Downloads/projects/SimpleTool/client/src/lib/types/bill/bill-base").BillStatus'.
    Type '"amendment"' is not assignable to type 'BillStatus'.
src/features/bills/BillList.tsx(384,96): error TS2339: Property 'name' does not exist on type 'Sponsor'.
src/features/bills/BillList.tsx(409,31): error TS2339: Property 'trackingCount' does not exist on type 'Bill'.
src/features/bills/BillList.tsx(412,53): error TS2339: Property 'trackingCount' does not exist on type 'Bill'.
src/features/bills/pages/bill-detail.tsx(64,19): error TS2740: Type 'Bill' is missing the following properties from type 'Bill': billId, billType, priority, introductionDate, and 10 more.
src/features/bills/pages/bill-detail.tsx(87,28): error TS2740: Type 'Bill' is missing the following properties from type 'Bill': billId, billType, priority, introductionDate, and 10 more.
src/features/bills/pages/bill-detail.tsx(91,28): error TS2740: Type 'Bill' is missing the following properties from type 'Bill': billId, billType, priority, introductionDate, and 10 more.
src/features/bills/pages/bill-detail.tsx(95,28): error TS2740: Type 'Bill' is missing the following properties from type 'Bill': billId, billType, priority, introductionDate, and 10 more.
src/features/bills/pages/bill-detail.tsx(99,30): error TS2740: Type 'Bill' is missing the following properties from type 'Bill': billId, billType, priority, introductionDate, and 10 more.
src/features/bills/pages/bill-detail.tsx(103,29): error TS2740: Type 'Bill' is missing the following properties from type 'Bill': billId, billType, priority, introductionDate, and 10 more.
src/features/bills/pages/BillsPortalPage.tsx(103,83): error TS2345: Argument of type 'BillsPortalFilters' is not assignable to parameter of type 'BillsQueryParams'.
  Types of property 'status' are incompatible.
    Type 'string[] | undefined' is not assignable to type 'BillStatus[] | undefined'.
      Type 'string[]' is not assignable to type 'BillStatus[]'.
        Type 'string' is not assignable to type 'BillStatus'.
src/features/bills/pages/BillsPortalPage.tsx(518,21): error TS2740: Type 'Bill' is missing the following properties from type 'Bill': billId, billType, priority, introductionDate, and 10 more.
src/features/bills/services/pagination.ts(172,25): error TS2339: Property 'bills' does not exist on type 'PaginatedBillsResponse'.
src/features/bills/services/pagination.ts(219,11): error TS2353: Object literal may only specify known properties, and 'hasNext' does not exist in type '{ readonly total: number; readonly page: number; readonly limit: number; readonly totalPages: number; }'.
src/features/bills/services/pagination.ts(241,27): error TS2339: Property 'bills' does not exist on type 'PaginatedBillsResponse'.
src/features/bills/services/pagination.ts(413,33): error TS2339: Property 'policyAreas' does not exist on type 'BillsQueryParams'.
src/features/bills/services/pagination.ts(415,39): error TS2339: Property 'controversyLevels' does not exist on type 'BillsQueryParams'.
src/features/bills/services/pagination.ts(437,50): error TS2339: Property 'hasNext' does not exist on type '{ readonly total: number; readonly page: number; readonly limit: number; readonly totalPages: number; }'.
src/features/bills/services/pagination.ts(438,54): error TS2339: Property 'hasPrevious' does not exist on type '{ readonly total: number; readonly page: number; readonly limit: number; readonly totalPages: number; }'.
src/features/bills/services/tracking.ts(21,5): error TS2353: Object literal may only specify known properties, and 'statusChanges' does not exist in type 'BillTrackingPreference'.
src/features/bills/services/tracking.ts(179,33): error TS2339: Property 'statusChanges' does not exist on type 'BillTrackingPreference'.
src/features/bills/services/tracking.ts(181,33): error TS2339: Property 'newComments' does not exist on type 'BillTrackingPreference'.
src/features/bills/services/tracking.ts(183,33): error TS2339: Property 'votingSchedule' does not exist on type 'BillTrackingPreference'.
src/features/bills/services/tracking.ts(185,33): error TS2339: Property 'amendments' does not exist on type 'BillTrackingPreference'.
src/features/bills/services/tracking.ts(197,26): error TS2339: Property 'notificationChannels' does not exist on type 'BillTrackingPreference'.
src/features/bills/services/tracking.ts(200,26): error TS2339: Property 'notificationChannels' does not exist on type 'BillTrackingPreference'.
src/features/bills/services/tracking.ts(203,26): error TS2339: Property 'notificationChannels' does not exist on type 'BillTrackingPreference'.
src/features/bills/ui/analysis/BillAnalysis.tsx(93,10): error TS2339: Property 'constitutionalFlags' does not exist on type 'Bill'.
src/features/bills/ui/analysis/BillAnalysis.tsx(93,35): error TS7006: Parameter 'flag' implicitly has an 'any' type.
src/features/bills/ui/analysis/BillAnalysis.tsx(112,26): error TS2339: Property 'constitutionalFlags' does not exist on type 'Bill'.
src/features/bills/ui/analysis/BillAnalysis.tsx(143,29): error TS2339: Property 'constitutionalFlags' does not exist on type 'Bill'.
src/features/bills/ui/analysis/BillAnalysis.tsx(143,57): error TS7006: Parameter 'f' implicitly has an 'any' type.
src/features/bills/ui/analysis/BillAnalysis.tsx(149,29): error TS2339: Property 'constitutionalFlags' does not exist on type 'Bill'.
src/features/bills/ui/analysis/BillAnalysis.tsx(149,57): error TS7006: Parameter 'f' implicitly has an 'any' type.
src/features/bills/ui/analysis/BillAnalysis.tsx(155,29): error TS2339: Property 'constitutionalFlags' does not exist on type 'Bill'.
src/features/bills/ui/analysis/BillAnalysis.tsx(155,57): error TS7006: Parameter 'f' implicitly has an 'any' type.
src/features/bills/ui/analysis/BillAnalysis.tsx(179,17): error TS2339: Property 'constitutionalFlags' does not exist on type 'Bill'.
src/features/bills/ui/analysis/BillAnalysis.tsx(179,45): error TS2339: Property 'constitutionalFlags' does not exist on type 'Bill'.
src/features/bills/ui/analysis/BillAnalysis.tsx(181,21): error TS2339: Property 'constitutionalFlags' does not exist on type 'Bill'.
src/features/bills/ui/analysis/BillAnalysis.tsx(181,46): error TS7006: Parameter 'flag' implicitly has an 'any' type.
src/features/bills/ui/analysis/BillAnalysis.tsx(181,52): error TS7006: Parameter 'index' implicitly has an 'any' type.
src/features/bills/ui/analysis/comments.tsx(609,32): error TS2322: Type '{ children: string; className: string; }' is not assignable to type 'IntrinsicAttributes & { children: ReactNode; }'.
  Property 'className' does not exist on type 'IntrinsicAttributes & { children: ReactNode; }'.
src/features/bills/ui/analysis/conflict-of-interest/ConflictNetworkVisualization.tsx(167,41): error TS2339: Property 'size' does not exist on type 'SimulationNodeDatum'.
src/features/bills/ui/analysis/conflict-of-interest/ConflictOfInterestAnalysis.tsx(51,9): error TS2322: Type '{ sponsorId: string | number; sponsorName: any; financialInterests: ({ id: string; source: string; amount: number; industry: string; category: "investment"; date: string; description: string; verified: true; } | { ...; } | { ...; })[]; ... 4 more ...; summary: string; }' is not assignable to type 'ConflictAnalysis'.
  Types of property 'sponsorId' are incompatible.
    Type 'string | number' is not assignable to type 'number'.
      Type 'string' is not assignable to type 'number'.
src/features/bills/ui/analysis/conflict-of-interest/ConflictOfInterestAnalysis.tsx(54,18): error TS18048: 'bill.sponsors' is possibly 'undefined'.
src/features/bills/ui/analysis/conflict-of-interest/ConflictOfInterestAnalysis.tsx(55,20): error TS18048: 'bill.sponsors' is possibly 'undefined'.
src/features/bills/ui/analysis/conflict-of-interest/ConflictOfInterestAnalysis.tsx(55,38): error TS2339: Property 'name' does not exist on type 'Sponsor'.
src/features/bills/ui/ArgumentsTab.tsx(18,49): error TS2307: Cannot find module '@/types/domains/arguments' or its corresponding type declarations.
src/features/bills/ui/ArgumentsTab.tsx(59,43): error TS2339: Property 'position' does not exist on type 'Argument'.
src/features/bills/ui/ArgumentsTab.tsx(64,11): error TS2339: Property 'argument_text' does not exist on type 'Argument'.
src/features/bills/ui/ArgumentsTab.tsx(72,19): error TS2339: Property 'strength_score' does not exist on type 'Argument'.
src/features/bills/ui/ArgumentsTab.tsx(72,45): error TS2339: Property 'strength_score' does not exist on type 'Argument'.
src/features/bills/ui/ArgumentsTab.tsx(74,19): error TS2339: Property 'confidence_score' does not exist on type 'Argument'.
src/features/bills/ui/ArgumentsTab.tsx(74,47): error TS2339: Property 'confidence_score' does not exist on type 'Argument'.
src/features/bills/ui/ArgumentsTab.tsx(76,27): error TS2551: Property 'created_at' does not exist on type 'Argument'. Did you mean 'createdAt'?
src/features/bills/ui/ArgumentsTab.tsx(76,67): error TS2551: Property 'created_at' does not exist on type 'Argument'. Did you mean 'createdAt'?
src/features/bills/ui/ArgumentsTab.tsx(83,52): error TS2339: Property 'position' does not exist on type 'Argument'.
src/features/bills/ui/ArgumentsTab.tsx(84,51): error TS2339: Property 'position' does not exist on type 'Argument'.
src/features/bills/ui/ArgumentsTab.tsx(85,52): error TS2339: Property 'position' does not exist on type 'Argument'.
src/features/bills/ui/bills-dashboard.tsx(86,11): error TS2430: Interface 'ExtendedBill' incorrectly extends interface 'Bill'.
  Types of property 'policyAreas' are incompatible.
    Type 'string[] | undefined' is not assignable to type 'readonly string[]'.
      Type 'undefined' is not assignable to type 'readonly string[]'.
src/features/bills/ui/bills-dashboard.tsx(180,14): error TS2367: This comparison appears to be unintentional because the types 'BillStatus' and '"active"' have no overlap.
src/features/bills/ui/bills-dashboard.tsx(354,83): error TS2345: Argument of type 'ExtendedFilters' is not assignable to parameter of type 'BillsQueryParams'.
  Types of property 'status' are incompatible.
    Type 'string[] | undefined' is not assignable to type 'BillStatus[] | undefined'.
      Type 'string[]' is not assignable to type 'BillStatus[]'.
        Type 'string' is not assignable to type 'BillStatus'.
src/features/bills/ui/bills-dashboard.tsx(360,27): error TS2339: Property 'bills' does not exist on type 'PaginatedBillsResponse'.
src/features/bills/ui/bills-dashboard.tsx(361,21): error TS2339: Property 'bills' does not exist on type 'PaginatedBillsResponse'.
src/features/bills/ui/bills-dashboard.tsx(459,38): error TS2367: This comparison appears to be unintentional because the types 'number' and 'string' have no overlap.
src/features/bills/ui/bills-dashboard.tsx(648,28): error TS2345: Argument of type 'number | ""' is not assignable to parameter of type 'string'.
  Type 'number' is not assignable to type 'string'.
src/features/bills/ui/bills-dashboard.tsx(660,31): error TS2345: Argument of type 'number | ""' is not assignable to parameter of type 'string'.
  Type 'number' is not assignable to type 'string'.
src/features/bills/ui/bills-dashboard.tsx(673,27): error TS2345: Argument of type 'number | ""' is not assignable to parameter of type 'string'.
  Type 'number' is not assignable to type 'string'.
src/features/bills/ui/bills-dashboard.tsx(721,22): error TS2352: Conversion of type 'null | undefined' to type '{ level?: string | undefined; }' may be a mistake because neither type sufficiently overlaps with the other. If this was intentional, convert the expression to 'unknown' first.
  Type 'null' is not comparable to type '{ level?: string | undefined; }'.
src/features/bills/ui/bills-dashboard.tsx(911,15): error TS2322: Type '{ status?: string | undefined; urgency?: string | undefined; policyArea?: string | undefined; }' is not assignable to type 'BillsQueryParams'.
  Types of property 'status' are incompatible.
    Type 'string | undefined' is not assignable to type 'string[] | undefined'.
      Type 'string' is not assignable to type 'string[]'.
src/features/bills/ui/bills-dashboard.tsx(949,25): error TS2322: Type '{ status?: string | undefined; urgency?: string | undefined; policyArea?: string | undefined; }' is not assignable to type 'BillsQueryParams'.
  Types of property 'status' are incompatible.
    Type 'string | undefined' is not assignable to type 'string[] | undefined'.
      Type 'string' is not assignable to type 'string[]'.
src/features/bills/ui/bills-dashboard.tsx(962,23): error TS2322: Type '{ children: Element[]; value: SortField; onChange: (e: any) => void; disabled: boolean; }' is not assignable to type 'IntrinsicAttributes & SelectSharedProps & { value?: string | undefined; defaultValue?: string | undefined; onValueChange?(value: string): void; }'.
  Property 'onChange' does not exist on type 'IntrinsicAttributes & SelectSharedProps & { value?: string | undefined; defaultValue?: string | undefined; onValueChange?(value: string): void; }'.
src/features/bills/ui/bills-dashboard.tsx(962,33): error TS7006: Parameter 'e' implicitly has an 'any' type.
src/features/bills/ui/bills-dashboard.tsx(1020,24): error TS2304: Cannot find name 'LayoutList'.
src/features/bills/ui/bills-dashboard.tsx(1100,19): error TS2322: Type 'ExtendedBill[]' is not assignable to type 'Bill[]'.
  Type 'ExtendedBill' is not assignable to type 'Bill'.
    Types of property 'policyAreas' are incompatible.
      Type 'string[] | undefined' is not assignable to type 'readonly string[]'.
        Type 'undefined' is not assignable to type 'readonly string[]'.
src/features/bills/ui/components/index.ts(7,10): error TS2305: Module '"./implementation-workarounds"' has no exported member 'default'.
src/features/bills/ui/detail/BillActionsPanel.tsx(128,11): error TS2322: Type '"default" | "outline"' is not assignable to type '"ghost" | "primary" | "secondary" | "outline" | "destructive" | null | undefined'.
  Type '"default"' is not assignable to type '"ghost" | "primary" | "secondary" | "outline" | "destructive" | null | undefined'.
src/features/bills/ui/detail/BillActionsPanel.tsx(130,39): error TS2345: Argument of type '(() => void) | undefined' is not assignable to parameter of type '() => void | undefined'.
  Type 'undefined' is not assignable to type '() => void | undefined'.
src/features/bills/ui/detail/BillActionsPanel.tsx(147,39): error TS2345: Argument of type '(() => void) | undefined' is not assignable to parameter of type '() => void | undefined'.
  Type 'undefined' is not assignable to type '() => void | undefined'.
src/features/bills/ui/detail/BillActionsPanel.tsx(168,41): error TS2345: Argument of type '(() => void) | undefined' is not assignable to parameter of type '() => void | undefined'.
  Type 'undefined' is not assignable to type '() => void | undefined'.
src/features/bills/ui/detail/BillActionsPanel.tsx(182,41): error TS2345: Argument of type '(() => void) | undefined' is not assignable to parameter of type '() => void | undefined'.
  Type 'undefined' is not assignable to type '() => void | undefined'.
src/features/bills/ui/detail/BillActionsPanel.tsx(194,41): error TS2345: Argument of type '(() => void) | undefined' is not assignable to parameter of type '() => void | undefined'.
  Type 'undefined' is not assignable to type '() => void | undefined'.
src/features/bills/ui/detail/BillCommunityTab.tsx(51,7): error TS2322: Type 'string' is not assignable to type 'number'.
src/features/bills/ui/detail/BillCommunityTab.tsx(71,7): error TS2322: Type 'string' is not assignable to type 'number'.
src/features/bills/ui/detail/BillFullTextTab.tsx(268,32): error TS2339: Property 'introducedDate' does not exist on type 'Bill'.
src/features/bills/ui/detail/BillRelationshipsTab.tsx(15,15): error TS2459: Module '"@client/features/bills/types"' declares 'Bill' locally, but it is not exported.
src/features/bills/ui/detail/BillTimelineTab.tsx(14,15): error TS2459: Module '"@client/features/bills/types"' declares 'Bill' locally, but it is not exported.
src/features/bills/ui/tracking/real-time-tracker.tsx(67,5): error TS2353: Object literal may only specify known properties, and 'handlers' does not exist in type 'WebSocketOptions'.
src/features/bills/ui/virtual-bill-grid.tsx(72,13): error TS2740: Type 'Bill' is missing the following properties from type 'Bill': billId, billType, priority, introductionDate, and 10 more.
src/features/community/hooks/useLegislativeBrief.ts(10,39): error TS2307: Cannot find module '@/server/features/argument-intelligence' or its corresponding type declarations.
src/features/community/services/backend.ts(373,9): error TS2322: Type 'string | undefined' is not assignable to type 'number | undefined'.
  Type 'string' is not assignable to type 'number'.
src/features/community/services/index.ts(9,52): error TS2307: Cannot find module './community-service' or its corresponding type declarations.
src/features/community/services/index.ts(13,10): error TS2614: Module '"./backend"' has no exported member 'communityBackend'. Did you mean to use 'import communityBackend from "./backend"' instead?
src/features/community/services/index.ts(21,8): error TS2307: Cannot find module './community-service' or its corresponding type declarations.
src/features/community/store/slices/communitySlice.tsx(45,3): error TS2305: Module '"@client/lib/types"' has no exported member 'Campaign'.
src/features/community/store/slices/communitySlice.tsx(46,3): error TS2305: Module '"@client/lib/types"' has no exported member 'Petition'.
src/features/community/store/slices/communitySlice.tsx(109,11): error TS2430: Interface 'ExtendedExpertInsight' incorrectly extends interface 'ExpertInsight'.
  Types of property 'communityValidation' are incompatible.
    Type '{ validationScore: number; validatorCount: number; consensusLevel: number; }' is missing the following properties from type '{ readonly validationScore: number; readonly upvotes: number; readonly downvotes: number; }': upvotes, downvotes
src/features/community/store/slices/communitySlice.tsx(680,7): error TS2352: Conversion of type 'Promise<{ members: number; activeThreads: number; postsToday: number; }>' to type 'Promise<CommunityStats>' may be a mistake because neither type sufficiently overlaps with the other. If this was intentional, convert the expression to 'unknown' first.
  Type '{ members: number; activeThreads: number; postsToday: number; }' is missing the following properties from type 'CommunityStats': totalUsers, activeUsers, totalComments, totalThreads, and 3 more.
src/features/community/ui/activity/ActivityFeed.tsx(221,48): error TS2345: Argument of type 'string | undefined' is not assignable to parameter of type 'string'.
  Type 'undefined' is not assignable to type 'string'.
src/features/community/ui/activity/ActivityFeed.tsx(299,20): error TS18048: 'activity.trendingScore' is possibly 'undefined'.
src/features/community/ui/expert/ExpertInsights.tsx(146,43): error TS2345: Argument of type 'string | number' is not assignable to parameter of type 'string'.
  Type 'number' is not assignable to type 'string'.
src/features/community/ui/expert/ExpertInsights.tsx(152,32): error TS2345: Argument of type 'string | undefined' is not assignable to parameter of type 'string'.
  Type 'undefined' is not assignable to type 'string'.
src/features/community/ui/expert/ExpertInsights.tsx(200,49): error TS2345: Argument of type 'string | number' is not assignable to parameter of type 'string'.
  Type 'number' is not assignable to type 'string'.
src/features/community/ui/expert/ExpertInsights.tsx(201,44): error TS2345: Argument of type 'string | number' is not assignable to parameter of type 'string'.
  Type 'number' is not assignable to type 'string'.
src/features/community/ui/expert/ExpertInsights.tsx(213,48): error TS2345: Argument of type 'string | undefined' is not assignable to parameter of type 'string'.
  Type 'undefined' is not assignable to type 'string'.
src/features/community/ui/expert/ExpertInsights.tsx(283,53): error TS2345: Argument of type 'string | number' is not assignable to parameter of type 'string'.
  Type 'number' is not assignable to type 'string'.
src/features/community/ui/expert/ExpertInsights.tsx(424,47): error TS2345: Argument of type 'string | number' is not assignable to parameter of type 'string'.
  Type 'number' is not assignable to type 'string'.
src/features/community/ui/expert/ExpertInsights.tsx(438,47): error TS2345: Argument of type 'string | number' is not assignable to parameter of type 'string'.
  Type 'number' is not assignable to type 'string'.
src/features/design-system/pages/design-system-test.tsx(3,8): error TS1192: Module '"C:/Users/Access Granted/Downloads/projects/SimpleTool/client/src/lib/design-system/index"' has no default export.
src/features/expert/pages/expert-verification.tsx(290,17): error TS2322: Type '{ key: number; expert: { id: string; name: string; title: string; institution: string; credentials: { id: string; type: string; title: string; institution: string; year: number; verified: boolean; }[]; affiliations: { ...; }[]; ... 7 more ...; lastActive: string; }; showFullProfile: false; onViewProfile: () => Windo...' is not assignable to type 'IntrinsicAttributes & ExpertProfileCardProps'.
  Property 'onViewContributions' does not exist on type 'IntrinsicAttributes & ExpertProfileCardProps'.
src/features/expert/pages/expert-verification.tsx(335,17): error TS2322: Type '{ consensus: { id: string; billId: string; topic: string; totalExperts: number; participatingExperts: number; agreementLevel: number; positions: { stance: string; count: number; percentage: number; reasoning: string; }[]; keyPoints: string[]; lastUpdated: string; }; showDetails: true; onViewDetails: () => void; }' is not assignable to type 'IntrinsicAttributes & ExpertConsensusProps'.
  Property 'onViewDetails' does not exist on type 'IntrinsicAttributes & ExpertConsensusProps'.
src/features/index.ts(18,1): error TS2308: Module './bills' has already exported a member named 'BillAnalysis'. Consider explicitly re-exporting to resolve the ambiguity.
src/features/index.ts(27,1): error TS2308: Module './bills' has already exported a member named 'useTrackBill'. Consider explicitly re-exporting to resolve the ambiguity.
src/features/index.ts(36,1): error TS2308: Module './users' has already exported a member named 'Notification'. Consider explicitly re-exporting to resolve the ambiguity.
src/features/index.ts(36,1): error TS2308: Module './users' has already exported a member named 'NotificationPreferences'. Consider explicitly re-exporting to resolve the ambiguity.
src/features/monitoring/model/performance-benchmarking.ts(78,24): error TS2339: Property 'markComponentStart' does not exist on type 'PerformanceMonitor'.
src/features/monitoring/model/performance-benchmarking.ts(91,24): error TS2339: Property 'markComponentEnd' does not exist on type 'PerformanceMonitor'.
src/features/notifications/model/index.ts(11,3): error TS2724: '"./notification-service"' has no exported member named 'Notification'. Did you mean 'NotificationData'?
src/features/pretext-detection/hooks/usePretextAnalysis.ts(8,30): error TS2307: Cannot find module './use-safe-query' or its corresponding type declarations.
src/features/pretext-detection/index.ts(2,39): error TS2307: Cannot find module './components/PretextDetectionPanel' or its corresponding type declarations.
src/features/pretext-detection/index.ts(3,34): error TS2307: Cannot find module './components/PretextWatchCard' or its corresponding type declarations.
src/features/pretext-detection/index.ts(4,36): error TS2307: Cannot find module './components/CivicActionToolbox' or its corresponding type declarations.
src/features/pretext-detection/ui/PretextDetectionPanel.tsx(64,5): error TS2339: Property 'analysis' does not exist on type '{ data: any; isLoading: any; error: any; analyzeContent: (textContent: string) => Promise<PretextAnalysisResult | null>; refetch: any; }'.
src/features/pretext-detection/ui/PretextDetectionPanel.tsx(65,5): error TS2339: Property 'loading' does not exist on type '{ data: any; isLoading: any; error: any; analyzeContent: (textContent: string) => Promise<PretextAnalysisResult | null>; refetch: any; }'.
src/features/pretext-detection/ui/PretextDetectionPanel.tsx(67,5): error TS2339: Property 'civicActions' does not exist on type '{ data: any; isLoading: any; error: any; analyzeContent: (textContent: string) => Promise<PretextAnalysisResult | null>; refetch: any; }'.
src/features/pretext-detection/ui/PretextDetectionPanel.tsx(68,5): error TS2339: Property 'rightsCards' does not exist on type '{ data: any; isLoading: any; error: any; analyzeContent: (textContent: string) => Promise<PretextAnalysisResult | null>; refetch: any; }'.
src/features/pretext-detection/ui/PretextDetectionPanel.tsx(70,26): error TS2559: Type 'string' has no properties in common with type 'PretextAnalysisOptions'.
src/features/pretext-detection/ui/PretextDetectionPanel.tsx(108,60): error TS7006: Parameter 'action' implicitly has an 'any' type.
src/features/pretext-detection/ui/PretextDetectionPanel.tsx(114,57): error TS7006: Parameter 'card' implicitly has an 'any' type.
src/features/pretext-detection/ui/PretextDetectionPanel.tsx(275,11): error TS2719: Type 'CivicAction[]' is not assignable to type 'CivicAction[]'. Two different types with this name exist, but they are unrelated.
  Type 'CivicAction' is not assignable to type 'CivicAction'. Two different types with this name exist, but they are unrelated.
    Types of property 'localContacts' are incompatible.
      Type 'unknown[]' is not assignable to type '{ id: string; name: string; role: string; contact: string; }[]'.
        Type 'unknown' is not assignable to type '{ id: string; name: string; role: string; contact: string; }'.
src/features/pretext-detection/ui/PretextDetectionPanel.tsx(276,11): error TS2719: Type 'RightsCard[]' is not assignable to type 'RightsCard[]'. Two different types with this name exist, but they are unrelated.
  Type 'RightsCard' is not assignable to type 'RightsCard'. Two different types with this name exist, but they are unrelated.
    Types of property 'steps' are incompatible.
      Type 'unknown[]' is not assignable to type '{ id: string; title: string; description: string; order: number; }[]'.
        Type 'unknown' is not assignable to type '{ id: string; title: string; description: string; order: number; }'.
src/features/privacy/pages/privacy-center.tsx(16,10): error TS2614: Module '"@client/features/security/ui/privacy/GDPRComplianceManager"' has no exported member 'GDPRComplianceManager'. Did you mean to use 'import GDPRComplianceManager from "@client/features/security/ui/privacy/GDPRComplianceManager"' instead?
src/features/search/hooks/useIntelligentSearch.ts(220,7): error TS2719: Type 'Promise<AutocompleteResult>' is not assignable to type 'Promise<AutocompleteResult>'. Two different types with this name exist, but they are unrelated.
  Type 'AutocompleteResult' is not assignable to type 'AutocompleteResult'. Two different types with this name exist, but they are unrelated.
    Types of property 'suggestions' are incompatible.
      Type 'SearchSuggestion[]' is not assignable to type 'SearchSuggestion[]'. Two different types with this name exist, but they are unrelated.
        Property 'text' is missing in type 'SearchSuggestion' but required in type 'SearchSuggestion'.
src/features/search/hooks/useIntelligentSearch.ts(273,7): error TS2719: Type 'SearchSuggestion[]' is not assignable to type 'SearchSuggestion[]'. Two different types with this name exist, but they are unrelated.
  Property 'text' is missing in type 'SearchSuggestion' but required in type 'SearchSuggestion'.
src/features/search/hooks/useSearch.ts(122,70): error TS2345: Argument of type 'SaveSearchRequest' is not assignable to parameter of type 'import("C:/Users/Access Granted/Downloads/projects/SimpleTool/client/src/lib/types/search").SaveSearchRequest'.
  Types of property 'query' are incompatible.
    Type 'string' is not assignable to type 'SearchRequest'.
src/features/search/hooks/useSearch.ts(244,30): error TS2322: Type 'SearchExportResponse' is not assignable to type 'BlobPart'.
src/features/search/pages/UniversalSearchPage.tsx(294,15): error TS2322: Type 'DisplayableSearchResult' is not assignable to type 'SearchResult'.
  Types of property 'id' are incompatible.
    Type 'string' is not assignable to type 'number'.
src/features/search/pages/UniversalSearchPage.tsx(296,15): error TS2322: Type '(result: DisplayableSearchResult) => void' is not assignable to type '(result: SearchResult) => void'.
  Types of parameters 'result' and 'result' are incompatible.
    Type 'SearchResult' is not assignable to type 'DisplayableSearchResult'.
      Type 'SearchResult' is missing the following properties from type 'SearchResult': excerpt, highlights
src/features/search/pages/UniversalSearchPage.tsx(297,15): error TS2322: Type '(result: DisplayableSearchResult) => void' is not assignable to type '(result: SearchResult) => void'.
  Types of parameters 'result' and 'result' are incompatible.
    Type 'SearchResult' is not assignable to type 'DisplayableSearchResult'.
      Type 'SearchResult' is missing the following properties from type 'SearchResult': excerpt, highlights
src/features/search/pages/UniversalSearchPage.tsx(298,15): error TS2322: Type '(result: DisplayableSearchResult) => void' is not assignable to type '(result: SearchResult) => void'.
  Types of parameters 'result' and 'result' are incompatible.
    Type 'SearchResult' is not assignable to type 'DisplayableSearchResult'.
      Type 'SearchResult' is missing the following properties from type 'SearchResult': excerpt, highlights
src/features/search/services/intelligent-search.ts(327,20): error TS2339: Property 'status' does not exist on type 'SearchResponse'.
src/features/search/services/intelligent-search.ts(327,48): error TS2339: Property 'data' does not exist on type 'SearchResponse'.
src/features/search/services/intelligent-search.ts(332,32): error TS2339: Property 'data' does not exist on type 'SearchResponse'.
src/features/search/services/intelligent-search.ts(339,30): error TS2339: Property 'data' does not exist on type 'SearchResponse'.
src/features/search/services/intelligent-search.ts(465,20): error TS2339: Property 'status' does not exist on type 'SearchResult[]'.
src/features/search/services/intelligent-search.ts(465,47): error TS2339: Property 'data' does not exist on type 'SearchResult[]'.
src/features/search/services/intelligent-search.ts(467,31): error TS2339: Property 'data' does not exist on type 'SearchResult[]'.
src/features/search/services/intelligent-search.ts(467,56): error TS2339: Property 'data' does not exist on type 'SearchResult[]'.
src/features/search/services/intelligent-search.ts(682,9): error TS2322: Type 'DualSearchRequest' is not assignable to type 'SearchRequest'.
  Types of property 'type' are incompatible.
    Type '"bills" | "comments" | "all" | "users" | undefined' is not assignable to type '"bills" | "all" | "legislators" | "committees" | undefined'.
      Type '"comments"' is not assignable to type '"bills" | "all" | "legislators" | "committees" | undefined'.
src/features/search/services/intelligent-search.ts(686,20): error TS2339: Property 'status' does not exist on type 'SavedSearch'.
src/features/search/services/intelligent-search.ts(686,48): error TS2339: Property 'data' does not exist on type 'SavedSearch'.
src/features/search/services/intelligent-search.ts(698,23): error TS2339: Property 'data' does not exist on type 'SavedSearch'.
src/features/search/services/intelligent-search.ts(726,20): error TS2339: Property 'status' does not exist on type 'SearchAnalytics'.
src/features/search/services/intelligent-search.ts(726,48): error TS2339: Property 'data' does not exist on type 'SearchAnalytics'.
src/features/search/services/intelligent-search.ts(730,23): error TS2339: Property 'data' does not exist on type 'SearchAnalytics'.
src/features/search/services/streaming-search.ts(247,22): error TS2339: Property 'status' does not exist on type 'SearchResponse'.
src/features/search/services/streaming-search.ts(247,49): error TS2339: Property 'data' does not exist on type 'SearchResponse'.
src/features/search/services/streaming-search.ts(248,84): error TS2339: Property 'data' does not exist on type 'SearchResponse'.
src/features/search/types.ts(3,3): error TS2484: Export declaration conflicts with exported declaration of 'SearchRequest'.
src/features/search/types.ts(4,3): error TS2484: Export declaration conflicts with exported declaration of 'SaveSearchRequest'.
src/features/search/types.ts(5,3): error TS2484: Export declaration conflicts with exported declaration of 'SearchFilters'.
src/features/search/types.ts(6,3): error TS2484: Export declaration conflicts with exported declaration of 'AdvancedSearchOptions'.
src/features/search/ui/interface/SavedSearches.tsx(166,27): error TS2345: Argument of type '(search: SavedSearch) => JSX.Element' is not assignable to parameter of type '(value: SavedSearch, index: number, array: SavedSearch[]) => Element'.
  Types of parameters 'search' and 'value' are incompatible.
    Type 'SavedSearch' is missing the following properties from type 'SavedSearch': filters, created_at, useCount, is_public
src/features/search/ui/interface/SearchBar.tsx(1,71): error TS2307: Cannot find module '@client/lib/hooks/useSearch' or its corresponding type declarations.
src/features/search/ui/interface/SearchBar.tsx(87,5): error TS2448: Block-scoped variable 'handleSelect' used before its declaration.
src/features/search/ui/interface/SearchBar.tsx(87,5): error TS2454: Variable 'handleSelect' is used before being assigned.
src/features/search/ui/interface/SearchBar.tsx(88,5): error TS2448: Block-scoped variable 'performSearch' used before its declaration.
src/features/search/ui/interface/SearchBar.tsx(88,5): error TS2454: Variable 'performSearch' is used before being assigned.
src/features/search/ui/results/SearchResultCard.tsx(30,29): error TS2305: Module '"@client/lib/types"' has no exported member 'SearchHighlight'.
src/features/search/ui/results/SearchResultCard.tsx(88,24): error TS2339: Property 'excerpt' does not exist on type 'SearchResult'.
src/features/search/ui/results/SearchResultCard.tsx(124,12): error TS2678: Type '"bill"' is not comparable to type '"insight" | "expert" | "comment" | "thread"'.
src/features/search/ui/results/SearchResultCard.tsx(126,12): error TS2678: Type '"sponsor"' is not comparable to type '"insight" | "expert" | "comment" | "thread"'.
src/features/search/ui/results/SearchResultCard.tsx(139,12): error TS2678: Type '"bill"' is not comparable to type '"insight" | "expert" | "comment" | "thread"'.
src/features/search/ui/results/SearchResultCard.tsx(141,12): error TS2678: Type '"sponsor"' is not comparable to type '"insight" | "expert" | "comment" | "thread"'.
src/features/search/ui/results/SearchResultCard.tsx(152,12): error TS2678: Type '"bill"' is not comparable to type '"insight" | "expert" | "comment" | "thread"'.
src/features/search/ui/results/SearchResultCard.tsx(154,12): error TS2678: Type '"sponsor"' is not comparable to type '"insight" | "expert" | "comment" | "thread"'.
src/features/search/ui/results/SearchResultCard.tsx(223,39): error TS2339: Property 'excerpt' does not exist on type 'SearchResult'.
src/features/search/ui/results/SearchResultCard.tsx(231,17): error TS2322: Type 'unknown' is not assignable to type 'ReactNode'.
src/features/search/ui/results/SearchResultCard.tsx(233,33): error TS2345: Argument of type '{}' is not assignable to parameter of type 'string'.
src/features/search/ui/results/SearchResultCard.tsx(245,6): error TS2304: Cannot find name 'TooltipProvider'.
src/features/search/ui/results/SearchResultCard.tsx(271,45): error TS2339: Property 'excerpt' does not exist on type 'SearchResult'.
src/features/search/ui/results/SearchResultCard.tsx(311,22): error TS2304: Cannot find name 'TooltipTrigger'.
src/features/search/ui/results/SearchResultCard.tsx(325,23): error TS2304: Cannot find name 'TooltipTrigger'.
src/features/search/ui/results/SearchResultCard.tsx(326,22): error TS2304: Cannot find name 'TooltipContent'.
src/features/search/ui/results/SearchResultCard.tsx(326,86): error TS2304: Cannot find name 'TooltipContent'.
src/features/search/ui/results/SearchResultCard.tsx(330,22): error TS2304: Cannot find name 'TooltipTrigger'.
src/features/search/ui/results/SearchResultCard.tsx(339,23): error TS2304: Cannot find name 'TooltipTrigger'.
src/features/search/ui/results/SearchResultCard.tsx(340,22): error TS2304: Cannot find name 'TooltipContent'.
src/features/search/ui/results/SearchResultCard.tsx(340,44): error TS2304: Cannot find name 'TooltipContent'.
src/features/search/ui/results/SearchResultCard.tsx(344,22): error TS2304: Cannot find name 'TooltipTrigger'.
src/features/search/ui/results/SearchResultCard.tsx(353,23): error TS2304: Cannot find name 'TooltipTrigger'.
src/features/search/ui/results/SearchResultCard.tsx(354,22): error TS2304: Cannot find name 'TooltipContent'.
src/features/search/ui/results/SearchResultCard.tsx(354,43): error TS2304: Cannot find name 'TooltipContent'.
src/features/search/ui/results/SearchResultCard.tsx(363,17): error TS2322: Type 'unknown' is not assignable to type 'ReactNode'.
src/features/search/ui/results/SearchResultCard.tsx(366,39): error TS2345: Argument of type '{}' is not assignable to parameter of type 'string'.
src/features/search/ui/results/SearchResultCard.tsx(370,17): error TS2322: Type 'unknown' is not assignable to type 'ReactNode'.
src/features/search/ui/results/SearchResultCard.tsx(373,27): error TS2322: Type '{}' is not assignable to type 'ReactNode'.
src/features/search/ui/results/SearchResultCard.tsx(377,17): error TS2322: Type 'unknown' is not assignable to type 'ReactNode'.
src/features/search/ui/results/SearchResultCard.tsx(380,27): error TS2322: Type '{}' is not assignable to type 'ReactNode'.
src/features/search/ui/results/SearchResultCard.tsx(384,17): error TS2322: Type 'unknown' is not assignable to type 'ReactNode'.
src/features/search/ui/results/SearchResultCard.tsx(387,27): error TS2322: Type '{}' is not assignable to type 'ReactNode'.
src/features/search/ui/results/SearchResultCard.tsx(393,17): error TS2322: Type 'unknown' is not assignable to type 'ReactNode'.
src/features/search/ui/results/SearchResultCard.tsx(395,21): error TS2322: Type '{}' is not assignable to type 'ReactNode'.
src/features/search/ui/results/SearchResultCard.tsx(398,17): error TS2322: Type 'unknown' is not assignable to type 'ReactNode'.
src/features/search/ui/results/SearchResultCard.tsx(400,21): error TS2322: Type '{}' is not assignable to type 'ReactNode'.
src/features/search/ui/results/SearchResultCard.tsx(408,7): error TS2304: Cannot find name 'TooltipProvider'.
src/features/search/ui/results/SearchResults.tsx(527,15): error TS2322: Type '{ children: (Element | Element[])[]; value: string; onChange: (e: any) => void; className: string; }' is not assignable to type 'IntrinsicAttributes & SelectSharedProps & { value?: string | undefined; defaultValue?: string | undefined; onValueChange?(value: string): void; }'.
  Property 'onChange' does not exist on type 'IntrinsicAttributes & SelectSharedProps & { value?: string | undefined; defaultValue?: string | undefined; onValueChange?(value: string): void; }'.
src/features/search/ui/results/SearchResults.tsx(527,25): error TS7006: Parameter 'e' implicitly has an 'any' type.
src/features/search/ui/results/SearchResults.tsx(542,13): error TS2322: Type '{ children: Element[]; value: SortOption; onChange: (e: any) => void; className: string; }' is not assignable to type 'IntrinsicAttributes & SelectSharedProps & { value?: string | undefined; defaultValue?: string | undefined; onValueChange?(value: string): void; }'.
  Property 'onChange' does not exist on type 'IntrinsicAttributes & SelectSharedProps & { value?: string | undefined; defaultValue?: string | undefined; onValueChange?(value: string): void; }'.
src/features/search/ui/results/SearchResults.tsx(542,23): error TS7006: Parameter 'e' implicitly has an 'any' type.
src/features/search/ui/results/SearchResults.tsx(568,15): error TS2322: Type '"default" | "outline"' is not assignable to type '"ghost" | "primary" | "secondary" | "outline" | "destructive" | null | undefined'.
  Type '"default"' is not assignable to type '"ghost" | "primary" | "secondary" | "outline" | "destructive" | null | undefined'.
src/features/search/ui/results/SearchResults.tsx(577,15): error TS2322: Type '"default" | "outline"' is not assignable to type '"ghost" | "primary" | "secondary" | "outline" | "destructive" | null | undefined'.
  Type '"default"' is not assignable to type '"ghost" | "primary" | "secondary" | "outline" | "destructive" | null | undefined'.
src/features/security/hooks/useSecurity.ts(7,53): error TS2307: Cannot find module '@client/security/rate-limiter' or its corresponding type declarations.
src/features/security/hooks/useSecurity.ts(8,49): error TS2307: Cannot find module '@client/security/security-service' or its corresponding type declarations.
src/features/security/hooks/useSecurity.ts(9,32): error TS2307: Cannot find module '@client/security/vulnerability-scanner' or its corresponding type declarations.
src/features/security/hooks/useSecurity.ts(214,69): error TS7006: Parameter 'threat' implicitly has an 'any' type.
src/features/security/pages/SecurityDemoPage.tsx(6,35): error TS2307: Cannot find module '@client/security' or its corresponding type declarations.
src/features/security/ui/dashboard/SecureForm.tsx(6,63): error TS2307: Cannot find module '@client/lib/hooks/useSecurity' or its corresponding type declarations.
src/features/security/ui/dashboard/SecurityDashboard.tsx(11,8): error TS2307: Cannot find module '@client/features/analytics/types.ts' or its corresponding type declarations.
src/features/security/ui/dashboard/SecurityDashboard.tsx(24,10): error TS2303: Circular definition of import alias 'getSecuritySystem'.
src/features/security/ui/dashboard/SecurityDashboard.tsx(24,10): error TS2459: Module '"@client/features/security/ui/dashboard/SecurityDashboard.tsx"' declares 'getSecuritySystem' locally, but it is not exported.
src/features/security/ui/dashboard/SecurityDashboard.tsx(85,65): error TS2345: Argument of type 'unknown' is not assignable to parameter of type 'LogContext | undefined'.
src/features/security/ui/dashboard/SecurityDashboard.tsx(148,51): error TS2345: Argument of type 'unknown' is not assignable to parameter of type 'LogContext | undefined'.
src/features/security/ui/dashboard/SecurityDashboard.tsx(160,56): error TS2345: Argument of type 'unknown' is not assignable to parameter of type 'LogContext | undefined'.
src/features/security/ui/dashboard/SecurityDashboard.tsx(389,58): error TS7006: Parameter 'rec' implicitly has an 'any' type.
src/features/security/ui/dashboard/SecurityDashboard.tsx(389,63): error TS7006: Parameter 'index' implicitly has an 'any' type.
src/features/security/ui/dashboard/SecurityDashboard.tsx(415,57): error TS2322: Type 'unknown' is not assignable to type 'ReactNode'.
src/features/security/ui/dashboard/SecurityDashboard.tsx(435,57): error TS2322: Type 'unknown' is not assignable to type 'ReactNode'.
src/features/security/ui/dashboard/SecuritySettings.tsx(10,10): error TS2459: Module '"@client/features/security/ui/dashboard/SecurityDashboard.tsx"' declares 'getSecuritySystem' locally, but it is not exported.
src/features/security/ui/index.ts(2,15): error TS2307: Cannot find module './components' or its corresponding type declarations.
src/features/security/ui/privacy/DataUsageReportDashboard.tsx(35,10): error TS2724: '"@client/lib/services/privacyAnalyticsService"' has no exported member named 'privacyAnalyticsService'. Did you mean 'PrivacyAnalyticsService'?
src/features/security/ui/privacy/DataUsageReportDashboard.tsx(100,25): error TS2339: Property 'generatePrivacyPolicySummary' does not exist on type 'PrivacyComplianceManager'.
src/features/users/hooks/useOnboarding.ts(30,5): error TS2322: Type 'UserPersona | null' is not assignable to type 'string | null'.
  Type 'UserPersona' is not assignable to type 'string'.
src/features/users/ui/auth/useLoginForm.ts(6,34): error TS2307: Cannot find module '@client/lib/utils/password-validation' or its corresponding type declarations.
src/features/users/ui/verification/CommunityValidation.tsx(25,10): error TS2724: '"@client/lib/types"' has no exported member named 'CommunityValidation'. Did you mean 'CommunityActions'?
src/features/users/ui/verification/CommunityValidation.tsx(194,17): error TS2322: Type '"default" | "outline"' is not assignable to type '"ghost" | "primary" | "secondary" | "outline" | "destructive" | null | undefined'.
  Type '"default"' is not assignable to type '"ghost" | "primary" | "secondary" | "outline" | "destructive" | null | undefined'.
src/features/users/ui/verification/CommunityValidation.tsx(208,17): error TS2322: Type '"default" | "outline"' is not assignable to type '"ghost" | "primary" | "secondary" | "outline" | "destructive" | null | undefined'.
  Type '"default"' is not assignable to type '"ghost" | "primary" | "secondary" | "outline" | "destructive" | null | undefined'.
src/features/users/ui/verification/CommunityValidation.tsx(409,43): error TS2304: Cannot find name 'getValidationScoreColor'.
src/features/users/ui/verification/ExpertBadge.tsx(12,10): error TS2724: '"@client/lib/types"' has no exported member named 'ExpertVerificationType'. Did you mean 'ExpertVerification'?
src/features/users/ui/verification/ExpertConsensus.tsx(28,10): error TS2305: Module '"@client/lib/types"' has no exported member 'ExpertConsensus'.
src/features/users/ui/verification/ExpertConsensus.tsx(203,57): error TS7006: Parameter 'sum' implicitly has an 'any' type.
src/features/users/ui/verification/ExpertConsensus.tsx(203,62): error TS7006: Parameter 'pos' implicitly has an 'any' type.
src/features/users/ui/verification/ExpertConsensus.tsx(240,49): error TS7006: Parameter 'position' implicitly has an 'any' type.
src/features/users/ui/verification/ExpertConsensus.tsx(240,59): error TS7006: Parameter 'index' implicitly has an 'any' type.
src/features/users/ui/verification/ExpertConsensus.tsx(270,62): error TS7006: Parameter 'expertId' implicitly has an 'any' type.
src/features/users/ui/verification/ExpertConsensus.tsx(270,72): error TS7006: Parameter 'expertIndex' implicitly has an 'any' type.
src/features/users/ui/verification/ExpertConsensus.tsx(381,29): error TS2304: Cannot find name 'getControversyConfig'.
src/features/users/ui/verification/ExpertConsensus.tsx(392,53): error TS2304: Cannot find name 'getAgreementColor'.
src/features/users/ui/verification/ExpertConsensus.tsx(393,62): error TS2304: Cannot find name 'getAgreementColor'.
src/features/users/ui/verification/ExpertConsensus.tsx(402,12): error TS2304: Cannot find name 'getAgreementLabel'.
src/features/users/ui/verification/ExpertProfileCard.tsx(27,10): error TS2724: '"@client/lib/types"' has no exported member named 'Expert'. Did you mean 'isExpert'?
src/features/users/ui/verification/ExpertProfileCard.tsx(27,18): error TS2305: Module '"@client/lib/types"' has no exported member 'ExpertCredential'.
src/features/users/ui/verification/ExpertProfileCard.tsx(27,36): error TS2305: Module '"@client/lib/types"' has no exported member 'ExpertAffiliation'.
src/features/users/ui/verification/ExpertProfileCard.tsx(133,58): error TS7006: Parameter 'spec' implicitly has an 'any' type.
src/features/users/ui/verification/ExpertProfileCard.tsx(133,64): error TS7006: Parameter 'index' implicitly has an 'any' type.
src/features/users/ui/verification/ExpertProfileCard.tsx(188,44): error TS7006: Parameter 'spec' implicitly has an 'any' type.
src/features/users/ui/verification/ExpertProfileCard.tsx(188,50): error TS7006: Parameter 'index' implicitly has an 'any' type.
src/features/users/ui/verification/ExpertProfileCard.tsx(293,41): error TS7006: Parameter 'credential' implicitly has an 'any' type.
src/features/users/ui/verification/ExpertProfileCard.tsx(331,53): error TS7006: Parameter 'credential' implicitly has an 'any' type.
src/features/users/ui/verification/ExpertProfileCard.tsx(378,42): error TS7006: Parameter 'affiliation' implicitly has an 'any' type.
src/features/users/ui/verification/ExpertProfileCard.tsx(421,54): error TS7006: Parameter 'affiliation' implicitly has an 'any' type.
src/features/users/ui/verification/ExpertVerificationDemo.tsx(14,3): error TS2724: '"@client/lib/types"' has no exported member named 'Expert'. Did you mean 'isExpert'?
src/features/users/ui/verification/ExpertVerificationDemo.tsx(15,3): error TS2305: Module '"@client/lib/types"' has no exported member 'CredibilityMetrics'.
src/features/users/ui/verification/ExpertVerificationDemo.tsx(16,3): error TS2724: '"@client/lib/types"' has no exported member named 'CommunityValidation'. Did you mean 'CommunityActions'?
src/features/users/ui/verification/ExpertVerificationDemo.tsx(17,3): error TS2305: Module '"@client/lib/types"' has no exported member 'VerificationWorkflow'.
src/features/users/ui/verification/ExpertVerificationDemo.tsx(18,3): error TS2305: Module '"@client/lib/types"' has no exported member 'ExpertConsensus'.
src/features/users/ui/verification/ExpertVerificationDemo.tsx(325,14): error TS2304: Cannot find name 'CredibilityScoring'.
src/features/users/ui/verification/index.ts(32,3): error TS2724: '"@client/lib/types"' has no exported member named 'Expert'. Did you mean 'isExpert'?
src/features/users/ui/verification/index.ts(33,3): error TS2305: Module '"@client/lib/types"' has no exported member 'ExpertCredential'.
src/features/users/ui/verification/index.ts(34,3): error TS2305: Module '"@client/lib/types"' has no exported member 'ExpertAffiliation'.
src/features/users/ui/verification/index.ts(35,3): error TS2305: Module '"@client/lib/types"' has no exported member 'ExpertContribution'.
src/features/users/ui/verification/index.ts(36,3): error TS2305: Module '"@client/lib/types"' has no exported member 'ExpertConsensus'.
src/features/users/ui/verification/index.ts(37,3): error TS2724: '"@client/lib/types"' has no exported member named 'CommunityValidation'. Did you mean 'CommunityActions'?
src/features/users/ui/verification/index.ts(38,3): error TS2305: Module '"@client/lib/types"' has no exported member 'VerificationWorkflow'.
src/features/users/ui/verification/index.ts(39,3): error TS2305: Module '"@client/lib/types"' has no exported member 'CredibilityMetrics'.
src/features/users/ui/verification/index.ts(40,3): error TS2724: '"@client/lib/types"' has no exported member named 'ExpertVerificationType'. Did you mean 'ExpertVerification'?
src/features/users/ui/verification/index.ts(41,3): error TS2724: '"@client/lib/types"' has no exported member named 'ContributionType'. Did you mean 'ConditionType'?
src/features/users/ui/verification/verification-list.tsx(136,11): error TS2322: Type '"default" | "outline"' is not assignable to type '"ghost" | "primary" | "secondary" | "outline" | "destructive" | null | undefined'.
  Type '"default"' is not assignable to type '"ghost" | "primary" | "secondary" | "outline" | "destructive" | null | undefined'.
src/features/users/ui/verification/verification-list.tsx(143,11): error TS2322: Type '"default" | "outline"' is not assignable to type '"ghost" | "primary" | "secondary" | "outline" | "destructive" | null | undefined'.
  Type '"default"' is not assignable to type '"ghost" | "primary" | "secondary" | "outline" | "destructive" | null | undefined'.
src/features/users/ui/verification/verification-list.tsx(150,11): error TS2322: Type '"default" | "outline"' is not assignable to type '"ghost" | "primary" | "secondary" | "outline" | "destructive" | null | undefined'.
  Type '"default"' is not assignable to type '"ghost" | "primary" | "secondary" | "outline" | "destructive" | null | undefined'.
src/features/users/ui/verification/verification-list.tsx(157,11): error TS2322: Type '"default" | "outline"' is not assignable to type '"ghost" | "primary" | "secondary" | "outline" | "destructive" | null | undefined'.
  Type '"default"' is not assignable to type '"ghost" | "primary" | "secondary" | "outline" | "destructive" | null | undefined'.
src/features/users/ui/verification/VerificationWorkflow.tsx(28,3): error TS2305: Module '"@client/lib/types"' has no exported member 'VerificationWorkflow'.
src/features/users/ui/verification/VerificationWorkflow.tsx(81,12): error TS2678: Type '"in_review"' is not comparable to type 'VerificationStatus'.
src/features/users/ui/verification/VerificationWorkflow.tsx(89,12): error TS2678: Type '"approved"' is not comparable to type 'VerificationStatus'.
src/features/users/ui/verification/VerificationWorkflow.tsx(97,12): error TS2678: Type '"rejected"' is not comparable to type 'VerificationStatus'.
src/features/users/ui/verification/VerificationWorkflow.tsx(105,12): error TS2678: Type '"needs_revision"' is not comparable to type 'VerificationStatus'.
src/features/users/ui/verification/VerificationWorkflow.tsx(255,47): error TS2345: Argument of type '"needs_revision"' is not assignable to parameter of type 'VerificationStatus'.
src/features/users/ui/verification/VerificationWorkflow.tsx(265,47): error TS2345: Argument of type '"rejected"' is not assignable to parameter of type 'VerificationStatus'.
src/features/users/ui/verification/VerificationWorkflow.tsx(274,47): error TS2345: Argument of type '"approved"' is not assignable to parameter of type 'VerificationStatus'.
src/features/users/ui/verification/VerificationWorkflow.tsx(297,50): error TS7006: Parameter 'feedback' implicitly has an 'any' type.
src/features/users/ui/verification/VerificationWorkflow.tsx(297,60): error TS7006: Parameter 'index' implicitly has an 'any' type.
src/features/users/ui/verification/VerificationWorkflow.tsx(337,21): error TS2322: Type '"default" | "outline"' is not assignable to type '"ghost" | "primary" | "secondary" | "outline" | "destructive" | null | undefined'.
  Type '"default"' is not assignable to type '"ghost" | "primary" | "secondary" | "outline" | "destructive" | null | undefined'.
src/features/users/ui/verification/VerificationWorkflow.tsx(346,21): error TS2322: Type '"default" | "outline"' is not assignable to type '"ghost" | "primary" | "secondary" | "outline" | "destructive" | null | undefined'.
  Type '"default"' is not assignable to type '"ghost" | "primary" | "secondary" | "outline" | "destructive" | null | undefined'.
src/lib/config/api.ts(9,30): error TS2307: Cannot find module '../core/api/config' or its corresponding type declarations.
src/lib/config/index.ts(3,15): error TS2307: Cannot find module '../lib/config/navigation' or its corresponding type declarations.
src/lib/contexts/NavigationContext.tsx(7,15): error TS2307: Cannot find module '../core/navigation/context' or its corresponding type declarations.
src/lib/contexts/NavigationContext.tsx(8,15): error TS2307: Cannot find module '../core/navigation/types' or its corresponding type declarations.
src/lib/contexts/NavigationContext.tsx(12,42): error TS2307: Cannot find module '../core/navigation/context' or its corresponding type declarations.
src/lib/data/mock/analytics.ts(11,3): error TS2724: '"@client/lib/types"' has no exported member named 'LiveEngagementMetrics'. Did you mean 'EngagementMetrics'?
src/lib/data/mock/analytics.ts(12,3): error TS2305: Module '"@client/lib/types"' has no exported member 'PersonalEngagementScore'.
src/lib/data/mock/analytics.ts(13,3): error TS2305: Module '"@client/lib/types"' has no exported member 'CommunitysentimentAnalysis'.
src/lib/data/mock/analytics.ts(14,3): error TS2724: '"@client/lib/types"' has no exported member named 'ExpertVerificationMetrics'. Did you mean 'ExpertVerification'?
src/lib/data/mock/analytics.ts(15,3): error TS2305: Module '"@client/lib/types"' has no exported member 'EngagementStatistics'.
src/lib/data/mock/analytics.ts(16,3): error TS2305: Module '"@client/lib/types"' has no exported member 'TemporalAnalyticsData'.
src/lib/data/mock/analytics.ts(17,3): error TS2305: Module '"@client/lib/types"' has no exported member 'UserEngagementProfile'.
src/lib/data/mock/analytics.ts(18,3): error TS2305: Module '"@client/lib/types"' has no exported member 'EngagementNotification'.
src/lib/data/mock/analytics.ts(19,3): error TS2305: Module '"@client/lib/types"' has no exported member 'CivicEngagementGoal'.
src/lib/data/mock/analytics.ts(20,3): error TS2305: Module '"@client/lib/types"' has no exported member 'ContributionQualityMetrics'.
src/lib/data/mock/analytics.ts(21,3): error TS2305: Module '"@client/lib/types"' has no exported member 'CommunityImpactMetrics'.
src/lib/data/mock/analytics.ts(22,3): error TS2305: Module '"@client/lib/types"' has no exported member 'EngagementTrend'.
src/lib/data/mock/bills.ts(14,8): error TS2305: Module '"@client/infrastructure/api/types/bill"' has no exported member 'ConstitutionalFlag'.
src/lib/data/mock/bills.ts(15,8): error TS2305: Module '"@client/infrastructure/api/types/bill"' has no exported member 'Severity'.
src/lib/data/mock/bills.ts(125,4): error TS2304: Cannot find name 'ReadonlyBill'.
src/lib/data/mock/bills.ts(128,8): error TS1362: 'UrgencyLevel' cannot be used as a value because it was exported using 'export type'.
src/lib/data/mock/bills.ts(128,26): error TS1362: 'UrgencyLevel' cannot be used as a value because it was exported using 'export type'.
src/lib/data/mock/bills.ts(128,47): error TS1362: 'UrgencyLevel' cannot be used as a value because it was exported using 'export type'.
src/lib/data/mock/bills.ts(128,66): error TS1362: 'UrgencyLevel' cannot be used as a value because it was exported using 'export type'.
src/lib/data/mock/bills.ts(133,9): error TS1362: 'BillStatus' cannot be used as a value because it was exported using 'export type'.
src/lib/data/mock/bills.ts(134,9): error TS1362: 'BillStatus' cannot be used as a value because it was exported using 'export type'.
src/lib/data/mock/bills.ts(135,9): error TS1362: 'BillStatus' cannot be used as a value because it was exported using 'export type'.
src/lib/data/mock/bills.ts(136,9): error TS1362: 'BillStatus' cannot be used as a value because it was exported using 'export type'.
src/lib/data/mock/bills.ts(137,9): error TS1362: 'BillStatus' cannot be used as a value because it was exported using 'export type'.
src/lib/data/mock/bills.ts(138,9): error TS1362: 'BillStatus' cannot be used as a value because it was exported using 'export type'.
src/lib/data/mock/bills.ts(139,9): error TS1362: 'BillStatus' cannot be used as a value because it was exported using 'export type'.
src/lib/data/mock/bills.ts(140,9): error TS1362: 'BillStatus' cannot be used as a value because it was exported using 'export type'.
src/lib/data/mock/bills.ts(141,9): error TS1362: 'BillStatus' cannot be used as a value because it was exported using 'export type'.
src/lib/data/mock/bills.ts(170,8): error TS1362: 'ComplexityLevel' cannot be used as a value because it was exported using 'export type'.
src/lib/data/mock/bills.ts(170,29): error TS1362: 'ComplexityLevel' cannot be used as a value because it was exported using 'export type'.
src/lib/data/mock/bills.ts(170,53): error TS1362: 'ComplexityLevel' cannot be used as a value because it was exported using 'export type'.
src/lib/data/mock/bills.ts(170,75): error TS1362: 'ComplexityLevel' cannot be used as a value because it was exported using 'export type'.
src/lib/data/mock/bills.ts(180,56): error TS2304: Cannot find name 'ReadonlyBill'.
src/lib/data/mock/bills.ts(181,16): error TS2304: Cannot find name 'ReadonlyBill'.
src/lib/data/mock/bills.ts(189,25): error TS1362: 'UrgencyLevel' cannot be used as a value because it was exported using 'export type'.
src/lib/data/mock/bills.ts(192,25): error TS1362: 'UrgencyLevel' cannot be used as a value because it was exported using 'export type'.
src/lib/data/mock/bills.ts(205,24): error TS1362: 'BillStatus' cannot be used as a value because it was exported using 'export type'.
src/lib/data/mock/bills.ts(207,24): error TS1362: 'BillStatus' cannot be used as a value because it was exported using 'export type'.
src/lib/data/mock/bills.ts(209,24): error TS1362: 'BillStatus' cannot be used as a value because it was exported using 'export type'.
src/lib/data/mock/bills.ts(221,47): error TS2304: Cannot find name 'ReadonlyBill'.
src/lib/data/mock/bills.ts(247,79): error TS2304: Cannot find name 'ReadonlyBill'.
src/lib/data/mock/bills.ts(257,76): error TS2304: Cannot find name 'ReadonlyBill'.
src/lib/data/mock/bills.ts(266,56): error TS2304: Cannot find name 'ReadonlyBill'.
src/lib/data/mock/bills.ts(268,43): error TS1362: 'UrgencyLevel' cannot be used as a value because it was exported using 'export type'.
src/lib/data/mock/community.ts(14,3): error TS2305: Module '"@client/lib/types"' has no exported member 'Campaign'.
src/lib/data/mock/community.ts(15,3): error TS2305: Module '"@client/lib/types"' has no exported member 'Petition'.
src/lib/data/mock/community.ts(61,3): error TS2322: Type '{ velocity: number; diversity: number; substance: number; trendingScore: number; id: string; type: "expert_contribution" | "discussion" | "comment" | "bill_save" | "bill_share" | "campaign_join" | "petition_sign"; ... 17 more ...; userHasLiked: boolean; }[]' is not assignable to type 'ActivityItem[]'.
  Type '{ velocity: number; diversity: number; substance: number; trendingScore: number; id: string; type: "expert_contribution" | "discussion" | "comment" | "bill_save" | "bill_share" | "campaign_join" | "petition_sign"; ... 17 more ...; userHasLiked: boolean; }' is not assignable to type 'ActivityItem'.
    Types of property 'expertInfo' are incompatible.
      Type '{ verificationType: any; credibilityScore: any; specializations: any; } | undefined' is not assignable to type '{ readonly isVerified: boolean; readonly specialty?: string | undefined; readonly credibilityScore?: number | undefined; } | undefined'.
        Property 'isVerified' is missing in type '{ verificationType: any; credibilityScore: any; specializations: any; }' but required in type '{ readonly isVerified: boolean; readonly specialty?: string | undefined; readonly credibilityScore?: number | undefined; }'.
src/lib/data/mock/community.ts(173,3): error TS2322: Type '{ hourlyActivity: number[]; dailyActivity: number[]; weeklyActivity: number[]; geographicDistribution: { state: string; count: number; percentage: number; }[]; timestamp: string; lastUpdated: string; ... 12 more ...; expertCount: number; }[]' is not assignable to type 'TrendingTopic[]'.
  Type '{ hourlyActivity: number[]; dailyActivity: number[]; weeklyActivity: number[]; geographicDistribution: { state: string; count: number; percentage: number; }[]; timestamp: string; lastUpdated: string; ... 12 more ...; expertCount: number; }' is missing the following properties from type 'TrendingTopic': name, billCount, isActive, createdAt
src/lib/data/mock/community.ts(226,3): error TS2322: Type '{ id: string; expertId: any; expertName: any; expertAvatar: any; verificationType: any; credibilityScore: any; specializations: any; title: "Constitutional Analysis of Recent Legislation" | "Policy Impact Assessment and Recommendations" | "Comparative Analysis with International Standards" | "Implementation Challeng...' is not assignable to type 'ExpertInsight[]'.
  Type '{ id: string; expertId: any; expertName: any; expertAvatar: any; verificationType: any; credibilityScore: any; specializations: any; title: "Constitutional Analysis of Recent Legislation" | "Policy Impact Assessment and Recommendations" | "Comparative Analysis with International Standards" | "Implementation Challeng...' is missing the following properties from type 'ExpertInsight': createdAt, published, reviewStatus
src/lib/data/mock/community.ts(455,5): error TS2353: Object literal may only specify known properties, and 'totalMembers' does not exist in type 'CommunityStats'.
src/lib/data/mock/community.ts(485,5): error TS2353: Object literal may only specify known properties, and 'totalActivity' does not exist in type 'LocalImpactMetrics'.
src/lib/data/mock/discussions.ts(56,7): error TS2322: Type 'string' is not assignable to type 'number'.
src/lib/data/mock/discussions.ts(58,7): error TS2322: Type 'string | undefined' is not assignable to type 'number | undefined'.
  Type 'string' is not assignable to type 'number'.
src/lib/data/mock/discussions.ts(88,15): error TS2339: Property 'replies' does not exist on type 'Comment'.
src/lib/data/mock/discussions.ts(88,56): error TS2345: Argument of type 'number' is not assignable to parameter of type 'string'.
src/lib/data/mock/discussions.ts(89,15): error TS2540: Cannot assign to 'replyCount' because it is a read-only property.
src/lib/data/mock/discussions.ts(89,36): error TS2339: Property 'replies' does not exist on type 'Comment'.
src/lib/data/mock/discussions.ts(108,51): error TS2339: Property 'replies' does not exist on type 'Comment'.
src/lib/data/mock/discussions.ts(119,49): error TS2339: Property 'isExpertComment' does not exist on type 'Comment'.
src/lib/data/mock/discussions.ts(123,5): error TS2322: Type 'string' is not assignable to type 'number'.
src/lib/data/mock/discussions.ts(174,3): error TS2322: Type '{ id: string; commentId: string; reporterId: string; violationType: "other" | "spam" | "harassment" | "inappropriate_language" | "misinformation" | "off_topic" | "personal_attack" | "copyright_violation" | "duplicate_content"; ... 6 more ...; resolution: "Comment removed for violation" | ... 3 more ... | undefined; ...' is not assignable to type 'CommentReport[]'.
  Type '{ id: string; commentId: string; reporterId: string; violationType: "other" | "spam" | "harassment" | "inappropriate_language" | "misinformation" | "off_topic" | "personal_attack" | "copyright_violation" | "duplicate_content"; ... 6 more ...; resolution: "Comment removed for violation" | ... 3 more ... | undefined; }' is not assignable to type 'CommentReport'.
    Types of property 'id' are incompatible.
      Type 'string' is not assignable to type 'number'.
src/lib/data/mock/discussions.ts(218,3): error TS2322: Type '{ id: string; commentId: string; moderatorId: string; action: "hide" | "ban_user" | "remove" | "restore" | "warn"; reason: "Off-topic discussion" | "Violation of community guidelines" | "Spam content detected" | "Inappropriate language" | "Personal attack"; description: string; createdAt: string; appealable: boolean...' is not assignable to type 'ModerationAction[]'.
  Type '{ id: string; commentId: string; moderatorId: string; action: "hide" | "ban_user" | "remove" | "restore" | "warn"; reason: "Off-topic discussion" | "Violation of community guidelines" | "Spam content detected" | "Inappropriate language" | "Personal attack"; description: string; createdAt: string; appealable: boolean...' is not assignable to type 'ModerationAction'.
src/lib/data/mock/discussions.ts(265,3): error TS2322: Type '{ id: string; commentId: string; reporterId: string; type: "other" | "spam" | "harassment" | "inappropriate_language" | "misinformation" | "off_topic" | "personal_attack" | "copyright_violation" | "duplicate_content"; ... 6 more ...; reviewNotes: string | undefined; }[]' is not assignable to type 'ModerationFlag[]'.
  Type '{ id: string; commentId: string; reporterId: string; type: "other" | "spam" | "harassment" | "inappropriate_language" | "misinformation" | "off_topic" | "personal_attack" | "copyright_violation" | "duplicate_content"; ... 6 more ...; reviewNotes: string | undefined; }' is not assignable to type 'ModerationFlag'.
    Types of property 'id' are incompatible.
      Type 'string' is not assignable to type 'number'.
src/lib/data/mock/discussions.ts(294,3): error TS2322: Type '{ userId: string; userName: string; billId: number; parentId: string | undefined; timestamp: string; }[]' is not assignable to type 'TypingIndicator[]'.
  Type '{ userId: string; userName: string; billId: number; parentId: string | undefined; timestamp: string; }' is missing the following properties from type 'TypingIndicator': username, startedAt
src/lib/data/mock/discussions.ts(331,38): error TS2339: Property 'replies' does not exist on type 'Comment'.
src/lib/data/mock/discussions.ts(336,35): error TS2339: Property 'comments' does not exist on type 'DiscussionThread'.
src/lib/data/mock/discussions.ts(381,31): error TS2339: Property 'replies' does not exist on type 'Comment'.
src/lib/data/mock/discussions.ts(385,26): error TS2339: Property 'comments' does not exist on type 'DiscussionThread'.
src/lib/data/mock/experts.ts(11,3): error TS2724: '"@client/lib/types"' has no exported member named 'Expert'. Did you mean 'isExpert'?
src/lib/data/mock/experts.ts(12,3): error TS2305: Module '"@client/lib/types"' has no exported member 'ExpertCredential'.
src/lib/data/mock/experts.ts(13,3): error TS2305: Module '"@client/lib/types"' has no exported member 'ExpertAffiliation'.
src/lib/data/mock/experts.ts(14,3): error TS2305: Module '"@client/lib/types"' has no exported member 'ExpertContribution'.
src/lib/data/mock/experts.ts(15,3): error TS2305: Module '"@client/lib/types"' has no exported member 'ExpertConsensus'.
src/lib/data/mock/experts.ts(16,3): error TS2305: Module '"@client/lib/types"' has no exported member 'CredibilityMetrics'.
src/lib/data/mock/experts.ts(17,3): error TS2724: '"@client/lib/types"' has no exported member named 'CommunityValidation'. Did you mean 'CommunityActions'?
src/lib/data/mock/loaders.ts(72,25): error TS2345: Argument of type 'string | undefined' is not assignable to parameter of type 'string'.
  Type 'undefined' is not assignable to type 'string'.
src/lib/data/mock/users.ts(99,5): error TS2322: Type 'string' is not assignable to type '"admin" | "citizen" | "expert" | "official" | "moderator"'.
src/lib/data/mock/users.ts(100,5): error TS2322: Type 'string' is not assignable to type '"pending" | "rejected" | "verified" | undefined'.
src/lib/data/mock/users.ts(145,3): error TS2322: Type '{ id: string; user_id: string; event_type: "suspicious_activity" | "account_locked" | "login" | "logout" | "password_change" | "two_factor_enabled" | "failed_login" | "two_factor_disabled"; ... 5 more ...; details: { ...; }; }[]' is not assignable to type 'SecurityEvent[]'.
  Type '{ id: string; user_id: string; event_type: "suspicious_activity" | "account_locked" | "login" | "logout" | "password_change" | "two_factor_enabled" | "failed_login" | "two_factor_disabled"; ... 5 more ...; details: { ...; }; }' is missing the following properties from type 'SecurityEvent': type, description, severity
src/lib/data/mock/users.ts(191,3): error TS2322: Type '{ role: "expert"; verification_status: "verified"; reputation: number; two_factor_enabled: true; privacy_settings: { profile_visibility: "public"; analytics_consent: true; email_visibility?: "public" | ... 2 more ... | undefined; ... 6 more ...; notification_preferences?: NotificationPreferences | undefined; }; ... ...' is not assignable to type 'User[]'.
  Type '{ role: "expert"; verification_status: "verified"; reputation: number; two_factor_enabled: true; privacy_settings: { profile_visibility: "public"; analytics_consent: true; email_visibility?: "public" | ... 2 more ... | undefined; ... 6 more ...; notification_preferences?: NotificationPreferences | undefined; }; ... ...' is not assignable to type 'User'.
    The types of 'privacy_settings.email_visibility' are incompatible between these types.
      Type '"public" | "private" | "registered" | undefined' is not assignable to type '"public" | "private" | "registered"'.
        Type 'undefined' is not assignable to type '"public" | "private" | "registered"'.
src/lib/data/mock/users.ts(212,3): error TS2322: Type '{ role: "moderator"; verification_status: "verified"; reputation: number; two_factor_enabled: true; account_locked: false; privacy_settings: { profile_visibility: "public"; email_visibility?: "public" | ... 2 more ... | undefined; ... 7 more ...; notification_preferences?: NotificationPreferences | undefined; }; ......' is not assignable to type 'User[]'.
  Type '{ role: "moderator"; verification_status: "verified"; reputation: number; two_factor_enabled: true; account_locked: false; privacy_settings: { profile_visibility: "public"; email_visibility?: "public" | ... 2 more ... | undefined; ... 7 more ...; notification_preferences?: NotificationPreferences | undefined; }; ......' is not assignable to type 'User'.
    The types of 'privacy_settings.email_visibility' are incompatible between these types.
      Type '"public" | "private" | "registered" | undefined' is not assignable to type '"public" | "private" | "registered"'.
        Type 'undefined' is not assignable to type '"public" | "private" | "registered"'.
src/lib/design-system/interactive/Calendar.tsx(243,13): error TS2345: Argument of type 'string' is not assignable to parameter of type 'Date'.
src/lib/design-system/interactive/Calendar.tsx(300,10): error TS2322: Type '{ autoFocus?: boolean | undefined; dir?: string | undefined; hidden?: Matcher | Matcher[] | undefined; id?: string | undefined; lang?: string | undefined; nonce?: string | undefined; ... 72 more ...; disabled: (date: Date) => boolean; }' is not assignable to type 'IntrinsicAttributes & DayPickerProps'.
  Type '{ autoFocus?: boolean | undefined; dir?: string | undefined; hidden?: Matcher | Matcher[] | undefined; id?: string | undefined; lang?: string | undefined; nonce?: string | undefined; ... 72 more ...; disabled: (date: Date) => boolean; }' is not assignable to type '(IntrinsicAttributes & PropsBase & PropsSingle) | (IntrinsicAttributes & PropsBase & PropsSingleRequired) | (IntrinsicAttributes & ... 1 more ... & PropsMulti) | (IntrinsicAttributes & ... 1 more ... & PropsMultiRequired) | (IntrinsicAttributes & ... 1 more ... & PropsRange) | (IntrinsicAttributes & ... 1 more ... &...'.
    Property 'required' is missing in type '{ autoFocus?: boolean | undefined; dir?: string | undefined; hidden?: Matcher | Matcher[] | undefined; id?: string | undefined; lang?: string | undefined; nonce?: string | undefined; ... 72 more ...; disabled: (date: Date) => boolean; }' but required in type 'PropsRangeRequired'.
src/lib/design-system/interactive/errors.ts(38,10): error TS2540: Cannot assign to 'name' because it is a read-only property.
src/lib/design-system/interactive/errors.ts(73,10): error TS2540: Cannot assign to 'name' because it is a read-only property.
src/lib/design-system/interactive/errors.ts(93,10): error TS2540: Cannot assign to 'name' because it is a read-only property.
src/lib/design-system/interactive/Sidebar.tsx(26,74): error TS2307: Cannot find module './tooltip' or its corresponding type declarations.
src/lib/examples/render-tracking-usage.tsx(17,8): error TS2307: Cannot find module '../features/analytics/hooks/use-render-tracker' or its corresponding type declarations.
src/lib/examples/WebSocketIntegrationExample.tsx(8,30): error TS2307: Cannot find module '@client/lib/hooks/use-websocket' or its corresponding type declarations.
src/lib/examples/WebSocketIntegrationExample.tsx(73,5): error TS2304: Cannot find name 'useBillRealTime'.
src/lib/examples/WebSocketIntegrationExample.tsx(101,43): error TS7006: Parameter 'update' implicitly has an 'any' type.
src/lib/examples/WebSocketIntegrationExample.tsx(101,51): error TS7006: Parameter 'index' implicitly has an 'any' type.
src/lib/examples/WebSocketIntegrationExample.tsx(138,26): error TS2339: Property 'notificationCount' does not exist on type '{ notifications: Notification[]; unreadCount: number; isLoading: boolean; error: string | null; isInitialized: boolean; markAsRead: (notificationId: string) => Promise<void>; ... 4 more ...; clearError: () => void; }'.
src/lib/examples/WebSocketIntegrationExample.tsx(138,57): error TS2339: Property 'isConnected' does not exist on type '{ notifications: Notification[]; unreadCount: number; isLoading: boolean; error: string | null; isInitialized: boolean; markAsRead: (notificationId: string) => Promise<void>; ... 4 more ...; clearError: () => void; }'.
src/lib/examples/WebSocketIntegrationExample.tsx(176,50): error TS2339: Property 'created_at' does not exist on type 'Notification'.
src/lib/examples/WebSocketIntegrationExample.tsx(210,21): error TS7006: Parameter 'update' implicitly has an 'any' type.
src/lib/examples/WebSocketIntegrationExample.tsx(213,26): error TS7006: Parameter 'update' implicitly has an 'any' type.
src/lib/examples/WebSocketIntegrationExample.tsx(216,23): error TS7006: Parameter 'notification' implicitly has an 'any' type.
src/lib/examples/WebSocketIntegrationExample.tsx(219,27): error TS7006: Parameter 'connected' implicitly has an 'any' type.
src/lib/hooks/hooks-monitoring.ts(380,12): error TS7053: Element implicitly has an 'any' type because expression of type 'ErrorSeverity' can't be used to index type '{ low: number; medium: number; high: number; critical: number; }'.
  Property '[ErrorSeverity.BLOCKER]' does not exist on type '{ low: number; medium: number; high: number; critical: number; }'.
src/lib/hooks/index.ts(56,10): error TS2305: Module '"./use-system"' has no exported member 'useSystem'.
src/lib/hooks/index.ts(75,10): error TS2724: '"./use-mobile"' has no exported member named 'useIsMobile'. Did you mean 'useMobile'?
src/lib/hooks/index.ts(77,10): error TS2305: Module '"./use-system"' has no exported member 'useSystem'.
src/lib/hooks/mobile/usePullToRefresh.ts(34,32): error TS2307: Cannot find module '@client/config/gestures' or its corresponding type declarations.
src/lib/hooks/use-architecture-performance.ts(9,48): error TS2307: Cannot find module '../core/performance/architecture-performance-monitor' or its corresponding type declarations.
src/lib/hooks/use-performance-monitor.ts(87,33): error TS2345: Argument of type 'number' is not assignable to parameter of type 'never'.
src/lib/hooks/use-performance-monitor.ts(121,33): error TS2339: Property 'addCustomMetric' does not exist on type '{ startMeasurement: (name: string) => { name: string; startTime: number; }; endMeasurement: (measurement: any) => number; recordMetric: (name: string, value: number) => void; }'.
src/lib/hooks/use-performance-monitor.ts(148,33): error TS2339: Property 'addCustomMetric' does not exist on type '{ startMeasurement: (name: string) => { name: string; startTime: number; }; endMeasurement: (measurement: any) => number; recordMetric: (name: string, value: number) => void; }'.
src/lib/hooks/use-performance-monitor.ts(212,49): error TS2339: Property 'getMetrics' does not exist on type '{ startMeasurement: (name: string) => { name: string; startTime: number; }; endMeasurement: (measurement: any) => number; recordMetric: (name: string, value: number) => void; }'.
src/lib/hooks/use-performance-monitor.ts(213,41): error TS2307: Cannot find module '../../../PerformanceDashboard' or its corresponding type declarations.
src/lib/hooks/use-performance-monitor.ts(219,49): error TS7006: Parameter 'v' implicitly has an 'any' type.
src/lib/hooks/use-performance-monitor.ts(269,56): error TS2339: Property 'getMetrics' does not exist on type '{ startMeasurement: (name: string) => { name: string; startTime: number; }; endMeasurement: (measurement: any) => number; recordMetric: (name: string, value: number) => void; }'.
src/lib/hooks/use-performance-monitor.ts(337,22): error TS2307: Cannot find module '../../../PerformanceDashboard' or its corresponding type declarations.
src/lib/hooks/use-performance-monitor.ts(361,14): error TS2307: Cannot find module '../../../PerformanceDashboard' or its corresponding type declarations.
src/lib/hooks/use-safe-query.ts(13,16): error TS2304: Cannot find name 'useSafeQuery'.
src/lib/hooks/useErrorRecovery.ts(165,50): error TS2339: Property 'connectionType' does not exist on type 'ConnectionInfo'.
src/lib/hooks/useErrorRecovery.ts(169,7): error TS2345: Argument of type 'string | Error' is not assignable to parameter of type 'Error'.
  Type 'string' is not assignable to type 'Error'.
src/lib/hooks/useErrorRecovery.ts(267,27): error TS2339: Property 'connectionType' does not exist on type 'ConnectionInfo'.
src/lib/hooks/useErrorRecovery.ts(297,52): error TS2339: Property 'connectionType' does not exist on type 'ConnectionInfo'.
src/lib/hooks/useErrorRecovery.ts(301,9): error TS2345: Argument of type 'string | Error' is not assignable to parameter of type 'Error'.
  Type 'string' is not assignable to type 'Error'.
src/lib/hooks/useErrorRecovery.ts(321,27): error TS2339: Property 'connectionType' does not exist on type 'ConnectionInfo'.
src/lib/hooks/useErrorRecovery.ts(364,17): error TS2345: Argument of type 'string | Error' is not assignable to parameter of type 'Error'.
  Type 'string' is not assignable to type 'Error'.
src/lib/hooks/useErrorRecovery.ts(421,38): error TS2339: Property 'connectionType' does not exist on type 'ConnectionInfo'.
src/lib/hooks/useMockData.ts(8,29): error TS2307: Cannot find module '@client/data/mock/loaders' or its corresponding type declarations.
src/lib/hooks/useMockData.ts(64,54): error TS2345: Argument of type 'string | number | symbol' is not assignable to parameter of type 'string'.
  Type 'number' is not assignable to type 'string'.
src/lib/hooks/useMockData.ts(72,57): error TS2731: Implicit conversion of a 'symbol' to a 'string' will fail at runtime. Consider wrapping this expression in 'String(...)'.
src/lib/hooks/useMockData.ts(85,52): error TS2731: Implicit conversion of a 'symbol' to a 'string' will fail at runtime. Consider wrapping this expression in 'String(...)'.
src/lib/hooks/useMockData.ts(119,56): error TS2731: Implicit conversion of a 'symbol' to a 'string' will fail at runtime. Consider wrapping this expression in 'String(...)'.
src/lib/hooks/useMockData.ts(195,56): error TS2345: Argument of type '(string | number | symbol)[]' is not assignable to parameter of type 'string[]'.
  Type 'string | number | symbol' is not assignable to type 'string'.
    Type 'number' is not assignable to type 'string'.
src/lib/hooks/useNotifications.ts(12,8): error TS2305: Module '"@client/lib/services/notification-service"' has no exported member 'NotificationPreferences'.
src/lib/hooks/useNotifications.ts(38,35): error TS2339: Property 'initialize' does not exist on type 'NotificationService'.
src/lib/hooks/useNotifications.ts(85,53): error TS2339: Property 'on' does not exist on type 'NotificationService'.
src/lib/hooks/useNotifications.ts(89,56): error TS2339: Property 'on' does not exist on type 'NotificationService'.
src/lib/hooks/useNotifications.ts(139,33): error TS2551: Property 'deleteNotification' does not exist on type 'NotificationService'. Did you mean 'getNotifications'?
src/lib/hooks/useNotifications.ts(165,35): error TS2551: Property 'loadNotifications' does not exist on type 'NotificationService'. Did you mean 'addNotification'?
src/lib/hooks/useNotifications.ts(190,33): error TS2551: Property 'loadNotifications' does not exist on type 'NotificationService'. Did you mean 'addNotification'?
src/lib/hooks/useNotifications.ts(244,49): error TS2339: Property 'getUserPreferences' does not exist on type 'NotificationService'.
src/lib/hooks/useNotifications.ts(273,35): error TS2339: Property 'updatePreferences' does not exist on type 'NotificationService'.
src/lib/hooks/useNotifications.ts(275,24): error TS7006: Parameter 'prev' implicitly has an 'any' type.
src/lib/hooks/useNotifications.ts(296,20): error TS7006: Parameter 'prev' implicitly has an 'any' type.
src/lib/hooks/useNotifications.ts(307,54): error TS2339: Property 'getUserPreferences' does not exist on type 'NotificationService'.
src/lib/hooks/useNotifications.ts(577,35): error TS2551: Property 'loadNotifications' does not exist on type 'NotificationService'. Did you mean 'addNotification'?
src/lib/hooks/useNotifications.ts(656,71): error TS2551: Property 'deleteNotification' does not exist on type 'NotificationService'. Did you mean 'getNotifications'?
src/lib/hooks/useOfflineCapabilities.ts(1,39): error TS2307: Cannot find module '@client/lib/utils/backgroundSyncManager' or its corresponding type declarations.
src/lib/hooks/useOfflineCapabilities.ts(2,35): error TS2307: Cannot find module '@client/lib/utils/cacheInvalidation' or its corresponding type declarations.
src/lib/hooks/useOfflineCapabilities.ts(3,34): error TS2307: Cannot find module '@client/lib/utils/offlineAnalytics' or its corresponding type declarations.
src/lib/hooks/useOfflineCapabilities.ts(4,36): error TS2307: Cannot find module '@client/lib/utils/offlineDataManager' or its corresponding type declarations.
src/lib/hooks/useOfflineCapabilities.ts(5,52): error TS2307: Cannot find module '@client/lib/utils/serviceWorker' or its corresponding type declarations.
src/lib/hooks/useOfflineCapabilities.ts(46,46): error TS7006: Parameter 'online' implicitly has an 'any' type.
src/lib/hooks/useOfflineCapabilities.ts(348,46): error TS7006: Parameter 'online' implicitly has an 'any' type.
src/lib/hooks/useProgressiveDisclosure.ts(41,3): error TS2339: Property '_readingPaths' does not exist on type 'UseProgressiveDisclosureOptions'.
src/lib/hooks/utils/migration-compatibility.ts(26,10): error TS2305: Module '"../use-system"' has no exported member 'useSystem'.
src/lib/hooks/utils/migration-compatibility.ts(79,10): error TS2554: Expected 2 arguments, but got 0.
src/lib/hooks/utils/migration-compatibility.ts(95,10): error TS2554: Expected 1-2 arguments, but got 0.
src/lib/hooks/utils/migration-compatibility.ts(103,10): error TS2554: Expected 1 arguments, but got 0.
src/lib/hooks/utils/migration-compatibility.ts(152,10): error TS2554: Expected 1 arguments, but got 0.
src/lib/hooks/utils/migration-compatibility.ts(160,10): error TS2554: Expected 1 arguments, but got 0.
src/lib/hooks/utils/migration-compatibility.ts(168,10): error TS2554: Expected 1 arguments, but got 0.
src/lib/hooks/utils/migration-compatibility.ts(287,45): error TS2304: Cannot find name 'useState'.
src/lib/hooks/utils/migration-compatibility.ts(288,41): error TS2304: Cannot find name 'useState'.
src/lib/hooks/utils/performance.ts(117,5): error TS2322: Type 'undefined' is not assignable to type 'any[]'.
src/lib/hooks/utils/performance.ts(207,27): error TS2683: 'this' implicitly has type 'any' because it does not have a type annotation.
src/lib/hooks/utils/performance.ts(220,7): error TS2322: Type 'undefined' is not assignable to type 'any[]'.
src/lib/hooks/utils/performance.ts(226,9): error TS2322: Type 'undefined' is not assignable to type 'any[]'.
src/lib/hooks/utils/performance.ts(234,13): error TS2339: Property 'cancel' does not exist on type '(...args: Parameters<T>) => ReturnType<T> | undefined'.
src/lib/hooks/utils/performance.ts(236,20): error TS2769: No overload matches this call.
  Overload 1 of 2, '(timeout: string | number | Timeout | undefined): void', gave the following error.
    Argument of type 'Timeout | null' is not assignable to parameter of type 'string | number | Timeout | undefined'.
      Type 'null' is not assignable to type 'string | number | Timeout | undefined'.
  Overload 2 of 2, '(id: number | undefined): void', gave the following error.
    Argument of type 'Timeout | null' is not assignable to parameter of type 'number | undefined'.
      Type 'null' is not assignable to type 'number | undefined'.
src/lib/hooks/utils/performance.ts(239,5): error TS2322: Type 'undefined' is not assignable to type 'any[]'.
src/lib/hooks/utils/performance.ts(239,49): error TS2322: Type 'undefined' is not assignable to type 'Timeout | null'.
src/lib/hooks/utils/performance.ts(243,13): error TS2339: Property 'flush' does not exist on type '(...args: Parameters<T>) => ReturnType<T> | undefined'.
src/lib/hooks/utils/performance.ts(249,5): error TS2322: Type 'undefined' is not assignable to type 'any[]'.
src/lib/hooks/utils/performance.ts(250,18): error TS2769: No overload matches this call.
  Overload 1 of 2, '(timeout: string | number | Timeout | undefined): void', gave the following error.
    Argument of type 'Timeout | null' is not assignable to parameter of type 'string | number | Timeout | undefined'.
      Type 'null' is not assignable to type 'string | number | Timeout | undefined'.
  Overload 2 of 2, '(id: number | undefined): void', gave the following error.
    Argument of type 'Timeout | null' is not assignable to parameter of type 'number | undefined'.
      Type 'null' is not assignable to type 'number | undefined'.
src/lib/hooks/utils/performance.ts(331,37): error TS2304: Cannot find name 'useState'.
src/lib/index.ts(69,8): error TS2307: Cannot find module './lib' or its corresponding type declarations.
src/lib/index.ts(84,15): error TS2614: Module '"./validation"' has no exported member 'ValidationResult'. Did you mean to use 'import ValidationResult from "./validation"' instead?
src/lib/infrastructure/monitoring/cross-system-error-analytics.ts(126,11): error TS2416: Property 'trackErrorPropagation' in type 'CrossSystemErrorAnalytics' is not assignable to the same property in base type 'CrossSystemAnalytics'.
  Type '(errorId: string, system: ClientSystem, errorMessage: string) => void' is not assignable to type '(errorId: string) => Promise<{ system: ClientSystem; timestamp: number; error: string; }[]>'.
    Target signature provides too few arguments. Expected 3 or more, but got 1.
src/lib/infrastructure/monitoring/cross-system-error-analytics.ts(349,7): error TS7053: Element implicitly has an 'any' type because expression of type 'ErrorSeverity' can't be used to index type '{ low: number; medium: number; high: number; critical: number; }'.
  Property '[ErrorSeverity.BLOCKER]' does not exist on type '{ low: number; medium: number; high: number; critical: number; }'.
src/lib/infrastructure/monitoring/cross-system-error-analytics.ts(349,32): error TS7053: Element implicitly has an 'any' type because expression of type 'ErrorSeverity' can't be used to index type '{ low: number; medium: number; high: number; critical: number; }'.
  Property '[ErrorSeverity.BLOCKER]' does not exist on type '{ low: number; medium: number; high: number; critical: number; }'.
src/lib/infrastructure/monitoring/error-aggregation-service.ts(60,62): error TS2352: Conversion of type 'ErrorContext' to type 'Record<string, unknown>' may be a mistake because neither type sufficiently overlaps with the other. If this was intentional, convert the expression to 'unknown' first.
  Index signature for type 'string' is missing in type 'ErrorContext'.
src/lib/infrastructure/monitoring/error-aggregation-service.ts(133,11): error TS2740: Type '{ system: number; network: number; authentication: number; authorization: number; permission: number; validation: number; database: number; external_service: number; cache: number; business_logic: number; ... 4 more ...; unknown: number; }' is missing the following properties from type 'Record<ErrorDomain, number>': ui, hooks, library_services, service_architecture, and 6 more.
src/lib/infrastructure/monitoring/error-aggregation-service.ts(156,11): error TS2741: Property '[ErrorSeverity.BLOCKER]' is missing in type '{ low: number; medium: number; high: number; critical: number; }' but required in type 'Record<ErrorSeverity, number>'.
src/lib/infrastructure/monitoring/error-aggregation-service.ts(349,11): error TS2740: Type '{ system: number; network: number; authentication: number; authorization: number; permission: number; validation: number; database: number; external_service: number; cache: number; business_logic: number; ... 4 more ...; unknown: number; }' is missing the following properties from type 'Record<ErrorDomain, number>': ui, hooks, library_services, service_architecture, and 6 more.
src/lib/infrastructure/monitoring/index.ts(12,15): error TS2305: Module '"./monitoring-integration"' has no exported member 'MonitoringConfig'.
src/lib/infrastructure/monitoring/performance-monitor.ts(187,5): error TS2304: Cannot find name 'onFID'.
src/lib/infrastructure/monitoring/trend-analysis-service.ts(135,29): error TS1308: 'await' expressions are only allowed within async functions and at the top levels of modules.
src/lib/infrastructure/monitoring/trend-analysis-service.ts(135,78): error TS2339: Property 'errors' does not exist on type '{ totalErrors: number; bySystem: Record<ClientSystem, number>; byDomain: Record<ErrorDomain, number>; bySeverity: Record<ErrorSeverity, number>; trends: { ...; }[]; }'.
src/lib/infrastructure/store/middleware/authMiddleware.ts(6,33): error TS2307: Cannot find module '@client/utils/security' or its corresponding type declarations.
src/lib/infrastructure/store/middleware/navigationPersistenceMiddleware.ts(23,30): error TS2339: Property 'user_role' does not exist on type 'NavigationState'.
src/lib/infrastructure/store/middleware/navigationPersistenceMiddleware.ts(51,9): error TS2741: Property 'sidebarCollapsed' is missing in type '{ defaultLandingPage: string; favoritePages: never[]; recentlyVisited: never[]; compactMode: false; showBreadcrumbs: true; autoExpand: false; }' but required in type 'NavigationPreferences'.
src/lib/infrastructure/store/middleware/navigationPersistenceMiddleware.ts(67,3): error TS2741: Property 'sidebarCollapsed' is missing in type '{ defaultLandingPage: string; favoritePages: readonly string[]; recentlyVisited: RecentPage[]; compactMode: boolean; showBreadcrumbs: boolean; autoExpand: boolean; }' but required in type 'NavigationPreferences'.
src/lib/infrastructure/store/middleware/navigationPersistenceMiddleware.ts(146,26): error TS2551: Property 'user_role' does not exist on type 'NavigationState'. Did you mean 'userRole'?
src/lib/infrastructure/store/middleware/navigationPersistenceMiddleware.ts(222,19): error TS2551: Property 'user_role' does not exist on type 'Partial<NavigationState>'. Did you mean 'userRole'?
src/lib/infrastructure/store/slices/loadingSlice.ts(39,11): error TS2430: Interface 'ExtendedLoadingOperation' incorrectly extends interface 'LoadingOperation'.
  Types of property 'timeoutWarningShown' are incompatible.
    Type 'boolean | undefined' is not assignable to type 'boolean'.
      Type 'undefined' is not assignable to type 'boolean'.
src/lib/infrastructure/store/slices/loadingSlice.ts(90,5): error TS2353: Object literal may only specify known properties, and 'loaded' does not exist in type 'ExtendedLoadingStats'.
src/lib/infrastructure/store/slices/loadingSlice.ts(252,9): error TS2322: Type '{ cancelled?: boolean; timeoutWarningShown?: boolean; id: string; type: LoadingType; priority: LoadingPriority; startTime: number; endTime?: number; timeout?: number; estimatedTime?: number; ... 12 more ...; description?: string; }' is not assignable to type 'WritableDraft<ExtendedLoadingOperation>'.
  Types of property 'dependencies' are incompatible.
    Type 'readonly string[] | undefined' is not assignable to type 'string[] | undefined'.
      The type 'readonly string[]' is 'readonly' and cannot be assigned to the mutable type 'string[]'.
src/lib/infrastructure/store/slices/loadingSlice.ts(420,9): error TS2322: Type 'ExtendedLoadingOperation' is not assignable to type 'WritableDraft<ExtendedLoadingOperation>'.
  Types of property 'dependencies' are incompatible.
    Type 'readonly string[] | undefined' is not assignable to type 'string[] | undefined'.
      The type 'readonly string[]' is 'readonly' and cannot be assigned to the mutable type 'string[]'.
src/lib/infrastructure/store/slices/navigationSlice.ts(43,3): error TS2741: Property 'sidebarCollapsed' is missing in type '{ defaultLandingPage: string; favoritePages: never[]; recentlyVisited: never[]; compactMode: false; showBreadcrumbs: true; autoExpand: false; }' but required in type 'NavigationPreferences'.
src/lib/infrastructure/store/slices/navigationSlice.ts(165,17): error TS2551: Property 'user_role' does not exist on type 'WritableDraft<NavigationState>'. Did you mean 'userRole'?
src/lib/infrastructure/store/slices/navigationSlice.ts(166,15): error TS2551: Property 'user_role' does not exist on type 'WritableDraft<NavigationState>'. Did you mean 'userRole'?
src/lib/infrastructure/store/slices/navigationSlice.ts(176,7): error TS2322: Type '{ defaultLandingPage: string; favoritePages: readonly string[]; recentlyVisited: RecentPage[]; compactMode: boolean; showBreadcrumbs: boolean; autoExpand: boolean; sidebarCollapsed: boolean; }' is not assignable to type 'WritableDraft<NavigationPreferences>'.
  Types of property 'favoritePages' are incompatible.
    The type 'readonly string[]' is 'readonly' and cannot be assigned to the mutable type 'string[]'.
src/lib/infrastructure/store/slices/navigationSlice.ts(268,9): error TS2322: Type '{ defaultLandingPage: string; favoritePages: readonly string[]; recentlyVisited: RecentPage[]; compactMode: boolean; showBreadcrumbs: boolean; autoExpand: boolean; sidebarCollapsed: boolean; }' is not assignable to type 'WritableDraft<NavigationPreferences>'.
  Types of property 'favoritePages' are incompatible.
    The type 'readonly string[]' is 'readonly' and cannot be assigned to the mutable type 'string[]'.
src/lib/infrastructure/store/slices/navigationSlice.ts(284,26): error TS2551: Property 'user_role' does not exist on type 'Partial<NavigationState>'. Did you mean 'userRole'?
src/lib/infrastructure/store/slices/navigationSlice.ts(285,15): error TS2551: Property 'user_role' does not exist on type 'WritableDraft<NavigationState>'. Did you mean 'userRole'?
src/lib/infrastructure/store/slices/navigationSlice.ts(285,42): error TS2551: Property 'user_role' does not exist on type 'Partial<NavigationState>'. Did you mean 'userRole'?
src/lib/infrastructure/store/slices/navigationSlice.ts(308,7): error TS2322: Type '{ defaultLandingPage: string; favoritePages: readonly string[]; recentlyVisited: RecentPage[]; compactMode: boolean; showBreadcrumbs: boolean; autoExpand: boolean; sidebarCollapsed: boolean; }' is not assignable to type 'WritableDraft<NavigationPreferences>'.
  Types of property 'favoritePages' are incompatible.
    The type 'readonly string[]' is 'readonly' and cannot be assigned to the mutable type 'string[]'.
src/lib/infrastructure/store/slices/navigationSlice.ts(311,13): error TS2551: Property 'user_role' does not exist on type 'WritableDraft<NavigationState>'. Did you mean 'userRole'?
src/lib/infrastructure/store/slices/navigationSlice.ts(381,20): error TS2551: Property 'user_role' does not exist on type 'NavigationState'. Did you mean 'userRole'?
src/lib/infrastructure/store/slices/userDashboardSlice.ts(21,3): error TS2724: '"@client/lib/types/user-dashboard"' has no exported member named 'DashboardPreferences'. Did you mean 'UserDashboardPreferences'?
src/lib/services/interfaces.ts(13,10): error TS2459: Module '"./factory"' declares 'ServiceError' locally, but it is not exported.
src/lib/services/interfaces.ts(22,18): error TS2430: Interface 'BaseService' incorrectly extends interface 'ServiceLifecycleInterface'.
  The types of 'getInfo().dependencies' are incompatible between these types.
    Type 'string[] | undefined' is not assignable to type 'string[]'.
      Type 'undefined' is not assignable to type 'string[]'.
src/lib/services/services-monitoring.ts(8,43): error TS2307: Cannot find module './lib/infrastructure/monitoring/cross-system-error-analytics' or its corresponding type declarations.
src/lib/services/services-monitoring.ts(9,41): error TS2307: Cannot find module './lib/infrastructure/monitoring/error-aggregation-service' or its corresponding type declarations.
src/lib/services/services-monitoring.ts(21,8): error TS2307: Cannot find module './lib/infrastructure/monitoring/unified-error-monitoring-interface' or its corresponding type declarations.
src/lib/types/context/dashboard.ts(14,15): error TS2305: Module '"../../ui/types"' has no exported member 'WidgetConfig'.
src/lib/types/context/dashboard.ts(14,29): error TS2305: Module '"../../ui/types"' has no exported member 'DashboardConfig'.
src/lib/types/hooks/dashboard.ts(11,15): error TS2305: Module '"../../ui/types"' has no exported member 'WidgetConfig'.
src/lib/types/hooks/dashboard.ts(11,29): error TS2305: Module '"../../ui/types"' has no exported member 'DashboardConfig'.
src/lib/types/index.ts(65,1): error TS2308: Module './bill' has already exported a member named 'BillAnalysis'. Consider explicitly re-exporting to resolve the ambiguity.
src/lib/types/index.ts(65,1): error TS2308: Module './bill' has already exported a member named 'User'. Consider explicitly re-exporting to resolve the ambiguity.
src/lib/types/index.ts(65,1): error TS2308: Module './community' has already exported a member named 'Comment'. Consider explicitly re-exporting to resolve the ambiguity.
src/lib/types/index.ts(65,1): error TS2308: Module './community' has already exported a member named 'CommunityStats'. Consider explicitly re-exporting to resolve the ambiguity.
src/lib/types/index.ts(65,1): error TS2308: Module './community' has already exported a member named 'CreateCommentRequest'. Consider explicitly re-exporting to resolve the ambiguity.
src/lib/types/index.ts(65,1): error TS2308: Module './community' has already exported a member named 'CreateThreadRequest'. Consider explicitly re-exporting to resolve the ambiguity.
src/lib/types/index.ts(65,1): error TS2308: Module './community' has already exported a member named 'UpdateCommentRequest'. Consider explicitly re-exporting to resolve the ambiguity.
src/lib/types/index.ts(65,1): error TS2308: Module './community' has already exported a member named 'VoteType'. Consider explicitly re-exporting to resolve the ambiguity.
src/lib/types/index.ts(65,1): error TS2308: Module './dashboard' has already exported a member named 'DashboardLayout'. Consider explicitly re-exporting to resolve the ambiguity.
src/lib/types/utils/index.ts(12,1): error TS2308: Module './types' has already exported a member named 'ApiResponse'. Consider explicitly re-exporting to resolve the ambiguity.
src/lib/types/utils/index.ts(13,1): error TS2308: Module './types' has already exported a member named 'ValidationResult'. Consider explicitly re-exporting to resolve the ambiguity.
src/lib/types/utils/index.ts(16,1): error TS2308: Module './types' has already exported a member named 'QueryParams'. Consider explicitly re-exporting to resolve the ambiguity.
src/lib/ui/dashboard/action-items.tsx(13,70): error TS2345: Argument of type 'unknown' is not assignable to parameter of type 'Partial<DashboardConfig> | undefined'.
src/lib/ui/dashboard/activity-summary.tsx(4,23): error TS2614: Module '"@client/infrastructure"' has no exported member 'measureAsync'. Did you mean to use 'import measureAsync from "@client/infrastructure"' instead?
src/lib/ui/dashboard/activity-summary.tsx(4,37): error TS2614: Module '"@client/infrastructure"' has no exported member 'recordMetric'. Did you mean to use 'import recordMetric from "@client/infrastructure"' instead?
src/lib/ui/dashboard/AdaptiveDashboard.tsx(24,10): error TS2305: Module '"@client/lib/types"' has no exported member 'personaDetector'.
src/lib/ui/dashboard/DashboardFramework.tsx(291,26): error TS2353: Object literal may only specify known properties, and 'theme' does not exist in type 'Partial<DashboardConfig>'.
src/lib/ui/dashboard/DashboardFramework.tsx(337,42): error TS2339: Property 'title' does not exist on type 'ExtendedDashboardConfig'.
src/lib/ui/dashboard/DashboardFramework.tsx(416,19): error TS2322: Type '{ sections: any; spacing: string; onSectionUpdate: (sectionId: any, updates: any) => void; }' is not assignable to type 'IntrinsicAttributes & DashboardStackProps'.
  Property 'spacing' does not exist on type 'IntrinsicAttributes & DashboardStackProps'.
src/lib/ui/dashboard/DashboardFramework.tsx(417,37): error TS7006: Parameter 'sectionId' implicitly has an 'any' type.
src/lib/ui/dashboard/DashboardFramework.tsx(417,48): error TS7006: Parameter 'updates' implicitly has an 'any' type.
src/lib/ui/dashboard/DashboardFramework.tsx(429,19): error TS2322: Type '{ sections: any; onTabChange: (tabId: any) => void; onSectionUpdate: (sectionId: any, updates: any) => void; }' is not assignable to type 'IntrinsicAttributes & DashboardTabsProps'.
  Property 'onTabChange' does not exist on type 'IntrinsicAttributes & DashboardTabsProps'.
src/lib/ui/dashboard/DashboardFramework.tsx(429,32): error TS7006: Parameter 'tabId' implicitly has an 'any' type.
src/lib/ui/dashboard/DashboardFramework.tsx(433,37): error TS7006: Parameter 'sectionId' implicitly has an 'any' type.
src/lib/ui/dashboard/DashboardFramework.tsx(433,48): error TS7006: Parameter 'updates' implicitly has an 'any' type.
src/lib/ui/dashboard/hooks/useDashboard.ts(31,3): error TS2353: Object literal may only specify known properties, and 'refreshInterval' does not exist in type 'DashboardConfig'.
src/lib/ui/dashboard/hooks/useDashboard.ts(130,25): error TS2339: Property 'enableAutoRefresh' does not exist on type 'DashboardConfig'.
src/lib/ui/dashboard/hooks/useDashboard.ts(130,62): error TS2339: Property 'refreshInterval' does not exist on type 'DashboardConfig'.
src/lib/ui/dashboard/hooks/useDashboard.ts(133,26): error TS2339: Property 'refreshInterval' does not exist on type 'DashboardConfig'.
src/lib/ui/dashboard/hooks/useDashboard.ts(143,23): error TS2339: Property 'enableAutoRefresh' does not exist on type 'DashboardConfig'.
src/lib/ui/dashboard/hooks/useDashboard.ts(143,58): error TS2339: Property 'refreshInterval' does not exist on type 'DashboardConfig'.
src/lib/ui/dashboard/hooks/useDashboardConfig.ts(13,3): error TS2353: Object literal may only specify known properties, and 'refreshInterval' does not exist in type 'DashboardConfig'.
src/lib/ui/dashboard/hooks/useDashboardConfig.ts(84,33): error TS2345: Argument of type '{ id: string; name: string; description?: string; layout: DashboardLayout; preferences: DashboardPreferences; permissions?: string[]; ownerId?: string; createdAt: Date; updatedAt: Date; }' is not assignable to parameter of type 'DashboardAppConfig'.
  Type '{ id: string; name: string; description?: string | undefined; layout: DashboardLayout; preferences: DashboardPreferences; permissions?: string[] | undefined; ownerId?: string | undefined; createdAt: Date; updatedAt: Date; }' is missing the following properties from type 'DashboardAppConfig': refreshInterval, maxActionItems, maxTrackedTopics, enableAutoRefresh, and 2 more.
src/lib/ui/dashboard/hooks/useDashboardConfig.ts(133,28): error TS2353: Object literal may only specify known properties, and 'refreshInterval' does not exist in type 'Partial<DashboardConfig>'.
src/lib/ui/dashboard/hooks/useDashboardConfig.ts(140,28): error TS2353: Object literal may only specify known properties, and 'maxActionItems' does not exist in type 'Partial<DashboardConfig>'.
src/lib/ui/dashboard/hooks/useDashboardConfig.ts(146,26): error TS2353: Object literal may only specify known properties, and 'enableAutoRefresh' does not exist in type 'Partial<DashboardConfig>'.
src/lib/ui/dashboard/hooks/useDashboardConfig.ts(146,53): error TS2339: Property 'enableAutoRefresh' does not exist on type 'DashboardConfig'.
src/lib/ui/dashboard/hooks/useDashboardConfig.ts(147,14): error TS2339: Property 'enableAutoRefresh' does not exist on type 'DashboardConfig'.
src/lib/ui/dashboard/hooks/useDashboardConfig.ts(150,26): error TS2353: Object literal may only specify known properties, and 'showCompletedActions' does not exist in type 'Partial<DashboardConfig>'.
src/lib/ui/dashboard/hooks/useDashboardConfig.ts(150,56): error TS2339: Property 'showCompletedActions' does not exist on type 'DashboardConfig'.
src/lib/ui/dashboard/hooks/useDashboardConfig.ts(151,14): error TS2339: Property 'showCompletedActions' does not exist on type 'DashboardConfig'.
src/lib/ui/dashboard/hooks/useDashboardConfig.ts(155,28): error TS2353: Object literal may only specify known properties, and 'defaultView' does not exist in type 'Partial<DashboardConfig>'.
src/lib/ui/dashboard/layout/DashboardContent.tsx(55,29): error TS2339: Property 'title' does not exist on type 'DashboardConfig'.
src/lib/ui/dashboard/layout/DashboardFooter.tsx(54,39): error TS2339: Property 'title' does not exist on type 'DashboardConfig'.
src/lib/ui/dashboard/layout/DashboardHeader.tsx(41,11): error TS2339: Property 'title' does not exist on type 'DashboardConfig'.
src/lib/ui/dashboard/layout/DashboardHeader.tsx(41,31): error TS2339: Property 'navigation' does not exist on type 'DashboardConfig'.
src/lib/ui/dashboard/layout/DashboardHeader.tsx(42,31): error TS2339: Property 'theme' does not exist on type 'DashboardConfig'.
src/lib/ui/dashboard/layout/DashboardSidebar.tsx(103,23): error TS2339: Property 'title' does not exist on type 'DashboardConfig'.
src/lib/ui/dashboard/layout/DashboardSidebar.tsx(243,28): error TS2339: Property 'title' does not exist on type 'DashboardConfig'.
src/lib/ui/dashboard/modals/DashboardPreferencesModal.tsx(31,10): error TS2724: '"@client/lib/types/user-dashboard"' has no exported member named 'DashboardPreferences'. Did you mean 'UserDashboardPreferences'?
src/lib/ui/dashboard/modals/DashboardPreferencesModal.tsx(92,25): error TS7006: Parameter 'prev' implicitly has an 'any' type.
src/lib/ui/dashboard/modals/DashboardPreferencesModal.tsx(96,25): error TS7006: Parameter 'prev' implicitly has an 'any' type.
src/lib/ui/dashboard/modals/DashboardPreferencesModal.tsx(102,27): error TS7006: Parameter 'prev' implicitly has an 'any' type.
src/lib/ui/dashboard/modals/DashboardPreferencesModal.tsx(107,25): error TS7006: Parameter 'prev' implicitly has an 'any' type.
src/lib/ui/dashboard/modals/DashboardPreferencesModal.tsx(111,25): error TS7006: Parameter 'prev' implicitly has an 'any' type.
src/lib/ui/dashboard/modals/DashboardPreferencesModal.tsx(116,58): error TS7006: Parameter 'id' implicitly has an 'any' type.
src/lib/ui/dashboard/modals/DashboardPreferencesModal.tsx(117,54): error TS7006: Parameter 'id' implicitly has an 'any' type.
src/lib/ui/dashboard/modals/DashboardPreferencesModal.tsx(123,54): error TS7006: Parameter 'id' implicitly has an 'any' type.
src/lib/ui/dashboard/modals/DashboardPreferencesModal.tsx(124,58): error TS7006: Parameter 'id' implicitly has an 'any' type.
src/lib/ui/dashboard/recovery.ts(31,17): error TS2339: Property 'type' does not exist on type 'DashboardError'.
src/lib/ui/dashboard/UserDashboard.tsx(26,3): error TS2724: '"@client/lib/types/user-dashboard"' has no exported member named 'DashboardPreferences'. Did you mean 'UserDashboardPreferences'?
src/lib/ui/dashboard/utils/dashboard-config-utils.ts(53,9): error TS2353: Object literal may only specify known properties, and 'config' does not exist in type '{ details?: Record<string, unknown> | undefined; context?: ErrorContext | undefined; }'.
src/lib/ui/dashboard/utils/dashboard-config-utils.ts(76,9): error TS2353: Object literal may only specify known properties, and 'baseConfig' does not exist in type '{ details?: Record<string, unknown> | undefined; context?: ErrorContext | undefined; }'.
src/lib/ui/dashboard/utils/dashboard-config-utils.ts(291,9): error TS2353: Object literal may only specify known properties, and 'configJson' does not exist in type '{ details?: Record<string, unknown> | undefined; context?: ErrorContext | undefined; }'.
src/lib/ui/dashboard/validation.ts(99,66): error TS2353: Object literal may only specify known properties, and 'zodError' does not exist in type '{ details?: Record<string, unknown> | undefined; context?: ErrorContext | undefined; }'.
src/lib/ui/dashboard/validation.ts(112,69): error TS2353: Object literal may only specify known properties, and 'zodError' does not exist in type '{ details?: Record<string, unknown> | undefined; context?: ErrorContext | undefined; }'.
src/lib/ui/dashboard/validation.ts(125,67): error TS2353: Object literal may only specify known properties, and 'zodError' does not exist in type '{ details?: Record<string, unknown> | undefined; context?: ErrorContext | undefined; }'.
src/lib/ui/dashboard/validation.ts(138,68): error TS2353: Object literal may only specify known properties, and 'zodError' does not exist in type '{ details?: Record<string, unknown> | undefined; context?: ErrorContext | undefined; }'.
src/lib/ui/dashboard/validation.ts(155,66): error TS2353: Object literal may only specify known properties, and 'zodError' does not exist in type '{ details?: Record<string, unknown> | undefined; context?: ErrorContext | undefined; }'.
src/lib/ui/dashboard/widgets/DashboardStack.tsx(10,15): error TS2724: '"@client/lib/types/dashboard"' has no exported member named 'DashboardSectionConfig'. Did you mean 'DashboardSection'?
src/lib/ui/dashboard/widgets/DashboardStack.tsx(33,37): error TS7006: Parameter 'widget' implicitly has an 'any' type.
src/lib/ui/dashboard/widgets/DashboardStack.tsx(114,6): error TS2339: Property 'spacing' does not exist on type 'DashboardStackProps'.
src/lib/ui/dashboard/widgets/DashboardStack.tsx(114,36): error TS2339: Property 'className' does not exist on type 'DashboardStackProps'.
src/lib/ui/dashboard/widgets/DashboardStack.tsx(114,47): error TS2339: Property 'onSectionUpdate' does not exist on type 'DashboardStackProps'.
src/lib/ui/dashboard/widgets/DashboardStack.tsx(127,33): error TS7053: Element implicitly has an 'any' type because expression of type 'any' can't be used to index type '{ tight: string; normal: string; loose: string; }'.
src/lib/ui/dashboard/widgets/DashboardTabs.tsx(10,15): error TS2724: '"@client/lib/types/dashboard"' has no exported member named 'DashboardSectionConfig'. Did you mean 'DashboardSection'?
src/lib/ui/dashboard/widgets/DashboardTabs.tsx(33,37): error TS7006: Parameter 'widget' implicitly has an 'any' type.
src/lib/ui/dashboard/widgets/DashboardTabs.tsx(104,6): error TS2339: Property 'defaultTab' does not exist on type 'DashboardTabsProps'.
src/lib/ui/dashboard/widgets/DashboardTabs.tsx(104,28): error TS2339: Property 'className' does not exist on type 'DashboardTabsProps'.
src/lib/ui/dashboard/widgets/DashboardTabs.tsx(104,39): error TS2339: Property 'onTabChange' does not exist on type 'DashboardTabsProps'.
src/lib/ui/dashboard/widgets/DashboardTabs.tsx(104,52): error TS2339: Property 'onSectionUpdate' does not exist on type 'DashboardTabsProps'.
src/lib/ui/database-status.tsx(82,23): error TS2322: Type '{ className: string; }' is not assignable to type 'IntrinsicAttributes'.
  Property 'className' does not exist on type 'IntrinsicAttributes'.
src/lib/ui/database-status.tsx(86,25): error TS2322: Type '{ className: string; }' is not assignable to type 'IntrinsicAttributes'.
  Property 'className' does not exist on type 'IntrinsicAttributes'.
src/lib/ui/database-status.tsx(87,25): error TS2322: Type '{ className: string; }' is not assignable to type 'IntrinsicAttributes'.
  Property 'className' does not exist on type 'IntrinsicAttributes'.
src/lib/ui/database-status.tsx(88,25): error TS2322: Type '{ className: string; }' is not assignable to type 'IntrinsicAttributes'.
  Property 'className' does not exist on type 'IntrinsicAttributes'.
src/lib/ui/i18n/LanguageSwitcher.tsx(23,40): error TS2307: Cannot find module '../../../utils/i18n' or its corresponding type declarations.
src/lib/ui/integration/IntegrationProvider.tsx(8,41): error TS2307: Cannot find module '@client/services/privacyAnalyticsService' or its corresponding type declarations.
src/lib/ui/integration/IntegrationProvider.tsx(9,77): error TS2307: Cannot find module '@client/utils/security' or its corresponding type declarations.
src/lib/ui/integration/types.ts(6,46): error TS2307: Cannot find module '@client/services/privacyAnalyticsService' or its corresponding type declarations.
src/lib/ui/integration/types.ts(7,82): error TS2307: Cannot find module '@client/utils/security' or its corresponding type declarations.
src/lib/ui/loading/AssetLoadingIndicator.tsx(10,15): error TS2305: Module '"./types"' has no exported member 'AssetLoadingIndicatorProps'.
src/lib/ui/loading/AssetLoadingIndicator.tsx(21,5): error TS7031: Binding element 'className' implicitly has an 'any' type.
src/lib/ui/loading/AssetLoadingIndicator.tsx(162,42): error TS2339: Property 'canRecover' does not exist on type 'LoadingRecoveryState'.
src/lib/ui/loading/AssetLoadingIndicator.tsx(166,39): error TS2339: Property 'isRecovering' does not exist on type 'LoadingRecoveryState'.
src/lib/ui/loading/AssetLoadingIndicator.tsx(170,30): error TS2339: Property 'isRecovering' does not exist on type 'LoadingRecoveryState'.
src/lib/ui/loading/AssetLoadingIndicator.tsx(187,11): error TS7053: Element implicitly has an 'any' type because expression of type 'string' can't be used to index type '{ fixed: string; relative: string; absolute: string; }'.
  No index signature with a parameter of type 'string' was found on type '{ fixed: string; relative: string; absolute: string; }'.
src/lib/ui/loading/AssetLoadingIndicator.tsx(217,44): error TS2339: Property 'suggestions' does not exist on type 'LoadingRecoveryState'.
src/lib/ui/loading/AssetLoadingIndicator.tsx(218,73): error TS2339: Property 'suggestions' does not exist on type 'LoadingRecoveryState'.
src/lib/ui/loading/AssetLoadingIndicator.tsx(253,44): error TS2339: Property 'canRecover' does not exist on type 'LoadingRecoveryState'.
src/lib/ui/loading/AssetLoadingIndicator.tsx(257,43): error TS2339: Property 'isRecovering' does not exist on type 'LoadingRecoveryState'.
src/lib/ui/loading/AssetLoadingIndicator.tsx(262,34): error TS2339: Property 'isRecovering' does not exist on type 'LoadingRecoveryState'.
src/lib/ui/loading/AssetLoadingIndicator.tsx(318,3): error TS2305: Module '"./types"' has no exported member 'AssetLoadingIndicatorProps'.
src/lib/ui/loading/AssetLoadingIndicator.tsx(319,3): error TS2724: '"./types"' has no exported member named 'LoadingProgress'. Did you mean 'AssetLoadingProgress'?
src/lib/ui/loading/AssetLoadingIndicator.tsx(320,3): error TS2724: '"./types"' has no exported member named 'LoadingStats'. Did you mean 'LoadingState'?
src/lib/ui/loading/AssetLoadingIndicator.tsx(321,3): error TS2305: Module '"./types"' has no exported member 'RecoveryState'.
src/lib/ui/loading/AssetLoadingIndicator.tsx(334,7): error TS2322: Type '{ className: string | undefined; showDetails: boolean; showProgress: boolean; minimal: boolean; position: string; }' is not assignable to type 'IntrinsicAttributes'.
  Property 'className' does not exist on type 'IntrinsicAttributes'.
src/lib/ui/loading/AssetLoadingIndicator.tsx(348,7): error TS2322: Type '{ className: string | undefined; showDetails: boolean; showProgress: boolean; minimal: boolean; position: string; }' is not assignable to type 'IntrinsicAttributes'.
  Property 'className' does not exist on type 'IntrinsicAttributes'.
src/lib/ui/loading/context/AssetLoadingContext.tsx(8,15): error TS2305: Module '"../types"' has no exported member 'AssetLoadingIndicatorProps'.
src/lib/ui/loading/core/loadingCore.ts(7,43): error TS2724: '"../types"' has no exported member named 'LoadingStats'. Did you mean 'LoadingState'?
src/lib/ui/loading/core/loadingCore.ts(25,21): error TS2339: Property 'validation' does not exist on type 'LoadingConfig'.
src/lib/ui/loading/GlobalLoadingProvider.tsx(31,94): error TS2740: Type '{ id: string; type: LoadingType; priority: LoadingPriority; startTime: number; timeout: number | undefined; retryCount: number; maxRetries: number; error: string | ... 1 more ... | undefined; message: string | undefined; progress: number | undefined; }' is missing the following properties from type 'LoadingOperation': retryStrategy, retryDelay, state, connectionAware, and 2 more.
src/lib/ui/loading/hooks/useAssetLoading.ts(9,15): error TS2724: '"../types"' has no exported member named 'LoadingProgress'. Did you mean 'AssetLoadingProgress'?
src/lib/ui/loading/hooks/useAssetLoading.ts(9,32): error TS2724: '"../types"' has no exported member named 'LoadingStats'. Did you mean 'LoadingState'?
src/lib/ui/loading/hooks/useAssetLoadingIndicatorState.ts(7,15): error TS2305: Module '"../types"' has no exported member 'AssetLoadingIndicatorProps'.
src/lib/ui/loading/hooks/useGlobalLoadingIndicator.ts(79,13): error TS2740: Type '{ id: string; type: LoadingType; message: string; priority: LoadingPriority; timeout: number; maxRetries: number; progress: number; }' is missing the following properties from type 'Omit<LoadingOperation, "retryCount" | "startTime">': retryDelay, state, cancelled, timeoutWarningShown, and 2 more.
src/lib/ui/loading/hooks/useLoading.ts(357,26): error TS2345: Argument of type 'string | Error' is not assignable to parameter of type 'string'.
  Type 'Error' is not assignable to type 'string'.
src/lib/ui/loading/hooks/useLoading.ts(362,11): error TS2322: Type '"fast" | "slow" | "offline"' is not assignable to type 'ConnectionType'.
  Type '"fast"' is not assignable to type 'ConnectionType'.
src/lib/ui/loading/hooks/useLoading.ts(450,55): error TS2769: No overload matches this call.
  Overload 1 of 2, '(message?: string | undefined, options?: ErrorOptions | undefined): Error', gave the following error.
    Argument of type 'string | Error' is not assignable to parameter of type 'string | undefined'.
      Type 'Error' is not assignable to type 'string'.
  Overload 2 of 2, '(message?: string | undefined): Error', gave the following error.
    Argument of type 'string | Error' is not assignable to parameter of type 'string | undefined'.
      Type 'Error' is not assignable to type 'string'.
src/lib/ui/loading/hooks/useLoadingRecovery.ts(7,15): error TS2305: Module '"../types"' has no exported member 'RecoveryState'.
src/lib/ui/loading/hooks/useLoadingRecovery.ts(27,23): error TS2339: Property 'attempts' does not exist on type 'LoadingRecoveryState'.
src/lib/ui/loading/hooks/useLoadingRecovery.ts(35,22): error TS2339: Property 'attempts' does not exist on type 'LoadingRecoveryState'.
src/lib/ui/loading/hooks/useLoadingRecovery.ts(42,21): error TS2339: Property 'attempts' does not exist on type 'LoadingRecoveryState'.
src/lib/ui/loading/hooks/useLoadingState.ts(141,23): error TS2345: Argument of type '"offline"' is not assignable to parameter of type 'LoadingState'.
src/lib/ui/loading/hooks/useLoadingState.ts(191,16): error TS2367: This comparison appears to be unintentional because the types 'LoadingState' and '"offline"' have no overlap.
src/lib/ui/loading/hooks/useLoadingState.ts(291,24): error TS2345: Argument of type '"offline"' is not assignable to parameter of type 'LoadingState'.
src/lib/ui/loading/hooks/useLoadingState.ts(350,26): error TS2345: Argument of type '"offline"' is not assignable to parameter of type 'LoadingState'.
src/lib/ui/loading/hooks/useProgressiveLoading.ts(9,10): error TS2724: '"../types"' has no exported member named 'LoadingStage'. Did you mean 'LoadingState'?
src/lib/ui/loading/hooks/useTimeoutAwareLoading.ts(123,7): error TS2353: Object literal may only specify known properties, and 'retryCount' does not exist in type '{ context?: ErrorContext | undefined; cause?: unknown; }'.
src/lib/ui/loading/hooks/useTimeoutAwareLoading.ts(248,19): error TS2353: Object literal may only specify known properties, and 'retryCount' does not exist in type '{ context?: ErrorContext | undefined; cause?: unknown; }'.
src/lib/ui/loading/hooks/useUnifiedLoading.ts(5,43): error TS2724: '"../types"' has no exported member named 'LoadingStats'. Did you mean 'LoadingState'?
src/lib/ui/loading/hooks/useUnifiedLoading.ts(5,57): error TS2305: Module '"../types"' has no exported member 'UseLoadingResult'.
src/lib/ui/loading/hooks/useUnifiedLoading.ts(41,41): error TS7006: Parameter 'prev' implicitly has an 'any' type.
src/lib/ui/loading/hooks/useUnifiedLoading.ts(43,16): error TS7006: Parameter 'prev' implicitly has an 'any' type.
src/lib/ui/loading/hooks/useUnifiedLoading.ts(94,14): error TS7006: Parameter 'prev' implicitly has an 'any' type.
src/lib/ui/loading/hooks/useUnifiedLoading.ts(110,20): error TS2339: Property 'validation' does not exist on type '{ timeout: number; retryDelay: number; maxRetries: number; showProgress: boolean; enableCaching: boolean; cacheTimeout?: number | undefined; priority: LoadingConfigPriority; dependencies?: readonly string[] | undefined; }'.
src/lib/ui/loading/hooks/useUnifiedLoading.ts(113,24): error TS2339: Property 'validation' does not exist on type '{ timeout: number; retryDelay: number; maxRetries: number; showProgress: boolean; enableCaching: boolean; cacheTimeout?: number | undefined; priority: LoadingConfigPriority; dependencies?: readonly string[] | undefined; }'.
src/lib/ui/loading/hooks/useUnifiedLoading.ts(234,14): error TS7006: Parameter 'prev' implicitly has an 'any' type.
src/lib/ui/loading/hooks/useUnifiedLoading.ts(244,17): error TS2769: No overload matches this call.
  Overload 1 of 2, '(message?: string | undefined, options?: ErrorOptions | undefined): Error', gave the following error.
    Argument of type 'string | Error' is not assignable to parameter of type 'string | undefined'.
      Type 'Error' is not assignable to type 'string'.
  Overload 2 of 2, '(message?: string | undefined): Error', gave the following error.
    Argument of type 'string | Error' is not assignable to parameter of type 'string | undefined'.
      Type 'Error' is not assignable to type 'string'.
src/lib/ui/loading/index.ts(11,3): error TS2305: Module '"./types"' has no exported member 'LoadingProps'.
src/lib/ui/loading/index.ts(15,3): error TS2724: '"./types"' has no exported member named 'LoadingStats'. Did you mean 'LoadingState'?
src/lib/ui/loading/index.ts(16,3): error TS2724: '"./types"' has no exported member named 'LoadingProgress'. Did you mean 'AssetLoadingProgress'?
src/lib/ui/loading/index.ts(19,3): error TS2724: '"./types"' has no exported member named 'LoadingStage'. Did you mean 'LoadingState'?
src/lib/ui/loading/index.ts(20,3): error TS2724: '"./types"' has no exported member named 'LoadingStateProps'. Did you mean 'LoadingState'?
src/lib/ui/loading/index.ts(21,3): error TS2305: Module '"./types"' has no exported member 'UseLoadingResult'.
src/lib/ui/loading/recovery.ts(54,43): error TS2339: Property 'errorHandling' does not exist on type 'LoadingConfig'.
src/lib/ui/loading/recovery.ts(68,23): error TS2367: This comparison appears to be unintentional because the types 'ConnectionType' and '"slow"' have no overlap.
src/lib/ui/loading/recovery.ts(76,41): error TS2339: Property 'errorHandling' does not exist on type 'LoadingConfig'.
src/lib/ui/loading/recovery.ts(77,41): error TS2339: Property 'errorHandling' does not exist on type 'LoadingConfig'.
src/lib/ui/loading/ui/CardSkeleton.tsx(34,36): error TS2322: Type '{ className: string; }' is not assignable to type 'IntrinsicAttributes'.
  Property 'className' does not exist on type 'IntrinsicAttributes'.
src/lib/ui/loading/ui/CardSkeleton.tsx(36,37): error TS2322: Type '{ className: string; }' is not assignable to type 'IntrinsicAttributes'.
  Property 'className' does not exist on type 'IntrinsicAttributes'.
src/lib/ui/loading/ui/CardSkeleton.tsx(37,40): error TS2322: Type '{ className: string; }' is not assignable to type 'IntrinsicAttributes'.
  Property 'className' does not exist on type 'IntrinsicAttributes'.
src/lib/ui/loading/ui/CardSkeleton.tsx(41,37): error TS2322: Type '{ key: number; className: string; }' is not assignable to type 'IntrinsicAttributes'.
  Property 'className' does not exist on type 'IntrinsicAttributes'.
src/lib/ui/loading/ui/CardSkeleton.tsx(49,23): error TS2322: Type '{ className: string; }' is not assignable to type 'IntrinsicAttributes'.
  Property 'className' does not exist on type 'IntrinsicAttributes'.
src/lib/ui/loading/ui/CardSkeleton.tsx(50,23): error TS2322: Type '{ className: string; }' is not assignable to type 'IntrinsicAttributes'.
  Property 'className' does not exist on type 'IntrinsicAttributes'.
src/lib/ui/loading/ui/FormSkeleton.tsx(21,38): error TS2322: Type '{ className: string; }' is not assignable to type 'IntrinsicAttributes'.
  Property 'className' does not exist on type 'IntrinsicAttributes'.
src/lib/ui/loading/ui/FormSkeleton.tsx(22,23): error TS2322: Type '{ className: string; }' is not assignable to type 'IntrinsicAttributes'.
  Property 'className' does not exist on type 'IntrinsicAttributes'.
src/lib/ui/loading/ui/FormSkeleton.tsx(31,17): error TS2322: Type '{ key: number; className: string; }' is not assignable to type 'IntrinsicAttributes'.
  Property 'className' does not exist on type 'IntrinsicAttributes'.
src/lib/ui/loading/ui/ListSkeleton.tsx(32,38): error TS2322: Type '{ className: string; }' is not assignable to type 'IntrinsicAttributes'.
  Property 'className' does not exist on type 'IntrinsicAttributes'.
src/lib/ui/loading/ui/ListSkeleton.tsx(34,39): error TS2322: Type '{ className: string; }' is not assignable to type 'IntrinsicAttributes'.
  Property 'className' does not exist on type 'IntrinsicAttributes'.
src/lib/ui/loading/ui/ListSkeleton.tsx(35,42): error TS2322: Type '{ className: string; }' is not assignable to type 'IntrinsicAttributes'.
  Property 'className' does not exist on type 'IntrinsicAttributes'.
src/lib/ui/loading/ui/ListSkeleton.tsx(39,27): error TS2322: Type '{ className: string; }' is not assignable to type 'IntrinsicAttributes'.
  Property 'className' does not exist on type 'IntrinsicAttributes'.
src/lib/ui/loading/ui/ListSkeleton.tsx(40,27): error TS2322: Type '{ className: string; }' is not assignable to type 'IntrinsicAttributes'.
  Property 'className' does not exist on type 'IntrinsicAttributes'.
src/lib/ui/loading/ui/LoadingIndicator.tsx(11,10): error TS2724: '"../types"' has no exported member named 'LoadingStateProps'. Did you mean 'LoadingState'?
src/lib/ui/loading/ui/LoadingIndicator.tsx(20,5): error TS2339: Property 'className' does not exist on type 'LoadingIndicatorProps'.
src/lib/ui/loading/ui/LoadingIndicator.tsx(21,5): error TS2339: Property 'size' does not exist on type 'LoadingIndicatorProps'.
src/lib/ui/loading/ui/LoadingIndicator.tsx(22,5): error TS2339: Property 'message' does not exist on type 'LoadingIndicatorProps'.
src/lib/ui/loading/ui/LoadingIndicator.tsx(23,5): error TS2339: Property 'showMessage' does not exist on type 'LoadingIndicatorProps'.
src/lib/ui/loading/ui/ProgressiveLoader.tsx(10,10): error TS2305: Module '"../types"' has no exported member 'ProgressiveLoaderProps'.
src/lib/ui/loading/ui/ProgressiveLoader.tsx(16,5): error TS7031: Binding element 'stages' implicitly has an 'any' type.
src/lib/ui/loading/ui/ProgressiveLoader.tsx(17,5): error TS7031: Binding element 'currentStage' implicitly has an 'any' type.
src/lib/ui/loading/ui/ProgressiveLoader.tsx(18,5): error TS7031: Binding element 'className' implicitly has an 'any' type.
src/lib/ui/loading/ui/ProgressiveLoader.tsx(21,5): error TS7031: Binding element 'onRetryStage' implicitly has an 'any' type.
src/lib/ui/loading/ui/ProgressiveLoader.tsx(24,5): error TS7031: Binding element 'onSkipStage' implicitly has an 'any' type.
src/lib/ui/loading/ui/ProgressiveLoader.tsx(56,27): error TS2322: Type '{ message: any; showMessage: boolean; size: string; }' is not assignable to type 'IntrinsicAttributes & LoadingIndicatorProps'.
  Property 'message' does not exist on type 'IntrinsicAttributes & LoadingIndicatorProps'.
src/lib/ui/loading/ui/Skeleton.tsx(5,10): error TS2305: Module '"../types"' has no exported member 'SkeletonProps'.
src/lib/ui/loading/ui/Skeleton.tsx(7,54): error TS7031: Binding element 'className' implicitly has an 'any' type.
src/lib/ui/loading/ui/Skeleton.tsx(7,65): error TS7031: Binding element 'width' implicitly has an 'any' type.
src/lib/ui/loading/ui/Skeleton.tsx(7,72): error TS7031: Binding element 'height' implicitly has an 'any' type.
src/lib/ui/loading/ui/TextSkeleton.tsx(41,24): error TS2322: Type '{ className: string; width: string | number | undefined; }' is not assignable to type 'IntrinsicAttributes'.
  Property 'className' does not exist on type 'IntrinsicAttributes'.
src/lib/ui/loading/ui/TextSkeleton.tsx(49,13): error TS2322: Type '{ key: number; className: string; }' is not assignable to type 'IntrinsicAttributes'.
  Property 'className' does not exist on type 'IntrinsicAttributes'.
src/lib/ui/loading/ui/TimeoutAwareLoader.tsx(10,10): error TS2305: Module '"../types"' has no exported member 'TimeoutAwareLoaderProps'.
src/lib/ui/loading/ui/TimeoutAwareLoader.tsx(16,5): error TS7031: Binding element 'className' implicitly has an 'any' type.
src/lib/ui/loading/ui/TimeoutAwareLoader.tsx(21,5): error TS7031: Binding element 'onTimeout' implicitly has an 'any' type.
src/lib/ui/loading/ui/TimeoutAwareLoader.tsx(79,11): error TS2322: Type '{ message: string; showMessage: boolean; size: string; color: "primary" | "accent"; }' is not assignable to type 'IntrinsicAttributes & LoadingIndicatorProps'.
  Property 'message' does not exist on type 'IntrinsicAttributes & LoadingIndicatorProps'.
src/lib/ui/loading/utils/connection-utils.ts(48,7): error TS2322: Type '"fast" | "offline"' is not assignable to type 'ConnectionType'.
  Type '"fast"' is not assignable to type 'ConnectionType'.
src/lib/ui/loading/utils/connection-utils.ts(58,7): error TS2322: Type '"fast"' is not assignable to type 'ConnectionType'.
src/lib/ui/loading/utils/connection-utils.ts(61,5): error TS2322: Type '"offline"' is not assignable to type 'ConnectionType'.
src/lib/ui/loading/utils/connection-utils.ts(68,5): error TS2322: Type '"slow"' is not assignable to type 'ConnectionType'.
src/lib/ui/loading/utils/connection-utils.ts(109,54): error TS2322: Type '"offline"' is not assignable to type 'ConnectionType'.
src/lib/ui/loading/utils/connection-utils.ts(142,14): error TS2367: This comparison appears to be unintentional because the types 'ConnectionType' and '"slow"' have no overlap.
src/lib/ui/loading/utils/connection-utils.ts(146,14): error TS2367: This comparison appears to be unintentional because the types 'ConnectionType' and '"slow"' have no overlap.
src/lib/ui/loading/utils/connection-utils.ts(157,10): error TS2678: Type '"slow"' is not comparable to type 'ConnectionType'.
src/lib/ui/loading/utils/connection-utils.ts(159,10): error TS2678: Type '"offline"' is not comparable to type 'ConnectionType'.
src/lib/ui/loading/utils/connection-utils.ts(161,10): error TS2678: Type '"fast"' is not comparable to type 'ConnectionType'.
src/lib/ui/loading/utils/connection-utils.ts(169,10): error TS2678: Type '"slow"' is not comparable to type 'ConnectionType'.
src/lib/ui/loading/utils/connection-utils.ts(171,10): error TS2678: Type '"offline"' is not comparable to type 'ConnectionType'.
src/lib/ui/loading/utils/connection-utils.ts(173,10): error TS2678: Type '"fast"' is not comparable to type 'ConnectionType'.
src/lib/ui/loading/utils/connection-utils.ts(184,10): error TS2678: Type '"slow"' is not comparable to type 'ConnectionType'.
src/lib/ui/loading/utils/connection-utils.ts(186,10): error TS2678: Type '"offline"' is not comparable to type 'ConnectionType'.
src/lib/ui/loading/utils/connection-utils.ts(188,10): error TS2678: Type '"fast"' is not comparable to type 'ConnectionType'.
src/lib/ui/loading/utils/connection-utils.ts(196,10): error TS2367: This comparison appears to be unintentional because the types 'ConnectionType' and '"fast"' have no overlap.
src/lib/ui/loading/utils/connection-utils.ts(201,10): error TS2367: This comparison appears to be unintentional because the types 'ConnectionType' and '"slow"' have no overlap.
src/lib/ui/loading/utils/connection-utils.ts(262,11): error TS2367: This comparison appears to be unintentional because the types 'ConnectionType' and '"slow"' have no overlap.
src/lib/ui/loading/utils/loading-utils.ts(9,3): error TS2724: '"../types"' has no exported member named 'LoadingStage'. Did you mean 'LoadingState'?
src/lib/ui/loading/utils/loading-utils.ts(10,3): error TS2724: '"../types"' has no exported member named 'LoadingProgress'. Did you mean 'AssetLoadingProgress'?
src/lib/ui/loading/utils/loading-utils.ts(36,9): error TS2739: Type '{ id: string; type: LoadingType; message: string; priority: LoadingPriority; progress: number | undefined; stage: string | undefined; error: string | Error | undefined; ... 4 more ...; connectionAware: boolean; }' is missing the following properties from type 'LoadingOperation': retryStrategy, retryDelay, state, timeoutWarningShown, cancelled
src/lib/ui/loading/utils/loadingUtils.ts(5,15): error TS2724: '"../types"' has no exported member named 'LoadingProgress'. Did you mean 'AssetLoadingProgress'?
src/lib/ui/loading/utils/progress-utils.ts(6,10): error TS2724: '"../types"' has no exported member named 'LoadingStage'. Did you mean 'LoadingState'?
src/lib/ui/mobile/interaction/PullToRefresh.tsx(6,32): error TS2307: Cannot find module '@client/config/gestures' or its corresponding type declarations.
src/lib/ui/mobile/interaction/SwipeGestures.tsx(6,32): error TS2307: Cannot find module '@client/config/gestures' or its corresponding type declarations.
src/lib/ui/mobile/layout/MobileLayout.tsx(7,37): error TS2307: Cannot find module '@client/config/navigation' or its corresponding type declarations.
src/lib/ui/mobile/MobileNavigation.tsx(8,37): error TS2307: Cannot find module '@client/config' or its corresponding type declarations.
src/lib/ui/mobile/MobileNavigation.tsx(14,25): error TS2307: Cannot find module '@client/hooks' or its corresponding type declarations.
src/lib/ui/navigation/hooks/useBreadcrumbNavigation.ts(84,15): error TS2551: Property 'is_active' does not exist on type 'BreadcrumbItem'. Did you mean 'isActive'?
src/lib/ui/navigation/hooks/useBreadcrumbNavigation.ts(88,38): error TS2561: Object literal may only specify known properties, but 'is_active' does not exist in type 'BreadcrumbItem'. Did you mean to write 'isActive'?
src/lib/ui/navigation/hooks/useBreadcrumbNavigation.ts(102,51): error TS2551: Property 'is_active' does not exist on type 'BreadcrumbItem'. Did you mean 'isActive'?
src/lib/ui/navigation/hooks/useBreadcrumbNavigation.ts(158,33): error TS2561: Object literal may only specify known properties, but 'is_active' does not exist in type 'BreadcrumbItem'. Did you mean to write 'isActive'?
src/lib/ui/navigation/hooks/useBreadcrumbNavigation.ts(159,39): error TS2561: Object literal may only specify known properties, but 'is_active' does not exist in type 'BreadcrumbItem'. Did you mean to write 'isActive'?
src/lib/ui/navigation/hooks/useBreadcrumbNavigation.ts(162,3): error TS2322: Type '(pathname: string) => { label: string; path: string; is_active: boolean; }[]' is not assignable to type '(pathname: string) => BreadcrumbItem[]'.
  Type '{ label: string; path: string; is_active: boolean; }[]' is not assignable to type 'BreadcrumbItem[]'.
    Property 'isActive' is missing in type '{ label: string; path: string; is_active: boolean; }' but required in type 'BreadcrumbItem'.
src/lib/ui/navigation/hooks/useBreadcrumbNavigation.ts(171,3): error TS2322: Type '(pathname: string) => { label: string; path: string; is_active: boolean; }[]' is not assignable to type '(pathname: string) => BreadcrumbItem[]'.
  Type '{ label: string; path: string; is_active: boolean; }[]' is not assignable to type 'BreadcrumbItem[]'.
    Property 'isActive' is missing in type '{ label: string; path: string; is_active: boolean; }' but required in type 'BreadcrumbItem'.
src/lib/ui/navigation/hooks/useBreadcrumbNavigation.ts(183,33): error TS2561: Object literal may only specify known properties, but 'is_active' does not exist in type 'BreadcrumbItem'. Did you mean to write 'isActive'?
src/lib/ui/navigation/hooks/useBreadcrumbNavigation.ts(184,41): error TS2561: Object literal may only specify known properties, but 'is_active' does not exist in type 'BreadcrumbItem'. Did you mean to write 'isActive'?
src/lib/ui/navigation/hooks/useBreadcrumbNavigation.ts(188,33): error TS2561: Object literal may only specify known properties, but 'is_active' does not exist in type 'BreadcrumbItem'. Did you mean to write 'isActive'?
src/lib/ui/navigation/hooks/useBreadcrumbNavigation.ts(189,41): error TS2561: Object literal may only specify known properties, but 'is_active' does not exist in type 'BreadcrumbItem'. Did you mean to write 'isActive'?
src/lib/ui/navigation/hooks/useBreadcrumbNavigation.ts(190,43): error TS2561: Object literal may only specify known properties, but 'is_active' does not exist in type 'BreadcrumbItem'. Did you mean to write 'isActive'?
src/lib/ui/navigation/hooks/useBreadcrumbNavigation.ts(195,33): error TS2561: Object literal may only specify known properties, but 'is_active' does not exist in type 'BreadcrumbItem'. Did you mean to write 'isActive'?
src/lib/ui/navigation/hooks/useBreadcrumbNavigation.ts(196,47): error TS2561: Object literal may only specify known properties, but 'is_active' does not exist in type 'BreadcrumbItem'. Did you mean to write 'isActive'?
src/lib/ui/navigation/hooks/useBreadcrumbNavigation.ts(200,33): error TS2561: Object literal may only specify known properties, but 'is_active' does not exist in type 'BreadcrumbItem'. Did you mean to write 'isActive'?
src/lib/ui/navigation/hooks/useBreadcrumbNavigation.ts(201,43): error TS2561: Object literal may only specify known properties, but 'is_active' does not exist in type 'BreadcrumbItem'. Did you mean to write 'isActive'?
src/lib/ui/navigation/hooks/useBreadcrumbNavigation.ts(205,33): error TS2561: Object literal may only specify known properties, but 'is_active' does not exist in type 'BreadcrumbItem'. Did you mean to write 'isActive'?
src/lib/ui/navigation/hooks/useBreadcrumbNavigation.ts(206,43): error TS2561: Object literal may only specify known properties, but 'is_active' does not exist in type 'BreadcrumbItem'. Did you mean to write 'isActive'?
src/lib/ui/navigation/hooks/useBreadcrumbNavigation.ts(207,53): error TS2561: Object literal may only specify known properties, but 'is_active' does not exist in type 'BreadcrumbItem'. Did you mean to write 'isActive'?
src/lib/ui/navigation/hooks/useBreadcrumbNavigation.ts(212,33): error TS2561: Object literal may only specify known properties, but 'is_active' does not exist in type 'BreadcrumbItem'. Did you mean to write 'isActive'?
src/lib/ui/navigation/hooks/useBreadcrumbNavigation.ts(213,47): error TS2561: Object literal may only specify known properties, but 'is_active' does not exist in type 'BreadcrumbItem'. Did you mean to write 'isActive'?
src/lib/ui/navigation/hooks/useBreadcrumbNavigation.ts(218,33): error TS2561: Object literal may only specify known properties, but 'is_active' does not exist in type 'BreadcrumbItem'. Did you mean to write 'isActive'?
src/lib/ui/navigation/hooks/useBreadcrumbNavigation.ts(219,48): error TS2561: Object literal may only specify known properties, but 'is_active' does not exist in type 'BreadcrumbItem'. Did you mean to write 'isActive'?
src/lib/ui/navigation/hooks/useNav.ts(10,11): error TS2339: Property 'user_role' does not exist on type '{ currentPath: string; previousPath: string; breadcrumbs: BreadcrumbItem[]; relatedPages: RelatedPage[]; currentSection: NavigationSection; ... 15 more ...; getFocusClasses: (baseClasses?: string) => string; }'.
src/lib/ui/navigation/hooks/useOptimizedNavigation.ts(16,10): error TS2305: Module '"@client/lib/services/navigation"' has no exported member 'navigationUtils'.
src/lib/ui/navigation/hooks/useRelatedPages.ts(4,10): error TS2305: Module '"@client/infrastructure/recovery"' has no exported member 'getRecoverySuggestions'.
src/lib/ui/navigation/hooks/useRelatedPages.ts(6,3): error TS2305: Module '"@client/infrastructure/validation"' has no exported member 'validateNavigationPath'.
src/lib/ui/navigation/hooks/useRelatedPages.ts(7,3): error TS2305: Module '"@client/infrastructure/validation"' has no exported member 'validateUserRole'.
src/lib/ui/navigation/hooks/useRelatedPages.ts(8,3): error TS2305: Module '"@client/infrastructure/validation"' has no exported member 'validateUseRelatedPagesOptions'.
src/lib/ui/navigation/hooks/useRelatedPages.ts(41,13): error TS2339: Property 'user_role' does not exist on type '{ currentPath: string; previousPath: string; breadcrumbs: BreadcrumbItem[]; relatedPages: RelatedPage[]; currentSection: NavigationSection; ... 15 more ...; getFocusClasses: (baseClasses?: string) => string; }'.
src/lib/ui/navigation/hooks/useRouteAccess.ts(4,10): error TS2305: Module '"@client/infrastructure/recovery"' has no exported member 'getRecoverySuggestions'.
src/lib/ui/navigation/hooks/useRouteAccess.ts(5,10): error TS2305: Module '"@client/infrastructure/validation"' has no exported member 'validateNavigationPath'.
src/lib/ui/navigation/hooks/useRouteAccess.ts(5,34): error TS2305: Module '"@client/infrastructure/validation"' has no exported member 'validateUserRole'.
src/lib/ui/navigation/hooks/useRouteAccess.ts(8,15): error TS2305: Module '"../types"' has no exported member 'AccessDenialReason'.
src/lib/ui/navigation/hooks/useRouteAccess.ts(25,11): error TS2339: Property 'user_role' does not exist on type '{ currentPath: string; previousPath: string; breadcrumbs: BreadcrumbItem[]; relatedPages: RelatedPage[]; currentSection: NavigationSection; ... 15 more ...; getFocusClasses: (baseClasses?: string) => string; }'.
src/lib/ui/navigation/NavigationSliceDemo.tsx(220,40): error TS2551: Property 'is_active' does not exist on type 'BreadcrumbItem'. Did you mean 'isActive'?
src/lib/ui/navigation/utils/navigation-utils.ts(2,10): error TS2305: Module '"@client/infrastructure/validation"' has no exported member 'validateNavigationPath'.
src/lib/ui/navigation/utils/navigation-utils.ts(21,9): error TS2741: Property 'user' is missing in type '{ public: "public"; citizen: "citizen"; expert: "expert"; admin: "admin"; journalist: "journalist"; advocate: "advocate"; official: "citizen"; moderator: "admin"; }' but required in type 'Record<UserRole, UserRole>'.
src/lib/ui/navigation/utils/page-relationships.ts(1,10): error TS2305: Module '"@client/infrastructure/validation"' has no exported member 'validateNavigationPath'.
src/lib/ui/navigation/utils/page-relationships.ts(1,34): error TS2305: Module '"@client/infrastructure/validation"' has no exported member 'validateUserRole'.
src/lib/ui/navigation/utils/page-relationships.ts(1,52): error TS2305: Module '"@client/infrastructure/validation"' has no exported member 'validateRelatedPage'.
src/lib/ui/navigation/utils/page-relationships.ts(14,9): error TS2741: Property 'user' is missing in type '{ public: "public"; citizen: "citizen"; expert: "expert"; admin: "admin"; journalist: "journalist"; advocate: "advocate"; official: "citizen"; moderator: "admin"; }' but required in type 'Record<UserRole, UserRole>'.
src/lib/ui/navigation/utils/page-relationships.ts(154,11): error TS2322: Type 'NavigationSection' is not assignable to type 'PageCategory'.
  Type '"system"' is not assignable to type 'PageCategory'.
src/lib/ui/navigation/utils/page-relationships.ts(241,13): error TS2322: Type 'NavigationSection | undefined' is not assignable to type 'PageCategory'.
  Type 'undefined' is not assignable to type 'PageCategory'.
src/lib/ui/navigation/utils/route-access.ts(2,10): error TS2305: Module '"@client/infrastructure/validation"' has no exported member 'validateNavigationPath'.
src/lib/ui/navigation/utils/route-access.ts(2,34): error TS2305: Module '"@client/infrastructure/validation"' has no exported member 'validateUserRole'.
src/lib/ui/navigation/utils/route-access.ts(37,11): error TS2430: Interface 'NavigationItemWithAccess' incorrectly extends interface 'NavigationItem'.
  Types of property 'condition' are incompatible.
    Type '((userRole: UserRole, user: User | null) => boolean) | undefined' is not assignable to type '((userRole: UserRole, user: unknown) => boolean) | undefined'.
      Type '(userRole: UserRole, user: User | null) => boolean' is not assignable to type '(userRole: UserRole, user: unknown) => boolean'.
        Types of parameters 'user' and 'user' are incompatible.
          Type 'unknown' is not assignable to type 'User | null'.
src/lib/ui/notifications/NotificationCenter.tsx(139,64): error TS2339: Property 'category' does not exist on type 'Notification'.
src/lib/ui/notifications/NotificationItem.tsx(7,48): error TS2307: Cannot find module '@client/services/notification-service' or its corresponding type declarations.
src/lib/utils/comprehensiveLoading.ts(411,3): error TS2739: Type '{ id: string; type: "component" | "inline" | "page" | "network-aware"; message: string; priority: "low" | "medium" | "high"; timeout: number; maxRetries: number; connectionAware: boolean; stage: string | undefined; }' is missing the following properties from type 'Omit<LoadingOperation, "retryCount" | "startTime">': retryDelay, state, cancelled, timeoutWarningShown, retryStrategy
src/scripts/fsd-migration.ts(8,24): error TS2307: Cannot find module '../utils/logger' or its corresponding type declarations.
../shared/types/api/factories.ts(28,32): error TS2339: Property 'id' does not exist on type 'NonNullable<T>'.
../shared/types/api/factories.ts(29,39): error TS2339: Property 'requestId' does not exist on type 'NonNullable<T>'.
../shared/types/api/factories.ts(32,34): error TS2339: Property 'body' does not exist on type 'NonNullable<T>'.
../shared/types/api/factories.ts(33,79): error TS2339: Property 'headers' does not exist on type 'NonNullable<T>'.
../shared/types/api/factories.ts(34,41): error TS2339: Property 'queryParams' does not exist on type 'NonNullable<T>'.
../shared/types/api/factories.ts(35,40): error TS2339: Property 'pathParams' does not exist on type 'NonNullable<T>'.
../shared/types/api/factories.ts(36,41): error TS2339: Property 'contentType' does not exist on type 'NonNullable<T>'.
../shared/types/api/factories.ts(37,67): error TS2339: Property 'authType' does not exist on type 'NonNullable<T>'.
../shared/types/api/factories.ts(38,69): error TS2339: Property 'authToken' does not exist on type 'NonNullable<T>'.
../shared/types/api/factories.ts(39,37): error TS2339: Property 'timeout' does not exist on type 'NonNullable<T>'.
../shared/types/api/factories.ts(40,38): error TS2339: Property 'priority' does not exist on type 'NonNullable<T>'.
../shared/types/api/factories.ts(41,38): error TS2339: Property 'metadata' does not exist on type 'NonNullable<T>'.
../shared/types/api/factories.ts(42,37): error TS2339: Property 'version' does not exist on type 'NonNullable<T>'.
../shared/types/api/factories.ts(231,7): error TS2322: Type '{ readonly totalItems: number; readonly totalPages: number; readonly currentPage: number; readonly pageSize: number; } | undefined' is not assignable to type '{ readonly totalItems: number; readonly totalPages: number; readonly currentPage: number; readonly pageSize: number; readonly hasNextPage: boolean; readonly hasPreviousPage: boolean; } | undefined'.
  Type '{ readonly totalItems: number; readonly totalPages: number; readonly currentPage: number; readonly pageSize: number; }' is missing the following properties from type '{ readonly totalItems: number; readonly totalPages: number; readonly currentPage: number; readonly pageSize: number; readonly hasNextPage: boolean; readonly hasPreviousPage: boolean; }': hasNextPage, hasPreviousPage
../shared/types/api/factories.ts(438,59): error TS2304: Cannot find name 'HttpStatusCode'.
../shared/types/api/factories.ts(439,11): error TS2740: Type '{ API_BAD_REQUEST: number; API_UNAUTHORIZED: number; API_FORBIDDEN: number; API_NOT_FOUND: number; API_METHOD_NOT_ALLOWED: number; API_REQUEST_TIMEOUT: number; API_CONFLICT: number; API_TOO_MANY_REQUESTS: number; ... 9 more ...; API_UNKNOWN_ERROR: number; }' is missing the following properties from type 'Record<ApiErrorCode, HttpStatusCode>': API_NOT_ACCEPTABLE, API_GONE, API_LENGTH_REQUIRED, API_PRECONDITION_FAILED, and 16 more.
../shared/types/api/factories.ts(439,51): error TS2304: Cannot find name 'HttpStatusCode'.
../shared/types/api/serialization.ts(187,11): error TS2322: Type 'number' is not assignable to type 'HttpStatusCode'.
