TN:
SF:server\db.ts
FN:29,createPoolConfig
FN:69,testConnection
FN:84,seedInitialData
FN:153,initializeFallback
FN:168,performInitialization
FN:195,(anonymous_5)
FN:212,initializeDatabase
FN:233,ensureInitialized
FN:244,isConnectionError
FN:258,(anonymous_9)
FN:267,withFallback
FN:299,setDatabaseConnectionStatus
FN:307,getConnectionStatus
FN:320,closeDatabase
FN:332,(anonymous_14)
FN:340,(anonymous_15)
FN:348,(anonymous_16)
FN:349,(anonymous_17)
FN:353,getDbInstance
FN:357,getFallbackService
FNF:20
FNH:0
FNDA:0,createPoolConfig
FNDA:0,testConnection
FNDA:0,seedInitialData
FNDA:0,initializeFallback
FNDA:0,performInitialization
FNDA:0,(anonymous_5)
FNDA:0,initializeDatabase
FNDA:0,ensureInitialized
FNDA:0,isConnectionError
FNDA:0,(anonymous_9)
FNDA:0,withFallback
FNDA:0,setDatabaseConnectionStatus
FNDA:0,getConnectionStatus
FNDA:0,closeDatabase
FNDA:0,(anonymous_14)
FNDA:0,(anonymous_15)
FNDA:0,(anonymous_16)
FNDA:0,(anonymous_17)
FNDA:0,getDbInstance
FNDA:0,getFallbackService
DA:3,0
DA:17,0
DA:30,0
DA:37,0
DA:40,0
DA:41,0
DA:42,0
DA:43,0
DA:45,0
DA:48,0
DA:55,0
DA:70,0
DA:71,0
DA:72,0
DA:73,0
DA:74,0
DA:76,0
DA:85,0
DA:86,0
DA:88,0
DA:89,0
DA:92,0
DA:94,0
DA:143,0
DA:145,0
DA:154,0
DA:160,0
DA:161,0
DA:169,0
DA:171,0
DA:172,0
DA:174,0
DA:177,0
DA:179,0
DA:180,0
DA:183,0
DA:184,0
DA:187,0
DA:190,0
DA:191,0
DA:194,0
DA:195,0
DA:196,0
DA:199,0
DA:200,0
DA:201,0
DA:204,0
DA:214,0
DA:215,0
DA:219,0
DA:220,0
DA:222,0
DA:223,0
DA:225,0
DA:234,0
DA:235,0
DA:237,0
DA:245,0
DA:246,0
DA:249,0
DA:258,0
DA:259,0
DA:272,0
DA:275,0
DA:276,0
DA:277,0
DA:280,0
DA:281,0
DA:283,0
DA:286,0
DA:287,0
DA:288,0
DA:291,0
DA:300,0
DA:301,0
DA:308,0
DA:321,0
DA:322,0
DA:323,0
DA:324,0
DA:325,0
DA:326,0
DA:331,0
DA:332,0
DA:333,0
DA:336,0
DA:340,0
DA:347,0
DA:348,0
DA:349,0
DA:354,0
DA:358,0
LF:92
LH:0
BRDA:34,0,0,0
BRDA:34,0,1,0
BRDA:37,1,0,0
BRDA:40,2,0,0
BRDA:40,2,1,0
BRDA:42,3,0,0
BRDA:42,3,1,0
BRDA:57,4,0,0
BRDA:57,4,1,0
BRDA:58,5,0,0
BRDA:58,5,1,0
BRDA:59,6,0,0
BRDA:59,6,1,0
BRDA:60,7,0,0
BRDA:60,7,1,0
BRDA:61,8,0,0
BRDA:61,8,1,0
BRDA:88,9,0,0
BRDA:145,10,0,0
BRDA:145,10,1,0
BRDA:161,11,0,0
BRDA:161,11,1,0
BRDA:161,12,0,0
BRDA:161,12,1,0
BRDA:161,13,0,0
BRDA:161,13,1,0
BRDA:179,14,0,0
BRDA:190,15,0,0
BRDA:190,15,1,0
BRDA:194,16,0,0
BRDA:214,17,0,0
BRDA:234,18,0,0
BRDA:234,18,1,0
BRDA:245,19,0,0
BRDA:275,20,0,0
BRDA:275,21,0,0
BRDA:275,21,1,0
BRDA:283,22,0,0
BRDA:283,22,1,0
BRDA:286,23,0,0
BRDA:301,24,0,0
BRDA:301,24,1,0
BRDA:321,25,0,0
BRDA:331,26,0,0
BRDA:331,26,1,0
BRDA:331,27,0,0
BRDA:331,27,1,0
BRDA:333,28,0,0
BRDA:333,28,1,0
BRF:49
BRH:0
end_of_record
TN:
SF:server\minimal-server.ts
FN:39,(anonymous_0)
FN:45,(anonymous_1)
FN:55,(anonymous_2)
FN:59,(anonymous_3)
FN:64,(anonymous_4)
FN:79,(anonymous_5)
FN:88,(anonymous_6)
FN:98,(anonymous_7)
FN:109,(anonymous_8)
FN:121,(anonymous_9)
FN:123,(anonymous_10)
FNF:11
FNH:0
FNDA:0,(anonymous_0)
FNDA:0,(anonymous_1)
FNDA:0,(anonymous_2)
FNDA:0,(anonymous_3)
FNDA:0,(anonymous_4)
FNDA:0,(anonymous_5)
FNDA:0,(anonymous_6)
FNDA:0,(anonymous_7)
FNDA:0,(anonymous_8)
FNDA:0,(anonymous_9)
FNDA:0,(anonymous_10)
DA:9,0
DA:10,0
DA:11,0
DA:12,0
DA:15,0
DA:29,0
DA:35,0
DA:36,0
DA:39,0
DA:40,0
DA:41,0
DA:45,0
DA:46,0
DA:55,0
DA:56,0
DA:59,0
DA:60,0
DA:64,0
DA:65,0
DA:74,0
DA:75,0
DA:76,0
DA:79,0
DA:80,0
DA:81,0
DA:83,0
DA:88,0
DA:89,0
DA:90,0
DA:92,0
DA:98,0
DA:99,0
DA:100,0
DA:107,0
DA:109,0
DA:110,0
DA:111,0
DA:112,0
DA:113,0
DA:114,0
DA:116,0
DA:121,0
DA:122,0
DA:123,0
DA:124,0
DA:125,0
LF:46
LH:0
BRDA:11,0,0,0
BRDA:11,0,1,0
BRDA:30,1,0,0
BRDA:30,1,1,0
BRDA:51,2,0,0
BRDA:51,2,1,0
BRDA:68,3,0,0
BRDA:68,3,1,0
BRDA:74,4,0,0
BRDA:74,4,1,0
BRDA:80,5,0,0
BRDA:80,5,1,0
BRDA:89,6,0,0
BRDA:89,6,1,0
BRDA:102,7,0,0
BRDA:102,7,1,0
BRDA:111,8,0,0
BRDA:111,8,1,0
BRDA:112,9,0,0
BRDA:112,9,1,0
BRF:20
BRH:0
end_of_record
TN:
SF:server\vite.ts
FN:12,log
FN:30,debugLog
FN:79,categorizeError
FN:108,attemptHMRRecovery
FN:123,closeVite
FN:144,setupVite
FN:165,(anonymous_6)
FN:176,(anonymous_7)
FN:180,(anonymous_8)
FN:218,(anonymous_9)
FN:223,(anonymous_10)
FN:230,(anonymous_11)
FN:232,(anonymous_12)
FN:248,(anonymous_13)
FN:345,enhanceTemplateForDevelopment
FN:383,setupDevelopmentServerMonitoring
FN:386,(anonymous_16)
FN:391,(anonymous_17)
FN:398,createErrorPage
FN:491,(anonymous_19)
FN:513,getErrorSuggestions
FN:554,serveStatic
FN:588,(anonymous_22)
FN:626,(anonymous_23)
FN:646,(anonymous_24)
FNF:25
FNH:0
FNDA:0,log
FNDA:0,debugLog
FNDA:0,categorizeError
FNDA:0,attemptHMRRecovery
FNDA:0,closeVite
FNDA:0,setupVite
FNDA:0,(anonymous_6)
FNDA:0,(anonymous_7)
FNDA:0,(anonymous_8)
FNDA:0,(anonymous_9)
FNDA:0,(anonymous_10)
FNDA:0,(anonymous_11)
FNDA:0,(anonymous_12)
FNDA:0,(anonymous_13)
FNDA:0,enhanceTemplateForDevelopment
FNDA:0,setupDevelopmentServerMonitoring
FNDA:0,(anonymous_16)
FNDA:0,(anonymous_17)
FNDA:0,createErrorPage
FNDA:0,(anonymous_19)
FNDA:0,getErrorSuggestions
FNDA:0,serveStatic
FNDA:0,(anonymous_22)
FNDA:0,(anonymous_23)
FNDA:0,(anonymous_24)
DA:9,0
DA:13,0
DA:19,0
DA:23,0
DA:31,0
DA:32,0
DA:37,0
DA:46,0
DA:74,0
DA:75,0
DA:76,0
DA:80,0
DA:82,0
DA:83,0
DA:85,0
DA:86,0
DA:88,0
DA:89,0
DA:91,0
DA:92,0
DA:94,0
DA:95,0
DA:97,0
DA:98,0
DA:100,0
DA:101,0
DA:104,0
DA:109,0
DA:111,0
DA:112,0
DA:113,0
DA:114,0
DA:115,0
DA:118,0
DA:124,0
DA:125,0
DA:126,0
DA:129,0
DA:131,0
DA:132,0
DA:133,0
DA:134,0
DA:135,0
DA:138,0
DA:140,0
DA:145,0
DA:146,0
DA:147,0
DA:150,0
DA:151,0
DA:152,0
DA:155,0
DA:157,0
DA:158,0
DA:160,0
DA:163,0
DA:166,0
DA:167,0
DA:170,0
DA:171,0
DA:174,0
DA:177,0
DA:178,0
DA:182,0
DA:184,0
DA:186,0
DA:190,0
DA:218,0
DA:219,0
DA:220,0
DA:223,0
DA:224,0
DA:225,0
DA:226,0
DA:230,0
DA:232,0
DA:233,0
DA:234,0
DA:235,0
DA:236,0
DA:237,0
DA:242,0
DA:248,0
DA:250,0
DA:253,0
DA:256,0
DA:258,0
DA:259,0
DA:261,0
DA:262,0
DA:265,0
DA:268,0
DA:269,0
DA:275,0
DA:277,0
DA:278,0
DA:279,0
DA:281,0
DA:287,0
DA:290,0
DA:291,0
DA:297,0
DA:304,0
DA:305,0
DA:307,0
DA:309,0
DA:310,0
DA:313,0
DA:321,0
DA:327,0
DA:330,0
DA:331,0
DA:335,0
DA:336,0
DA:337,0
DA:338,0
DA:340,0
DA:351,0
DA:379,0
DA:384,0
DA:386,0
DA:387,0
DA:390,0
DA:391,0
DA:392,0
DA:405,0
DA:406,0
DA:412,0
DA:491,0
DA:514,0
DA:547,0
DA:555,0
DA:556,0
DA:558,0
DA:563,0
DA:565,0
DA:566,0
DA:567,0
DA:568,0
DA:569,0
DA:573,0
DA:574,0
DA:579,0
DA:582,0
DA:589,0
DA:590,0
DA:591,0
DA:594,0
DA:595,0
DA:600,0
DA:601,0
DA:602,0
DA:603,0
DA:604,0
DA:605,0
DA:606,0
DA:607,0
DA:608,0
DA:609,0
DA:610,0
DA:611,0
DA:613,0
DA:616,0
DA:619,0
DA:620,0
DA:621,0
DA:626,0
DA:628,0
DA:630,0
DA:633,0
DA:634,0
DA:641,0
DA:647,0
DA:648,0
DA:649,0
DA:658,0
DA:660,0
DA:661,0
DA:662,0
LF:179
LH:0
BRDA:12,0,0,0
BRDA:31,1,0,0
BRDA:31,2,0,0
BRDA:31,2,1,0
BRDA:82,3,0,0
BRDA:82,4,0,0
BRDA:82,4,1,0
BRDA:82,4,2,0
BRDA:85,5,0,0
BRDA:85,6,0,0
BRDA:85,6,1,0
BRDA:88,7,0,0
BRDA:88,8,0,0
BRDA:88,8,1,0
BRDA:91,9,0,0
BRDA:91,10,0,0
BRDA:91,10,1,0
BRDA:94,11,0,0
BRDA:94,12,0,0
BRDA:94,12,1,0
BRDA:97,13,0,0
BRDA:97,14,0,0
BRDA:97,14,1,0
BRDA:100,15,0,0
BRDA:100,16,0,0
BRDA:100,16,1,0
BRDA:109,17,0,0
BRDA:124,18,0,0
BRDA:132,19,0,0
BRDA:145,20,0,0
BRDA:150,21,0,0
BRDA:160,22,0,0
BRDA:160,22,1,0
BRDA:160,22,2,0
BRDA:170,23,0,0
BRDA:182,24,0,0
BRDA:182,25,0,0
BRDA:182,25,1,0
BRDA:219,26,0,0
BRDA:224,27,0,0
BRDA:234,28,0,0
BRDA:234,28,1,0
BRDA:234,29,0,0
BRDA:234,29,1,0
BRDA:235,30,0,0
BRDA:235,30,1,0
BRDA:250,31,0,0
BRDA:250,32,0,0
BRDA:250,32,1,0
BRDA:250,32,2,0
BRDA:261,33,0,0
BRDA:277,34,0,0
BRDA:277,34,1,0
BRDA:309,35,0,0
BRDA:330,36,0,0
BRDA:384,37,0,0
BRDA:390,38,0,0
BRDA:406,39,0,0
BRDA:406,39,1,0
BRDA:488,40,0,0
BRDA:488,40,1,0
BRDA:493,41,0,0
BRDA:493,41,1,0
BRDA:547,42,0,0
BRDA:547,42,1,0
BRDA:566,43,0,0
BRDA:566,44,0,0
BRDA:566,44,1,0
BRDA:573,45,0,0
BRDA:583,46,0,0
BRDA:583,46,1,0
BRDA:594,47,0,0
BRDA:594,47,1,0
BRDA:600,48,0,0
BRDA:600,48,1,0
BRDA:602,49,0,0
BRDA:602,49,1,0
BRDA:602,50,0,0
BRDA:602,50,1,0
BRDA:604,51,0,0
BRDA:604,51,1,0
BRDA:607,52,0,0
BRDA:607,52,1,0
BRDA:608,53,0,0
BRDA:608,53,1,0
BRDA:609,54,0,0
BRDA:609,54,1,0
BRDA:628,55,0,0
BRDA:628,56,0,0
BRDA:628,56,1,0
BRDA:633,57,0,0
BRDA:647,58,0,0
BRDA:647,59,0,0
BRDA:647,59,1,0
BRF:94
BRH:0
end_of_record
TN:
SF:server\config\index.ts
FN:9,(anonymous_0)
FN:17,(anonymous_1)
FN:25,(anonymous_2)
FN:34,(anonymous_3)
FN:45,(anonymous_4)
FN:56,(anonymous_5)
FN:61,(anonymous_6)
FN:72,(anonymous_7)
FN:82,(anonymous_8)
FN:91,(anonymous_9)
FN:94,(anonymous_10)
FN:398,mergeConfigs
FN:433,loadEnvironmentConfig
FN:442,createBaseConfig
FN:743,createConfig
FN:778,(anonymous_15)
FN:793,enableHotReload
FN:796,(anonymous_17)
FN:808,disableHotReload
FNF:19
FNH:0
FNDA:0,(anonymous_0)
FNDA:0,(anonymous_1)
FNDA:0,(anonymous_2)
FNDA:0,(anonymous_3)
FNDA:0,(anonymous_4)
FNDA:0,(anonymous_5)
FNDA:0,(anonymous_6)
FNDA:0,(anonymous_7)
FNDA:0,(anonymous_8)
FNDA:0,(anonymous_9)
FNDA:0,(anonymous_10)
FNDA:0,mergeConfigs
FNDA:0,loadEnvironmentConfig
FNDA:0,createBaseConfig
FNDA:0,createConfig
FNDA:0,(anonymous_15)
FNDA:0,enableHotReload
FNDA:0,(anonymous_17)
FNDA:0,disableHotReload
DA:9,0
DA:10,0
DA:11,0
DA:13,0
DA:17,0
DA:18,0
DA:19,0
DA:21,0
DA:25,0
DA:26,0
DA:27,0
DA:29,0
DA:34,0
DA:35,0
DA:36,0
DA:37,0
DA:42,0
DA:45,0
DA:46,0
DA:47,0
DA:48,0
DA:53,0
DA:56,0
DA:57,0
DA:61,0
DA:62,0
DA:63,0
DA:64,0
DA:65,0
DA:67,0
DA:72,0
DA:73,0
DA:74,0
DA:75,0
DA:76,0
DA:78,0
DA:82,0
DA:83,0
DA:84,0
DA:85,0
DA:87,0
DA:91,0
DA:92,0
DA:93,0
DA:94,0
DA:96,0
DA:100,0
DA:110,0
DA:125,0
DA:136,0
DA:148,0
DA:159,0
DA:188,0
DA:201,0
DA:211,0
DA:227,0
DA:235,0
DA:256,0
DA:270,0
DA:277,0
DA:286,0
DA:295,0
DA:304,0
DA:312,0
DA:321,0
DA:330,0
DA:338,0
DA:349,0
DA:399,0
DA:434,0
DA:438,0
DA:443,0
DA:444,0
DA:673,0
DA:674,0
DA:704,0
DA:705,0
DA:719,0
DA:720,0
DA:739,0
DA:744,0
DA:745,0
DA:749,0
DA:750,0
DA:751,0
DA:752,0
DA:753,0
DA:754,0
DA:756,0
DA:757,0
DA:760,0
DA:763,0
DA:764,0
DA:765,0
DA:767,0
DA:768,0
DA:770,0
DA:771,0
DA:775,0
DA:777,0
DA:778,0
DA:779,0
DA:781,0
DA:786,0
DA:791,0
DA:794,0
DA:796,0
DA:797,0
DA:798,0
DA:803,0
DA:809,0
DA:810,0
DA:811,0
DA:816,0
DA:817,0
LF:115
LH:0
BRDA:11,0,0,0
BRDA:11,0,1,0
BRDA:19,1,0,0
BRDA:19,1,1,0
BRDA:27,2,0,0
BRDA:27,2,1,0
BRDA:36,3,0,0
BRDA:36,4,0,0
BRDA:36,4,1,0
BRDA:47,5,0,0
BRDA:47,6,0,0
BRDA:47,6,1,0
BRDA:57,7,0,0
BRDA:57,7,1,0
BRDA:61,8,0,0
BRDA:64,9,0,0
BRDA:74,10,0,0
BRDA:76,11,0,0
BRDA:82,12,0,0
BRDA:84,13,0,0
BRDA:85,14,0,0
BRDA:85,14,1,0
BRDA:91,15,0,0
BRDA:93,16,0,0
BRDA:434,17,0,0
BRDA:434,17,1,0
BRDA:443,18,0,0
BRDA:443,18,1,0
BRDA:673,19,0,0
BRDA:704,20,0,0
BRDA:719,21,0,0
BRDA:749,22,0,0
BRDA:750,23,0,0
BRDA:750,23,1,0
BRDA:753,24,0,0
BRDA:753,25,0,0
BRDA:753,25,1,0
BRDA:756,26,0,0
BRDA:756,27,0,0
BRDA:756,27,1,0
BRDA:763,28,0,0
BRDA:764,29,0,0
BRDA:764,30,0,0
BRDA:764,30,1,0
BRDA:767,31,0,0
BRDA:767,32,0,0
BRDA:767,32,1,0
BRDA:770,33,0,0
BRDA:777,34,0,0
BRDA:793,35,0,0
BRDA:794,36,0,0
BRDA:794,37,0,0
BRDA:794,37,1,0
BRDA:809,38,0,0
BRDA:816,39,0,0
BRF:55
BRH:0
end_of_record
TN:
SF:server\config\production.ts
FNF:0
FNH:0
DA:6,0
LF:1
LH:0
BRDA:18,0,0,0
BRDA:18,0,1,0
BRDA:19,1,0,0
BRDA:19,1,1,0
BRDA:20,2,0,0
BRDA:20,2,1,0
BRDA:21,3,0,0
BRDA:21,3,1,0
BRDA:22,4,0,0
BRDA:22,4,1,0
BRDA:24,5,0,0
BRDA:24,5,1,0
BRDA:25,6,0,0
BRDA:25,6,1,0
BRDA:26,7,0,0
BRDA:26,7,1,0
BRDA:27,8,0,0
BRDA:27,8,1,0
BRDA:28,9,0,0
BRDA:28,9,1,0
BRDA:32,10,0,0
BRDA:32,10,1,0
BRDA:33,11,0,0
BRDA:33,11,1,0
BRDA:34,12,0,0
BRDA:34,12,1,0
BRDA:35,13,0,0
BRDA:35,13,1,0
BRDA:36,14,0,0
BRDA:36,14,1,0
BRDA:37,15,0,0
BRDA:37,15,1,0
BRDA:39,16,0,0
BRDA:39,16,1,0
BRDA:44,17,0,0
BRDA:44,17,1,0
BRDA:48,18,0,0
BRDA:48,18,1,0
BRDA:49,19,0,0
BRDA:49,19,1,0
BRDA:55,20,0,0
BRDA:55,20,1,0
BRDA:56,21,0,0
BRDA:56,21,1,0
BRDA:57,22,0,0
BRDA:57,22,1,0
BRDA:59,23,0,0
BRDA:59,23,1,0
BRDA:60,24,0,0
BRDA:60,24,1,0
BRDA:61,25,0,0
BRDA:61,25,1,0
BRDA:68,26,0,0
BRDA:68,26,1,0
BRDA:69,27,0,0
BRDA:69,27,1,0
BRDA:70,28,0,0
BRDA:70,28,1,0
BRDA:72,29,0,0
BRDA:72,29,1,0
BRDA:73,30,0,0
BRDA:73,30,1,0
BRDA:78,31,0,0
BRDA:78,31,1,0
BRDA:79,32,0,0
BRDA:79,32,1,0
BRDA:80,33,0,0
BRDA:80,33,1,0
BRDA:82,34,0,0
BRDA:82,34,1,0
BRDA:87,35,0,0
BRDA:87,35,1,0
BRDA:88,36,0,0
BRDA:88,36,1,0
BRDA:89,37,0,0
BRDA:89,37,1,0
BRDA:90,38,0,0
BRDA:90,38,1,0
BRDA:108,39,0,0
BRDA:108,39,1,0
BRDA:111,40,0,0
BRDA:111,40,1,0
BRDA:112,41,0,0
BRDA:112,41,1,0
BRDA:113,42,0,0
BRDA:113,42,1,0
BRDA:118,43,0,0
BRDA:118,43,1,0
BRDA:118,44,0,0
BRDA:118,44,1,0
BRDA:134,45,0,0
BRDA:134,45,1,0
BRDA:135,46,0,0
BRDA:135,46,1,0
BRDA:166,47,0,0
BRDA:166,47,1,0
BRDA:167,48,0,0
BRDA:167,48,1,0
BRDA:169,49,0,0
BRDA:169,49,1,0
BRDA:170,50,0,0
BRDA:170,50,1,0
BRDA:171,51,0,0
BRDA:171,51,1,0
BRDA:176,52,0,0
BRDA:176,52,1,0
BRDA:177,53,0,0
BRDA:177,53,1,0
BRDA:184,54,0,0
BRDA:184,54,1,0
BRDA:185,55,0,0
BRDA:185,55,1,0
BRDA:194,56,0,0
BRDA:194,56,1,0
BRDA:195,57,0,0
BRDA:195,57,1,0
BRDA:196,58,0,0
BRDA:196,58,1,0
BRDA:201,59,0,0
BRDA:201,59,1,0
BRDA:211,60,0,0
BRDA:211,60,1,0
BRDA:212,61,0,0
BRDA:212,61,1,0
BRDA:213,62,0,0
BRDA:213,62,1,0
BRDA:222,63,0,0
BRDA:222,63,1,0
BRDA:229,64,0,0
BRDA:229,64,1,0
BRDA:230,65,0,0
BRDA:230,65,1,0
BRDA:231,66,0,0
BRDA:231,66,1,0
BRDA:238,67,0,0
BRDA:238,67,1,0
BRDA:239,68,0,0
BRDA:239,68,1,0
BRDA:248,69,0,0
BRDA:248,69,1,0
BRDA:249,70,0,0
BRDA:249,70,1,0
BRF:142
BRH:0
end_of_record
TN:
SF:server\core\types.ts
FNF:0
FNH:0
DA:132,0
DA:133,0
DA:134,0
DA:135,0
DA:136,0
DA:137,0
LF:6
LH:0
BRF:0
BRH:0
end_of_record
TN:
SF:server\core\validation\data-validation-service.ts
FN:34,(anonymous_0)
FN:41,(anonymous_1)
FN:258,(anonymous_2)
FN:300,(anonymous_3)
FN:314,(anonymous_4)
FN:315,(anonymous_5)
FN:316,(anonymous_6)
FN:326,(anonymous_7)
FN:328,(anonymous_8)
FN:343,(anonymous_9)
FN:344,(anonymous_10)
FN:345,(anonymous_11)
FN:355,(anonymous_12)
FN:356,(anonymous_13)
FN:366,(anonymous_14)
FNF:15
FNH:0
FNDA:0,(anonymous_0)
FNDA:0,(anonymous_1)
FNDA:0,(anonymous_2)
FNDA:0,(anonymous_3)
FNDA:0,(anonymous_4)
FNDA:0,(anonymous_5)
FNDA:0,(anonymous_6)
FNDA:0,(anonymous_7)
FNDA:0,(anonymous_8)
FNDA:0,(anonymous_9)
FNDA:0,(anonymous_10)
FNDA:0,(anonymous_11)
FNDA:0,(anonymous_12)
FNDA:0,(anonymous_13)
FNDA:0,(anonymous_14)
DA:3,0
DA:35,0
DA:42,0
DA:259,0
DA:260,0
DA:261,0
DA:263,0
DA:264,0
DA:266,0
DA:267,0
DA:268,0
DA:269,0
DA:270,0
DA:271,0
DA:272,0
DA:274,0
DA:278,0
DA:287,0
DA:301,0
DA:302,0
DA:304,0
DA:306,0
DA:307,0
DA:308,0
DA:309,0
DA:312,0
DA:314,0
DA:315,0
DA:316,0
DA:320,0
DA:327,0
DA:328,0
DA:330,0
DA:331,0
DA:334,0
DA:336,0
DA:337,0
DA:338,0
DA:341,0
DA:343,0
DA:344,0
DA:345,0
DA:349,0
DA:356,0
DA:367,0
DA:418,0
DA:419,0
DA:421,0
DA:422,0
DA:423,0
DA:425,0
DA:426,0
DA:427,0
DA:428,0
DA:429,0
DA:430,0
DA:433,0
DA:434,0
DA:435,0
DA:436,0
DA:437,0
DA:441,0
DA:442,0
DA:443,0
DA:447,0
LF:65
LH:0
BRDA:266,0,0,0
BRDA:267,1,0,0
BRDA:267,1,1,0
BRDA:270,2,0,0
BRDA:270,2,1,0
BRDA:271,3,0,0
BRDA:271,3,1,0
BRDA:272,4,0,0
BRDA:272,4,1,0
BRDA:291,5,0,0
BRDA:291,5,1,0
BRDA:315,6,0,0
BRDA:315,6,1,0
BRDA:316,7,0,0
BRDA:316,7,1,0
BRDA:330,8,0,0
BRDA:344,9,0,0
BRDA:344,9,1,0
BRDA:345,10,0,0
BRDA:345,10,1,0
BRDA:366,11,0,0
BRDA:423,12,0,0
BRDA:423,12,1,0
BRDA:427,13,0,0
BRDA:427,13,1,0
BRDA:428,14,0,0
BRDA:434,15,0,0
BRDA:434,15,1,0
BRDA:435,16,0,0
BRDA:441,17,0,0
BRDA:441,17,1,0
BRF:31
BRH:0
end_of_record
TN:
SF:server\core\validation\data-validation.ts
FN:39,(anonymous_0)
FN:114,(anonymous_1)
FN:187,(anonymous_2)
FN:206,(anonymous_3)
FN:220,(anonymous_4)
FN:221,(anonymous_5)
FN:222,(anonymous_6)
FN:223,(anonymous_7)
FN:231,(anonymous_8)
FN:242,(anonymous_9)
FN:254,(anonymous_10)
FN:264,(anonymous_11)
FN:279,(anonymous_12)
FN:294,(anonymous_13)
FN:324,(anonymous_14)
FN:325,(anonymous_15)
FN:336,(anonymous_16)
FN:348,(anonymous_17)
FN:375,(anonymous_18)
FN:394,(anonymous_19)
FN:402,(anonymous_20)
FN:413,(anonymous_21)
FN:441,(anonymous_22)
FN:453,(anonymous_23)
FN:454,(anonymous_24)
FN:471,(anonymous_25)
FNF:26
FNH:26
FNDA:15,(anonymous_0)
FNDA:9,(anonymous_1)
FNDA:3,(anonymous_2)
FNDA:8,(anonymous_3)
FNDA:8,(anonymous_4)
FNDA:8,(anonymous_5)
FNDA:8,(anonymous_6)
FNDA:8,(anonymous_7)
FNDA:6,(anonymous_8)
FNDA:10,(anonymous_9)
FNDA:7,(anonymous_10)
FNDA:24,(anonymous_11)
FNDA:24,(anonymous_12)
FNDA:15,(anonymous_13)
FNDA:24,(anonymous_14)
FNDA:183,(anonymous_15)
FNDA:24,(anonymous_16)
FNDA:24,(anonymous_17)
FNDA:24,(anonymous_18)
FNDA:2,(anonymous_19)
FNDA:2,(anonymous_20)
FNDA:6,(anonymous_21)
FNDA:6,(anonymous_22)
FNDA:48,(anonymous_23)
FNDA:48,(anonymous_24)
FNDA:7,(anonymous_25)
DA:5,1
DA:8,1
DA:40,15
DA:54,15
DA:55,15
DA:56,2
DA:57,2
DA:61,15
DA:62,15
DA:63,1
DA:64,1
DA:68,15
DA:69,1
DA:73,15
DA:74,1
DA:78,15
DA:79,15
DA:80,15
DA:81,15
DA:82,1
DA:86,15
DA:92,15
DA:95,15
DA:98,15
DA:101,15
DA:108,15
DA:115,9
DA:129,9
DA:130,9
DA:131,2
DA:132,2
DA:136,9
DA:137,9
DA:138,1
DA:139,1
DA:143,9
DA:144,1
DA:148,9
DA:149,1
DA:150,1
DA:154,9
DA:155,1
DA:159,9
DA:165,9
DA:168,9
DA:171,9
DA:174,9
DA:181,9
DA:188,3
DA:189,3
DA:190,3
DA:192,3
DA:193,8
DA:197,8
DA:199,8
DA:200,6
DA:202,2
DA:206,8
DA:207,3
DA:208,3
DA:210,3
DA:220,8
DA:221,8
DA:222,8
DA:223,8
DA:232,6
DA:233,6
DA:235,6
DA:236,7
DA:237,6
DA:238,6
DA:239,5
DA:242,10
DA:251,6
DA:254,7
DA:265,24
DA:267,24
DA:268,63
DA:269,10
DA:273,24
DA:280,24
DA:282,24
DA:283,120
DA:284,2
DA:288,24
DA:295,15
DA:296,15
DA:298,15
DA:299,30
DA:300,6
DA:301,6
DA:302,1
DA:305,5
DA:306,1
DA:310,5
DA:311,5
DA:312,0
DA:318,15
DA:325,24
DA:326,183
DA:330,24
DA:338,24
DA:339,24
DA:340,24
DA:342,24
DA:349,24
DA:352,24
DA:353,2
DA:354,2
DA:356,2
DA:357,1
DA:362,24
DA:363,2
DA:364,2
DA:365,2
DA:369,24
DA:376,24
DA:378,4
DA:379,4
DA:382,4
DA:383,1
DA:384,1
DA:385,1
DA:386,1
DA:388,1
DA:395,2
DA:396,2
DA:404,2
DA:407,2
DA:417,6
DA:419,6
DA:422,13
DA:423,10
DA:426,3
DA:429,13
DA:430,7
DA:432,13
DA:435,6
DA:445,6
DA:446,6
DA:451,6
DA:452,24
DA:453,48
DA:454,48
DA:456,24
DA:458,24
DA:459,9
DA:463,6
DA:464,6
DA:465,5
DA:467,6
DA:468,6
DA:470,5
DA:471,7
DA:473,5
DA:474,3
DA:476,2
DA:480,6
LF:158
LH:157
BRDA:55,0,0,2
BRDA:62,1,0,1
BRDA:68,2,0,1
BRDA:68,3,0,15
BRDA:68,3,1,13
BRDA:73,4,0,1
BRDA:73,5,0,15
BRDA:73,5,1,13
BRDA:81,6,0,1
BRDA:130,7,0,2
BRDA:137,8,0,1
BRDA:143,9,0,1
BRDA:143,10,0,9
BRDA:143,10,1,7
BRDA:148,11,0,1
BRDA:148,12,0,9
BRDA:148,12,1,2
BRDA:154,13,0,1
BRDA:154,14,0,9
BRDA:154,14,1,2
BRDA:193,15,0,5
BRDA:193,15,1,3
BRDA:199,16,0,6
BRDA:199,16,1,2
BRDA:236,17,0,6
BRDA:238,18,0,5
BRDA:257,19,0,1
BRDA:257,19,1,5
BRDA:268,20,0,10
BRDA:268,21,0,63
BRDA:268,21,1,53
BRDA:268,21,2,53
BRDA:283,22,0,2
BRDA:283,23,0,120
BRDA:283,23,1,52
BRDA:283,23,2,52
BRDA:299,24,0,6
BRDA:301,25,0,1
BRDA:301,25,1,5
BRDA:305,26,0,1
BRDA:305,27,0,5
BRDA:305,27,1,3
BRDA:311,28,0,0
BRDA:326,29,0,183
BRDA:326,29,1,70
BRDA:326,29,2,70
BRDA:352,30,0,2
BRDA:352,31,0,24
BRDA:352,31,1,4
BRDA:356,32,0,1
BRDA:362,33,0,2
BRDA:362,34,0,24
BRDA:362,34,1,11
BRDA:364,35,0,2
BRDA:376,36,0,20
BRDA:382,37,0,3
BRDA:383,38,0,0
BRDA:384,39,0,0
BRDA:385,40,0,0
BRDA:386,41,0,0
BRDA:407,42,0,2
BRDA:407,42,1,1
BRDA:407,42,2,0
BRDA:422,43,0,10
BRDA:422,43,1,3
BRDA:423,44,0,10
BRDA:423,44,1,0
BRDA:423,44,2,0
BRDA:426,45,0,3
BRDA:426,45,1,0
BRDA:426,46,0,3
BRDA:426,46,1,0
BRDA:429,47,0,7
BRDA:446,48,0,5
BRDA:446,48,1,1
BRDA:454,49,0,48
BRDA:454,49,1,24
BRDA:454,49,2,24
BRDA:458,50,0,9
BRDA:464,51,0,1
BRDA:464,51,1,5
BRDA:465,52,0,1
BRDA:468,53,0,5
BRDA:473,54,0,3
BRDA:473,54,1,2
BRF:85
BRH:75
end_of_record
TN:
SF:server\core\validation\input-validation-service.ts
FN:10,(anonymous_0)
FN:48,(anonymous_1)
FN:122,(anonymous_2)
FN:139,(anonymous_3)
FN:164,(anonymous_4)
FN:187,(anonymous_5)
FN:211,(anonymous_6)
FN:220,(anonymous_7)
FN:228,(anonymous_8)
FN:237,(anonymous_9)
FN:242,(anonymous_10)
FN:253,(anonymous_11)
FN:264,(anonymous_12)
FN:268,(anonymous_13)
FN:272,(anonymous_14)
FN:283,(anonymous_15)
FN:294,(anonymous_16)
FN:316,(anonymous_17)
FN:323,(anonymous_18)
FN:336,(anonymous_19)
FN:350,(anonymous_20)
FN:372,(anonymous_21)
FN:391,(anonymous_22)
FN:400,(anonymous_23)
FNF:24
FNH:0
FNDA:0,(anonymous_0)
FNDA:0,(anonymous_1)
FNDA:0,(anonymous_2)
FNDA:0,(anonymous_3)
FNDA:0,(anonymous_4)
FNDA:0,(anonymous_5)
FNDA:0,(anonymous_6)
FNDA:0,(anonymous_7)
FNDA:0,(anonymous_8)
FNDA:0,(anonymous_9)
FNDA:0,(anonymous_10)
FNDA:0,(anonymous_11)
FNDA:0,(anonymous_12)
FNDA:0,(anonymous_13)
FNDA:0,(anonymous_14)
FNDA:0,(anonymous_15)
FNDA:0,(anonymous_16)
FNDA:0,(anonymous_17)
FNDA:0,(anonymous_18)
FNDA:0,(anonymous_19)
FNDA:0,(anonymous_20)
FNDA:0,(anonymous_21)
FNDA:0,(anonymous_22)
FNDA:0,(anonymous_23)
DA:11,0
DA:12,0
DA:13,0
DA:16,0
DA:26,0
DA:36,0
DA:54,0
DA:55,0
DA:63,0
DA:65,0
DA:68,0
DA:71,0
DA:72,0
DA:76,0
DA:77,0
DA:78,0
DA:79,0
DA:85,0
DA:86,0
DA:87,0
DA:88,0
DA:94,0
DA:95,0
DA:96,0
DA:101,0
DA:102,0
DA:108,0
DA:116,0
DA:123,0
DA:124,0
DA:126,0
DA:127,0
DA:130,0
DA:132,0
DA:140,0
DA:141,0
DA:144,0
DA:146,0
DA:147,0
DA:151,0
DA:152,0
DA:155,0
DA:157,0
DA:165,0
DA:166,0
DA:169,0
DA:172,0
DA:174,0
DA:175,0
DA:178,0
DA:180,0
DA:188,0
DA:189,0
DA:195,0
DA:198,0
DA:199,0
DA:202,0
DA:204,0
DA:212,0
DA:213,0
DA:216,0
DA:217,0
DA:218,0
DA:220,0
DA:223,0
DA:224,0
DA:225,0
DA:226,0
DA:228,0
DA:231,0
DA:238,0
DA:242,0
DA:254,0
DA:255,0
DA:256,0
DA:258,0
DA:264,0
DA:268,0
DA:273,0
DA:274,0
DA:275,0
DA:277,0
DA:284,0
DA:285,0
DA:286,0
DA:288,0
DA:295,0
DA:296,0
DA:297,0
DA:299,0
DA:316,0
DA:328,0
DA:329,0
DA:331,0
DA:332,0
DA:334,0
DA:336,0
DA:340,0
DA:351,0
DA:353,0
DA:355,0
DA:357,0
DA:358,0
DA:359,0
DA:360,0
DA:361,0
DA:363,0
DA:364,0
DA:365,0
DA:366,0
DA:367,0
DA:368,0
DA:369,0
DA:370,0
DA:372,0
DA:373,0
DA:377,0
DA:378,0
DA:379,0
DA:381,0
DA:385,0
DA:393,0
DA:394,0
DA:395,0
DA:400,0
DA:401,0
DA:402,0
DA:404,0
DA:407,0
DA:412,0
LF:130
LH:0
BRDA:48,0,0,0
BRDA:54,1,0,0
BRDA:59,2,0,0
BRDA:60,3,0,0
BRDA:61,4,0,0
BRDA:62,5,0,0
BRDA:71,6,0,0
BRDA:76,7,0,0
BRDA:78,8,0,0
BRDA:85,9,0,0
BRDA:87,10,0,0
BRDA:95,11,0,0
BRDA:101,12,0,0
BRDA:101,12,1,0
BRDA:126,13,0,0
BRDA:146,14,0,0
BRDA:151,15,0,0
BRDA:174,16,0,0
BRDA:198,17,0,0
BRDA:211,18,0,0
BRDA:212,19,0,0
BRDA:216,20,0,0
BRDA:217,21,0,0
BRDA:223,22,0,0
BRDA:223,23,0,0
BRDA:223,23,1,0
BRDA:225,24,0,0
BRDA:331,25,0,0
BRDA:331,25,1,0
BRDA:357,26,0,0
BRDA:357,26,1,0
BRDA:359,27,0,0
BRDA:359,27,1,0
BRDA:360,28,0,0
BRDA:360,29,0,0
BRDA:360,29,1,0
BRDA:364,30,0,0
BRDA:364,30,1,0
BRDA:366,31,0,0
BRDA:366,31,1,0
BRDA:366,32,0,0
BRDA:366,32,1,0
BRDA:368,33,0,0
BRDA:368,33,1,0
BRDA:369,34,0,0
BRDA:373,35,0,0
BRDA:373,35,1,0
BRDA:378,36,0,0
BRDA:394,37,0,0
BRDA:401,38,0,0
BRF:50
BRH:0
end_of_record
TN:
SF:server\features\alert-preferences\application\commands\create-alert-preference-command.ts
FN:12,(anonymous_0)
FN:28,(anonymous_1)
FN:40,(anonymous_2)
FN:56,(anonymous_3)
FN:66,(anonymous_4)
FN:79,(anonymous_5)
FN:93,(anonymous_6)
FN:105,(anonymous_7)
FN:117,(anonymous_8)
FNF:9
FNH:0
FNDA:0,(anonymous_0)
FNDA:0,(anonymous_1)
FNDA:0,(anonymous_2)
FNDA:0,(anonymous_3)
FNDA:0,(anonymous_4)
FNDA:0,(anonymous_5)
FNDA:0,(anonymous_6)
FNDA:0,(anonymous_7)
FNDA:0,(anonymous_8)
DA:13,0
DA:14,0
DA:15,0
DA:16,0
DA:17,0
DA:18,0
DA:19,0
DA:20,0
DA:29,0
DA:30,0
DA:31,0
DA:32,0
DA:41,0
DA:42,0
DA:43,0
DA:44,0
DA:45,0
DA:46,0
DA:47,0
DA:48,0
DA:57,0
DA:58,0
DA:67,0
DA:68,0
DA:69,0
DA:70,0
DA:71,0
DA:80,0
DA:81,0
DA:82,0
DA:83,0
DA:84,0
DA:85,0
DA:94,0
DA:95,0
DA:96,0
DA:97,0
DA:106,0
DA:107,0
DA:108,0
DA:109,0
DA:118,0
DA:119,0
DA:120,0
DA:121,0
DA:122,0
DA:123,0
DA:124,0
LF:48
LH:0
BRDA:85,0,0,0
BRF:1
BRH:0
end_of_record
TN:
SF:server\features\alert-preferences\application\use-cases\create-alert-preference-use-case.ts
FN:16,(anonymous_0)
FN:23,(anonymous_1)
FN:25,(anonymous_2)
FN:26,(anonymous_3)
FN:51,(anonymous_4)
FN:60,(anonymous_5)
FN:76,(anonymous_6)
FN:99,(anonymous_7)
FN:108,(anonymous_8)
FN:120,(anonymous_9)
FNF:10
FNH:0
FNDA:0,(anonymous_0)
FNDA:0,(anonymous_1)
FNDA:0,(anonymous_2)
FNDA:0,(anonymous_3)
FNDA:0,(anonymous_4)
FNDA:0,(anonymous_5)
FNDA:0,(anonymous_6)
FNDA:0,(anonymous_7)
FNDA:0,(anonymous_8)
FNDA:0,(anonymous_9)
DA:17,0
DA:25,0
DA:26,0
DA:27,0
DA:28,0
DA:31,0
DA:46,0
DA:48,0
DA:52,0
DA:61,0
DA:77,0
DA:78,0
DA:80,0
DA:89,0
DA:96,0
DA:100,0
DA:109,0
DA:121,0
LF:18
LH:0
BRDA:56,0,0,0
BRDA:56,0,1,0
BRDA:68,1,0,0
BRDA:68,1,1,0
BRDA:89,2,0,0
BRDA:89,2,1,0
BRF:6
BRH:0
end_of_record
TN:
SF:server\features\alert-preferences\domain\entities\alert-delivery-log.ts
FN:10,(anonymous_0)
FN:27,(anonymous_1)
FN:56,(anonymous_2)
FN:63,(anonymous_3)
FN:70,(anonymous_4)
FN:77,(anonymous_5)
FN:84,(anonymous_6)
FN:108,(anonymous_7)
FN:131,(anonymous_8)
FN:138,(anonymous_9)
FN:139,(anonymous_10)
FN:145,(anonymous_11)
FN:152,(anonymous_12)
FN:161,(anonymous_13)
FN:168,(anonymous_14)
FN:182,(anonymous_15)
FN:200,(anonymous_16)
FNF:17
FNH:0
FNDA:0,(anonymous_0)
FNDA:0,(anonymous_1)
FNDA:0,(anonymous_2)
FNDA:0,(anonymous_3)
FNDA:0,(anonymous_4)
FNDA:0,(anonymous_5)
FNDA:0,(anonymous_6)
FNDA:0,(anonymous_7)
FNDA:0,(anonymous_8)
FNDA:0,(anonymous_9)
FNDA:0,(anonymous_10)
FNDA:0,(anonymous_11)
FNDA:0,(anonymous_12)
FNDA:0,(anonymous_13)
FNDA:0,(anonymous_14)
FNDA:0,(anonymous_15)
FNDA:0,(anonymous_16)
DA:11,0
DA:12,0
DA:13,0
DA:14,0
DA:15,0
DA:16,0
DA:17,0
DA:18,0
DA:19,0
DA:20,0
DA:21,0
DA:22,0
DA:24,0
DA:28,0
DA:29,0
DA:32,0
DA:33,0
DA:36,0
DA:37,0
DA:40,0
DA:41,0
DA:44,0
DA:45,0
DA:48,0
DA:49,0
DA:57,0
DA:64,0
DA:71,0
DA:78,0
DA:85,0
DA:86,0
DA:87,0
DA:89,0
DA:109,0
DA:132,0
DA:139,0
DA:146,0
DA:153,0
DA:162,0
DA:169,0
DA:183,0
DA:184,0
DA:187,0
DA:188,0
DA:189,0
DA:193,0
DA:200,0
DA:201,0
DA:202,0
DA:203,0
DA:204,0
DA:205,0
LF:52
LH:0
BRDA:28,0,0,0
BRDA:28,1,0,0
BRDA:28,1,1,0
BRDA:32,2,0,0
BRDA:32,3,0,0
BRDA:32,3,1,0
BRDA:36,4,0,0
BRDA:36,5,0,0
BRDA:36,5,1,0
BRDA:40,6,0,0
BRDA:44,7,0,0
BRDA:44,8,0,0
BRDA:44,8,1,0
BRDA:48,9,0,0
BRDA:57,10,0,0
BRDA:57,10,1,0
BRDA:86,11,0,0
BRDA:86,11,1,0
BRDA:87,12,0,0
BRDA:87,12,1,0
BRDA:101,13,0,0
BRDA:101,13,1,0
BRDA:153,14,0,0
BRDA:153,14,1,0
BRDA:170,15,0,0
BRDA:170,15,1,0
BRDA:170,15,2,0
BRDA:170,15,3,0
BRDA:170,15,4,0
BRDA:170,15,5,0
BRDA:170,15,6,0
BRDA:170,15,7,0
BRDA:170,15,8,0
BRDA:183,16,0,0
BRDA:188,17,0,0
BRDA:200,18,0,0
BRDA:200,18,1,0
BRF:37
BRH:0
end_of_record
TN:
SF:server\features\alert-preferences\domain\entities\alert-preference.ts
FN:13,(anonymous_0)
FN:29,(anonymous_1)
FN:51,(anonymous_2)
FN:60,(anonymous_3)
FN:65,(anonymous_4)
FN:81,(anonymous_5)
FN:82,(anonymous_6)
FN:89,(anonymous_7)
FN:90,(anonymous_8)
FN:96,(anonymous_9)
FN:97,(anonymous_10)
FN:103,(anonymous_11)
FN:122,(anonymous_12)
FN:136,(anonymous_13)
FN:156,(anonymous_14)
FN:162,(anonymous_15)
FNF:16
FNH:0
FNDA:0,(anonymous_0)
FNDA:0,(anonymous_1)
FNDA:0,(anonymous_2)
FNDA:0,(anonymous_3)
FNDA:0,(anonymous_4)
FNDA:0,(anonymous_5)
FNDA:0,(anonymous_6)
FNDA:0,(anonymous_7)
FNDA:0,(anonymous_8)
FNDA:0,(anonymous_9)
FNDA:0,(anonymous_10)
FNDA:0,(anonymous_11)
FNDA:0,(anonymous_12)
FNDA:0,(anonymous_13)
FNDA:0,(anonymous_14)
FNDA:0,(anonymous_15)
DA:14,0
DA:15,0
DA:16,0
DA:17,0
DA:18,0
DA:19,0
DA:20,0
DA:21,0
DA:22,0
DA:23,0
DA:24,0
DA:26,0
DA:30,0
DA:31,0
DA:34,0
DA:35,0
DA:38,0
DA:39,0
DA:42,0
DA:43,0
DA:46,0
DA:47,0
DA:51,0
DA:52,0
DA:53,0
DA:61,0
DA:62,0
DA:65,0
DA:66,0
DA:67,0
DA:71,0
DA:72,0
DA:75,0
DA:82,0
DA:83,0
DA:90,0
DA:97,0
DA:104,0
DA:123,0
DA:137,0
DA:138,0
DA:141,0
DA:142,0
DA:143,0
DA:145,0
DA:149,0
DA:153,0
DA:157,0
DA:158,0
DA:159,0
DA:163,0
DA:164,0
DA:167,0
DA:168,0
DA:169,0
DA:173,0
LF:56
LH:0
BRDA:30,0,0,0
BRDA:30,1,0,0
BRDA:30,1,1,0
BRDA:34,2,0,0
BRDA:34,3,0,0
BRDA:34,3,1,0
BRDA:38,4,0,0
BRDA:38,5,0,0
BRDA:38,5,1,0
BRDA:42,6,0,0
BRDA:46,7,0,0
BRDA:52,8,0,0
BRDA:61,9,0,0
BRDA:66,10,0,0
BRDA:66,11,0,0
BRDA:66,11,1,0
BRDA:71,12,0,0
BRDA:71,13,0,0
BRDA:71,13,1,0
BRDA:83,14,0,0
BRDA:83,14,1,0
BRDA:97,15,0,0
BRDA:97,15,1,0
BRDA:107,16,0,0
BRDA:107,16,1,0
BRDA:108,17,0,0
BRDA:108,17,1,0
BRDA:109,18,0,0
BRDA:109,18,1,0
BRDA:110,19,0,0
BRDA:110,19,1,0
BRDA:111,20,0,0
BRDA:111,20,1,0
BRDA:112,21,0,0
BRDA:112,21,1,0
BRDA:115,22,0,0
BRDA:115,22,1,0
BRDA:124,23,0,0
BRDA:124,23,1,0
BRDA:124,23,2,0
BRDA:124,23,3,0
BRDA:124,23,4,0
BRDA:124,23,5,0
BRDA:124,23,6,0
BRDA:124,23,7,0
BRDA:124,23,8,0
BRDA:137,24,0,0
BRDA:145,25,0,0
BRDA:145,26,0,0
BRDA:145,26,1,0
BRDA:145,26,2,0
BRDA:145,26,3,0
BRDA:157,27,0,0
BRDA:158,28,0,0
BRDA:158,29,0,0
BRDA:158,29,1,0
BRDA:163,30,0,0
BRDA:168,31,0,0
BRF:58
BRH:0
end_of_record
TN:
SF:server\features\alert-preferences\domain\services\alert-delivery-service.ts
FN:12,(anonymous_0)
FN:21,(anonymous_1)
FN:47,(anonymous_2)
FN:62,(anonymous_3)
FN:112,(anonymous_4)
FN:119,(anonymous_5)
FN:141,(anonymous_6)
FN:159,(anonymous_7)
FN:191,(anonymous_8)
FN:204,(anonymous_9)
FN:210,(anonymous_10)
FN:238,(anonymous_11)
FN:268,(anonymous_12)
FN:305,(anonymous_13)
FN:309,(anonymous_14)
FN:321,(anonymous_15)
FN:325,(anonymous_16)
FNF:17
FNH:0
FNDA:0,(anonymous_0)
FNDA:0,(anonymous_1)
FNDA:0,(anonymous_2)
FNDA:0,(anonymous_3)
FNDA:0,(anonymous_4)
FNDA:0,(anonymous_5)
FNDA:0,(anonymous_6)
FNDA:0,(anonymous_7)
FNDA:0,(anonymous_8)
FNDA:0,(anonymous_9)
FNDA:0,(anonymous_10)
FNDA:0,(anonymous_11)
FNDA:0,(anonymous_12)
FNDA:0,(anonymous_13)
FNDA:0,(anonymous_14)
FNDA:0,(anonymous_15)
FNDA:0,(anonymous_16)
DA:13,0
DA:14,0
DA:15,0
DA:28,0
DA:30,0
DA:31,0
DA:38,0
DA:41,0
DA:54,0
DA:57,0
DA:58,0
DA:62,0
DA:63,0
DA:64,0
DA:68,0
DA:69,0
DA:73,0
DA:80,0
DA:82,0
DA:90,0
DA:91,0
DA:92,0
DA:96,0
DA:99,0
DA:101,0
DA:102,0
DA:106,0
DA:108,0
DA:112,0
DA:115,0
DA:119,0
DA:125,0
DA:126,0
DA:129,0
DA:137,0
DA:141,0
DA:149,0
DA:150,0
DA:153,0
DA:166,0
DA:167,0
DA:169,0
DA:179,0
DA:181,0
DA:198,0
DA:207,0
DA:218,0
DA:248,0
DA:280,0
DA:281,0
DA:283,0
DA:306,0
DA:310,0
DA:318,0
DA:322,0
DA:326,0
DA:334,0
LF:57
LH:0
BRDA:26,0,0,0
BRDA:57,1,0,0
BRDA:63,2,0,0
BRDA:63,3,0,0
BRDA:63,3,1,0
BRDA:68,4,0,0
BRDA:68,5,0,0
BRDA:68,5,1,0
BRDA:80,6,0,0
BRDA:96,7,0,0
BRDA:96,7,1,0
BRDA:101,8,0,0
BRDA:106,9,0,0
BRDA:106,9,1,0
BRDA:106,10,0,0
BRDA:106,10,1,0
BRDA:172,11,0,0
BRDA:172,11,1,0
BRDA:173,12,0,0
BRDA:173,12,1,0
BRDA:173,12,2,0
BRDA:183,13,0,0
BRDA:183,13,1,0
BRDA:280,14,0,0
BRDA:280,14,1,0
BRDA:281,15,0,0
BRDA:281,15,1,0
BRDA:290,16,0,0
BRDA:290,16,1,0
BRDA:318,17,0,0
BRDA:318,17,1,0
BRDA:334,18,0,0
BRDA:334,18,1,0
BRF:33
BRH:0
end_of_record
TN:
SF:server\features\alert-preferences\domain\services\smart-filtering-service.ts
FN:13,(anonymous_0)
FN:90,(anonymous_1)
FN:106,(anonymous_2)
FN:117,(anonymous_3)
FN:136,(anonymous_4)
FN:148,(anonymous_5)
FN:169,(anonymous_6)
FN:182,(anonymous_7)
FN:192,(anonymous_8)
FN:206,(anonymous_9)
FN:211,(anonymous_10)
FN:223,(anonymous_11)
FN:228,(anonymous_12)
FN:233,(anonymous_13)
FNF:14
FNH:0
FNDA:0,(anonymous_0)
FNDA:0,(anonymous_1)
FNDA:0,(anonymous_2)
FNDA:0,(anonymous_3)
FNDA:0,(anonymous_4)
FNDA:0,(anonymous_5)
FNDA:0,(anonymous_6)
FNDA:0,(anonymous_7)
FNDA:0,(anonymous_8)
FNDA:0,(anonymous_9)
FNDA:0,(anonymous_10)
FNDA:0,(anonymous_11)
FNDA:0,(anonymous_12)
FNDA:0,(anonymous_13)
DA:19,0
DA:20,0
DA:27,0
DA:30,0
DA:33,0
DA:36,0
DA:43,0
DA:44,0
DA:45,0
DA:46,0
DA:55,0
DA:56,0
DA:57,0
DA:58,0
DA:67,0
DA:71,0
DA:72,0
DA:73,0
DA:74,0
DA:75,0
DA:76,0
DA:79,0
DA:91,0
DA:94,0
DA:96,0
DA:97,0
DA:100,0
DA:101,0
DA:104,0
DA:105,0
DA:106,0
DA:107,0
DA:109,0
DA:114,0
DA:115,0
DA:116,0
DA:117,0
DA:118,0
DA:121,0
DA:126,0
DA:128,0
DA:129,0
DA:137,0
DA:140,0
DA:142,0
DA:143,0
DA:146,0
DA:147,0
DA:148,0
DA:151,0
DA:152,0
DA:159,0
DA:161,0
DA:162,0
DA:171,0
DA:173,0
DA:176,0
DA:187,0
DA:190,0
DA:192,0
DA:193,0
DA:198,0
DA:199,0
DA:207,0
DA:208,0
DA:211,0
DA:212,0
DA:215,0
DA:217,0
DA:218,0
DA:225,0
DA:230,0
DA:235,0
LF:73
LH:0
BRDA:19,0,0,0
BRDA:43,1,0,0
BRDA:45,2,0,0
BRDA:55,3,0,0
BRDA:57,4,0,0
BRDA:71,5,0,0
BRDA:71,5,1,0
BRDA:73,6,0,0
BRDA:73,6,1,0
BRDA:75,7,0,0
BRDA:81,8,0,0
BRDA:81,8,1,0
BRDA:96,9,0,0
BRDA:104,10,0,0
BRDA:106,11,0,0
BRDA:114,12,0,0
BRDA:114,13,0,0
BRDA:114,13,1,0
BRDA:117,14,0,0
BRDA:118,15,0,0
BRDA:118,15,1,0
BRDA:126,16,0,0
BRDA:126,16,1,0
BRDA:142,17,0,0
BRDA:146,18,0,0
BRDA:151,19,0,0
BRDA:171,20,0,0
BRDA:171,21,0,0
BRDA:171,21,1,0
BRDA:193,22,0,0
BRDA:193,22,1,0
BRDA:193,22,2,0
BRF:32
BRH:0
end_of_record
TN:
SF:server\features\alert-preferences\domain\value-objects\alert-channel.ts
FN:9,(anonymous_0)
FN:19,(anonymous_1)
FN:29,(anonymous_2)
FN:38,(anonymous_3)
FN:46,(anonymous_4)
FN:64,(anonymous_5)
FN:92,(anonymous_6)
FNF:7
FNH:0
FNDA:0,(anonymous_0)
FNDA:0,(anonymous_1)
FNDA:0,(anonymous_2)
FNDA:0,(anonymous_3)
FNDA:0,(anonymous_4)
FNDA:0,(anonymous_5)
FNDA:0,(anonymous_6)
DA:10,0
DA:11,0
DA:12,0
DA:13,0
DA:14,0
DA:16,0
DA:20,0
DA:21,0
DA:24,0
DA:25,0
DA:30,0
DA:31,0
DA:33,0
DA:34,0
DA:39,0
DA:40,0
DA:41,0
DA:43,0
DA:47,0
DA:48,0
DA:51,0
DA:52,0
DA:53,0
DA:54,0
DA:57,0
DA:58,0
DA:60,0
DA:65,0
DA:66,0
DA:70,0
DA:71,0
DA:75,0
DA:76,0
DA:80,0
DA:81,0
DA:85,0
DA:86,0
DA:89,0
DA:93,0
LF:39
LH:0
BRDA:20,0,0,0
BRDA:20,1,0,0
BRDA:20,1,1,0
BRDA:24,2,0,0
BRDA:33,3,0,0
BRDA:40,4,0,0
BRDA:40,5,0,0
BRDA:40,5,1,0
BRDA:40,5,2,0
BRDA:40,5,3,0
BRDA:40,5,4,0
BRDA:40,5,5,0
BRDA:47,6,0,0
BRDA:47,7,0,0
BRDA:47,7,1,0
BRDA:51,8,0,0
BRDA:51,8,1,0
BRDA:57,9,0,0
BRDA:57,9,1,0
BRDA:58,10,0,0
BRDA:58,10,1,0
BRDA:60,11,0,0
BRDA:60,11,1,0
BRDA:65,12,0,0
BRDA:70,13,0,0
BRDA:75,14,0,0
BRDA:75,15,0,0
BRDA:75,15,1,0
BRDA:80,16,0,0
BRDA:80,17,0,0
BRDA:80,17,1,0
BRDA:85,18,0,0
BRDA:94,19,0,0
BRDA:94,19,1,0
BRDA:94,19,2,0
BRDA:94,19,3,0
BRDA:94,19,4,0
BRF:37
BRH:0
end_of_record
TN:
SF:server\features\alert-preferences\domain\value-objects\alert-conditions.ts
FN:6,(anonymous_0)
FN:19,(anonymous_1)
FN:37,(anonymous_2)
FN:50,(anonymous_3)
FN:55,(anonymous_4)
FN:60,(anonymous_5)
FN:67,(anonymous_6)
FN:74,(anonymous_7)
FN:81,(anonymous_8)
FN:91,(anonymous_9)
FN:96,(anonymous_10)
FN:103,(anonymous_11)
FN:110,(anonymous_12)
FN:123,(anonymous_13)
FN:137,(anonymous_14)
FN:150,(anonymous_15)
FNF:16
FNH:0
FNDA:0,(anonymous_0)
FNDA:0,(anonymous_1)
FNDA:0,(anonymous_2)
FNDA:0,(anonymous_3)
FNDA:0,(anonymous_4)
FNDA:0,(anonymous_5)
FNDA:0,(anonymous_6)
FNDA:0,(anonymous_7)
FNDA:0,(anonymous_8)
FNDA:0,(anonymous_9)
FNDA:0,(anonymous_10)
FNDA:0,(anonymous_11)
FNDA:0,(anonymous_12)
FNDA:0,(anonymous_13)
FNDA:0,(anonymous_14)
FNDA:0,(anonymous_15)
DA:7,0
DA:8,0
DA:9,0
DA:10,0
DA:11,0
DA:12,0
DA:13,0
DA:14,0
DA:16,0
DA:20,0
DA:21,0
DA:24,0
DA:25,0
DA:26,0
DA:27,0
DA:32,0
DA:33,0
DA:38,0
DA:39,0
DA:42,0
DA:43,0
DA:45,0
DA:46,0
DA:51,0
DA:52,0
DA:56,0
DA:57,0
DA:61,0
DA:62,0
DA:64,0
DA:68,0
DA:69,0
DA:71,0
DA:75,0
DA:76,0
DA:78,0
DA:82,0
DA:83,0
DA:86,0
DA:87,0
DA:90,0
DA:91,0
DA:92,0
DA:97,0
DA:98,0
DA:100,0
DA:104,0
DA:105,0
DA:107,0
DA:111,0
DA:112,0
DA:115,0
DA:116,0
DA:117,0
DA:118,0
DA:120,0
DA:124,0
DA:125,0
DA:128,0
DA:129,0
DA:131,0
DA:138,0
DA:151,0
LF:63
LH:0
BRDA:20,0,0,0
BRDA:20,1,0,0
BRDA:20,1,1,0
BRDA:24,2,0,0
BRDA:26,3,0,0
BRDA:26,4,0,0
BRDA:26,4,1,0
BRDA:32,5,0,0
BRDA:38,6,0,0
BRDA:38,7,0,0
BRDA:38,7,1,0
BRDA:45,8,0,0
BRDA:61,9,0,0
BRDA:61,10,0,0
BRDA:61,10,1,0
BRDA:64,11,0,0
BRDA:64,11,1,0
BRDA:68,12,0,0
BRDA:68,13,0,0
BRDA:68,13,1,0
BRDA:71,14,0,0
BRDA:71,14,1,0
BRDA:75,15,0,0
BRDA:75,16,0,0
BRDA:75,16,1,0
BRDA:78,17,0,0
BRDA:78,17,1,0
BRDA:82,18,0,0
BRDA:82,19,0,0
BRDA:82,19,1,0
BRDA:86,20,0,0
BRDA:97,21,0,0
BRDA:100,22,0,0
BRDA:100,22,1,0
BRDA:104,23,0,0
BRDA:104,24,0,0
BRDA:104,24,1,0
BRDA:107,25,0,0
BRDA:107,25,1,0
BRDA:111,26,0,0
BRDA:115,27,0,0
BRDA:115,27,1,0
BRDA:120,28,0,0
BRDA:120,28,1,0
BRDA:124,29,0,0
BRDA:124,30,0,0
BRDA:124,30,1,0
BRDA:128,31,0,0
BRDA:128,31,1,0
BRDA:139,32,0,0
BRDA:139,32,1,0
BRDA:139,32,2,0
BRDA:139,32,3,0
BRDA:139,32,4,0
BRDA:139,32,5,0
BRDA:139,32,6,0
BRDA:139,32,7,0
BRDA:142,33,0,0
BRDA:142,33,1,0
BRDA:142,33,2,0
BRDA:152,34,0,0
BRDA:152,34,1,0
BRDA:152,34,2,0
BRDA:152,34,3,0
BRDA:152,34,4,0
BRDA:152,34,5,0
BRDA:152,34,6,0
BRDA:152,34,7,0
BRF:68
BRH:0
end_of_record
TN:
SF:server\features\alert-preferences\domain\value-objects\alert-type.ts
FN:6,(anonymous_0)
FN:15,(anonymous_1)
FN:34,(anonymous_2)
FN:38,(anonymous_3)
FN:42,(anonymous_4)
FNF:5
FNH:0
FNDA:0,(anonymous_0)
FNDA:0,(anonymous_1)
FNDA:0,(anonymous_2)
FNDA:0,(anonymous_3)
FNDA:0,(anonymous_4)
DA:6,0
DA:8,0
DA:9,0
DA:10,0
DA:11,0
DA:12,0
DA:13,0
DA:16,0
DA:18,0
DA:20,0
DA:22,0
DA:24,0
DA:26,0
DA:28,0
DA:30,0
DA:35,0
DA:39,0
DA:43,0
DA:45,0
DA:49,0
DA:52,0
DA:54,0
LF:22
LH:0
BRDA:16,0,0,0
BRDA:16,0,1,0
BRDA:16,0,2,0
BRDA:16,0,3,0
BRDA:16,0,4,0
BRDA:16,0,5,0
BRDA:16,0,6,0
BRDA:43,1,0,0
BRDA:43,1,1,0
BRDA:43,1,2,0
BRDA:43,1,3,0
BRDA:43,1,4,0
BRDA:43,1,5,0
BRDA:43,1,6,0
BRF:14
BRH:0
end_of_record
TN:
SF:server\features\alert-preferences\domain\value-objects\channel-type.ts
FN:6,(anonymous_0)
FN:14,(anonymous_1)
FN:31,(anonymous_2)
FN:35,(anonymous_3)
FN:39,(anonymous_4)
FN:43,(anonymous_5)
FNF:6
FNH:0
FNDA:0,(anonymous_0)
FNDA:0,(anonymous_1)
FNDA:0,(anonymous_2)
FNDA:0,(anonymous_3)
FNDA:0,(anonymous_4)
FNDA:0,(anonymous_5)
DA:6,0
DA:8,0
DA:9,0
DA:10,0
DA:11,0
DA:12,0
DA:15,0
DA:17,0
DA:19,0
DA:21,0
DA:23,0
DA:25,0
DA:27,0
DA:32,0
DA:36,0
DA:40,0
DA:44,0
LF:17
LH:0
BRDA:15,0,0,0
BRDA:15,0,1,0
BRDA:15,0,2,0
BRDA:15,0,3,0
BRDA:15,0,4,0
BRDA:15,0,5,0
BRF:6
BRH:0
end_of_record
TN:
SF:server\features\alert-preferences\domain\value-objects\frequency-config.ts
FN:6,(anonymous_0)
FN:15,(anonymous_1)
FN:31,(anonymous_2)
FN:36,(anonymous_3)
FN:40,(anonymous_4)
FN:44,(anonymous_5)
FN:48,(anonymous_6)
FN:60,(anonymous_7)
FNF:8
FNH:0
FNDA:0,(anonymous_0)
FNDA:0,(anonymous_1)
FNDA:0,(anonymous_2)
FNDA:0,(anonymous_3)
FNDA:0,(anonymous_4)
FNDA:0,(anonymous_5)
FNDA:0,(anonymous_6)
FNDA:0,(anonymous_7)
DA:7,0
DA:8,0
DA:9,0
DA:10,0
DA:12,0
DA:16,0
DA:17,0
DA:18,0
DA:21,0
DA:22,0
DA:25,0
DA:26,0
DA:32,0
DA:33,0
DA:37,0
DA:41,0
DA:45,0
DA:49,0
DA:50,0
DA:53,0
DA:61,0
LF:21
LH:0
BRDA:16,0,0,0
BRDA:17,1,0,0
BRDA:21,2,0,0
BRDA:21,3,0,0
BRDA:21,3,1,0
BRDA:25,4,0,0
BRDA:25,5,0,0
BRDA:25,5,1,0
BRDA:25,5,2,0
BRDA:49,6,0,0
BRDA:62,7,0,0
BRDA:62,7,1,0
BRDA:62,7,2,0
BRDA:62,7,3,0
BRF:14
BRH:0
end_of_record
TN:
SF:server\features\alert-preferences\domain\value-objects\priority.ts
FN:6,(anonymous_0)
FN:13,(anonymous_1)
FN:28,(anonymous_2)
FN:32,(anonymous_3)
FN:36,(anonymous_4)
FN:41,(anonymous_5)
FNF:6
FNH:0
FNDA:0,(anonymous_0)
FNDA:0,(anonymous_1)
FNDA:0,(anonymous_2)
FNDA:0,(anonymous_3)
FNDA:0,(anonymous_4)
FNDA:0,(anonymous_5)
DA:6,0
DA:8,0
DA:9,0
DA:10,0
DA:11,0
DA:14,0
DA:16,0
DA:18,0
DA:20,0
DA:22,0
DA:24,0
DA:29,0
DA:33,0
DA:37,0
DA:38,0
DA:42,0
LF:16
LH:0
BRDA:14,0,0,0
BRDA:14,0,1,0
BRDA:14,0,2,0
BRDA:14,0,3,0
BRDA:14,0,4,0
BRDA:42,1,0,0
BRDA:42,1,1,0
BRF:7
BRH:0
end_of_record
TN:
SF:server\features\alert-preferences\domain\value-objects\smart-filtering-config.ts
FN:6,(anonymous_0)
FN:18,(anonymous_1)
FN:41,(anonymous_2)
FN:58,(anonymous_3)
FN:62,(anonymous_4)
FNF:5
FNH:0
FNDA:0,(anonymous_0)
FNDA:0,(anonymous_1)
FNDA:0,(anonymous_2)
FNDA:0,(anonymous_3)
FNDA:0,(anonymous_4)
DA:7,0
DA:8,0
DA:9,0
DA:10,0
DA:11,0
DA:12,0
DA:13,0
DA:15,0
DA:19,0
DA:20,0
DA:23,0
DA:24,0
DA:27,0
DA:28,0
DA:31,0
DA:32,0
DA:33,0
DA:36,0
DA:37,0
DA:46,0
DA:47,0
DA:51,0
DA:55,0
DA:59,0
DA:63,0
LF:25
LH:0
BRDA:19,0,0,0
BRDA:19,1,0,0
BRDA:19,1,1,0
BRDA:23,2,0,0
BRDA:23,3,0,0
BRDA:23,3,1,0
BRDA:27,4,0,0
BRDA:27,5,0,0
BRDA:27,5,1,0
BRDA:32,6,0,0
BRDA:36,7,0,0
BRDA:36,8,0,0
BRDA:36,8,1,0
BRDA:46,9,0,0
BRDA:64,10,0,0
BRDA:64,10,1,0
BRDA:64,10,2,0
BRDA:64,10,3,0
BRDA:64,10,4,0
BRDA:64,10,5,0
BRDA:64,10,6,0
BRF:21
BRH:0
end_of_record
TN:
SF:server\features\analysis\domain\entities\analysis-result.ts
FN:101,(anonymous_0)
FNF:1
FNH:0
FNDA:0,(anonymous_0)
DA:102,0
DA:103,0
DA:104,0
DA:105,0
DA:106,0
DA:107,0
DA:108,0
DA:109,0
DA:110,0
DA:111,0
DA:113,0
DA:114,0
LF:12
LH:0
BRDA:113,0,0,0
BRDA:114,1,0,0
BRF:2
BRH:0
end_of_record
TN:
SF:server\features\analytics\swagger.ts
FN:186,(anonymous_0)
FNF:1
FNH:0
FNDA:0,(anonymous_0)
DA:7,0
DA:170,0
DA:175,0
DA:188,0
DA:189,0
DA:190,0
DA:192,0
DA:200,0
DA:201,0
LF:9
LH:0
BRDA:189,0,0,0
BRF:1
BRH:0
end_of_record
TN:
SF:server\features\analytics\controllers\engagement.controller.ts
FN:10,(anonymous_0)
FN:11,(anonymous_1)
FN:12,(anonymous_2)
FN:13,(anonymous_3)
FN:27,(anonymous_4)
FN:118,(anonymous_5)
FN:126,(anonymous_6)
FN:127,(anonymous_7)
FN:188,(anonymous_8)
FN:201,(anonymous_9)
FN:209,(anonymous_10)
FN:216,(anonymous_11)
FN:231,(anonymous_12)
FN:249,(anonymous_13)
FN:269,(anonymous_14)
FN:282,(anonymous_15)
FN:306,(anonymous_16)
FN:318,(anonymous_17)
FN:333,(anonymous_18)
FN:344,(anonymous_19)
FN:367,(anonymous_20)
FN:372,(anonymous_21)
FNF:22
FNH:0
FNDA:0,(anonymous_0)
FNDA:0,(anonymous_1)
FNDA:0,(anonymous_2)
FNDA:0,(anonymous_3)
FNDA:0,(anonymous_4)
FNDA:0,(anonymous_5)
FNDA:0,(anonymous_6)
FNDA:0,(anonymous_7)
FNDA:0,(anonymous_8)
FNDA:0,(anonymous_9)
FNDA:0,(anonymous_10)
FNDA:0,(anonymous_11)
FNDA:0,(anonymous_12)
FNDA:0,(anonymous_13)
FNDA:0,(anonymous_14)
FNDA:0,(anonymous_15)
FNDA:0,(anonymous_16)
FNDA:0,(anonymous_17)
FNDA:0,(anonymous_18)
FNDA:0,(anonymous_19)
FNDA:0,(anonymous_20)
FNDA:0,(anonymous_21)
DA:6,0
DA:10,0
DA:11,0
DA:12,0
DA:13,0
DA:17,0
DA:25,0
DA:28,0
DA:29,0
DA:30,0
DA:119,0
DA:122,0
DA:124,0
DA:126,0
DA:127,0
DA:189,0
DA:192,0
DA:193,0
DA:195,0
DA:202,0
DA:214,0
DA:216,0
DA:224,0
DA:237,0
DA:250,0
DA:270,0
DA:293,0
DA:294,0
DA:298,0
DA:300,0
DA:301,0
DA:304,0
DA:307,0
DA:310,0
DA:319,0
DA:335,0
DA:345,0
DA:347,0
DA:349,0
DA:350,0
DA:356,0
DA:368,0
DA:369,0
DA:372,0
DA:381,0
LF:45
LH:0
BRDA:13,0,0,0
BRDA:13,0,1,0
BRDA:29,1,0,0
BRDA:193,2,0,0
BRDA:193,2,1,0
BRDA:214,3,0,0
BRDA:214,3,1,0
BRDA:239,4,0,0
BRDA:239,4,1,0
BRDA:293,5,0,0
BRDA:293,6,0,0
BRDA:293,6,1,0
BRDA:300,7,0,0
BRDA:300,7,1,0
BRDA:368,8,0,0
BRDA:368,8,1,0
BRF:16
BRH:0
end_of_record
TN:
SF:server\features\analytics\financial-disclosure\config.ts
FN:98,(anonymous_0)
FN:99,(anonymous_1)
FN:100,(anonymous_2)
FN:101,(anonymous_3)
FN:102,(anonymous_4)
FN:103,(anonymous_5)
FN:104,(anonymous_6)
FN:105,(anonymous_7)
FN:106,(anonymous_8)
FNF:9
FNH:0
FNDA:0,(anonymous_0)
FNDA:0,(anonymous_1)
FNDA:0,(anonymous_2)
FNDA:0,(anonymous_3)
FNDA:0,(anonymous_4)
FNDA:0,(anonymous_5)
FNDA:0,(anonymous_6)
FNDA:0,(anonymous_7)
FNDA:0,(anonymous_8)
DA:9,0
DA:25,0
DA:38,0
DA:58,0
DA:69,0
DA:94,0
DA:98,0
DA:99,0
DA:100,0
DA:101,0
DA:102,0
DA:103,0
DA:104,0
DA:105,0
DA:106,0
DA:125,0
DA:143,0
DA:167,0
DA:192,0
LF:19
LH:0
BRF:0
BRH:0
end_of_record
TN:
SF:server\features\bills\infrastructure\bill-storage.ts
FN:21,(anonymous_0)
FN:22,(anonymous_1)
FN:46,(anonymous_2)
FN:54,(anonymous_3)
FN:68,(anonymous_4)
FN:81,(anonymous_5)
FN:84,(anonymous_6)
FN:102,(anonymous_7)
FN:109,(anonymous_8)
FN:123,(anonymous_9)
FN:132,(anonymous_10)
FN:163,(anonymous_11)
FN:167,(anonymous_12)
FN:177,(anonymous_13)
FN:185,(anonymous_14)
FN:224,(anonymous_15)
FN:235,(anonymous_16)
FN:247,(anonymous_17)
FN:273,(anonymous_18)
FN:284,(anonymous_19)
FN:316,(anonymous_20)
FN:328,(anonymous_21)
FN:342,(anonymous_22)
FN:359,(anonymous_23)
FN:361,(anonymous_24)
FN:362,(anonymous_25)
FN:363,(anonymous_26)
FN:378,(anonymous_27)
FN:381,(anonymous_28)
FN:407,(anonymous_29)
FN:411,(anonymous_30)
FN:415,(anonymous_31)
FN:420,(anonymous_32)
FN:443,(anonymous_33)
FNF:34
FNH:0
FNDA:0,(anonymous_0)
FNDA:0,(anonymous_1)
FNDA:0,(anonymous_2)
FNDA:0,(anonymous_3)
FNDA:0,(anonymous_4)
FNDA:0,(anonymous_5)
FNDA:0,(anonymous_6)
FNDA:0,(anonymous_7)
FNDA:0,(anonymous_8)
FNDA:0,(anonymous_9)
FNDA:0,(anonymous_10)
FNDA:0,(anonymous_11)
FNDA:0,(anonymous_12)
FNDA:0,(anonymous_13)
FNDA:0,(anonymous_14)
FNDA:0,(anonymous_15)
FNDA:0,(anonymous_16)
FNDA:0,(anonymous_17)
FNDA:0,(anonymous_18)
FNDA:0,(anonymous_19)
FNDA:0,(anonymous_20)
FNDA:0,(anonymous_21)
FNDA:0,(anonymous_22)
FNDA:0,(anonymous_23)
FNDA:0,(anonymous_24)
FNDA:0,(anonymous_25)
FNDA:0,(anonymous_26)
FNDA:0,(anonymous_27)
FNDA:0,(anonymous_28)
FNDA:0,(anonymous_29)
FNDA:0,(anonymous_30)
FNDA:0,(anonymous_31)
FNDA:0,(anonymous_32)
FNDA:0,(anonymous_33)
DA:16,0
DA:19,0
DA:21,0
DA:22,0
DA:26,0
DA:47,0
DA:55,0
DA:56,0
DA:57,0
DA:59,0
DA:60,0
DA:69,0
DA:70,0
DA:72,0
DA:82,0
DA:85,0
DA:90,0
DA:103,0
DA:104,0
DA:107,0
DA:110,0
DA:111,0
DA:125,0
DA:126,0
DA:130,0
DA:132,0
DA:133,0
DA:148,0
DA:151,0
DA:153,0
DA:164,0
DA:168,0
DA:181,0
DA:182,0
DA:185,0
DA:187,0
DA:192,0
DA:193,0
DA:198,0
DA:202,0
DA:209,0
DA:214,0
DA:225,0
DA:226,0
DA:229,0
DA:230,0
DA:233,0
DA:235,0
DA:237,0
DA:242,0
DA:243,0
DA:247,0
DA:248,0
DA:251,0
DA:257,0
DA:263,0
DA:274,0
DA:275,0
DA:278,0
DA:279,0
DA:282,0
DA:284,0
DA:286,0
DA:293,0
DA:299,0
DA:306,0
DA:317,0
DA:318,0
DA:321,0
DA:322,0
DA:323,0
DA:326,0
DA:330,0
DA:337,0
DA:338,0
DA:342,0
DA:343,0
DA:360,0
DA:361,0
DA:362,0
DA:363,0
DA:365,0
DA:366,0
DA:369,0
DA:381,0
DA:382,0
DA:383,0
DA:385,0
DA:390,0
DA:391,0
DA:394,0
DA:396,0
DA:408,0
DA:410,0
DA:412,0
DA:413,0
DA:414,0
DA:415,0
DA:416,0
DA:419,0
DA:421,0
DA:425,0
DA:428,0
DA:448,0
DA:449,0
DA:450,0
DA:451,0
DA:454,0
DA:456,0
DA:457,0
DA:459,0
DA:466,0
DA:470,0
DA:472,0
DA:473,0
DA:474,0
DA:480,0
LF:117
LH:0
BRDA:46,0,0,0
BRDA:69,1,0,0
BRDA:103,2,0,0
BRDA:103,3,0,0
BRDA:103,3,1,0
BRDA:125,4,0,0
BRDA:130,5,0,0
BRDA:130,5,1,0
BRDA:139,6,0,0
BRDA:139,6,1,0
BRDA:140,7,0,0
BRDA:140,7,1,0
BRDA:181,8,0,0
BRDA:181,9,0,0
BRDA:181,9,1,0
BRDA:192,10,0,0
BRDA:198,11,0,0
BRDA:198,11,1,0
BRDA:225,12,0,0
BRDA:225,13,0,0
BRDA:225,13,1,0
BRDA:229,14,0,0
BRDA:229,15,0,0
BRDA:229,15,1,0
BRDA:242,16,0,0
BRDA:274,17,0,0
BRDA:274,18,0,0
BRDA:274,18,1,0
BRDA:278,19,0,0
BRDA:278,20,0,0
BRDA:278,20,1,0
BRDA:317,21,0,0
BRDA:317,22,0,0
BRDA:317,22,1,0
BRDA:322,23,0,0
BRDA:337,24,0,0
BRDA:365,25,0,0
BRDA:386,26,0,0
BRDA:386,26,1,0
BRDA:390,27,0,0
BRDA:408,28,0,0
BRDA:408,28,1,0
BRDA:413,29,0,0
BRDA:413,29,1,0
BRDA:446,30,0,0
BRDA:450,31,0,0
BRDA:450,32,0,0
BRDA:450,32,1,0
BRDA:456,33,0,0
BRDA:456,34,0,0
BRDA:456,34,1,0
BRF:51
BRH:0
end_of_record
TN:
SF:server\features\coverage\coverage-analyzer.ts
FN:43,(anonymous_0)
FN:51,(anonymous_1)
FN:64,(anonymous_2)
FN:77,(anonymous_3)
FN:90,(anonymous_4)
FN:133,(anonymous_5)
FN:136,(anonymous_6)
FN:157,(anonymous_7)
FN:188,(anonymous_8)
FN:200,(anonymous_9)
FN:203,(anonymous_10)
FN:213,(anonymous_11)
FN:216,(anonymous_12)
FN:219,(anonymous_13)
FN:230,(anonymous_14)
FN:233,(anonymous_15)
FN:238,(anonymous_16)
FN:249,(anonymous_17)
FN:256,(anonymous_18)
FN:260,(anonymous_19)
FN:265,(anonymous_20)
FN:268,(anonymous_21)
FN:277,(anonymous_22)
FN:290,(anonymous_23)
FN:300,(anonymous_24)
FN:301,(anonymous_25)
FN:302,(anonymous_26)
FN:304,(anonymous_27)
FN:305,(anonymous_28)
FN:307,(anonymous_29)
FN:308,(anonymous_30)
FN:310,(anonymous_31)
FN:311,(anonymous_32)
FN:321,(anonymous_33)
FN:332,(anonymous_34)
FN:337,(anonymous_35)
FN:349,(anonymous_36)
FNF:37
FNH:0
FNDA:0,(anonymous_0)
FNDA:0,(anonymous_1)
FNDA:0,(anonymous_2)
FNDA:0,(anonymous_3)
FNDA:0,(anonymous_4)
FNDA:0,(anonymous_5)
FNDA:0,(anonymous_6)
FNDA:0,(anonymous_7)
FNDA:0,(anonymous_8)
FNDA:0,(anonymous_9)
FNDA:0,(anonymous_10)
FNDA:0,(anonymous_11)
FNDA:0,(anonymous_12)
FNDA:0,(anonymous_13)
FNDA:0,(anonymous_14)
FNDA:0,(anonymous_15)
FNDA:0,(anonymous_16)
FNDA:0,(anonymous_17)
FNDA:0,(anonymous_18)
FNDA:0,(anonymous_19)
FNDA:0,(anonymous_20)
FNDA:0,(anonymous_21)
FNDA:0,(anonymous_22)
FNDA:0,(anonymous_23)
FNDA:0,(anonymous_24)
FNDA:0,(anonymous_25)
FNDA:0,(anonymous_26)
FNDA:0,(anonymous_27)
FNDA:0,(anonymous_28)
FNDA:0,(anonymous_29)
FNDA:0,(anonymous_30)
FNDA:0,(anonymous_31)
FNDA:0,(anonymous_32)
FNDA:0,(anonymous_33)
FNDA:0,(anonymous_34)
FNDA:0,(anonymous_35)
FNDA:0,(anonymous_36)
DA:7,0
DA:44,0
DA:52,0
DA:54,0
DA:55,0
DA:57,0
DA:59,0
DA:60,0
DA:65,0
DA:67,0
DA:68,0
DA:70,0
DA:72,0
DA:73,0
DA:78,0
DA:80,0
DA:81,0
DA:83,0
DA:85,0
DA:86,0
DA:91,0
DA:93,0
DA:95,0
DA:96,0
DA:107,0
DA:108,0
DA:109,0
DA:121,0
DA:122,0
DA:133,0
DA:137,0
DA:138,0
DA:139,0
DA:141,0
DA:142,0
DA:144,0
DA:146,0
DA:159,0
DA:161,0
DA:189,0
DA:201,0
DA:202,0
DA:203,0
DA:204,0
DA:205,0
DA:206,0
DA:210,0
DA:214,0
DA:215,0
DA:216,0
DA:217,0
DA:218,0
DA:219,0
DA:220,0
DA:221,0
DA:227,0
DA:231,0
DA:232,0
DA:233,0
DA:234,0
DA:235,0
DA:237,0
DA:238,0
DA:239,0
DA:240,0
DA:241,0
DA:242,0
DA:248,0
DA:249,0
DA:253,0
DA:257,0
DA:262,0
DA:263,0
DA:265,0
DA:266,0
DA:268,0
DA:269,0
DA:271,0
DA:272,0
DA:274,0
DA:278,0
DA:280,0
DA:282,0
DA:284,0
DA:286,0
DA:291,0
DA:292,0
DA:293,0
DA:294,0
DA:295,0
DA:296,0
DA:301,0
DA:302,0
DA:304,0
DA:305,0
DA:307,0
DA:308,0
DA:310,0
DA:311,0
DA:313,0
DA:322,0
DA:324,0
DA:325,0
DA:328,0
DA:329,0
DA:332,0
DA:333,0
DA:334,0
DA:337,0
DA:338,0
DA:339,0
DA:342,0
DA:343,0
DA:346,0
DA:350,0
DA:351,0
DA:352,0
DA:353,0
LF:118
LH:0
BRDA:121,0,0,0
BRDA:159,1,0,0
BRDA:159,1,1,0
BRDA:159,1,2,0
BRDA:163,2,0,0
BRDA:163,2,1,0
BRDA:164,3,0,0
BRDA:164,3,1,0
BRDA:165,4,0,0
BRDA:165,4,1,0
BRDA:168,5,0,0
BRDA:168,5,1,0
BRDA:169,6,0,0
BRDA:169,6,1,0
BRDA:170,7,0,0
BRDA:170,7,1,0
BRDA:173,8,0,0
BRDA:173,8,1,0
BRDA:174,9,0,0
BRDA:174,9,1,0
BRDA:175,10,0,0
BRDA:175,10,1,0
BRDA:178,11,0,0
BRDA:178,11,1,0
BRDA:179,12,0,0
BRDA:179,12,1,0
BRDA:180,13,0,0
BRDA:180,13,1,0
BRDA:202,14,0,0
BRDA:205,15,0,0
BRDA:215,16,0,0
BRDA:218,17,0,0
BRDA:220,18,0,0
BRDA:232,19,0,0
BRDA:237,20,0,0
BRDA:239,21,0,0
BRDA:241,22,0,0
BRDA:248,23,0,0
BRDA:257,24,0,0
BRDA:257,24,1,0
BRDA:265,25,0,0
BRDA:268,26,0,0
BRDA:271,27,0,0
BRDA:278,28,0,0
BRDA:278,28,1,0
BRDA:278,28,2,0
BRDA:278,28,3,0
BRDA:291,29,0,0
BRDA:291,29,1,0
BRDA:291,29,2,0
BRDA:291,29,3,0
BRDA:291,29,4,0
BRDA:314,30,0,0
BRDA:314,30,1,0
BRDA:315,31,0,0
BRDA:315,31,1,0
BRDA:316,32,0,0
BRDA:316,32,1,0
BRDA:317,33,0,0
BRDA:317,33,1,0
BRDA:324,34,0,0
BRDA:328,35,0,0
BRDA:333,36,0,0
BRDA:338,37,0,0
BRDA:342,38,0,0
BRF:65
BRH:0
end_of_record
TN:
SF:server\features\coverage\coverage-routes.ts
FN:10,(anonymous_6)
FN:14,(anonymous_7)
FN:19,(anonymous_8)
FN:26,(anonymous_9)
FN:62,(anonymous_10)
FN:66,(anonymous_11)
FN:70,(anonymous_12)
FN:77,(anonymous_13)
FN:111,(anonymous_14)
FN:115,(anonymous_15)
FN:118,(anonymous_16)
FN:125,(anonymous_17)
FN:159,(anonymous_18)
FN:163,(anonymous_19)
FN:166,(anonymous_20)
FN:173,(anonymous_21)
FN:207,(anonymous_22)
FN:211,(anonymous_23)
FN:224,(anonymous_24)
FN:231,(anonymous_25)
FN:249,(anonymous_26)
FN:250,(anonymous_27)
FN:251,(anonymous_28)
FN:252,(anonymous_29)
FN:277,(anonymous_30)
FN:284,(anonymous_31)
FN:303,(anonymous_32)
FN:310,(anonymous_33)
FNF:28
FNH:19
FNDA:2,(anonymous_6)
FNDA:2,(anonymous_7)
FNDA:17,(anonymous_8)
FNDA:0,(anonymous_9)
FNDA:1,(anonymous_10)
FNDA:1,(anonymous_11)
FNDA:5,(anonymous_12)
FNDA:0,(anonymous_13)
FNDA:1,(anonymous_14)
FNDA:1,(anonymous_15)
FNDA:5,(anonymous_16)
FNDA:0,(anonymous_17)
FNDA:0,(anonymous_18)
FNDA:0,(anonymous_19)
FNDA:0,(anonymous_20)
FNDA:0,(anonymous_21)
FNDA:1,(anonymous_22)
FNDA:1,(anonymous_23)
FNDA:15,(anonymous_24)
FNDA:0,(anonymous_25)
FNDA:2,(anonymous_26)
FNDA:2,(anonymous_27)
FNDA:2,(anonymous_28)
FNDA:2,(anonymous_29)
FNDA:2,(anonymous_30)
FNDA:2,(anonymous_31)
FNDA:10,(anonymous_32)
FNDA:0,(anonymous_33)
DA:1,1
DA:4,1
DA:10,1
DA:11,2
DA:14,4
DA:15,2
DA:16,2
DA:19,1
DA:20,17
DA:21,17
DA:22,68
DA:23,68
DA:24,0
DA:25,68
DA:26,11
DA:27,57
DA:28,16
DA:31,17
DA:34,1
DA:35,1
DA:41,1
DA:43,1
DA:44,0
DA:48,1
DA:50,1
DA:62,1
DA:63,1
DA:66,2
DA:67,1
DA:68,1
DA:70,1
DA:71,5
DA:72,5
DA:73,19
DA:74,19
DA:75,0
DA:76,19
DA:77,3
DA:78,16
DA:79,4
DA:82,5
DA:85,1
DA:86,1
DA:91,0
DA:93,0
DA:94,0
DA:97,0
DA:99,0
DA:111,1
DA:112,1
DA:115,2
DA:116,1
DA:117,1
DA:118,1
DA:119,5
DA:120,5
DA:121,19
DA:122,19
DA:123,0
DA:124,19
DA:125,3
DA:126,16
DA:127,4
DA:130,5
DA:133,1
DA:134,1
DA:139,0
DA:141,0
DA:142,0
DA:145,0
DA:147,0
DA:159,1
DA:160,0
DA:163,0
DA:164,0
DA:165,0
DA:166,0
DA:167,0
DA:168,0
DA:169,0
DA:170,0
DA:171,0
DA:172,0
DA:173,0
DA:174,0
DA:175,0
DA:178,0
DA:181,0
DA:182,0
DA:187,0
DA:189,0
DA:190,0
DA:193,0
DA:195,0
DA:207,1
DA:208,1
DA:211,2
DA:212,1
DA:213,1
DA:214,1
DA:215,1
DA:217,1
DA:224,1
DA:225,15
DA:226,15
DA:227,57
DA:228,57
DA:229,0
DA:230,57
DA:231,9
DA:232,48
DA:233,12
DA:236,15
DA:239,1
DA:240,1
DA:241,1
DA:243,1
DA:249,2
DA:250,2
DA:251,2
DA:252,2
DA:257,0
DA:259,0
DA:260,0
DA:263,0
DA:265,0
DA:277,1
DA:278,2
DA:279,2
DA:284,4
DA:285,2
DA:286,2
DA:288,1
DA:289,1
DA:291,0
DA:292,0
DA:294,0
DA:295,0
DA:298,1
DA:299,1
DA:303,2
DA:304,10
DA:305,10
DA:306,30
DA:307,30
DA:308,0
DA:309,30
DA:310,5
DA:311,25
DA:312,8
DA:315,10
DA:318,2
DA:320,2
DA:326,0
DA:328,0
DA:329,0
DA:332,0
DA:334,0
DA:342,1
LF:159
LH:107
BRDA:20,0,0,0
BRDA:20,1,0,17
BRDA:20,1,1,17
BRDA:23,2,0,0
BRDA:23,2,1,68
BRDA:25,3,0,11
BRDA:25,3,1,57
BRDA:27,4,0,16
BRDA:27,5,0,57
BRDA:27,5,1,57
BRDA:53,6,0,1
BRDA:53,6,1,0
BRDA:71,7,0,0
BRDA:71,8,0,5
BRDA:71,8,1,5
BRDA:74,9,0,0
BRDA:74,9,1,19
BRDA:76,10,0,3
BRDA:76,10,1,16
BRDA:78,11,0,4
BRDA:78,12,0,16
BRDA:78,12,1,16
BRDA:102,13,0,0
BRDA:102,13,1,0
BRDA:119,14,0,0
BRDA:119,15,0,5
BRDA:119,15,1,5
BRDA:122,16,0,0
BRDA:122,16,1,19
BRDA:124,17,0,3
BRDA:124,17,1,16
BRDA:126,18,0,4
BRDA:126,19,0,16
BRDA:126,19,1,16
BRDA:150,20,0,0
BRDA:150,20,1,0
BRDA:167,21,0,0
BRDA:167,22,0,0
BRDA:167,22,1,0
BRDA:170,23,0,0
BRDA:170,23,1,0
BRDA:172,24,0,0
BRDA:172,24,1,0
BRDA:174,25,0,0
BRDA:174,26,0,0
BRDA:174,26,1,0
BRDA:198,27,0,0
BRDA:198,27,1,0
BRDA:225,28,0,0
BRDA:225,29,0,15
BRDA:225,29,1,15
BRDA:228,30,0,0
BRDA:228,30,1,57
BRDA:230,31,0,9
BRDA:230,31,1,48
BRDA:232,32,0,12
BRDA:232,33,0,48
BRDA:232,33,1,48
BRDA:268,34,0,0
BRDA:268,34,1,0
BRDA:286,35,0,1
BRDA:286,35,1,0
BRDA:286,35,2,0
BRDA:286,35,3,0
BRDA:286,35,4,1
BRDA:304,36,0,0
BRDA:304,37,0,10
BRDA:304,37,1,10
BRDA:307,38,0,0
BRDA:307,38,1,30
BRDA:309,39,0,5
BRDA:309,39,1,25
BRDA:311,40,0,8
BRDA:311,41,0,25
BRDA:311,41,1,25
BRDA:323,42,0,2
BRDA:323,42,1,1
BRDA:337,43,0,0
BRDA:337,43,1,0
BRF:79
BRH:45
end_of_record
TN:
SF:server\features\government-data\routes.ts
FN:81,(anonymous_0)
FN:87,(anonymous_1)
FN:96,(anonymous_2)
FN:159,(anonymous_3)
FN:200,(anonymous_4)
FN:213,(anonymous_5)
FN:249,(anonymous_6)
FN:256,(anonymous_7)
FN:305,(anonymous_8)
FN:310,(anonymous_9)
FN:352,(anonymous_10)
FN:388,(anonymous_11)
FN:418,(anonymous_12)
FN:431,(anonymous_13)
FN:439,(anonymous_14)
FN:442,(anonymous_15)
FN:514,(anonymous_16)
FN:580,(anonymous_17)
FN:586,(anonymous_18)
FN:591,(anonymous_19)
FN:597,(anonymous_20)
FN:602,(anonymous_21)
FN:608,(anonymous_22)
FN:612,(anonymous_23)
FN:616,(anonymous_24)
FN:626,(anonymous_25)
FN:664,(anonymous_26)
FN:688,(anonymous_27)
FN:701,(anonymous_28)
FN:706,(anonymous_29)
FN:727,(anonymous_30)
FN:732,(anonymous_31)
FN:740,(anonymous_32)
FN:746,(anonymous_33)
FN:751,(anonymous_34)
FN:756,(anonymous_35)
FN:757,(anonymous_36)
FNF:37
FNH:0
FNDA:0,(anonymous_0)
FNDA:0,(anonymous_1)
FNDA:0,(anonymous_2)
FNDA:0,(anonymous_3)
FNDA:0,(anonymous_4)
FNDA:0,(anonymous_5)
FNDA:0,(anonymous_6)
FNDA:0,(anonymous_7)
FNDA:0,(anonymous_8)
FNDA:0,(anonymous_9)
FNDA:0,(anonymous_10)
FNDA:0,(anonymous_11)
FNDA:0,(anonymous_12)
FNDA:0,(anonymous_13)
FNDA:0,(anonymous_14)
FNDA:0,(anonymous_15)
FNDA:0,(anonymous_16)
FNDA:0,(anonymous_17)
FNDA:0,(anonymous_18)
FNDA:0,(anonymous_19)
FNDA:0,(anonymous_20)
FNDA:0,(anonymous_21)
FNDA:0,(anonymous_22)
FNDA:0,(anonymous_23)
FNDA:0,(anonymous_24)
FNDA:0,(anonymous_25)
FNDA:0,(anonymous_26)
FNDA:0,(anonymous_27)
FNDA:0,(anonymous_28)
FNDA:0,(anonymous_29)
FNDA:0,(anonymous_30)
FNDA:0,(anonymous_31)
FNDA:0,(anonymous_32)
FNDA:0,(anonymous_33)
FNDA:0,(anonymous_34)
FNDA:0,(anonymous_35)
FNDA:0,(anonymous_36)
DA:81,0
DA:82,0
DA:83,0
DA:84,0
DA:87,0
DA:88,0
DA:89,0
DA:90,0
DA:91,0
DA:92,0
DA:93,0
DA:96,0
DA:97,0
DA:98,0
DA:99,0
DA:100,0
DA:101,0
DA:102,0
DA:103,0
DA:104,0
DA:105,0
DA:106,0
DA:107,0
DA:108,0
DA:109,0
DA:162,0
DA:199,0
DA:200,0
DA:201,0
DA:214,0
DA:222,0
DA:223,0
DA:225,0
DA:241,0
DA:250,0
DA:253,0
DA:255,0
DA:256,0
DA:262,0
DA:263,0
DA:265,0
DA:266,0
DA:267,0
DA:269,0
DA:274,0
DA:276,0
DA:280,0
DA:297,0
DA:306,0
DA:307,0
DA:309,0
DA:310,0
DA:314,0
DA:315,0
DA:317,0
DA:318,0
DA:319,0
DA:321,0
DA:323,0
DA:327,0
DA:344,0
DA:356,0
DA:358,0
DA:359,0
DA:362,0
DA:363,0
DA:367,0
DA:368,0
DA:369,0
DA:374,0
DA:377,0
DA:380,0
DA:382,0
DA:392,0
DA:394,0
DA:395,0
DA:398,0
DA:399,0
DA:402,0
DA:403,0
DA:404,0
DA:407,0
DA:409,0
DA:411,0
DA:413,0
DA:419,0
DA:421,0
DA:423,0
DA:424,0
DA:425,0
DA:426,0
DA:431,0
DA:432,0
DA:433,0
DA:439,0
DA:446,0
DA:447,0
DA:459,0
DA:461,0
DA:466,0
DA:469,0
DA:470,0
DA:471,0
DA:473,0
DA:474,0
DA:478,0
DA:480,0
DA:482,0
DA:483,0
DA:484,0
DA:486,0
DA:490,0
DA:491,0
DA:494,0
DA:495,0
DA:503,0
DA:504,0
DA:510,0
DA:511,0
DA:518,0
DA:519,0
DA:531,0
DA:532,0
DA:537,0
DA:539,0
DA:540,0
DA:541,0
DA:542,0
DA:543,0
DA:546,0
DA:548,0
DA:549,0
DA:550,0
DA:551,0
DA:553,0
DA:556,0
DA:557,0
DA:560,0
DA:561,0
DA:569,0
DA:570,0
DA:576,0
DA:577,0
DA:583,0
DA:588,0
DA:594,0
DA:599,0
DA:604,0
DA:605,0
DA:609,0
DA:613,0
DA:617,0
DA:618,0
DA:627,0
DA:628,0
DA:630,0
DA:643,0
DA:644,0
DA:645,0
DA:647,0
DA:661,0
DA:665,0
DA:667,0
DA:668,0
DA:669,0
DA:670,0
DA:672,0
DA:673,0
DA:675,0
DA:685,0
DA:689,0
DA:691,0
DA:702,0
DA:703,0
DA:707,0
DA:713,0
DA:724,0
DA:725,0
DA:728,0
DA:729,0
DA:733,0
DA:734,0
DA:741,0
DA:742,0
DA:743,0
DA:747,0
DA:748,0
DA:752,0
DA:753,0
DA:754,0
DA:756,0
DA:757,0
LF:192
LH:0
BRDA:81,0,0,0
BRDA:81,0,1,0
BRDA:87,1,0,0
BRDA:87,1,1,0
BRDA:96,2,0,0
BRDA:96,2,1,0
BRDA:229,3,0,0
BRDA:229,3,1,0
BRDA:232,4,0,0
BRDA:232,4,1,0
BRDA:249,5,0,0
BRDA:274,6,0,0
BRDA:274,6,1,0
BRDA:305,7,0,0
BRDA:321,8,0,0
BRDA:321,8,1,0
BRDA:354,9,0,0
BRDA:358,10,0,0
BRDA:362,11,0,0
BRDA:368,12,0,0
BRDA:368,13,0,0
BRDA:368,13,1,0
BRDA:377,14,0,0
BRDA:377,14,1,0
BRDA:390,15,0,0
BRDA:394,16,0,0
BRDA:398,17,0,0
BRDA:403,18,0,0
BRDA:403,19,0,0
BRDA:403,19,1,0
BRDA:409,20,0,0
BRDA:409,20,1,0
BRDA:421,21,0,0
BRDA:421,21,1,0
BRDA:421,22,0,0
BRDA:421,22,1,0
BRDA:425,23,0,0
BRDA:425,24,0,0
BRDA:425,24,1,0
BRDA:432,25,0,0
BRDA:471,26,0,0
BRDA:480,27,0,0
BRDA:480,27,1,0
BRDA:483,28,0,0
BRDA:483,28,1,0
BRDA:494,29,0,0
BRDA:494,29,1,0
BRDA:503,30,0,0
BRDA:503,30,1,0
BRDA:541,31,0,0
BRDA:548,32,0,0
BRDA:548,32,1,0
BRDA:550,33,0,0
BRDA:550,33,1,0
BRDA:560,34,0,0
BRDA:560,34,1,0
BRDA:569,35,0,0
BRDA:569,35,1,0
BRDA:645,36,0,0
BRDA:645,36,1,0
BRDA:648,37,0,0
BRDA:648,37,1,0
BRDA:673,38,0,0
BRDA:673,38,1,0
BRDA:678,39,0,0
BRDA:678,39,1,0
BRDA:679,40,0,0
BRDA:679,40,1,0
BRDA:693,41,0,0
BRDA:693,41,1,0
BRDA:694,42,0,0
BRDA:694,42,1,0
BRDA:695,43,0,0
BRDA:695,43,1,0
BRDA:735,44,0,0
BRDA:735,44,1,0
BRF:76
BRH:0
end_of_record
TN:
SF:server\features\recommendation\application\RecommendationService.ts
FN:23,(anonymous_0)
FN:51,(anonymous_1)
FN:80,(anonymous_2)
FN:83,(anonymous_3)
FN:91,(anonymous_4)
FN:106,(anonymous_5)
FN:109,(anonymous_6)
FN:117,(anonymous_7)
FN:135,(anonymous_8)
FN:160,(anonymous_9)
FN:203,(anonymous_10)
FN:222,(anonymous_11)
FN:246,(anonymous_12)
FN:252,(anonymous_13)
FN:270,(anonymous_14)
FN:299,(anonymous_15)
FN:318,(anonymous_16)
FN:344,(anonymous_17)
FN:365,(anonymous_18)
FN:390,(anonymous_19)
FN:430,(anonymous_20)
FN:447,(anonymous_21)
FN:479,(anonymous_22)
FN:497,(anonymous_23)
FN:515,(anonymous_24)
FN:526,(anonymous_25)
FN:537,(anonymous_26)
FN:565,(anonymous_27)
FN:586,(anonymous_28)
FN:624,(anonymous_29)
FN:629,(anonymous_30)
FN:654,(anonymous_31)
FN:673,(anonymous_32)
FN:683,getPersonalizedRecommendations
FN:691,getSimilarBills
FN:699,getTrendingBills
FN:707,getCollaborativeRecommendations
FN:715,trackEngagement
FNF:38
FNH:0
FNDA:0,(anonymous_0)
FNDA:0,(anonymous_1)
FNDA:0,(anonymous_2)
FNDA:0,(anonymous_3)
FNDA:0,(anonymous_4)
FNDA:0,(anonymous_5)
FNDA:0,(anonymous_6)
FNDA:0,(anonymous_7)
FNDA:0,(anonymous_8)
FNDA:0,(anonymous_9)
FNDA:0,(anonymous_10)
FNDA:0,(anonymous_11)
FNDA:0,(anonymous_12)
FNDA:0,(anonymous_13)
FNDA:0,(anonymous_14)
FNDA:0,(anonymous_15)
FNDA:0,(anonymous_16)
FNDA:0,(anonymous_17)
FNDA:0,(anonymous_18)
FNDA:0,(anonymous_19)
FNDA:0,(anonymous_20)
FNDA:0,(anonymous_21)
FNDA:0,(anonymous_22)
FNDA:0,(anonymous_23)
FNDA:0,(anonymous_24)
FNDA:0,(anonymous_25)
FNDA:0,(anonymous_26)
FNDA:0,(anonymous_27)
FNDA:0,(anonymous_28)
FNDA:0,(anonymous_29)
FNDA:0,(anonymous_30)
FNDA:0,(anonymous_31)
FNDA:0,(anonymous_32)
FNDA:0,getPersonalizedRecommendations
FNDA:0,getSimilarBills
FNDA:0,getTrendingBills
FNDA:0,getCollaborativeRecommendations
FNDA:0,trackEngagement
DA:25,0
DA:39,0
DA:40,0
DA:52,0
DA:53,0
DA:55,0
DA:56,0
DA:59,0
DA:60,0
DA:61,0
DA:62,0
DA:65,0
DA:66,0
DA:67,0
DA:69,0
DA:81,0
DA:83,0
DA:84,0
DA:85,0
DA:86,0
DA:91,0
DA:93,0
DA:94,0
DA:107,0
DA:109,0
DA:110,0
DA:111,0
DA:112,0
DA:117,0
DA:119,0
DA:120,0
DA:136,0
DA:164,0
DA:166,0
DA:170,0
DA:171,0
DA:175,0
DA:176,0
DA:179,0
DA:186,0
DA:189,0
DA:196,0
DA:203,0
DA:208,0
DA:210,0
DA:226,0
DA:228,0
DA:229,0
DA:230,0
DA:234,0
DA:235,0
DA:237,0
DA:238,0
DA:242,0
DA:245,0
DA:246,0
DA:252,0
DA:257,0
DA:258,0
DA:274,0
DA:276,0
DA:277,0
DA:278,0
DA:282,0
DA:283,0
DA:286,0
DA:289,0
DA:292,0
DA:299,0
DA:304,0
DA:305,0
DA:323,0
DA:325,0
DA:330,0
DA:331,0
DA:335,0
DA:336,0
DA:337,0
DA:340,0
DA:344,0
DA:347,0
DA:348,0
DA:354,0
DA:355,0
DA:371,0
DA:372,0
DA:373,0
DA:375,0
DA:394,0
DA:396,0
DA:397,0
DA:398,0
DA:402,0
DA:403,0
DA:406,0
DA:412,0
DA:418,0
DA:421,0
DA:430,0
DA:435,0
DA:436,0
DA:452,0
DA:453,0
DA:454,0
DA:456,0
DA:457,0
DA:479,0
DA:485,0
DA:486,0
DA:498,0
DA:499,0
DA:500,0
DA:502,0
DA:503,0
DA:515,0
DA:517,0
DA:518,0
DA:527,0
DA:542,0
DA:543,0
DA:544,0
DA:547,0
DA:548,0
DA:565,0
DA:571,0
DA:572,0
DA:596,0
DA:597,0
DA:599,0
DA:602,0
DA:603,0
DA:622,0
DA:624,0
DA:628,0
DA:629,0
DA:636,0
DA:654,0
DA:662,0
DA:663,0
DA:674,0
DA:687,0
DA:688,0
DA:695,0
DA:696,0
DA:703,0
DA:704,0
DA:711,0
DA:712,0
DA:720,0
DA:721,0
LF:150
LH:0
BRDA:55,0,0,0
BRDA:55,1,0,0
BRDA:55,1,1,0
BRDA:65,2,0,0
BRDA:162,3,0,0
BRDA:170,4,0,0
BRDA:224,5,0,0
BRDA:229,6,0,0
BRDA:237,7,0,0
BRDA:271,8,0,0
BRDA:272,9,0,0
BRDA:277,10,0,0
BRDA:330,11,0,0
BRDA:371,12,0,0
BRDA:371,12,1,0
BRDA:372,13,0,0
BRDA:372,13,1,0
BRDA:373,14,0,0
BRDA:373,14,1,0
BRDA:392,15,0,0
BRDA:397,16,0,0
BRDA:597,17,0,0
BRDA:622,18,0,0
BRDA:659,19,0,0
BRDA:659,19,1,0
BRDA:685,20,0,0
BRDA:693,21,0,0
BRDA:700,22,0,0
BRDA:701,23,0,0
BRDA:709,24,0,0
BRF:30
BRH:0
end_of_record
TN:
SF:server\features\recommendation\domain\EngagementScorer.ts
FN:4,(anonymous_0)
FN:5,(anonymous_1)
FN:6,(anonymous_2)
FN:9,(anonymous_3)
FN:10,(anonymous_4)
FN:12,(anonymous_5)
FN:16,(anonymous_6)
FNF:7
FNH:0
FNDA:0,(anonymous_0)
FNDA:0,(anonymous_1)
FNDA:0,(anonymous_2)
FNDA:0,(anonymous_3)
FNDA:0,(anonymous_4)
FNDA:0,(anonymous_5)
FNDA:0,(anonymous_6)
DA:2,0
DA:5,0
DA:6,0
DA:10,0
DA:11,0
DA:12,0
DA:13,0
DA:17,0
DA:18,0
DA:19,0
LF:10
LH:0
BRDA:5,0,0,0
BRDA:5,0,1,0
BRDA:10,1,0,0
BRDA:10,1,1,0
BRDA:11,2,0,0
BRDA:11,3,0,0
BRDA:11,3,1,0
BRDA:18,4,0,0
BRDA:18,4,1,0
BRDA:18,5,0,0
BRDA:18,5,1,0
BRF:11
BRH:0
end_of_record
TN:
SF:server\features\recommendation\domain\RecommendationEngine.ts
FN:38,(anonymous_0)
FN:51,(anonymous_1)
FN:55,(anonymous_2)
FN:60,(anonymous_3)
FN:68,(anonymous_4)
FN:77,(anonymous_5)
FN:88,(anonymous_6)
FN:89,(anonymous_7)
FN:94,(anonymous_8)
FN:95,(anonymous_9)
FN:103,(anonymous_10)
FN:130,(anonymous_11)
FN:131,(anonymous_12)
FN:132,(anonymous_13)
FN:148,(anonymous_14)
FN:156,(anonymous_15)
FN:157,(anonymous_16)
FN:165,(anonymous_17)
FN:189,(anonymous_18)
FN:201,(anonymous_19)
FN:202,(anonymous_20)
FN:203,(anonymous_21)
FN:226,(anonymous_22)
FN:231,(anonymous_23)
FN:237,(anonymous_24)
FN:274,(anonymous_25)
FN:283,(anonymous_26)
FN:284,(anonymous_27)
FN:289,(anonymous_28)
FN:297,(anonymous_29)
FN:306,(anonymous_30)
FN:314,(anonymous_31)
FN:322,(anonymous_32)
FN:343,(anonymous_33)
FN:349,(anonymous_34)
FN:367,(anonymous_35)
FN:374,(anonymous_36)
FN:384,(anonymous_37)
FN:390,(anonymous_38)
FN:393,(anonymous_39)
FN:399,(anonymous_40)
FN:408,(anonymous_41)
FN:441,(anonymous_42)
FN:444,(anonymous_43)
FNF:44
FNH:0
FNDA:0,(anonymous_0)
FNDA:0,(anonymous_1)
FNDA:0,(anonymous_2)
FNDA:0,(anonymous_3)
FNDA:0,(anonymous_4)
FNDA:0,(anonymous_5)
FNDA:0,(anonymous_6)
FNDA:0,(anonymous_7)
FNDA:0,(anonymous_8)
FNDA:0,(anonymous_9)
FNDA:0,(anonymous_10)
FNDA:0,(anonymous_11)
FNDA:0,(anonymous_12)
FNDA:0,(anonymous_13)
FNDA:0,(anonymous_14)
FNDA:0,(anonymous_15)
FNDA:0,(anonymous_16)
FNDA:0,(anonymous_17)
FNDA:0,(anonymous_18)
FNDA:0,(anonymous_19)
FNDA:0,(anonymous_20)
FNDA:0,(anonymous_21)
FNDA:0,(anonymous_22)
FNDA:0,(anonymous_23)
FNDA:0,(anonymous_24)
FNDA:0,(anonymous_25)
FNDA:0,(anonymous_26)
FNDA:0,(anonymous_27)
FNDA:0,(anonymous_28)
FNDA:0,(anonymous_29)
FNDA:0,(anonymous_30)
FNDA:0,(anonymous_31)
FNDA:0,(anonymous_32)
FNDA:0,(anonymous_33)
FNDA:0,(anonymous_34)
FNDA:0,(anonymous_35)
FNDA:0,(anonymous_36)
FNDA:0,(anonymous_37)
FNDA:0,(anonymous_38)
FNDA:0,(anonymous_39)
FNDA:0,(anonymous_40)
FNDA:0,(anonymous_41)
FNDA:0,(anonymous_42)
FNDA:0,(anonymous_43)
DA:22,0
DA:29,0
DA:47,0
DA:50,0
DA:51,0
DA:55,0
DA:56,0
DA:60,0
DA:63,0
DA:66,0
DA:68,0
DA:85,0
DA:87,0
DA:88,0
DA:89,0
DA:94,0
DA:95,0
DA:97,0
DA:116,0
DA:118,0
DA:119,0
DA:122,0
DA:129,0
DA:130,0
DA:132,0
DA:133,0
DA:135,0
DA:136,0
DA:143,0
DA:147,0
DA:149,0
DA:150,0
DA:156,0
DA:157,0
DA:159,0
DA:185,0
DA:188,0
DA:189,0
DA:193,0
DA:200,0
DA:201,0
DA:203,0
DA:204,0
DA:206,0
DA:213,0
DA:214,0
DA:215,0
DA:217,0
DA:218,0
DA:221,0
DA:225,0
DA:226,0
DA:231,0
DA:242,0
DA:243,0
DA:246,0
DA:247,0
DA:248,0
DA:249,0
DA:253,0
DA:254,0
DA:255,0
DA:256,0
DA:260,0
DA:261,0
DA:262,0
DA:263,0
DA:266,0
DA:275,0
DA:277,0
DA:278,0
DA:280,0
DA:283,0
DA:284,0
DA:286,0
DA:289,0
DA:290,0
DA:292,0
DA:294,0
DA:298,0
DA:300,0
DA:301,0
DA:303,0
DA:307,0
DA:308,0
DA:309,0
DA:311,0
DA:315,0
DA:316,0
DA:319,0
DA:320,0
DA:321,0
DA:322,0
DA:323,0
DA:324,0
DA:325,0
DA:329,0
DA:330,0
DA:331,0
DA:335,0
DA:336,0
DA:337,0
DA:340,0
DA:344,0
DA:347,0
DA:348,0
DA:349,0
DA:350,0
DA:351,0
DA:355,0
DA:356,0
DA:360,0
DA:361,0
DA:364,0
DA:371,0
DA:372,0
DA:374,0
DA:375,0
DA:376,0
DA:377,0
DA:378,0
DA:381,0
DA:388,0
DA:390,0
DA:391,0
DA:392,0
DA:393,0
DA:396,0
DA:400,0
DA:401,0
DA:402,0
DA:403,0
DA:404,0
DA:412,0
DA:414,0
DA:415,0
DA:416,0
DA:418,0
DA:419,0
DA:420,0
DA:423,0
DA:424,0
DA:426,0
DA:428,0
DA:431,0
DA:434,0
DA:435,0
DA:436,0
DA:441,0
DA:445,0
DA:446,0
DA:447,0
DA:448,0
LF:153
LH:0
BRDA:41,0,0,0
BRDA:47,1,0,0
BRDA:47,2,0,0
BRDA:47,3,0,0
BRDA:80,4,0,0
BRDA:85,5,0,0
BRDA:85,6,0,0
BRDA:110,7,0,0
BRDA:116,8,0,0
BRDA:116,9,0,0
BRDA:116,10,0,0
BRDA:133,11,0,0
BRDA:135,12,0,0
BRDA:180,13,0,0
BRDA:185,14,0,0
BRDA:185,15,0,0
BRDA:201,16,0,0
BRDA:201,16,1,0
BRDA:204,17,0,0
BRDA:206,18,0,0
BRDA:206,18,1,0
BRDA:217,19,0,0
BRDA:247,20,0,0
BRDA:253,21,0,0
BRDA:253,21,1,0
BRDA:254,22,0,0
BRDA:261,23,0,0
BRDA:275,24,0,0
BRDA:277,25,0,0
BRDA:277,25,1,0
BRDA:278,26,0,0
BRDA:278,26,1,0
BRDA:278,27,0,0
BRDA:278,27,1,0
BRDA:298,28,0,0
BRDA:307,29,0,0
BRDA:307,29,1,0
BRDA:308,30,0,0
BRDA:308,30,1,0
BRDA:309,31,0,0
BRDA:309,31,1,0
BRDA:319,32,0,0
BRDA:319,32,1,0
BRDA:320,33,0,0
BRDA:320,33,1,0
BRDA:321,34,0,0
BRDA:321,35,0,0
BRDA:321,35,1,0
BRDA:325,36,0,0
BRDA:329,37,0,0
BRDA:329,38,0,0
BRDA:329,38,1,0
BRDA:329,38,2,0
BRDA:335,39,0,0
BRDA:335,40,0,0
BRDA:335,40,1,0
BRDA:335,40,2,0
BRDA:347,41,0,0
BRDA:347,41,1,0
BRDA:348,42,0,0
BRDA:348,42,1,0
BRDA:350,43,0,0
BRDA:355,44,0,0
BRDA:355,45,0,0
BRDA:355,45,1,0
BRDA:355,45,2,0
BRDA:360,46,0,0
BRDA:360,47,0,0
BRDA:360,47,1,0
BRDA:360,47,2,0
BRDA:388,48,0,0
BRDA:400,49,0,0
BRDA:400,49,1,0
BRDA:400,49,2,0
BRDA:400,49,3,0
BRDA:412,50,0,0
BRDA:412,51,0,0
BRDA:412,51,1,0
BRDA:419,52,0,0
BRDA:419,52,1,0
BRDA:424,53,0,0
BRDA:424,53,1,0
BRDA:426,54,0,0
BRDA:426,55,0,0
BRDA:426,55,1,0
BRDA:435,56,0,0
BRDA:445,57,0,0
BRDA:446,58,0,0
BRDA:447,59,0,0
BRF:89
BRH:0
end_of_record
TN:
SF:server\features\recommendation\domain\RecommendationValidator.ts
FN:16,(anonymous_0)
FN:51,(anonymous_1)
FN:86,(anonymous_2)
FN:123,(anonymous_3)
FN:134,(anonymous_4)
FN:178,(anonymous_5)
FN:191,(anonymous_6)
FN:206,(anonymous_7)
FN:223,(anonymous_8)
FN:240,(anonymous_9)
FN:251,(anonymous_10)
FNF:11
FNH:0
FNDA:0,(anonymous_0)
FNDA:0,(anonymous_1)
FNDA:0,(anonymous_2)
FNDA:0,(anonymous_3)
FNDA:0,(anonymous_4)
FNDA:0,(anonymous_5)
FNDA:0,(anonymous_6)
FNDA:0,(anonymous_7)
FNDA:0,(anonymous_8)
FNDA:0,(anonymous_9)
FNDA:0,(anonymous_10)
DA:8,0
DA:9,0
DA:10,0
DA:11,0
DA:20,0
DA:21,0
DA:24,0
DA:25,0
DA:26,0
DA:27,0
DA:28,0
DA:29,0
DA:33,0
DA:34,0
DA:35,0
DA:36,0
DA:37,0
DA:41,0
DA:55,0
DA:56,0
DA:59,0
DA:60,0
DA:61,0
DA:62,0
DA:63,0
DA:64,0
DA:68,0
DA:69,0
DA:70,0
DA:71,0
DA:72,0
DA:76,0
DA:90,0
DA:91,0
DA:94,0
DA:95,0
DA:96,0
DA:97,0
DA:98,0
DA:99,0
DA:100,0
DA:105,0
DA:106,0
DA:107,0
DA:108,0
DA:109,0
DA:113,0
DA:128,0
DA:139,0
DA:140,0
DA:143,0
DA:144,0
DA:145,0
DA:146,0
DA:147,0
DA:148,0
DA:152,0
DA:153,0
DA:154,0
DA:155,0
DA:156,0
DA:157,0
DA:161,0
DA:162,0
DA:163,0
DA:164,0
DA:165,0
DA:168,0
DA:179,0
DA:181,0
DA:192,0
DA:194,0
DA:196,0
DA:197,0
DA:200,0
DA:207,0
DA:208,0
DA:211,0
DA:213,0
DA:214,0
DA:217,0
DA:224,0
DA:225,0
DA:228,0
DA:230,0
DA:231,0
DA:234,0
DA:241,0
DA:243,0
DA:244,0
DA:246,0
DA:253,0
LF:92
LH:0
BRDA:24,0,0,0
BRDA:24,0,1,0
BRDA:24,1,0,0
BRDA:24,1,1,0
BRDA:26,2,0,0
BRDA:26,2,1,0
BRDA:28,3,0,0
BRDA:33,4,0,0
BRDA:34,5,0,0
BRDA:34,5,1,0
BRDA:34,6,0,0
BRDA:34,6,1,0
BRDA:34,6,2,0
BRDA:36,7,0,0
BRDA:59,8,0,0
BRDA:59,8,1,0
BRDA:59,9,0,0
BRDA:59,9,1,0
BRDA:61,10,0,0
BRDA:61,10,1,0
BRDA:61,11,0,0
BRDA:61,11,1,0
BRDA:61,11,2,0
BRDA:63,12,0,0
BRDA:68,13,0,0
BRDA:69,14,0,0
BRDA:69,14,1,0
BRDA:69,15,0,0
BRDA:69,15,1,0
BRDA:69,15,2,0
BRDA:71,16,0,0
BRDA:94,17,0,0
BRDA:95,18,0,0
BRDA:95,18,1,0
BRDA:95,19,0,0
BRDA:95,19,1,0
BRDA:95,19,2,0
BRDA:97,20,0,0
BRDA:97,20,1,0
BRDA:99,21,0,0
BRDA:105,22,0,0
BRDA:106,23,0,0
BRDA:106,23,1,0
BRDA:106,24,0,0
BRDA:106,24,1,0
BRDA:106,24,2,0
BRDA:108,25,0,0
BRDA:143,26,0,0
BRDA:143,26,1,0
BRDA:143,27,0,0
BRDA:143,27,1,0
BRDA:145,28,0,0
BRDA:145,28,1,0
BRDA:147,29,0,0
BRDA:152,30,0,0
BRDA:152,30,1,0
BRDA:152,31,0,0
BRDA:152,31,1,0
BRDA:154,32,0,0
BRDA:154,32,1,0
BRDA:154,33,0,0
BRDA:154,33,1,0
BRDA:154,33,2,0
BRDA:156,34,0,0
BRDA:162,35,0,0
BRDA:162,35,1,0
BRDA:162,36,0,0
BRDA:162,36,1,0
BRDA:164,37,0,0
BRDA:179,38,0,0
BRDA:192,39,0,0
BRDA:192,40,0,0
BRDA:192,40,1,0
BRDA:194,41,0,0
BRDA:194,41,1,0
BRDA:196,42,0,0
BRDA:196,43,0,0
BRDA:196,43,1,0
BRDA:196,43,2,0
BRDA:206,44,0,0
BRDA:207,45,0,0
BRDA:207,46,0,0
BRDA:207,46,1,0
BRDA:211,47,0,0
BRDA:211,47,1,0
BRDA:213,48,0,0
BRDA:213,49,0,0
BRDA:213,49,1,0
BRDA:223,50,0,0
BRDA:224,51,0,0
BRDA:224,52,0,0
BRDA:224,52,1,0
BRDA:228,53,0,0
BRDA:228,53,1,0
BRDA:230,54,0,0
BRDA:230,55,0,0
BRDA:230,55,1,0
BRDA:241,56,0,0
BRDA:246,57,0,0
BRDA:246,57,1,0
BRF:100
BRH:0
end_of_record
TN:
SF:server\features\search\application\SearchSuggestionsService.ts
FN:15,(anonymous_0)
FN:22,(anonymous_1)
FN:23,(anonymous_2)
FN:27,(anonymous_3)
FN:29,(anonymous_4)
FNF:5
FNH:0
FNDA:0,(anonymous_0)
FNDA:0,(anonymous_1)
FNDA:0,(anonymous_2)
FNDA:0,(anonymous_3)
FNDA:0,(anonymous_4)
DA:6,0
DA:9,0
DA:16,0
DA:17,0
DA:18,0
DA:22,0
DA:23,0
DA:24,0
DA:28,0
DA:29,0
LF:10
LH:0
BRDA:16,0,0,0
BRF:1
BRH:0
end_of_record
TN:
SF:server\features\search\domain\RelevanceScorer.ts
FN:16,(anonymous_0)
FN:62,(anonymous_1)
FN:86,(anonymous_2)
FN:93,(anonymous_3)
FN:119,(anonymous_4)
FN:125,(anonymous_5)
FN:132,(anonymous_6)
FN:150,(anonymous_7)
FNF:8
FNH:0
FNDA:0,(anonymous_0)
FNDA:0,(anonymous_1)
FNDA:0,(anonymous_2)
FNDA:0,(anonymous_3)
FNDA:0,(anonymous_4)
FNDA:0,(anonymous_5)
FNDA:0,(anonymous_6)
FNDA:0,(anonymous_7)
DA:4,0
DA:17,0
DA:18,0
DA:20,0
DA:21,0
DA:22,0
DA:23,0
DA:26,0
DA:27,0
DA:28,0
DA:29,0
DA:30,0
DA:31,0
DA:36,0
DA:37,0
DA:39,0
DA:40,0
DA:44,0
DA:45,0
DA:49,0
DA:50,0
DA:51,0
DA:52,0
DA:56,0
DA:63,0
DA:64,0
DA:66,0
DA:67,0
DA:74,0
DA:75,0
DA:76,0
DA:80,0
DA:87,0
DA:90,0
DA:91,0
DA:92,0
DA:93,0
DA:94,0
DA:95,0
DA:99,0
DA:100,0
DA:104,0
DA:105,0
DA:109,0
DA:110,0
DA:113,0
DA:123,0
DA:125,0
DA:132,0
DA:133,0
DA:135,0
DA:137,0
DA:138,0
DA:140,0
DA:141,0
DA:143,0
DA:144,0
DA:147,0
DA:150,0
LF:59
LH:0
BRDA:18,0,0,0
BRDA:21,1,0,0
BRDA:21,1,1,0
BRDA:22,2,0,0
BRDA:22,2,1,0
BRDA:23,3,0,0
BRDA:23,3,1,0
BRDA:26,4,0,0
BRDA:26,4,1,0
BRDA:28,5,0,0
BRDA:30,6,0,0
BRDA:36,7,0,0
BRDA:39,8,0,0
BRDA:44,9,0,0
BRDA:44,10,0,0
BRDA:44,10,1,0
BRDA:49,11,0,0
BRDA:51,12,0,0
BRDA:64,13,0,0
BRDA:75,14,0,0
BRDA:75,15,0,0
BRDA:75,15,1,0
BRDA:90,16,0,0
BRDA:90,16,1,0
BRDA:91,17,0,0
BRDA:91,17,1,0
BRDA:92,18,0,0
BRDA:92,19,0,0
BRDA:92,19,1,0
BRDA:99,20,0,0
BRDA:99,21,0,0
BRDA:99,21,1,0
BRDA:99,21,2,0
BRDA:104,22,0,0
BRDA:104,23,0,0
BRDA:104,23,1,0
BRDA:104,23,2,0
BRDA:109,24,0,0
BRDA:109,25,0,0
BRDA:109,25,1,0
BRDA:109,25,2,0
BRDA:119,26,0,0
BRDA:123,27,0,0
BRDA:123,28,0,0
BRDA:128,29,0,0
BRDA:128,29,1,0
BRDA:128,30,0,0
BRDA:128,30,1,0
BRDA:128,31,0,0
BRDA:128,31,1,0
BRDA:129,32,0,0
BRDA:129,32,1,0
BRDA:135,33,0,0
BRDA:135,33,1,0
BRDA:135,33,2,0
BRDA:147,34,0,0
BRDA:147,34,1,0
BRF:57
BRH:0
end_of_record
TN:
SF:server\features\search\domain\SearchAnalytics.ts
FN:44,(anonymous_0)
FN:77,(anonymous_1)
FN:89,(anonymous_2)
FN:97,(anonymous_3)
FN:98,(anonymous_4)
FN:105,(anonymous_5)
FN:114,(anonymous_6)
FN:116,(anonymous_7)
FN:124,(anonymous_8)
FN:125,(anonymous_9)
FN:126,(anonymous_10)
FN:134,(anonymous_11)
FN:151,(anonymous_12)
FN:171,(anonymous_13)
FN:181,(anonymous_14)
FN:185,(anonymous_15)
FN:189,(anonymous_16)
FN:194,(anonymous_17)
FN:203,(anonymous_18)
FN:211,(anonymous_19)
FN:222,(anonymous_20)
FN:224,(anonymous_21)
FN:231,(anonymous_22)
FN:241,(anonymous_23)
FN:243,(anonymous_24)
FN:250,(anonymous_25)
FNF:26
FNH:0
FNDA:0,(anonymous_0)
FNDA:0,(anonymous_1)
FNDA:0,(anonymous_2)
FNDA:0,(anonymous_3)
FNDA:0,(anonymous_4)
FNDA:0,(anonymous_5)
FNDA:0,(anonymous_6)
FNDA:0,(anonymous_7)
FNDA:0,(anonymous_8)
FNDA:0,(anonymous_9)
FNDA:0,(anonymous_10)
FNDA:0,(anonymous_11)
FNDA:0,(anonymous_12)
FNDA:0,(anonymous_13)
FNDA:0,(anonymous_14)
FNDA:0,(anonymous_15)
FNDA:0,(anonymous_16)
FNDA:0,(anonymous_17)
FNDA:0,(anonymous_18)
FNDA:0,(anonymous_19)
FNDA:0,(anonymous_20)
FNDA:0,(anonymous_21)
FNDA:0,(anonymous_22)
FNDA:0,(anonymous_23)
FNDA:0,(anonymous_24)
FNDA:0,(anonymous_25)
DA:38,0
DA:39,0
DA:54,0
DA:69,0
DA:71,0
DA:83,0
DA:94,0
DA:96,0
DA:97,0
DA:98,0
DA:101,0
DA:104,0
DA:105,0
DA:106,0
DA:107,0
DA:113,0
DA:114,0
DA:116,0
DA:123,0
DA:124,0
DA:126,0
DA:127,0
DA:128,0
DA:130,0
DA:132,0
DA:134,0
DA:137,0
DA:155,0
DA:158,0
DA:161,0
DA:163,0
DA:165,0
DA:172,0
DA:173,0
DA:176,0
DA:182,0
DA:186,0
DA:191,0
DA:200,0
DA:208,0
DA:216,0
DA:222,0
DA:224,0
DA:236,0
DA:241,0
DA:243,0
DA:252,0
DA:253,0
LF:48
LH:0
BRDA:57,0,0,0
BRDA:57,0,1,0
BRDA:59,1,0,0
BRDA:59,1,1,0
BRDA:98,2,0,0
BRDA:98,2,1,0
BRDA:106,3,0,0
BRDA:106,3,1,0
BRDA:127,4,0,0
BRDA:127,4,1,0
BRDA:153,5,0,0
BRDA:171,6,0,0
BRF:12
BRH:0
end_of_record
TN:
SF:server\features\search\domain\SearchValidator.ts
FN:18,(anonymous_0)
FN:70,(anonymous_1)
FN:93,(anonymous_2)
FN:147,(anonymous_3)
FN:167,(anonymous_4)
FN:206,(anonymous_5)
FN:243,(anonymous_6)
FN:255,(anonymous_7)
FN:270,(anonymous_8)
FN:275,(anonymous_9)
FN:276,(anonymous_10)
FN:282,(anonymous_11)
FN:283,(anonymous_12)
FN:289,(anonymous_13)
FN:317,(anonymous_14)
FN:318,(anonymous_15)
FN:328,(anonymous_16)
FN:339,(anonymous_17)
FNF:18
FNH:0
FNDA:0,(anonymous_0)
FNDA:0,(anonymous_1)
FNDA:0,(anonymous_2)
FNDA:0,(anonymous_3)
FNDA:0,(anonymous_4)
FNDA:0,(anonymous_5)
FNDA:0,(anonymous_6)
FNDA:0,(anonymous_7)
FNDA:0,(anonymous_8)
FNDA:0,(anonymous_9)
FNDA:0,(anonymous_10)
FNDA:0,(anonymous_11)
FNDA:0,(anonymous_12)
FNDA:0,(anonymous_13)
FNDA:0,(anonymous_14)
FNDA:0,(anonymous_15)
FNDA:0,(anonymous_16)
FNDA:0,(anonymous_17)
DA:10,0
DA:11,0
DA:12,0
DA:13,0
DA:19,0
DA:20,0
DA:23,0
DA:24,0
DA:26,0
DA:27,0
DA:29,0
DA:30,0
DA:34,0
DA:35,0
DA:40,0
DA:41,0
DA:42,0
DA:43,0
DA:47,0
DA:48,0
DA:49,0
DA:50,0
DA:54,0
DA:55,0
DA:56,0
DA:57,0
DA:60,0
DA:71,0
DA:72,0
DA:75,0
DA:76,0
DA:77,0
DA:78,0
DA:82,0
DA:83,0
DA:84,0
DA:85,0
DA:89,0
DA:90,0
DA:91,0
DA:93,0
DA:94,0
DA:95,0
DA:97,0
DA:98,0
DA:104,0
DA:105,0
DA:106,0
DA:108,0
DA:109,0
DA:111,0
DA:112,0
DA:114,0
DA:115,0
DA:119,0
DA:120,0
DA:121,0
DA:126,0
DA:127,0
DA:128,0
DA:131,0
DA:132,0
DA:133,0
DA:136,0
DA:137,0
DA:138,0
DA:143,0
DA:144,0
DA:145,0
DA:147,0
DA:148,0
DA:149,0
DA:151,0
DA:152,0
DA:157,0
DA:168,0
DA:169,0
DA:172,0
DA:173,0
DA:174,0
DA:175,0
DA:179,0
DA:180,0
DA:181,0
DA:182,0
DA:186,0
DA:187,0
DA:188,0
DA:191,0
DA:192,0
DA:193,0
DA:196,0
DA:207,0
DA:208,0
DA:211,0
DA:212,0
DA:216,0
DA:217,0
DA:221,0
DA:222,0
DA:223,0
DA:228,0
DA:229,0
DA:230,0
DA:233,0
DA:244,0
DA:256,0
DA:258,0
DA:271,0
DA:273,0
DA:274,0
DA:275,0
DA:276,0
DA:280,0
DA:281,0
DA:282,0
DA:283,0
DA:287,0
DA:288,0
DA:289,0
DA:293,0
DA:294,0
DA:295,0
DA:296,0
DA:300,0
DA:301,0
DA:302,0
DA:303,0
DA:307,0
DA:308,0
DA:311,0
DA:312,0
DA:315,0
DA:316,0
DA:317,0
DA:318,0
DA:322,0
DA:329,0
DA:340,0
LF:139
LH:0
BRDA:23,0,0,0
BRDA:23,0,1,0
BRDA:23,1,0,0
BRDA:23,1,1,0
BRDA:26,2,0,0
BRDA:29,3,0,0
BRDA:34,4,0,0
BRDA:40,5,0,0
BRDA:47,6,0,0
BRDA:54,7,0,0
BRDA:75,8,0,0
BRDA:75,8,1,0
BRDA:75,9,0,0
BRDA:75,9,1,0
BRDA:77,10,0,0
BRDA:77,11,0,0
BRDA:77,11,1,0
BRDA:82,12,0,0
BRDA:82,12,1,0
BRDA:82,13,0,0
BRDA:82,13,1,0
BRDA:84,14,0,0
BRDA:84,15,0,0
BRDA:84,15,1,0
BRDA:89,16,0,0
BRDA:90,17,0,0
BRDA:90,17,1,0
BRDA:93,18,0,0
BRDA:93,18,1,0
BRDA:94,19,0,0
BRDA:97,20,0,0
BRDA:104,21,0,0
BRDA:104,22,0,0
BRDA:104,22,1,0
BRDA:108,23,0,0
BRDA:111,24,0,0
BRDA:114,25,0,0
BRDA:120,26,0,0
BRDA:126,27,0,0
BRDA:127,28,0,0
BRDA:127,29,0,0
BRDA:127,29,1,0
BRDA:127,29,2,0
BRDA:131,30,0,0
BRDA:132,31,0,0
BRDA:132,32,0,0
BRDA:132,32,1,0
BRDA:132,32,2,0
BRDA:136,33,0,0
BRDA:136,34,0,0
BRDA:136,34,1,0
BRDA:137,35,0,0
BRDA:143,36,0,0
BRDA:144,37,0,0
BRDA:144,37,1,0
BRDA:147,38,0,0
BRDA:147,38,1,0
BRDA:148,39,0,0
BRDA:151,40,0,0
BRDA:172,41,0,0
BRDA:172,41,1,0
BRDA:172,42,0,0
BRDA:172,42,1,0
BRDA:172,42,2,0
BRDA:174,43,0,0
BRDA:179,44,0,0
BRDA:179,44,1,0
BRDA:179,45,0,0
BRDA:179,45,1,0
BRDA:179,45,2,0
BRDA:181,46,0,0
BRDA:187,47,0,0
BRDA:187,48,0,0
BRDA:187,48,1,0
BRDA:192,49,0,0
BRDA:192,50,0,0
BRDA:192,50,1,0
BRDA:211,51,0,0
BRDA:211,52,0,0
BRDA:211,52,1,0
BRDA:216,53,0,0
BRDA:216,54,0,0
BRDA:216,54,1,0
BRDA:221,55,0,0
BRDA:222,56,0,0
BRDA:222,57,0,0
BRDA:222,57,1,0
BRDA:222,57,2,0
BRDA:229,58,0,0
BRDA:229,59,0,0
BRDA:229,59,1,0
BRDA:246,60,0,0
BRDA:246,60,1,0
BRDA:247,61,0,0
BRDA:247,61,1,0
BRDA:256,62,0,0
BRDA:273,63,0,0
BRDA:273,64,0,0
BRDA:273,64,1,0
BRDA:275,65,0,0
BRDA:275,65,1,0
BRDA:280,66,0,0
BRDA:280,67,0,0
BRDA:280,67,1,0
BRDA:282,68,0,0
BRDA:282,68,1,0
BRDA:287,69,0,0
BRDA:287,70,0,0
BRDA:287,70,1,0
BRDA:289,71,0,0
BRDA:289,71,1,0
BRDA:293,72,0,0
BRDA:295,73,0,0
BRDA:300,74,0,0
BRDA:302,75,0,0
BRDA:307,76,0,0
BRDA:307,77,0,0
BRDA:307,77,1,0
BRDA:307,77,2,0
BRDA:311,78,0,0
BRDA:311,79,0,0
BRDA:311,79,1,0
BRDA:311,79,2,0
BRDA:315,80,0,0
BRDA:315,81,0,0
BRDA:315,81,1,0
BRDA:317,82,0,0
BRDA:317,82,1,0
BRDA:330,83,0,0
BRDA:330,83,1,0
BRDA:331,84,0,0
BRDA:331,84,1,0
BRDA:332,85,0,0
BRDA:332,85,1,0
BRDA:333,86,0,0
BRDA:333,86,1,0
BRF:136
BRH:0
end_of_record
TN:
SF:server\features\security\encryption-service.ts
FN:22,(anonymous_0)
FN:50,(anonymous_1)
FN:57,(anonymous_2)
FN:90,(anonymous_3)
FN:116,(anonymous_4)
FN:128,(anonymous_5)
FN:140,(anonymous_6)
FN:147,(anonymous_7)
FN:154,(anonymous_8)
FN:169,(anonymous_9)
FN:185,(anonymous_10)
FN:206,(anonymous_11)
FN:217,(anonymous_12)
FN:228,(anonymous_13)
FN:235,(anonymous_14)
FN:242,(anonymous_15)
FN:249,(anonymous_16)
FN:258,(anonymous_17)
FN:277,(anonymous_18)
FN:298,(anonymous_19)
FN:305,(anonymous_20)
FN:316,(anonymous_21)
FN:323,(anonymous_22)
FN:328,(anonymous_23)
FN:339,(anonymous_24)
FN:344,(anonymous_25)
FNF:26
FNH:0
FNDA:0,(anonymous_0)
FNDA:0,(anonymous_1)
FNDA:0,(anonymous_2)
FNDA:0,(anonymous_3)
FNDA:0,(anonymous_4)
FNDA:0,(anonymous_5)
FNDA:0,(anonymous_6)
FNDA:0,(anonymous_7)
FNDA:0,(anonymous_8)
FNDA:0,(anonymous_9)
FNDA:0,(anonymous_10)
FNDA:0,(anonymous_11)
FNDA:0,(anonymous_12)
FNDA:0,(anonymous_13)
FNDA:0,(anonymous_14)
FNDA:0,(anonymous_15)
FNDA:0,(anonymous_16)
FNDA:0,(anonymous_17)
FNDA:0,(anonymous_18)
FNDA:0,(anonymous_19)
FNDA:0,(anonymous_20)
FNDA:0,(anonymous_21)
FNDA:0,(anonymous_22)
FNDA:0,(anonymous_23)
FNDA:0,(anonymous_24)
FNDA:0,(anonymous_25)
DA:12,0
DA:13,0
DA:14,0
DA:15,0
DA:16,0
DA:23,0
DA:24,0
DA:26,0
DA:27,0
DA:28,0
DA:30,0
DA:31,0
DA:33,0
DA:34,0
DA:38,0
DA:39,0
DA:41,0
DA:42,0
DA:43,0
DA:51,0
DA:58,0
DA:59,0
DA:60,0
DA:61,0
DA:64,0
DA:65,0
DA:67,0
DA:68,0
DA:70,0
DA:73,0
DA:80,0
DA:82,0
DA:83,0
DA:91,0
DA:92,0
DA:93,0
DA:95,0
DA:96,0
DA:99,0
DA:100,0
DA:101,0
DA:103,0
DA:104,0
DA:106,0
DA:108,0
DA:109,0
DA:117,0
DA:118,0
DA:120,0
DA:121,0
DA:129,0
DA:130,0
DA:132,0
DA:133,0
DA:141,0
DA:148,0
DA:155,0
DA:156,0
DA:158,0
DA:159,0
DA:160,0
DA:163,0
DA:170,0
DA:171,0
DA:173,0
DA:174,0
DA:175,0
DA:179,0
DA:186,0
DA:187,0
DA:189,0
DA:190,0
DA:191,0
DA:192,0
DA:194,0
DA:200,0
DA:207,0
DA:208,0
DA:209,0
DA:211,0
DA:218,0
DA:219,0
DA:229,0
DA:236,0
DA:243,0
DA:250,0
DA:251,0
DA:252,0
DA:259,0
DA:260,0
DA:264,0
DA:267,0
DA:268,0
DA:271,0
DA:278,0
DA:281,0
DA:283,0
DA:284,0
DA:288,0
DA:289,0
DA:290,0
DA:292,0
DA:299,0
DA:306,0
DA:307,0
DA:317,0
DA:324,0
DA:325,0
DA:327,0
DA:328,0
DA:329,0
DA:333,0
DA:340,0
DA:341,0
DA:343,0
DA:344,0
DA:345,0
DA:346,0
DA:348,0
DA:354,0
DA:359,0
LF:121
LH:0
BRDA:26,0,0,0
BRDA:26,0,1,0
BRDA:26,1,0,0
BRDA:26,1,1,0
BRDA:30,2,0,0
BRDA:33,3,0,0
BRDA:57,4,0,0
BRDA:93,5,0,0
BRDA:140,6,0,0
BRDA:154,7,0,0
BRDA:174,8,0,0
BRDA:174,9,0,0
BRDA:174,9,1,0
BRDA:190,10,0,0
[...]
BRDA:64,4,0,0
BRDA:66,5,0,0
BRDA:66,5,1,0
BRDA:80,6,0,0
BRDA:80,6,1,0
BRDA:87,7,0,0
BRDA:87,7,1,0
BRDA:87,7,2,0
BRDA:95,8,0,0
BRDA:95,8,1,0
BRDA:102,9,0,0
BRDA:115,10,0,0
BRDA:124,11,0,0
BRDA:137,12,0,0
BRDA:150,13,0,0
BRDA:154,14,0,0
BRDA:159,15,0,0
BRDA:161,16,0,0
BRDA:169,17,0,0
BRDA:169,17,1,0
BRDA:171,18,0,0
BRDA:175,19,0,0
BRDA:175,19,1,0
BRDA:177,20,0,0
BRDA:177,21,0,0
BRDA:177,21,1,0
BRDA:184,22,0,0
BRDA:184,23,0,0
BRDA:184,23,1,0
BRDA:187,24,0,0
BRDA:195,25,0,0
BRDA:195,25,1,0
BRDA:209,26,0,0
BRDA:240,27,0,0
BRDA:241,28,0,0
BRDA:244,29,0,0
BRDA:246,30,0,0
BRDA:248,31,0,0
BRDA:248,31,1,0
BRDA:266,32,0,0
BRDA:267,33,0,0
BRDA:267,33,1,0
BRF:52
BRH:0
end_of_record
TN:
SF:shared\core\src\utils\formatting\currency.ts
FN:20,formatCurrency
FN:37,formatRange
FN:45,formatPricePerUnit
FNF:3
FNH:0
FNDA:0,formatCurrency
FNDA:0,formatRange
FNDA:0,formatPricePerUnit
DA:13,0
DA:28,0
DA:30,0
DA:32,0
DA:34,0
DA:42,0
DA:50,0
LF:7
LH:0
BRDA:22,0,0,0
BRDA:25,1,0,0
BRDA:26,2,0,0
BRDA:27,3,0,0
BRDA:32,4,0,0
BRDA:40,5,0,0
BRDA:48,6,0,0
BRF:7
BRH:0
end_of_record
TN:
SF:shared\core\src\utils\formatting\date-time.ts
FN:5,formatDate
FN:14,formatTimestamp
FN:25,formatRelativeTime
FNF:3
FNH:0
FNDA:0,formatDate
FNDA:0,formatTimestamp
FNDA:0,formatRelativeTime
DA:6,0
DA:7,0
DA:15,0
DA:16,0
DA:26,0
DA:27,0
DA:28,0
DA:30,0
DA:31,0
DA:32,0
DA:33,0
LF:11
LH:0
BRDA:15,0,0,0
BRDA:15,0,1,0
BRDA:30,1,0,0
BRDA:31,2,0,0
BRDA:32,3,0,0
BRF:5
BRH:0
end_of_record
TN:
SF:shared\core\src\utils\formatting\document.ts
FN:7,formatDocumentType
FN:8,(anonymous_1)
FN:13,formatProcessingStep
FN:24,getDocumentIcon
FNF:4
FNH:0
FNDA:0,formatDocumentType
FNDA:0,(anonymous_1)
FNDA:0,formatProcessingStep
FNDA:0,getDocumentIcon
DA:8,0
DA:9,0
DA:14,0
DA:21,0
DA:25,0
DA:32,0
LF:6
LH:0
BRDA:21,0,0,0
BRDA:21,0,1,0
BRDA:32,1,0,0
BRDA:32,1,1,0
BRF:4
BRH:0
end_of_record
TN:
SF:shared\core\src\utils\formatting\file-size.ts
FN:5,formatFileSize
FN:13,formatSpeed
FN:17,formatETA
FNF:3
FNH:0
FNDA:0,formatFileSize
FNDA:0,formatSpeed
FNDA:0,formatETA
DA:6,0
DA:7,0
DA:8,0
DA:9,0
DA:10,0
DA:14,0
DA:18,0
DA:19,0
DA:20,0
LF:9
LH:0
BRDA:6,0,0,0
BRDA:18,1,0,0
BRDA:19,2,0,0
BRF:3
BRH:0
end_of_record
TN:
SF:shared\core\src\utils\formatting\location.ts
FN:10,formatCoordinates
FN:14,formatPropertyLocation
FN:15,(anonymous_2)
FN:16,(anonymous_3)
FN:22,formatCounty
FN:26,formatAddress
FNF:6
FNH:0
FNDA:0,formatCoordinates
FNDA:0,formatPropertyLocation
FNDA:0,(anonymous_2)
FNDA:0,(anonymous_3)
FNDA:0,formatCounty
FNDA:0,formatAddress
DA:11,0
DA:15,0
DA:16,0
DA:17,0
DA:23,0
DA:32,0
DA:33,0
DA:34,0
DA:35,0
LF:9
LH:0
BRDA:33,0,0,0
BRDA:34,1,0,0
BRF:2
BRH:0
end_of_record
TN:
SF:shared\core\src\utils\formatting\status.ts
FN:7,formatStatus
FN:8,(anonymous_1)
FN:11,getStatusColor
FN:24,getApprovalStatusColor
FN:34,formatWorkflowStatus
FNF:5
FNH:0
FNDA:0,formatStatus
FNDA:0,(anonymous_1)
FNDA:0,getStatusColor
FNDA:0,getApprovalStatusColor
FNDA:0,formatWorkflowStatus
DA:8,0
DA:12,0
DA:19,0
DA:25,0
DA:31,0
DA:35,0
LF:6
LH:0
BRDA:19,0,0,0
BRDA:19,0,1,0
BRDA:31,1,0,0
BRDA:31,1,1,0
BRF:4
BRH:0
end_of_record
TN:
SF:shared\core\src\validation\constants.ts
FNF:0
FNH:0
DA:1,0
DA:3,0
DA:13,0
LF:3
LH:0
BRF:0
BRH:0
end_of_record
TN:
SF:shared\core\src\validation\helpers.ts
FN:2,(anonymous_0)
FN:2,(anonymous_1)
FNF:2
FNH:0
FNDA:0,(anonymous_0)
FNDA:0,(anonymous_1)
DA:2,0
DA:3,0
DA:4,0
DA:5,0
DA:7,0
DA:8,0
DA:9,0
DA:10,0
DA:11,0
DA:13,0
DA:15,0
LF:11
LH:0
BRDA:4,0,0,0
BRDA:4,0,1,0
BRDA:5,1,0,0
BRDA:10,2,0,0
BRDA:10,3,0,0
BRDA:10,3,1,0
BRDA:10,3,2,0
BRDA:13,4,0,0
BRDA:13,4,1,0
BRF:9
BRH:0
end_of_record
TN:
SF:shared\core\src\validation\schemas\auth.ts
FN:22,(anonymous_0)
FN:25,(anonymous_1)
FN:30,(anonymous_2)
FN:48,(anonymous_3)
FN:54,(anonymous_4)
FN:61,(anonymous_5)
FN:101,(anonymous_6)
FN:116,(anonymous_7)
FN:122,(anonymous_8)
FN:159,(anonymous_9)
FN:189,(anonymous_10)
FN:209,(anonymous_11)
FN:254,(anonymous_12)
FNF:13
FNH:0
FNDA:0,(anonymous_0)
FNDA:0,(anonymous_1)
FNDA:0,(anonymous_2)
FNDA:0,(anonymous_3)
FNDA:0,(anonymous_4)
FNDA:0,(anonymous_5)
FNDA:0,(anonymous_6)
FNDA:0,(anonymous_7)
FNDA:0,(anonymous_8)
FNDA:0,(anonymous_9)
FNDA:0,(anonymous_10)
FNDA:0,(anonymous_11)
FNDA:0,(anonymous_12)
DA:15,0
DA:22,0
DA:25,0
DA:30,0
DA:40,0
DA:49,0
DA:50,0
DA:54,0
DA:61,0
DA:71,0
DA:81,0
DA:88,0
DA:96,0
DA:101,0
DA:111,0
DA:116,0
DA:122,0
DA:132,0
DA:140,0
DA:148,0
DA:157,0
DA:161,0
DA:170,0
DA:181,0
DA:190,0
DA:191,0
DA:193,0
DA:194,0
DA:196,0
DA:204,0
DA:209,0
DA:218,0
DA:230,0
DA:240,0
DA:249,0
DA:255,0
DA:256,0
DA:271,0
DA:288,0
DA:296,0
DA:307,0
DA:317,0
LF:42
LH:0
BRDA:22,0,0,0
BRDA:22,0,1,0
BRDA:50,1,0,0
BRDA:50,1,1,0
BRDA:161,2,0,0
BRDA:161,2,1,0
BRDA:190,3,0,0
BRDA:191,4,0,0
BRDA:191,4,1,0
BRDA:193,5,0,0
BRDA:256,6,0,0
BRDA:256,6,1,0
BRF:12
BRH:0
end_of_record
TN:
SF:shared\core\src\validation\schemas\common.ts
FN:20,(anonymous_0)
FN:22,(anonymous_1)
FN:58,(anonymous_2)
FN:62,(anonymous_3)
FN:66,(anonymous_4)
FN:70,(anonymous_5)
FN:74,(anonymous_6)
FN:87,(anonymous_7)
FN:91,(anonymous_8)
FN:95,(anonymous_9)
FN:99,(anonymous_10)
FN:103,(anonymous_11)
FN:107,(anonymous_12)
FN:111,(anonymous_13)
FN:127,(anonymous_14)
FN:139,(anonymous_15)
FN:149,(anonymous_16)
FN:162,(anonymous_17)
FN:179,(anonymous_18)
FN:191,(anonymous_19)
FN:206,(anonymous_20)
FN:221,(anonymous_21)
FN:236,(anonymous_22)
FN:294,(anonymous_23)
FN:309,(anonymous_24)
FN:313,(anonymous_25)
FN:329,(anonymous_26)
FN:332,(anonymous_27)
FN:342,(anonymous_28)
FN:402,(anonymous_29)
FN:410,(anonymous_30)
FN:426,(anonymous_31)
FN:434,(anonymous_32)
FN:440,(anonymous_33)
FN:441,(anonymous_34)
FN:456,(anonymous_35)
FN:474,(anonymous_36)
FN:475,(anonymous_37)
FN:476,(anonymous_38)
FN:501,(anonymous_39)
FN:503,(anonymous_40)
FN:505,(anonymous_41)
FN:517,(anonymous_42)
FN:535,(anonymous_43)
FN:537,(anonymous_44)
FN:551,(anonymous_45)
FN:572,(anonymous_46)
FN:580,(anonymous_47)
FN:590,(anonymous_48)
FN:604,(anonymous_49)
FN:608,(anonymous_50)
FN:625,(anonymous_51)
FN:707,(anonymous_52)
FN:724,(anonymous_53)
FN:753,(anonymous_54)
FN:765,(anonymous_55)
FN:786,(anonymous_56)
FNF:57
FNH:0
FNDA:0,(anonymous_0)
FNDA:0,(anonymous_1)
FNDA:0,(anonymous_2)
FNDA:0,(anonymous_3)
FNDA:0,(anonymous_4)
FNDA:0,(anonymous_5)
FNDA:0,(anonymous_6)
FNDA:0,(anonymous_7)
FNDA:0,(anonymous_8)
FNDA:0,(anonymous_9)
FNDA:0,(anonymous_10)
FNDA:0,(anonymous_11)
FNDA:0,(anonymous_12)
FNDA:0,(anonymous_13)
FNDA:0,(anonymous_14)
FNDA:0,(anonymous_15)
FNDA:0,(anonymous_16)
FNDA:0,(anonymous_17)
FNDA:0,(anonymous_18)
FNDA:0,(anonymous_19)
FNDA:0,(anonymous_20)
FNDA:0,(anonymous_21)
FNDA:0,(anonymous_22)
FNDA:0,(anonymous_23)
FNDA:0,(anonymous_24)
FNDA:0,(anonymous_25)
FNDA:0,(anonymous_26)
FNDA:0,(anonymous_27)
FNDA:0,(anonymous_28)
FNDA:0,(anonymous_29)
FNDA:0,(anonymous_30)
FNDA:0,(anonymous_31)
FNDA:0,(anonymous_32)
FNDA:0,(anonymous_33)
FNDA:0,(anonymous_34)
FNDA:0,(anonymous_35)
FNDA:0,(anonymous_36)
FNDA:0,(anonymous_37)
FNDA:0,(anonymous_38)
FNDA:0,(anonymous_39)
FNDA:0,(anonymous_40)
FNDA:0,(anonymous_41)
FNDA:0,(anonymous_42)
FNDA:0,(anonymous_43)
FNDA:0,(anonymous_44)
FNDA:0,(anonymous_45)
FNDA:0,(anonymous_46)
FNDA:0,(anonymous_47)
FNDA:0,(anonymous_48)
FNDA:0,(anonymous_49)
FNDA:0,(anonymous_50)
FNDA:0,(anonymous_51)
FNDA:0,(anonymous_52)
FNDA:0,(anonymous_53)
FNDA:0,(anonymous_54)
FNDA:0,(anonymous_55)
FNDA:0,(anonymous_56)
DA:15,0
DA:20,0
DA:24,0
DA:25,0
DA:28,0
DA:29,0
DA:32,0
DA:35,0
DA:36,0
DA:40,0
DA:41,0
DA:44,0
DA:53,0
DA:58,0
DA:62,0
DA:66,0
DA:70,0
DA:74,0
DA:82,0
DA:87,0
DA:91,0
DA:95,0
DA:99,0
DA:103,0
DA:109,0
DA:110,0
DA:111,0
DA:120,0
DA:129,0
DA:136,0
DA:139,0
DA:145,0
DA:150,0
DA:151,0
DA:154,0
DA:155,0
DA:156,0
DA:160,0
DA:161,0
DA:162,0
DA:163,0
DA:166,0
DA:168,0
DA:178,0
DA:179,0
DA:187,0
DA:191,0
DA:202,0
DA:206,0
DA:216,0
DA:223,0
DA:224,0
DA:226,0
DA:228,0
DA:229,0
DA:238,0
DA:247,0
DA:259,0
DA:270,0
DA:279,0
DA:292,0
DA:294,0
DA:301,0
DA:311,0
DA:313,0
DA:320,0
DA:329,0
DA:332,0
DA:338,0
DA:344,0
DA:345,0
DA:348,0
DA:349,0
DA:351,0
DA:352,0
DA:353,0
DA:354,0
DA:358,0
DA:359,0
DA:362,0
DA:403,0
DA:404,0
DA:411,0
DA:412,0
DA:415,0
DA:416,0
DA:417,0
DA:418,0
DA:427,0
DA:435,0
DA:436,0
DA:439,0
DA:440,0
DA:441,0
DA:443,0
DA:445,0
DA:446,0
DA:448,0
DA:449,0
DA:461,0
DA:463,0
DA:475,0
DA:476,0
DA:477,0
DA:484,0
DA:485,0
DA:488,0
DA:489,0
DA:491,0
DA:492,0
DA:494,0
DA:502,0
DA:503,0
DA:505,0
DA:517,0
DA:526,0
DA:529,0
DA:530,0
DA:533,0
DA:534,0
DA:536,0
DA:537,0
DA:538,0
DA:539,0
DA:540,0
DA:541,0
DA:549,0
DA:550,0
DA:552,0
DA:553,0
DA:554,0
DA:555,0
DA:556,0
DA:557,0
DA:559,0
DA:565,0
DA:572,0
DA:580,0
DA:581,0
DA:584,0
DA:585,0
DA:586,0
DA:587,0
DA:588,0
DA:590,0
DA:591,0
DA:598,0
DA:603,0
DA:604,0
DA:605,0
DA:606,0
DA:607,0
DA:608,0
DA:609,0
DA:625,0
DA:626,0
DA:644,0
DA:666,0
DA:702,0
DA:708,0
DA:709,0
DA:710,0
DA:711,0
DA:713,0
DA:714,0
DA:716,0
DA:725,0
DA:726,0
DA:729,0
DA:730,0
DA:731,0
DA:734,0
DA:735,0
DA:736,0
DA:737,0
DA:740,0
DA:741,0
DA:742,0
DA:743,0
DA:744,0
DA:746,0
DA:754,0
DA:766,0
DA:767,0
DA:768,0
DA:769,0
DA:771,0
DA:772,0
DA:775,0
DA:776,0
DA:777,0
DA:778,0
DA:781,0
DA:782,0
DA:786,0
LF:195
LH:0
BRDA:25,0,0,0
BRDA:32,1,0,0
BRDA:32,2,0,0
BRDA:32,2,1,0
BRDA:35,3,0,0
BRDA:35,4,0,0
BRDA:35,4,1,0
BRDA:35,4,2,0
BRDA:40,5,0,0
BRDA:129,6,0,0
BRDA:129,6,1,0
BRDA:155,7,0,0
BRDA:162,8,0,0
BRDA:209,9,0,0
BRDA:209,9,1,0
BRDA:226,10,0,0
BRDA:351,11,0,0
BRDA:353,12,0,0
BRDA:411,13,0,0
BRDA:416,14,0,0
BRDA:436,15,0,0
BRDA:443,16,0,0
BRDA:446,17,0,0
BRDA:464,18,0,0
BRDA:464,18,1,0
BRDA:465,19,0,0
BRDA:465,19,1,0
BRDA:466,20,0,0
BRDA:466,20,1,0
BRDA:476,21,0,0
BRDA:476,21,1,0
BRDA:478,22,0,0
BRDA:478,22,1,0
BRDA:479,23,0,0
BRDA:479,23,1,0
BRDA:480,24,0,0
BRDA:480,24,1,0
BRDA:488,25,0,0
BRDA:491,26,0,0
BRDA:519,27,0,0
BRDA:526,28,0,0
BRDA:526,29,0,0
BRDA:526,30,0,0
BRDA:526,31,0,0
BRDA:533,32,0,0
BRDA:539,33,0,0
BRDA:549,34,0,0
BRDA:552,35,0,0
BRDA:556,36,0,0
BRDA:556,37,0,0
BRDA:556,37,1,0
BRDA:557,38,0,0
BRDA:585,39,0,0
BRDA:588,40,0,0
BRDA:603,41,0,0
BRDA:605,42,0,0
BRDA:607,43,0,0
BRDA:707,44,0,0
BRDA:711,45,0,0
BRDA:714,46,0,0
BRDA:714,46,1,0
BRDA:729,47,0,0
BRDA:730,48,0,0
BRDA:731,49,0,0
BRDA:734,50,0,0
BRDA:735,51,0,0
BRDA:736,52,0,0
BRDA:737,53,0,0
BRDA:740,54,0,0
BRDA:741,55,0,0
BRDA:742,56,0,0
BRDA:743,57,0,0
BRDA:744,58,0,0
BRDA:765,59,0,0
BRF:74
BRH:0
end_of_record
TN:
SF:shared\core\src\validation\schemas\property.ts
FN:265,(anonymous_0)
FN:293,(anonymous_1)
FN:314,(anonymous_2)
FN:319,(anonymous_3)
FNF:4
FNH:0
FNDA:0,(anonymous_0)
FNDA:0,(anonymous_1)
FNDA:0,(anonymous_2)
FNDA:0,(anonymous_3)
DA:22,0
DA:35,0
DA:48,0
DA:59,0
DA:71,0
DA:83,0
DA:100,0
DA:116,0
DA:141,0
DA:166,0
DA:186,0
DA:200,0
DA:222,0
DA:265,0
DA:273,0
DA:287,0
DA:293,0
DA:305,0
DA:314,0
DA:319,0
DA:329,0
DA:346,0
DA:365,0
DA:385,0
LF:24
LH:0
BRDA:267,0,0,0
BRDA:267,0,1,0
BRF:2
BRH:0
end_of_record
TN:
SF:shared\i18n\en.ts
FNF:0
FNH:0
DA:1,0
LF:1
LH:0
BRF:0
BRH:0
end_of_record
TN:
SF:shared\schema\enum.ts
FNF:0
FNH:0
DA:7,0
DA:8,0
DA:9,0
DA:10,0
DA:11,0
DA:12,0
DA:13,0
DA:14,0
DA:15,0
DA:16,0
DA:17,0
DA:18,0
DA:19,0
DA:20,0
DA:21,0
DA:29,0
DA:32,0
DA:35,0
DA:38,0
DA:42,0
DA:43,0
DA:44,0
DA:45,0
DA:46,0
DA:47,0
DA:48,0
DA:49,0
DA:50,0
DA:51,0
DA:52,0
DA:53,0
DA:54,0
LF:32
LH:0
BRF:0
BRH:0
end_of_record
TN:
SF:shared\schema\schema.ts
FN:35,(anonymous_0)
FN:44,(anonymous_1)
FN:55,(anonymous_2)
FN:65,(anonymous_3)
FN:75,(anonymous_4)
FN:82,(anonymous_5)
FN:87,(anonymous_6)
FN:94,(anonymous_7)
FN:99,(anonymous_8)
FN:106,(anonymous_9)
FN:117,(anonymous_10)
FN:124,(anonymous_11)
FN:127,(anonymous_12)
FN:134,(anonymous_13)
FN:144,(anonymous_14)
FN:172,(anonymous_15)
FN:186,(anonymous_16)
FN:200,(anonymous_17)
FN:217,(anonymous_18)
FN:220,(anonymous_19)
FN:229,(anonymous_20)
FN:230,(anonymous_21)
FN:235,(anonymous_22)
FN:244,(anonymous_23)
FN:245,(anonymous_24)
FN:249,(anonymous_25)
FN:255,(anonymous_26)
FN:268,(anonymous_27)
FN:269,(anonymous_28)
FN:273,(anonymous_29)
FN:282,(anonymous_30)
FN:283,(anonymous_31)
FN:291,(anonymous_32)
FN:303,(anonymous_33)
FN:304,(anonymous_34)
FN:311,(anonymous_35)
FN:322,(anonymous_36)
FN:324,(anonymous_37)
FN:332,(anonymous_38)
FN:347,(anonymous_39)
FN:354,(anonymous_40)
FN:357,(anonymous_41)
FN:381,(anonymous_42)
FN:399,(anonymous_43)
FN:409,(anonymous_44)
FN:419,(anonymous_45)
FN:420,(anonymous_46)
FN:433,(anonymous_47)
FN:458,(anonymous_48)
FN:469,(anonymous_49)
FN:479,(anonymous_50)
FN:489,(anonymous_51)
FN:498,(anonymous_52)
FN:514,(anonymous_53)
FN:521,(anonymous_54)
FN:526,(anonymous_55)
FN:543,(anonymous_56)
FN:544,(anonymous_57)
FN:548,(anonymous_58)
FN:550,(anonymous_59)
FN:567,(anonymous_60)
FN:578,(anonymous_61)
FN:602,(anonymous_62)
FN:627,(anonymous_63)
FN:647,(anonymous_64)
FN:652,(anonymous_65)
FN:669,(anonymous_66)
FN:671,(anonymous_67)
FN:673,(anonymous_68)
FN:675,(anonymous_69)
FN:678,(anonymous_70)
FN:699,(anonymous_71)
FN:719,(anonymous_72)
FN:727,(anonymous_73)
FN:738,(anonymous_74)
FN:747,(anonymous_75)
FN:749,(anonymous_76)
FN:760,(anonymous_77)
FN:768,(anonymous_78)
FN:796,(anonymous_79)
FN:807,(anonymous_80)
FN:815,(anonymous_81)
FN:829,(anonymous_82)
FN:834,(anonymous_83)
FN:845,(anonymous_84)
FN:853,(anonymous_85)
FN:868,(anonymous_86)
FN:872,(anonymous_87)
FN:875,(anonymous_88)
FN:892,(anonymous_89)
FN:894,(anonymous_90)
FN:895,(anonymous_91)
FN:896,(anonymous_92)
FN:903,(anonymous_93)
FN:926,(anonymous_94)
FN:936,(anonymous_95)
FN:948,(anonymous_96)
FN:959,(anonymous_97)
FN:973,(anonymous_98)
FN:990,(anonymous_99)
FN:1008,(anonymous_100)
FN:1016,(anonymous_101)
FN:1020,(anonymous_102)
FN:1254,(anonymous_103)
FN:1258,(anonymous_104)
FN:1261,(anonymous_105)
FNF:106
FNH:0
FNDA:0,(anonymous_0)
FNDA:0,(anonymous_1)
FNDA:0,(anonymous_2)
FNDA:0,(anonymous_3)
FNDA:0,(anonymous_4)
FNDA:0,(anonymous_5)
FNDA:0,(anonymous_6)
FNDA:0,(anonymous_7)
FNDA:0,(anonymous_8)
FNDA:0,(anonymous_9)
FNDA:0,(anonymous_10)
FNDA:0,(anonymous_11)
FNDA:0,(anonymous_12)
FNDA:0,(anonymous_13)
FNDA:0,(anonymous_14)
FNDA:0,(anonymous_15)
FNDA:0,(anonymous_16)
FNDA:0,(anonymous_17)
FNDA:0,(anonymous_18)
FNDA:0,(anonymous_19)
FNDA:0,(anonymous_20)
FNDA:0,(anonymous_21)
FNDA:0,(anonymous_22)
FNDA:0,(anonymous_23)
FNDA:0,(anonymous_24)
FNDA:0,(anonymous_25)
FNDA:0,(anonymous_26)
FNDA:0,(anonymous_27)
FNDA:0,(anonymous_28)
FNDA:0,(anonymous_29)
FNDA:0,(anonymous_30)
FNDA:0,(anonymous_31)
FNDA:0,(anonymous_32)
FNDA:0,(anonymous_33)
FNDA:0,(anonymous_34)
FNDA:0,(anonymous_35)
FNDA:0,(anonymous_36)
FNDA:0,(anonymous_37)
FNDA:0,(anonymous_38)
FNDA:0,(anonymous_39)
FNDA:0,(anonymous_40)
FNDA:0,(anonymous_41)
FNDA:0,(anonymous_42)
FNDA:0,(anonymous_43)
FNDA:0,(anonymous_44)
FNDA:0,(anonymous_45)
FNDA:0,(anonymous_46)
FNDA:0,(anonymous_47)
FNDA:0,(anonymous_48)
FNDA:0,(anonymous_49)
FNDA:0,(anonymous_50)
FNDA:0,(anonymous_51)
FNDA:0,(anonymous_52)
FNDA:0,(anonymous_53)
FNDA:0,(anonymous_54)
FNDA:0,(anonymous_55)
FNDA:0,(anonymous_56)
FNDA:0,(anonymous_57)
FNDA:0,(anonymous_58)
FNDA:0,(anonymous_59)
FNDA:0,(anonymous_60)
FNDA:0,(anonymous_61)
FNDA:0,(anonymous_62)
FNDA:0,(anonymous_63)
FNDA:0,(anonymous_64)
FNDA:0,(anonymous_65)
FNDA:0,(anonymous_66)
FNDA:0,(anonymous_67)
FNDA:0,(anonymous_68)
FNDA:0,(anonymous_69)
FNDA:0,(anonymous_70)
FNDA:0,(anonymous_71)
FNDA:0,(anonymous_72)
FNDA:0,(anonymous_73)
FNDA:0,(anonymous_74)
FNDA:0,(anonymous_75)
FNDA:0,(anonymous_76)
FNDA:0,(anonymous_77)
FNDA:0,(anonymous_78)
FNDA:0,(anonymous_79)
FNDA:0,(anonymous_80)
FNDA:0,(anonymous_81)
FNDA:0,(anonymous_82)
FNDA:0,(anonymous_83)
FNDA:0,(anonymous_84)
FNDA:0,(anonymous_85)
FNDA:0,(anonymous_86)
FNDA:0,(anonymous_87)
FNDA:0,(anonymous_88)
FNDA:0,(anonymous_89)
FNDA:0,(anonymous_90)
FNDA:0,(anonymous_91)
FNDA:0,(anonymous_92)
FNDA:0,(anonymous_93)
FNDA:0,(anonymous_94)
FNDA:0,(anonymous_95)
FNDA:0,(anonymous_96)
FNDA:0,(anonymous_97)
FNDA:0,(anonymous_98)
FNDA:0,(anonymous_99)
FNDA:0,(anonymous_100)
FNDA:0,(anonymous_101)
FNDA:0,(anonymous_102)
FNDA:0,(anonymous_103)
FNDA:0,(anonymous_104)
FNDA:0,(anonymous_105)
DA:21,0
DA:35,0
DA:42,0
DA:44,0
DA:55,0
DA:63,0
DA:65,0
DA:75,0
DA:80,0
DA:82,0
DA:87,0
DA:92,0
DA:94,0
DA:99,0
DA:104,0
DA:106,0
DA:117,0
DA:122,0
DA:124,0
DA:127,0
DA:132,0
DA:134,0
DA:144,0
DA:155,0
DA:172,0
DA:178,0
DA:186,0
DA:200,0
DA:215,0
DA:217,0
DA:220,0
DA:227,0
DA:229,0
DA:230,0
DA:235,0
DA:242,0
DA:244,0
DA:245,0
DA:249,0
DA:255,0
DA:266,0
DA:268,0
DA:269,0
DA:273,0
DA:280,0
DA:282,0
DA:283,0
DA:291,0
DA:301,0
DA:303,0
DA:304,0
DA:311,0
DA:320,0
DA:322,0
DA:324,0
DA:332,0
DA:345,0
DA:347,0
DA:354,0
DA:357,0
DA:367,0
DA:381,0
DA:397,0
DA:399,0
DA:409,0
DA:417,0
DA:419,0
DA:420,0
DA:433,0
DA:447,0
DA:458,0
DA:467,0
DA:469,0
DA:479,0
DA:487,0
DA:489,0
DA:498,0
DA:510,0
DA:514,0
DA:521,0
DA:526,0
DA:537,0
DA:543,0
DA:544,0
DA:548,0
DA:550,0
DA:564,0
DA:567,0
DA:578,0
DA:588,0
DA:602,0
DA:611,0
DA:627,0
DA:636,0
DA:647,0
DA:652,0
DA:661,0
DA:669,0
DA:671,0
DA:673,0
DA:675,0
DA:678,0
DA:687,0
DA:699,0
DA:710,0
DA:719,0
DA:727,0
DA:736,0
DA:738,0
DA:747,0
DA:749,0
DA:758,0
DA:760,0
DA:768,0
DA:780,0
DA:796,0
DA:805,0
DA:807,0
DA:815,0
DA:823,0
DA:829,0
DA:834,0
DA:843,0
DA:845,0
DA:853,0
DA:866,0
DA:868,0
DA:872,0
DA:875,0
DA:888,0
DA:892,0
DA:894,0
DA:895,0
DA:896,0
DA:903,0
DA:913,0
DA:926,0
DA:934,0
DA:936,0
DA:948,0
DA:957,0
DA:959,0
DA:973,0
DA:982,0
DA:990,0
DA:1001,0
DA:1008,0
DA:1013,0
DA:1016,0
DA:1020,0
DA:1145,0
DA:1146,0
DA:1147,0
DA:1148,0
DA:1149,0
DA:1150,0
DA:1151,0
DA:1152,0
DA:1154,0
DA:1155,0
DA:1156,0
DA:1157,0
DA:1158,0
DA:1159,0
DA:1160,0
DA:1162,0
DA:1164,0
DA:1166,0
DA:1167,0
DA:1168,0
DA:1169,0
DA:1171,0
DA:1172,0
DA:1173,0
DA:1176,0
DA:1177,0
DA:1180,0
DA:1181,0
DA:1182,0
DA:1183,0
DA:1184,0
DA:1185,0
DA:1187,0
DA:1188,0
DA:1189,0
DA:1191,0
DA:1192,0
DA:1193,0
DA:1194,0
DA:1196,0
DA:1198,0
DA:1199,0
DA:1200,0
DA:1201,0
DA:1202,0
DA:1204,0
DA:1205,0
DA:1253,0
DA:1256,0
DA:1259,0
DA:1262,0
LF:201
LH:0
BRDA:1256,0,0,0
BRDA:1256,0,1,0
BRDA:1256,0,2,0
BRDA:1259,1,0,0
BRDA:1259,1,1,0
BRDA:1262,2,0,0
BRDA:1262,2,1,0
BRF:7
BRH:0
end_of_record
TN:
SF:shared\schema\searchVectorMigration.ts
FN:48,applySearchVectorMigration
FNF:1
FNH:0
FNDA:0,applySearchVectorMigration
DA:3,0
DA:49,0
DA:50,0
DA:52,0
LF:4
LH:0
BRDA:49,0,0,0
BRDA:49,1,0,0
BRDA:49,1,1,0
BRF:3
BRH:0
end_of_record
TN:
SF:shared\schema\validation.ts
FNF:0
FNH:0
DA:15,0
DA:16,0
DA:17,0
DA:18,0
DA:19,0
DA:20,0
DA:21,0
DA:22,0
DA:23,0
DA:24,0
DA:25,0
DA:26,0
DA:27,0
DA:30,0
DA:36,0
DA:43,0
DA:45,0
DA:51,0
DA:55,0
DA:61,0
DA:62,0
DA:63,0
DA:64,0
DA:65,0
DA:66,0
DA:69,0
DA:70,0
DA:71,0
DA:74,0
DA:79,0
LF:30
LH:0
BRF:0
BRH:0
end_of_record
TN:
SF:shared\types\errors.ts
FN:21,(anonymous_0)
FN:28,(anonymous_1)
FN:35,(anonymous_2)
FN:42,(anonymous_3)
FN:49,(anonymous_4)
FN:56,(anonymous_5)
FN:63,(anonymous_6)
FN:73,createValidationError
FN:77,createAuthenticationError
FN:81,createAuthorizationError
FN:85,createNotFoundError
FN:89,createConflictError
FN:93,createDatabaseError
FN:98,asyncHandler
FN:99,(anonymous_14)
FN:105,setupGlobalErrorHandlers
FNF:16
FNH:0
FNDA:0,(anonymous_0)
FNDA:0,(anonymous_1)
FNDA:0,(anonymous_2)
FNDA:0,(anonymous_3)
FNDA:0,(anonymous_4)
FNDA:0,(anonymous_5)
FNDA:0,(anonymous_6)
FNDA:0,createValidationError
FNDA:0,createAuthenticationError
FNDA:0,createAuthorizationError
FNDA:0,createNotFoundError
FNDA:0,createConflictError
FNDA:0,createDatabaseError
FNDA:0,asyncHandler
FNDA:0,(anonymous_14)
FNDA:0,setupGlobalErrorHandlers
DA:22,0
DA:23,0
DA:29,0
DA:30,0
DA:36,0
DA:37,0
DA:43,0
DA:44,0
DA:50,0
DA:51,0
DA:57,0
DA:58,0
DA:64,0
DA:65,0
DA:74,0
DA:78,0
DA:82,0
DA:86,0
DA:90,0
DA:94,0
DA:99,0
DA:100,0
DA:107,0
LF:23
LH:0
BRDA:21,0,0,0
BRDA:28,1,0,0
BRDA:35,2,0,0
BRDA:42,3,0,0
BRDA:49,4,0,0
BRDA:56,5,0,0
BRDA:63,6,0,0
BRDA:77,7,0,0
BRDA:81,8,0,0
BRDA:85,9,0,0
BRDA:89,10,0,0
BRDA:93,11,0,0
BRF:12
BRH:0
end_of_record
TN:
SF:shared\types\expert.ts
FN:52,(anonymous_0)
FN:72,(anonymous_1)
FN:89,(anonymous_2)
FNF:3
FNH:0
FNDA:0,(anonymous_0)
FNDA:0,(anonymous_1)
FNDA:0,(anonymous_2)
DA:52,0
DA:53,0
DA:54,0
DA:55,0
DA:56,0
DA:57,0
DA:72,0
DA:73,0
DA:74,0
DA:75,0
DA:76,0
DA:89,0
DA:90,0
DA:91,0
LF:14
LH:0
BRDA:52,0,0,0
BRDA:52,0,1,0
BRDA:72,1,0,0
BRDA:72,1,1,0
BRF:4
BRH:0
end_of_record
