{"numTotalTestSuites":137,"numPassedTestSuites":128,"numFailedTestSuites":9,"numPendingTestSuites":0,"numTotalTests":445,"numPassedTests":434,"numFailedTests":11,"numPendingTests":0,"numTodoTests":0,"snapshot":{"added":0,"failure":false,"filesAdded":0,"filesRemoved":0,"filesRemovedList":[],"filesUnmatched":0,"filesUpdated":0,"matched":0,"total":0,"unchecked":0,"uncheckedKeysByFile":[],"unmatched":0,"updated":0,"didUpdate":false},"startTime":1773904594116,"success":false,"testResults":[{"assertionResults":[{"ancestorTitles":["Shared Utilities Unit Tests","Date Formatting Utilities","dateToStringTransformer"],"fullName":"Shared Utilities Unit Tests Date Formatting Utilities dateToStringTransformer should format Date to ISO 8601 string","status":"passed","title":"should format Date to ISO 8601 string","duration":19.69519999999966,"failureMessages":[],"meta":{}},{"ancestorTitles":["Shared Utilities Unit Tests","Date Formatting Utilities","dateToStringTransformer"],"fullName":"Shared Utilities Unit Tests Date Formatting Utilities dateToStringTransformer should parse ISO 8601 string to Date","status":"passed","title":"should parse ISO 8601 string to Date","duration":1.1289999999999054,"failureMessages":[],"meta":{}},{"ancestorTitles":["Shared Utilities Unit Tests","Date Formatting Utilities","dateToStringTransformer"],"fullName":"Shared Utilities Unit Tests Date Formatting Utilities dateToStringTransformer should handle dates with milliseconds precision","status":"passed","title":"should handle dates with milliseconds precision","duration":0.9424999999996544,"failureMessages":[],"meta":{}},{"ancestorTitles":["Shared Utilities Unit Tests","Date Formatting Utilities","dateToStringTransformer"],"fullName":"Shared Utilities Unit Tests Date Formatting Utilities dateToStringTransformer should handle epoch date (1970-01-01)","status":"passed","title":"should handle epoch date (1970-01-01)","duration":0.6520000000000437,"failureMessages":[],"meta":{}},{"ancestorTitles":["Shared Utilities Unit Tests","Date Formatting Utilities","dateToStringTransformer"],"fullName":"Shared Utilities Unit Tests Date Formatting Utilities dateToStringTransformer should handle dates far in the future","status":"passed","title":"should handle dates far in the future","duration":0.7990999999997257,"failureMessages":[],"meta":{}},{"ancestorTitles":["Shared Utilities Unit Tests","Date Formatting Utilities","dateToStringTransformer"],"fullName":"Shared Utilities Unit Tests Date Formatting Utilities dateToStringTransformer should handle dates far in the past","status":"passed","title":"should handle dates far in the past","duration":0.7188999999998487,"failureMessages":[],"meta":{}},{"ancestorTitles":["Shared Utilities Unit Tests","Date Formatting Utilities","dateToStringTransformer"],"fullName":"Shared Utilities Unit Tests Date Formatting Utilities dateToStringTransformer should be reversible (round-trip)","status":"passed","title":"should be reversible (round-trip)","duration":0.5131999999998698,"failureMessages":[],"meta":{}},{"ancestorTitles":["Shared Utilities Unit Tests","Date Formatting Utilities","optionalDateToStringTransformer"],"fullName":"Shared Utilities Unit Tests Date Formatting Utilities optionalDateToStringTransformer should format valid Date to ISO string","status":"passed","title":"should format valid Date to ISO string","duration":0.8227999999999156,"failureMessages":[],"meta":{}},{"ancestorTitles":["Shared Utilities Unit Tests","Date Formatting Utilities","optionalDateToStringTransformer"],"fullName":"Shared Utilities Unit Tests Date Formatting Utilities optionalDateToStringTransformer should return null for null input","status":"passed","title":"should return null for null input","duration":1.142500000000382,"failureMessages":[],"meta":{}},{"ancestorTitles":["Shared Utilities Unit Tests","Date Formatting Utilities","optionalDateToStringTransformer"],"fullName":"Shared Utilities Unit Tests Date Formatting Utilities optionalDateToStringTransformer should return null for undefined input","status":"passed","title":"should return null for undefined input","duration":0.4958000000001448,"failureMessages":[],"meta":{}},{"ancestorTitles":["Shared Utilities Unit Tests","Date Formatting Utilities","optionalDateToStringTransformer"],"fullName":"Shared Utilities Unit Tests Date Formatting Utilities optionalDateToStringTransformer should parse ISO string to Date","status":"passed","title":"should parse ISO string to Date","duration":0.7065999999999804,"failureMessages":[],"meta":{}},{"ancestorTitles":["Shared Utilities Unit Tests","Date Formatting Utilities","optionalDateToStringTransformer"],"fullName":"Shared Utilities Unit Tests Date Formatting Utilities optionalDateToStringTransformer should return null when reversing null","status":"passed","title":"should return null when reversing null","duration":0.29919999999992797,"failureMessages":[],"meta":{}},{"ancestorTitles":["Shared Utilities Unit Tests","Date Formatting Utilities","optionalDateToStringTransformer"],"fullName":"Shared Utilities Unit Tests Date Formatting Utilities optionalDateToStringTransformer should be reversible with valid dates","status":"passed","title":"should be reversible with valid dates","duration":0.36520000000018626,"failureMessages":[],"meta":{}},{"ancestorTitles":["Shared Utilities Unit Tests","Date Formatting Utilities","optionalDateToStringTransformer"],"fullName":"Shared Utilities Unit Tests Date Formatting Utilities optionalDateToStringTransformer should be reversible with null","status":"passed","title":"should be reversible with null","duration":0.38930000000027576,"failureMessages":[],"meta":{}},{"ancestorTitles":["Shared Utilities Unit Tests","String Manipulation Utilities","generateCorrelationId"],"fullName":"Shared Utilities Unit Tests String Manipulation Utilities generateCorrelationId should generate a non-empty string","status":"passed","title":"should generate a non-empty string","duration":6.320300000000316,"failureMessages":[],"meta":{}},{"ancestorTitles":["Shared Utilities Unit Tests","String Manipulation Utilities","generateCorrelationId"],"fullName":"Shared Utilities Unit Tests String Manipulation Utilities generateCorrelationId should generate unique IDs","status":"passed","title":"should generate unique IDs","duration":3.5442000000002736,"failureMessages":[],"meta":{}},{"ancestorTitles":["Shared Utilities Unit Tests","String Manipulation Utilities","generateCorrelationId"],"fullName":"Shared Utilities Unit Tests String Manipulation Utilities generateCorrelationId should generate UUID format (if crypto.randomUUID available)","status":"passed","title":"should generate UUID format (if crypto.randomUUID available)","duration":0.5770999999999731,"failureMessages":[],"meta":{}},{"ancestorTitles":["Shared Utilities Unit Tests","String Manipulation Utilities","generateCorrelationId"],"fullName":"Shared Utilities Unit Tests String Manipulation Utilities generateCorrelationId should generate many unique IDs without collision","status":"passed","title":"should generate many unique IDs without collision","duration":6.237599999999929,"failureMessages":[],"meta":{}},{"ancestorTitles":["Shared Utilities Unit Tests","String Manipulation Utilities","Correlation ID Context Management"],"fullName":"Shared Utilities Unit Tests String Manipulation Utilities Correlation ID Context Management should set and get correlation ID","status":"passed","title":"should set and get correlation ID","duration":1.0421999999998661,"failureMessages":[],"meta":{}},{"ancestorTitles":["Shared Utilities Unit Tests","String Manipulation Utilities","Correlation ID Context Management"],"fullName":"Shared Utilities Unit Tests String Manipulation Utilities Correlation ID Context Management should return null when no correlation ID is set","status":"passed","title":"should return null when no correlation ID is set","duration":0.4515000000001237,"failureMessages":[],"meta":{}},{"ancestorTitles":["Shared Utilities Unit Tests","String Manipulation Utilities","Correlation ID Context Management"],"fullName":"Shared Utilities Unit Tests String Manipulation Utilities Correlation ID Context Management should clear correlation ID","status":"passed","title":"should clear correlation ID","duration":0.5958000000000538,"failureMessages":[],"meta":{}},{"ancestorTitles":["Shared Utilities Unit Tests","String Manipulation Utilities","Correlation ID Context Management"],"fullName":"Shared Utilities Unit Tests String Manipulation Utilities Correlation ID Context Management should overwrite previous correlation ID","status":"passed","title":"should overwrite previous correlation ID","duration":0.2857000000003609,"failureMessages":[],"meta":{}},{"ancestorTitles":["Shared Utilities Unit Tests","String Manipulation Utilities","Correlation ID Context Management"],"fullName":"Shared Utilities Unit Tests String Manipulation Utilities Correlation ID Context Management should handle empty string correlation ID","status":"passed","title":"should handle empty string correlation ID","duration":0.23850000000038563,"failureMessages":[],"meta":{}},{"ancestorTitles":["Shared Utilities Unit Tests","String Manipulation Utilities","withCorrelationId"],"fullName":"Shared Utilities Unit Tests String Manipulation Utilities withCorrelationId should execute function with correlation ID context","status":"passed","title":"should execute function with correlation ID context","duration":2.4956999999999425,"failureMessages":[],"meta":{}},{"ancestorTitles":["Shared Utilities Unit Tests","String Manipulation Utilities","withCorrelationId"],"fullName":"Shared Utilities Unit Tests String Manipulation Utilities withCorrelationId should clear correlation ID after execution","status":"passed","title":"should clear correlation ID after execution","duration":1.1512000000002445,"failureMessages":[],"meta":{}},{"ancestorTitles":["Shared Utilities Unit Tests","String Manipulation Utilities","withCorrelationId"],"fullName":"Shared Utilities Unit Tests String Manipulation Utilities withCorrelationId should clear correlation ID even if function throws","status":"passed","title":"should clear correlation ID even if function throws","duration":4.5470000000000255,"failureMessages":[],"meta":{}},{"ancestorTitles":["Shared Utilities Unit Tests","String Manipulation Utilities","withCorrelationId"],"fullName":"Shared Utilities Unit Tests String Manipulation Utilities withCorrelationId should return function result","status":"passed","title":"should return function result","duration":0.7053999999998268,"failureMessages":[],"meta":{}},{"ancestorTitles":["Shared Utilities Unit Tests","String Manipulation Utilities","withCorrelationId"],"fullName":"Shared Utilities Unit Tests String Manipulation Utilities withCorrelationId should handle nested correlation ID contexts","status":"passed","title":"should handle nested correlation ID contexts","duration":1.1069000000002234,"failureMessages":[],"meta":{}},{"ancestorTitles":["Shared Utilities Unit Tests","Validation Utilities","createIdentityTransformer"],"fullName":"Shared Utilities Unit Tests Validation Utilities createIdentityTransformer should return input unchanged in transform","status":"passed","title":"should return input unchanged in transform","duration":0.7287999999998647,"failureMessages":[],"meta":{}},{"ancestorTitles":["Shared Utilities Unit Tests","Validation Utilities","createIdentityTransformer"],"fullName":"Shared Utilities Unit Tests Validation Utilities createIdentityTransformer should return input unchanged in reverse","status":"passed","title":"should return input unchanged in reverse","duration":0.7986000000000786,"failureMessages":[],"meta":{}},{"ancestorTitles":["Shared Utilities Unit Tests","Validation Utilities","createIdentityTransformer"],"fullName":"Shared Utilities Unit Tests Validation Utilities createIdentityTransformer should work with complex objects","status":"passed","title":"should work with complex objects","duration":0.6994999999997162,"failureMessages":[],"meta":{}},{"ancestorTitles":["Shared Utilities Unit Tests","Validation Utilities","createEnumTransformer"],"fullName":"Shared Utilities Unit Tests Validation Utilities createEnumTransformer should transform valid enum values","status":"passed","title":"should transform valid enum values","duration":0.8418000000001484,"failureMessages":[],"meta":{}},{"ancestorTitles":["Shared Utilities Unit Tests","Validation Utilities","createEnumTransformer"],"fullName":"Shared Utilities Unit Tests Validation Utilities createEnumTransformer should reverse valid enum values","status":"passed","title":"should reverse valid enum values","duration":0.7640000000001237,"failureMessages":[],"meta":{}},{"ancestorTitles":["Shared Utilities Unit Tests","Validation Utilities","createEnumTransformer"],"fullName":"Shared Utilities Unit Tests Validation Utilities createEnumTransformer should throw error for invalid enum value in reverse","status":"passed","title":"should throw error for invalid enum value in reverse","duration":22.978399999999965,"failureMessages":[],"meta":{}},{"ancestorTitles":["Shared Utilities Unit Tests","Validation Utilities","createEnumTransformer"],"fullName":"Shared Utilities Unit Tests Validation Utilities createEnumTransformer should include valid values in error message","status":"passed","title":"should include valid values in error message","duration":1.7811999999998989,"failureMessages":[],"meta":{}},{"ancestorTitles":["Shared Utilities Unit Tests","Validation Utilities","createEnumTransformer"],"fullName":"Shared Utilities Unit Tests Validation Utilities createEnumTransformer should work with single-value enum","status":"passed","title":"should work with single-value enum","duration":0.8822000000000116,"failureMessages":[],"meta":{}},{"ancestorTitles":["Shared Utilities Unit Tests","Validation Utilities","createArrayTransformer"],"fullName":"Shared Utilities Unit Tests Validation Utilities createArrayTransformer should transform array of primitives","status":"passed","title":"should transform array of primitives","duration":1.3360999999999876,"failureMessages":[],"meta":{}},{"ancestorTitles":["Shared Utilities Unit Tests","Validation Utilities","createArrayTransformer"],"fullName":"Shared Utilities Unit Tests Validation Utilities createArrayTransformer should reverse array transformation","status":"passed","title":"should reverse array transformation","duration":1.7497000000003027,"failureMessages":[],"meta":{}},{"ancestorTitles":["Shared Utilities Unit Tests","Validation Utilities","createArrayTransformer"],"fullName":"Shared Utilities Unit Tests Validation Utilities createArrayTransformer should handle empty arrays","status":"passed","title":"should handle empty arrays","duration":0.8714999999997417,"failureMessages":[],"meta":{}},{"ancestorTitles":["Shared Utilities Unit Tests","Validation Utilities","createArrayTransformer"],"fullName":"Shared Utilities Unit Tests Validation Utilities createArrayTransformer should transform array of dates","status":"passed","title":"should transform array of dates","duration":1.0318999999999505,"failureMessages":[],"meta":{}},{"ancestorTitles":["Shared Utilities Unit Tests","Validation Utilities","createArrayTransformer"],"fullName":"Shared Utilities Unit Tests Validation Utilities createArrayTransformer should be reversible","status":"passed","title":"should be reversible","duration":0.4673000000002503,"failureMessages":[],"meta":{}},{"ancestorTitles":["Shared Utilities Unit Tests","Validation Utilities","createOptionalArrayTransformer"],"fullName":"Shared Utilities Unit Tests Validation Utilities createOptionalArrayTransformer should transform valid array","status":"passed","title":"should transform valid array","duration":0.4744999999998072,"failureMessages":[],"meta":{}},{"ancestorTitles":["Shared Utilities Unit Tests","Validation Utilities","createOptionalArrayTransformer"],"fullName":"Shared Utilities Unit Tests Validation Utilities createOptionalArrayTransformer should return null for null input","status":"passed","title":"should return null for null input","duration":0.326799999999821,"failureMessages":[],"meta":{}},{"ancestorTitles":["Shared Utilities Unit Tests","Validation Utilities","createOptionalArrayTransformer"],"fullName":"Shared Utilities Unit Tests Validation Utilities createOptionalArrayTransformer should return null for undefined input","status":"passed","title":"should return null for undefined input","duration":0.2944999999999709,"failureMessages":[],"meta":{}},{"ancestorTitles":["Shared Utilities Unit Tests","Validation Utilities","createOptionalArrayTransformer"],"fullName":"Shared Utilities Unit Tests Validation Utilities createOptionalArrayTransformer should reverse valid array","status":"passed","title":"should reverse valid array","duration":0.4493999999999687,"failureMessages":[],"meta":{}},{"ancestorTitles":["Shared Utilities Unit Tests","Validation Utilities","createOptionalArrayTransformer"],"fullName":"Shared Utilities Unit Tests Validation Utilities createOptionalArrayTransformer should return null when reversing null","status":"passed","title":"should return null when reversing null","duration":0.3676999999997861,"failureMessages":[],"meta":{}},{"ancestorTitles":["Shared Utilities Unit Tests","Validation Utilities","createOptionalArrayTransformer"],"fullName":"Shared Utilities Unit Tests Validation Utilities createOptionalArrayTransformer should handle empty arrays","status":"passed","title":"should handle empty arrays","duration":0.40710000000035507,"failureMessages":[],"meta":{}},{"ancestorTitles":["Shared Utilities Unit Tests","Validation Utilities","createOptionalTransformer"],"fullName":"Shared Utilities Unit Tests Validation Utilities createOptionalTransformer should transform valid value","status":"passed","title":"should transform valid value","duration":0.3573999999998705,"failureMessages":[],"meta":{}},{"ancestorTitles":["Shared Utilities Unit Tests","Validation Utilities","createOptionalTransformer"],"fullName":"Shared Utilities Unit Tests Validation Utilities createOptionalTransformer should return null for null input","status":"passed","title":"should return null for null input","duration":0.30369999999993524,"failureMessages":[],"meta":{}},{"ancestorTitles":["Shared Utilities Unit Tests","Validation Utilities","createOptionalTransformer"],"fullName":"Shared Utilities Unit Tests Validation Utilities createOptionalTransformer should return null for undefined input","status":"passed","title":"should return null for undefined input","duration":0.48640000000023065,"failureMessages":[],"meta":{}},{"ancestorTitles":["Shared Utilities Unit Tests","Validation Utilities","createOptionalTransformer"],"fullName":"Shared Utilities Unit Tests Validation Utilities createOptionalTransformer should reverse valid value","status":"passed","title":"should reverse valid value","duration":0.3584000000000742,"failureMessages":[],"meta":{}},{"ancestorTitles":["Shared Utilities Unit Tests","Validation Utilities","createOptionalTransformer"],"fullName":"Shared Utilities Unit Tests Validation Utilities createOptionalTransformer should return null when reversing null","status":"passed","title":"should return null when reversing null","duration":0.27040000000033615,"failureMessages":[],"meta":{}},{"ancestorTitles":["Shared Utilities Unit Tests","Validation Utilities","createOptionalTransformer"],"fullName":"Shared Utilities Unit Tests Validation Utilities createOptionalTransformer should work with date transformer","status":"passed","title":"should work with date transformer","duration":0.5781999999999243,"failureMessages":[],"meta":{}},{"ancestorTitles":["Shared Utilities Unit Tests","Validation Utilities","createFieldMappingTransformer"],"fullName":"Shared Utilities Unit Tests Validation Utilities createFieldMappingTransformer should map fields according to mapping","status":"passed","title":"should map fields according to mapping","duration":0.5869999999999891,"failureMessages":[],"meta":{}},{"ancestorTitles":["Shared Utilities Unit Tests","Validation Utilities","createFieldMappingTransformer"],"fullName":"Shared Utilities Unit Tests Validation Utilities createFieldMappingTransformer should handle partial mappings","status":"passed","title":"should handle partial mappings","duration":0.3443999999999505,"failureMessages":[],"meta":{}},{"ancestorTitles":["Shared Utilities Unit Tests","Validation Utilities","createFieldMappingTransformer"],"fullName":"Shared Utilities Unit Tests Validation Utilities createFieldMappingTransformer should handle missing source fields","status":"passed","title":"should handle missing source fields","duration":0.3000000000001819,"failureMessages":[],"meta":{}},{"ancestorTitles":["Shared Utilities Unit Tests","Validation Utilities","composeTransformers"],"fullName":"Shared Utilities Unit Tests Validation Utilities composeTransformers should compose two transformers","status":"passed","title":"should compose two transformers","duration":0.5307999999999993,"failureMessages":[],"meta":{}},{"ancestorTitles":["Shared Utilities Unit Tests","Validation Utilities","composeTransformers"],"fullName":"Shared Utilities Unit Tests Validation Utilities composeTransformers should compose string transformers","status":"passed","title":"should compose string transformers","duration":0.4825999999998203,"failureMessages":[],"meta":{}},{"ancestorTitles":["Shared Utilities Unit Tests","Validation Utilities","composeTransformers"],"fullName":"Shared Utilities Unit Tests Validation Utilities composeTransformers should be reversible","status":"passed","title":"should be reversible","duration":0.4998000000000502,"failureMessages":[],"meta":{}},{"ancestorTitles":["Shared Utilities Unit Tests","Validation Utilities","createValidatingTransformer"],"fullName":"Shared Utilities Unit Tests Validation Utilities createValidatingTransformer should validate source before transformation","status":"passed","title":"should validate source before transformation","duration":1.3153999999999542,"failureMessages":[],"meta":{}},{"ancestorTitles":["Shared Utilities Unit Tests","Validation Utilities","createValidatingTransformer"],"fullName":"Shared Utilities Unit Tests Validation Utilities createValidatingTransformer should validate target after transformation","status":"passed","title":"should validate target after transformation","duration":1.544800000000123,"failureMessages":[],"meta":{}},{"ancestorTitles":["Shared Utilities Unit Tests","Validation Utilities","createValidatingTransformer"],"fullName":"Shared Utilities Unit Tests Validation Utilities createValidatingTransformer should validate both source and target","status":"passed","title":"should validate both source and target","duration":2.342699999999695,"failureMessages":[],"meta":{}},{"ancestorTitles":["Shared Utilities Unit Tests","Validation Utilities","createValidatingTransformer"],"fullName":"Shared Utilities Unit Tests Validation Utilities createValidatingTransformer should validate in reverse direction","status":"passed","title":"should validate in reverse direction","duration":10.216699999999946,"failureMessages":[],"meta":{}},{"ancestorTitles":["Shared Utilities Unit Tests","Validation Utilities","applyTransformationOptions"],"fullName":"Shared Utilities Unit Tests Validation Utilities applyTransformationOptions should exclude specified fields","status":"passed","title":"should exclude specified fields","duration":0.5882000000001426,"failureMessages":[],"meta":{}},{"ancestorTitles":["Shared Utilities Unit Tests","Validation Utilities","applyTransformationOptions"],"fullName":"Shared Utilities Unit Tests Validation Utilities applyTransformationOptions should include only specified fields","status":"passed","title":"should include only specified fields","duration":0.4109000000003107,"failureMessages":[],"meta":{}},{"ancestorTitles":["Shared Utilities Unit Tests","Validation Utilities","applyTransformationOptions"],"fullName":"Shared Utilities Unit Tests Validation Utilities applyTransformationOptions should exclude null fields by default","status":"passed","title":"should exclude null fields by default","duration":0.9686000000001513,"failureMessages":[],"meta":{}},{"ancestorTitles":["Shared Utilities Unit Tests","Validation Utilities","applyTransformationOptions"],"fullName":"Shared Utilities Unit Tests Validation Utilities applyTransformationOptions should include null fields when specified","status":"passed","title":"should include null fields when specified","duration":0.8240000000000691,"failureMessages":[],"meta":{}},{"ancestorTitles":["Shared Utilities Unit Tests","Validation Utilities","applyTransformationOptions"],"fullName":"Shared Utilities Unit Tests Validation Utilities applyTransformationOptions should return data unchanged when no options provided","status":"passed","title":"should return data unchanged when no options provided","duration":0.7045000000002801,"failureMessages":[],"meta":{}},{"ancestorTitles":["Shared Utilities Unit Tests","Validation Utilities","applyTransformationOptions"],"fullName":"Shared Utilities Unit Tests Validation Utilities applyTransformationOptions should handle empty object","status":"passed","title":"should handle empty object","duration":1.6765999999997803,"failureMessages":[],"meta":{}},{"ancestorTitles":["Shared Utilities Unit Tests","Validation Utilities","createSafeTransformer"],"fullName":"Shared Utilities Unit Tests Validation Utilities createSafeTransformer should return transformed value on success","status":"passed","title":"should return transformed value on success","duration":0.9384000000000015,"failureMessages":[],"meta":{}},{"ancestorTitles":["Shared Utilities Unit Tests","Validation Utilities","createSafeTransformer"],"fullName":"Shared Utilities Unit Tests Validation Utilities createSafeTransformer should return null on transformation error","status":"passed","title":"should return null on transformation error","duration":0.6054000000003725,"failureMessages":[],"meta":{}},{"ancestorTitles":["Shared Utilities Unit Tests","Validation Utilities","createSafeTransformer"],"fullName":"Shared Utilities Unit Tests Validation Utilities createSafeTransformer should return null on reverse error","status":"passed","title":"should return null on reverse error","duration":0.5972999999999047,"failureMessages":[],"meta":{}},{"ancestorTitles":["Shared Utilities Unit Tests","Validation Utilities","createSafeTransformer"],"fullName":"Shared Utilities Unit Tests Validation Utilities createSafeTransformer should handle null input in reverse","status":"passed","title":"should handle null input in reverse","duration":0.4527000000002772,"failureMessages":[],"meta":{}},{"ancestorTitles":["Shared Utilities Unit Tests","Validation Utilities","createSafeTransformer"],"fullName":"Shared Utilities Unit Tests Validation Utilities createSafeTransformer should not throw errors","status":"passed","title":"should not throw errors","duration":1.7490999999999985,"failureMessages":[],"meta":{}}],"startTime":1773904597356,"endTime":1773904597493.749,"status":"passed","message":"","name":"C:/Users/Access Granted/Downloads/projects/SimpleTool/shared/utils/shared-utilities.test.ts"},{"assertionResults":[{"ancestorTitles":["Feature: full-stack-integration, Property 5: API Contract Type Usage"],"fullName":"Feature: full-stack-integration, Property 5: API Contract Type Usage should have API contracts infrastructure in place","status":"passed","title":"should have API contracts infrastructure in place","duration":5.954200000000128,"failureMessages":[],"meta":{}},{"ancestorTitles":["Feature: full-stack-integration, Property 5: API Contract Type Usage"],"fullName":"Feature: full-stack-integration, Property 5: API Contract Type Usage should have contract files that use shared types","status":"passed","title":"should have contract files that use shared types","duration":15.177800000000389,"failureMessages":[],"meta":{}},{"ancestorTitles":["Feature: full-stack-integration, Property 5: API Contract Type Usage"],"fullName":"Feature: full-stack-integration, Property 5: API Contract Type Usage should have endpoint registry that uses shared types","status":"passed","title":"should have endpoint registry that uses shared types","duration":2.231800000000021,"failureMessages":[],"meta":{}},{"ancestorTitles":["Feature: full-stack-integration, Property 5: API Contract Type Usage"],"fullName":"Feature: full-stack-integration, Property 5: API Contract Type Usage should ensure all endpoint definitions use shared types","status":"passed","title":"should ensure all endpoint definitions use shared types","duration":61.427000000000135,"failureMessages":[],"meta":{}},{"ancestorTitles":["Feature: full-stack-integration, Property 5: API Contract Type Usage"],"fullName":"Feature: full-stack-integration, Property 5: API Contract Type Usage should ensure no inline type definitions in endpoint contracts","status":"passed","title":"should ensure no inline type definitions in endpoint contracts","duration":13.638300000000072,"failureMessages":[],"meta":{}},{"ancestorTitles":["Feature: full-stack-integration, Property 5: API Contract Type Usage"],"fullName":"Feature: full-stack-integration, Property 5: API Contract Type Usage should ensure all API types are imported from shared layer","status":"passed","title":"should ensure all API types are imported from shared layer","duration":14.767700000000332,"failureMessages":[],"meta":{}},{"ancestorTitles":["Feature: full-stack-integration, Property 5: API Contract Type Usage"],"fullName":"Feature: full-stack-integration, Property 5: API Contract Type Usage should ensure endpoint schemas use Zod from shared validation","status":"passed","title":"should ensure endpoint schemas use Zod from shared validation","duration":26.891700000000128,"failureMessages":[],"meta":{}},{"ancestorTitles":["Feature: full-stack-integration, Property 5: API Contract Type Usage"],"fullName":"Feature: full-stack-integration, Property 5: API Contract Type Usage should ensure type consistency across contract files","status":"passed","title":"should ensure type consistency across contract files","duration":37.84360000000015,"failureMessages":[],"meta":{}},{"ancestorTitles":["Feature: full-stack-integration, Property 5: API Contract Type Usage"],"fullName":"Feature: full-stack-integration, Property 5: API Contract Type Usage should ensure no duplicate type definitions across layers","status":"passed","title":"should ensure no duplicate type definitions across layers","duration":11.754500000000007,"failureMessages":[],"meta":{}}],"startTime":1773904597568,"endTime":1773904597758.7544,"status":"passed","message":"","name":"C:/Users/Access Granted/Downloads/projects/SimpleTool/shared/__tests__/api-contract-type-usage.property.test.ts"},{"assertionResults":[{"ancestorTitles":["Feature: full-stack-integration, Property 6: Migration Type Generation"],"fullName":"Feature: full-stack-integration, Property 6: Migration Type Generation should have type generation infrastructure in place","status":"failed","title":"should have type generation infrastructure in place","duration":27.612800000000334,"failureMessages":["AssertionError: expected false to be true // Object.is equality\n    at C:\\Users\\Access Granted\\Downloads\\projects\\SimpleTool\\shared\\__tests__\\migration-type-generation.property.test.ts:133:23\n    at file:///C:/Users/Access%20Granted/Downloads/projects/SimpleTool/node_modules/.pnpm/@vitest+runner@3.2.4/node_modules/@vitest/runner/dist/chunk-hooks.js:155:11\n    at file:///C:/Users/Access%20Granted/Downloads/projects/SimpleTool/node_modules/.pnpm/@vitest+runner@3.2.4/node_modules/@vitest/runner/dist/chunk-hooks.js:752:26\n    at file:///C:/Users/Access%20Granted/Downloads/projects/SimpleTool/node_modules/.pnpm/@vitest+runner@3.2.4/node_modules/@vitest/runner/dist/chunk-hooks.js:1897:20\n    at new Promise (<anonymous>)\n    at runWithTimeout (file:///C:/Users/Access%20Granted/Downloads/projects/SimpleTool/node_modules/.pnpm/@vitest+runner@3.2.4/node_modules/@vitest/runner/dist/chunk-hooks.js:1863:10)\n    at runTest (file:///C:/Users/Access%20Granted/Downloads/projects/SimpleTool/node_modules/.pnpm/@vitest+runner@3.2.4/node_modules/@vitest/runner/dist/chunk-hooks.js:1574:12)\n    at processTicksAndRejections (node:internal/process/task_queues:105:5)\n    at runSuite (file:///C:/Users/Access%20Granted/Downloads/projects/SimpleTool/node_modules/.pnpm/@vitest+runner@3.2.4/node_modules/@vitest/runner/dist/chunk-hooks.js:1729:8)\n    at runSuite (file:///C:/Users/Access%20Granted/Downloads/projects/SimpleTool/node_modules/.pnpm/@vitest+runner@3.2.4/node_modules/@vitest/runner/dist/chunk-hooks.js:1729:8)"],"meta":{}},{"ancestorTitles":["Feature: full-stack-integration, Property 6: Migration Type Generation"],"fullName":"Feature: full-stack-integration, Property 6: Migration Type Generation should generate types for all core tables","status":"failed","title":"should generate types for all core tables","duration":8.602300000000014,"failureMessages":["AssertionError: expected 0 to be greater than 0\n    at C:\\Users\\Access Granted\\Downloads\\projects\\SimpleTool\\shared\\__tests__\\migration-type-generation.property.test.ts:152:34\n    at file:///C:/Users/Access%20Granted/Downloads/projects/SimpleTool/node_modules/.pnpm/@vitest+runner@3.2.4/node_modules/@vitest/runner/dist/chunk-hooks.js:155:11\n    at file:///C:/Users/Access%20Granted/Downloads/projects/SimpleTool/node_modules/.pnpm/@vitest+runner@3.2.4/node_modules/@vitest/runner/dist/chunk-hooks.js:752:26\n    at file:///C:/Users/Access%20Granted/Downloads/projects/SimpleTool/node_modules/.pnpm/@vitest+runner@3.2.4/node_modules/@vitest/runner/dist/chunk-hooks.js:1897:20\n    at new Promise (<anonymous>)\n    at runWithTimeout (file:///C:/Users/Access%20Granted/Downloads/projects/SimpleTool/node_modules/.pnpm/@vitest+runner@3.2.4/node_modules/@vitest/runner/dist/chunk-hooks.js:1863:10)\n    at runTest (file:///C:/Users/Access%20Granted/Downloads/projects/SimpleTool/node_modules/.pnpm/@vitest+runner@3.2.4/node_modules/@vitest/runner/dist/chunk-hooks.js:1574:12)\n    at processTicksAndRejections (node:internal/process/task_queues:105:5)\n    at runSuite (file:///C:/Users/Access%20Granted/Downloads/projects/SimpleTool/node_modules/.pnpm/@vitest+runner@3.2.4/node_modules/@vitest/runner/dist/chunk-hooks.js:1729:8)\n    at runSuite (file:///C:/Users/Access%20Granted/Downloads/projects/SimpleTool/node_modules/.pnpm/@vitest+runner@3.2.4/node_modules/@vitest/runner/dist/chunk-hooks.js:1729:8)"],"meta":{}},{"ancestorTitles":["Feature: full-stack-integration, Property 6: Migration Type Generation"],"fullName":"Feature: full-stack-integration, Property 6: Migration Type Generation should maintain type generation consistency","status":"passed","title":"should maintain type generation consistency","duration":93.13999999999987,"failureMessages":[],"meta":{}},{"ancestorTitles":["Feature: full-stack-integration, Property 6: Migration Type Generation"],"fullName":"Feature: full-stack-integration, Property 6: Migration Type Generation should handle migration type generation idempotently","status":"passed","title":"should handle migration type generation idempotently","duration":22.117099999999937,"failureMessages":[],"meta":{}},{"ancestorTitles":["Feature: full-stack-integration, Property 6: Migration Type Generation"],"fullName":"Feature: full-stack-integration, Property 6: Migration Type Generation should map SQL types to TypeScript types correctly","status":"passed","title":"should map SQL types to TypeScript types correctly","duration":15.948199999999815,"failureMessages":[],"meta":{}},{"ancestorTitles":["Feature: full-stack-integration, Property 6: Migration Type Generation"],"fullName":"Feature: full-stack-integration, Property 6: Migration Type Generation should preserve type safety across migrations","status":"passed","title":"should preserve type safety across migrations","duration":49.40660000000025,"failureMessages":[],"meta":{}}],"startTime":1773904597552,"endTime":1773904597771.4065,"status":"failed","message":"","name":"C:/Users/Access Granted/Downloads/projects/SimpleTool/shared/__tests__/migration-type-generation.property.test.ts"},{"assertionResults":[{"ancestorTitles":["Feature: full-stack-integration - Transformation Edge Cases","Null Value Handling"],"fullName":"Feature: full-stack-integration - Transformation Edge Cases Null Value Handling should handle null optional fields in user transformation","status":"passed","title":"should handle null optional fields in user transformation","duration":4.9275000000002365,"failureMessages":[],"meta":{}},{"ancestorTitles":["Feature: full-stack-integration - Transformation Edge Cases","Null Value Handling"],"fullName":"Feature: full-stack-integration - Transformation Edge Cases Null Value Handling should handle null optional fields in user profile transformation","status":"passed","title":"should handle null optional fields in user profile transformation","duration":1.4801000000002205,"failureMessages":[],"meta":{}},{"ancestorTitles":["Feature: full-stack-integration - Transformation Edge Cases","Null Value Handling"],"fullName":"Feature: full-stack-integration - Transformation Edge Cases Null Value Handling should handle null optional fields in bill transformation","status":"passed","title":"should handle null optional fields in bill transformation","duration":1.8744999999998981,"failureMessages":[],"meta":{}},{"ancestorTitles":["Feature: full-stack-integration - Transformation Edge Cases","Null Value Handling"],"fullName":"Feature: full-stack-integration - Transformation Edge Cases Null Value Handling should preserve null values in reverse transformation","status":"passed","title":"should preserve null values in reverse transformation","duration":1.0450999999998203,"failureMessages":[],"meta":{}},{"ancestorTitles":["Feature: full-stack-integration - Transformation Edge Cases","Null Value Handling"],"fullName":"Feature: full-stack-integration - Transformation Edge Cases Null Value Handling should handle optional date transformer with null","status":"passed","title":"should handle optional date transformer with null","duration":1.1149000000000342,"failureMessages":[],"meta":{}},{"ancestorTitles":["Feature: full-stack-integration - Transformation Edge Cases","Null Value Handling"],"fullName":"Feature: full-stack-integration - Transformation Edge Cases Null Value Handling should handle optional date transformer with undefined","status":"passed","title":"should handle optional date transformer with undefined","duration":0.5827000000003864,"failureMessages":[],"meta":{}},{"ancestorTitles":["Feature: full-stack-integration - Transformation Edge Cases","Null Value Handling"],"fullName":"Feature: full-stack-integration - Transformation Edge Cases Null Value Handling should handle optional transformer with null","status":"passed","title":"should handle optional transformer with null","duration":0.9284000000002379,"failureMessages":[],"meta":{}},{"ancestorTitles":["Feature: full-stack-integration - Transformation Edge Cases","Null Value Handling"],"fullName":"Feature: full-stack-integration - Transformation Edge Cases Null Value Handling should handle optional transformer with undefined","status":"passed","title":"should handle optional transformer with undefined","duration":0.5661000000000058,"failureMessages":[],"meta":{}},{"ancestorTitles":["Feature: full-stack-integration - Transformation Edge Cases","Date Serialization/Deserialization"],"fullName":"Feature: full-stack-integration - Transformation Edge Cases Date Serialization/Deserialization should serialize Date to ISO string","status":"passed","title":"should serialize Date to ISO string","duration":10.251600000000053,"failureMessages":[],"meta":{}},{"ancestorTitles":["Feature: full-stack-integration - Transformation Edge Cases","Date Serialization/Deserialization"],"fullName":"Feature: full-stack-integration - Transformation Edge Cases Date Serialization/Deserialization should deserialize ISO string to Date","status":"passed","title":"should deserialize ISO string to Date","duration":1.2015999999998712,"failureMessages":[],"meta":{}},{"ancestorTitles":["Feature: full-stack-integration - Transformation Edge Cases","Date Serialization/Deserialization"],"fullName":"Feature: full-stack-integration - Transformation Edge Cases Date Serialization/Deserialization should handle date round-trip transformation","status":"passed","title":"should handle date round-trip transformation","duration":0.5368000000003121,"failureMessages":[],"meta":{}},{"ancestorTitles":["Feature: full-stack-integration - Transformation Edge Cases","Date Serialization/Deserialization"],"fullName":"Feature: full-stack-integration - Transformation Edge Cases Date Serialization/Deserialization should handle dates with milliseconds","status":"passed","title":"should handle dates with milliseconds","duration":0.501299999999901,"failureMessages":[],"meta":{}},{"ancestorTitles":["Feature: full-stack-integration - Transformation Edge Cases","Date Serialization/Deserialization"],"fullName":"Feature: full-stack-integration - Transformation Edge Cases Date Serialization/Deserialization should handle dates at epoch","status":"passed","title":"should handle dates at epoch","duration":0.6133999999997286,"failureMessages":[],"meta":{}},{"ancestorTitles":["Feature: full-stack-integration - Transformation Edge Cases","Date Serialization/Deserialization"],"fullName":"Feature: full-stack-integration - Transformation Edge Cases Date Serialization/Deserialization should handle dates far in the future","status":"passed","title":"should handle dates far in the future","duration":0.6233999999999469,"failureMessages":[],"meta":{}},{"ancestorTitles":["Feature: full-stack-integration - Transformation Edge Cases","Date Serialization/Deserialization"],"fullName":"Feature: full-stack-integration - Transformation Edge Cases Date Serialization/Deserialization should handle optional date with valid date","status":"passed","title":"should handle optional date with valid date","duration":0.6996000000003733,"failureMessages":[],"meta":{}},{"ancestorTitles":["Feature: full-stack-integration - Transformation Edge Cases","Date Serialization/Deserialization"],"fullName":"Feature: full-stack-integration - Transformation Edge Cases Date Serialization/Deserialization should preserve dates through user transformation pipeline","status":"passed","title":"should preserve dates through user transformation pipeline","duration":2.1159999999999854,"failureMessages":[],"meta":{}},{"ancestorTitles":["Feature: full-stack-integration - Transformation Edge Cases","Date Serialization/Deserialization"],"fullName":"Feature: full-stack-integration - Transformation Edge Cases Date Serialization/Deserialization should preserve dates through bill transformation pipeline","status":"passed","title":"should preserve dates through bill transformation pipeline","duration":2.591599999999744,"failureMessages":[],"meta":{}},{"ancestorTitles":["Feature: full-stack-integration - Transformation Edge Cases","Enum Transformation"],"fullName":"Feature: full-stack-integration - Transformation Edge Cases Enum Transformation should transform UserRole enum correctly","status":"passed","title":"should transform UserRole enum correctly","duration":0.9194999999999709,"failureMessages":[],"meta":{}},{"ancestorTitles":["Feature: full-stack-integration - Transformation Edge Cases","Enum Transformation"],"fullName":"Feature: full-stack-integration - Transformation Edge Cases Enum Transformation should transform UserStatus enum correctly","status":"passed","title":"should transform UserStatus enum correctly","duration":1.2999999999997272,"failureMessages":[],"meta":{}},{"ancestorTitles":["Feature: full-stack-integration - Transformation Edge Cases","Enum Transformation"],"fullName":"Feature: full-stack-integration - Transformation Edge Cases Enum Transformation should transform VerificationStatus enum correctly","status":"passed","title":"should transform VerificationStatus enum correctly","duration":0.5477999999998246,"failureMessages":[],"meta":{}},{"ancestorTitles":["Feature: full-stack-integration - Transformation Edge Cases","Enum Transformation"],"fullName":"Feature: full-stack-integration - Transformation Edge Cases Enum Transformation should transform AnonymityLevel enum correctly","status":"passed","title":"should transform AnonymityLevel enum correctly","duration":0.47929999999996653,"failureMessages":[],"meta":{}},{"ancestorTitles":["Feature: full-stack-integration - Transformation Edge Cases","Enum Transformation"],"fullName":"Feature: full-stack-integration - Transformation Edge Cases Enum Transformation should transform BillStatus enum correctly","status":"passed","title":"should transform BillStatus enum correctly","duration":2.371599999999944,"failureMessages":[],"meta":{}},{"ancestorTitles":["Feature: full-stack-integration - Transformation Edge Cases","Enum Transformation"],"fullName":"Feature: full-stack-integration - Transformation Edge Cases Enum Transformation should transform Chamber enum correctly","status":"passed","title":"should transform Chamber enum correctly","duration":1.2946999999999207,"failureMessages":[],"meta":{}},{"ancestorTitles":["Feature: full-stack-integration - Transformation Edge Cases","Enum Transformation"],"fullName":"Feature: full-stack-integration - Transformation Edge Cases Enum Transformation should transform BillType enum correctly","status":"passed","title":"should transform BillType enum correctly","duration":2.574899999999616,"failureMessages":[],"meta":{}},{"ancestorTitles":["Feature: full-stack-integration - Transformation Edge Cases","Enum Transformation"],"fullName":"Feature: full-stack-integration - Transformation Edge Cases Enum Transformation should handle enum transformer with valid values","status":"passed","title":"should handle enum transformer with valid values","duration":1.6644000000001142,"failureMessages":[],"meta":{}},{"ancestorTitles":["Feature: full-stack-integration - Transformation Edge Cases","Enum Transformation"],"fullName":"Feature: full-stack-integration - Transformation Edge Cases Enum Transformation should throw error for invalid enum value","status":"passed","title":"should throw error for invalid enum value","duration":20.697700000000168,"failureMessages":[],"meta":{}},{"ancestorTitles":["Feature: full-stack-integration - Transformation Edge Cases","Enum Transformation"],"fullName":"Feature: full-stack-integration - Transformation Edge Cases Enum Transformation should preserve enum values through full transformation pipeline","status":"passed","title":"should preserve enum values through full transformation pipeline","duration":0.9693999999999505,"failureMessages":[],"meta":{}}],"startTime":1773904597347,"endTime":1773904597414.9695,"status":"passed","message":"","name":"C:/Users/Access Granted/Downloads/projects/SimpleTool/shared/__tests__/transformation-edge-cases.unit.test.ts"},{"assertionResults":[{"ancestorTitles":["Feature: full-stack-integration, Property 7: Validation at Integration Points"],"fullName":"Feature: full-stack-integration, Property 7: Validation at Integration Points should have validation infrastructure in place","status":"passed","title":"should have validation infrastructure in place","duration":5.6884000000000015,"failureMessages":[],"meta":{}},{"ancestorTitles":["Feature: full-stack-integration, Property 7: Validation at Integration Points"],"fullName":"Feature: full-stack-integration, Property 7: Validation at Integration Points should have server-side validation middleware","status":"passed","title":"should have server-side validation middleware","duration":2.328599999999824,"failureMessages":[],"meta":{}},{"ancestorTitles":["Feature: full-stack-integration, Property 7: Validation at Integration Points"],"fullName":"Feature: full-stack-integration, Property 7: Validation at Integration Points should have client-side validation","status":"passed","title":"should have client-side validation","duration":1.3967999999999847,"failureMessages":[],"meta":{}},{"ancestorTitles":["Feature: full-stack-integration, Property 7: Validation at Integration Points"],"fullName":"Feature: full-stack-integration, Property 7: Validation at Integration Points should validate data at all integration boundaries","status":"passed","title":"should validate data at all integration boundaries","duration":43.41600000000017,"failureMessages":[],"meta":{}},{"ancestorTitles":["Feature: full-stack-integration, Property 7: Validation at Integration Points"],"fullName":"Feature: full-stack-integration, Property 7: Validation at Integration Points should reject invalid data at boundaries","status":"passed","title":"should reject invalid data at boundaries","duration":22.06439999999975,"failureMessages":[],"meta":{}},{"ancestorTitles":["Feature: full-stack-integration, Property 7: Validation at Integration Points"],"fullName":"Feature: full-stack-integration, Property 7: Validation at Integration Points should use shared validation schemas at all boundaries","status":"passed","title":"should use shared validation schemas at all boundaries","duration":14.827800000000025,"failureMessages":[],"meta":{}},{"ancestorTitles":["Feature: full-stack-integration, Property 7: Validation at Integration Points"],"fullName":"Feature: full-stack-integration, Property 7: Validation at Integration Points should provide detailed validation errors","status":"passed","title":"should provide detailed validation errors","duration":46.66390000000001,"failureMessages":[],"meta":{}},{"ancestorTitles":["Feature: full-stack-integration, Property 7: Validation at Integration Points"],"fullName":"Feature: full-stack-integration, Property 7: Validation at Integration Points should validate request data before processing","status":"passed","title":"should validate request data before processing","duration":25.113900000000285,"failureMessages":[],"meta":{}},{"ancestorTitles":["Feature: full-stack-integration, Property 7: Validation at Integration Points"],"fullName":"Feature: full-stack-integration, Property 7: Validation at Integration Points should validate response data before sending","status":"passed","title":"should validate response data before sending","duration":15.20640000000003,"failureMessages":[],"meta":{}},{"ancestorTitles":["Feature: full-stack-integration, Property 7: Validation at Integration Points"],"fullName":"Feature: full-stack-integration, Property 7: Validation at Integration Points should validate data transformations (database → server)","status":"passed","title":"should validate data transformations (database → server)","duration":32.80799999999999,"failureMessages":[],"meta":{}},{"ancestorTitles":["Feature: full-stack-integration, Property 7: Validation at Integration Points"],"fullName":"Feature: full-stack-integration, Property 7: Validation at Integration Points should validate data transformations (server → database)","status":"passed","title":"should validate data transformations (server → database)","duration":24.81230000000005,"failureMessages":[],"meta":{}},{"ancestorTitles":["Feature: full-stack-integration, Property 7: Validation at Integration Points"],"fullName":"Feature: full-stack-integration, Property 7: Validation at Integration Points should validate data at database constraints","status":"passed","title":"should validate data at database constraints","duration":34.03969999999981,"failureMessages":[],"meta":{}}],"startTime":1773904597554,"endTime":1773904597824.0398,"status":"passed","message":"","name":"C:/Users/Access Granted/Downloads/projects/SimpleTool/shared/__tests__/validation-at-integration-points.property.test.ts"},{"assertionResults":[{"ancestorTitles":["Security and Validation Utilities","Input Sanitization","sanitizeHtml"],"fullName":"Security and Validation Utilities Input Sanitization sanitizeHtml should remove all HTML tags by default","status":"passed","title":"should remove all HTML tags by default","duration":5.741199999999935,"failureMessages":[],"meta":{}},{"ancestorTitles":["Security and Validation Utilities","Input Sanitization","sanitizeHtml"],"fullName":"Security and Validation Utilities Input Sanitization sanitizeHtml should remove dangerous script tags","status":"passed","title":"should remove dangerous script tags","duration":0.712500000000091,"failureMessages":[],"meta":{}},{"ancestorTitles":["Security and Validation Utilities","Input Sanitization","sanitizeHtml"],"fullName":"Security and Validation Utilities Input Sanitization sanitizeHtml should remove event handlers","status":"passed","title":"should remove event handlers","duration":0.4576999999999316,"failureMessages":[],"meta":{}},{"ancestorTitles":["Security and Validation Utilities","Input Sanitization","sanitizeHtml"],"fullName":"Security and Validation Utilities Input Sanitization sanitizeHtml should remove javascript: protocol","status":"passed","title":"should remove javascript: protocol","duration":0.2460000000000946,"failureMessages":[],"meta":{}},{"ancestorTitles":["Security and Validation Utilities","Input Sanitization","sanitizeHtml"],"fullName":"Security and Validation Utilities Input Sanitization sanitizeHtml should trim whitespace","status":"passed","title":"should trim whitespace","duration":0.22539999999980864,"failureMessages":[],"meta":{}},{"ancestorTitles":["Security and Validation Utilities","Input Sanitization","sanitizeHtml"],"fullName":"Security and Validation Utilities Input Sanitization sanitizeHtml should limit length when maxLength specified","status":"passed","title":"should limit length when maxLength specified","duration":0.782799999999952,"failureMessages":[],"meta":{}},{"ancestorTitles":["Security and Validation Utilities","Input Sanitization","sanitizeHtml"],"fullName":"Security and Validation Utilities Input Sanitization sanitizeHtml should handle empty strings","status":"passed","title":"should handle empty strings","duration":0.5519000000003871,"failureMessages":[],"meta":{}},{"ancestorTitles":["Security and Validation Utilities","Input Sanitization","sanitizeHtml"],"fullName":"Security and Validation Utilities Input Sanitization sanitizeHtml should handle non-string input","status":"passed","title":"should handle non-string input","duration":0.6094000000002779,"failureMessages":[],"meta":{}},{"ancestorTitles":["Security and Validation Utilities","Input Sanitization","sanitizeSql"],"fullName":"Security and Validation Utilities Input Sanitization sanitizeSql should escape single quotes","status":"passed","title":"should escape single quotes","duration":0.9594999999999345,"failureMessages":[],"meta":{}},{"ancestorTitles":["Security and Validation Utilities","Input Sanitization","sanitizeSql"],"fullName":"Security and Validation Utilities Input Sanitization sanitizeSql should remove semicolons","status":"passed","title":"should remove semicolons","duration":1.033600000000206,"failureMessages":[],"meta":{}},{"ancestorTitles":["Security and Validation Utilities","Input Sanitization","sanitizeSql"],"fullName":"Security and Validation Utilities Input Sanitization sanitizeSql should remove SQL comments","status":"passed","title":"should remove SQL comments","duration":0.4479999999998654,"failureMessages":[],"meta":{}},{"ancestorTitles":["Security and Validation Utilities","Input Sanitization","sanitizeSql"],"fullName":"Security and Validation Utilities Input Sanitization sanitizeSql should remove block comments","status":"passed","title":"should remove block comments","duration":1.1478000000001884,"failureMessages":[],"meta":{}},{"ancestorTitles":["Security and Validation Utilities","Input Sanitization","sanitizeSql"],"fullName":"Security and Validation Utilities Input Sanitization sanitizeSql should trim whitespace","status":"passed","title":"should trim whitespace","duration":1.0711999999998625,"failureMessages":[],"meta":{}},{"ancestorTitles":["Security and Validation Utilities","Input Sanitization","sanitizeSql"],"fullName":"Security and Validation Utilities Input Sanitization sanitizeSql should handle empty strings","status":"passed","title":"should handle empty strings","duration":0.4998000000000502,"failureMessages":[],"meta":{}},{"ancestorTitles":["Security and Validation Utilities","Input Sanitization","sanitizeFilename"],"fullName":"Security and Validation Utilities Input Sanitization sanitizeFilename should remove dangerous characters","status":"passed","title":"should remove dangerous characters","duration":1.8221000000003187,"failureMessages":[],"meta":{}},{"ancestorTitles":["Security and Validation Utilities","Input Sanitization","sanitizeFilename"],"fullName":"Security and Validation Utilities Input Sanitization sanitizeFilename should remove leading dots","status":"passed","title":"should remove leading dots","duration":1.1417999999998756,"failureMessages":[],"meta":{}},{"ancestorTitles":["Security and Validation Utilities","Input Sanitization","sanitizeFilename"],"fullName":"Security and Validation Utilities Input Sanitization sanitizeFilename should replace multiple dots with single dot","status":"passed","title":"should replace multiple dots with single dot","duration":0.6304999999997563,"failureMessages":[],"meta":{}},{"ancestorTitles":["Security and Validation Utilities","Input Sanitization","sanitizeFilename"],"fullName":"Security and Validation Utilities Input Sanitization sanitizeFilename should trim whitespace","status":"passed","title":"should trim whitespace","duration":0.20619999999962602,"failureMessages":[],"meta":{}},{"ancestorTitles":["Security and Validation Utilities","Input Sanitization","sanitizeFilename"],"fullName":"Security and Validation Utilities Input Sanitization sanitizeFilename should limit length to 255 characters","status":"passed","title":"should limit length to 255 characters","duration":1.967200000000048,"failureMessages":[],"meta":{}},{"ancestorTitles":["Security and Validation Utilities","Input Sanitization","sanitizeFilename"],"fullName":"Security and Validation Utilities Input Sanitization sanitizeFilename should handle valid filenames","status":"passed","title":"should handle valid filenames","duration":0.5039999999999054,"failureMessages":[],"meta":{}},{"ancestorTitles":["Security and Validation Utilities","Input Sanitization","sanitizeUserInput"],"fullName":"Security and Validation Utilities Input Sanitization sanitizeUserInput should trim whitespace","status":"passed","title":"should trim whitespace","duration":1.3056000000001404,"failureMessages":[],"meta":{}},{"ancestorTitles":["Security and Validation Utilities","Input Sanitization","sanitizeUserInput"],"fullName":"Security and Validation Utilities Input Sanitization sanitizeUserInput should remove control characters","status":"passed","title":"should remove control characters","duration":0.3026999999997315,"failureMessages":[],"meta":{}},{"ancestorTitles":["Security and Validation Utilities","Input Sanitization","sanitizeUserInput"],"fullName":"Security and Validation Utilities Input Sanitization sanitizeUserInput should remove HTML by default","status":"passed","title":"should remove HTML by default","duration":0.7200000000002547,"failureMessages":[],"meta":{}},{"ancestorTitles":["Security and Validation Utilities","Input Sanitization","sanitizeUserInput"],"fullName":"Security and Validation Utilities Input Sanitization sanitizeUserInput should handle empty strings","status":"passed","title":"should handle empty strings","duration":0.7878000000000611,"failureMessages":[],"meta":{}},{"ancestorTitles":["Security and Validation Utilities","Password Security","validatePasswordStrength"],"fullName":"Security and Validation Utilities Password Security validatePasswordStrength should accept strong passwords","status":"passed","title":"should accept strong passwords","duration":3.832800000000134,"failureMessages":[],"meta":{}},{"ancestorTitles":["Security and Validation Utilities","Password Security","validatePasswordStrength"],"fullName":"Security and Validation Utilities Password Security validatePasswordStrength should reject passwords that are too short","status":"passed","title":"should reject passwords that are too short","duration":1.5716000000002168,"failureMessages":[],"meta":{}},{"ancestorTitles":["Security and Validation Utilities","Password Security","validatePasswordStrength"],"fullName":"Security and Validation Utilities Password Security validatePasswordStrength should reject passwords without uppercase","status":"passed","title":"should reject passwords without uppercase","duration":0.7689000000000306,"failureMessages":[],"meta":{}},{"ancestorTitles":["Security and Validation Utilities","Password Security","validatePasswordStrength"],"fullName":"Security and Validation Utilities Password Security validatePasswordStrength should reject passwords without lowercase","status":"passed","title":"should reject passwords without lowercase","duration":0.4861999999998261,"failureMessages":[],"meta":{}},{"ancestorTitles":["Security and Validation Utilities","Password Security","validatePasswordStrength"],"fullName":"Security and Validation Utilities Password Security validatePasswordStrength should reject passwords without numbers","status":"passed","title":"should reject passwords without numbers","duration":0.5075999999999112,"failureMessages":[],"meta":{}},{"ancestorTitles":["Security and Validation Utilities","Password Security","validatePasswordStrength"],"fullName":"Security and Validation Utilities Password Security validatePasswordStrength should reject passwords without special characters","status":"passed","title":"should reject passwords without special characters","duration":0.9954999999999927,"failureMessages":[],"meta":{}},{"ancestorTitles":["Security and Validation Utilities","Password Security","validatePasswordStrength"],"fullName":"Security and Validation Utilities Password Security validatePasswordStrength should reject common passwords","status":"passed","title":"should reject common passwords","duration":0.4424000000003616,"failureMessages":[],"meta":{}},{"ancestorTitles":["Security and Validation Utilities","Password Security","validatePasswordStrength"],"fullName":"Security and Validation Utilities Password Security validatePasswordStrength should reject passwords with too many consecutive characters","status":"passed","title":"should reject passwords with too many consecutive characters","duration":0.7334999999998217,"failureMessages":[],"meta":{}},{"ancestorTitles":["Security and Validation Utilities","Password Security","validatePasswordStrength"],"fullName":"Security and Validation Utilities Password Security validatePasswordStrength should accept passwords with custom policy","status":"passed","title":"should accept passwords with custom policy","duration":0.5336999999999534,"failureMessages":[],"meta":{}},{"ancestorTitles":["Security and Validation Utilities","Password Security","validatePasswordStrength"],"fullName":"Security and Validation Utilities Password Security validatePasswordStrength should return multiple errors for weak passwords","status":"passed","title":"should return multiple errors for weak passwords","duration":0.7889999999997599,"failureMessages":[],"meta":{}},{"ancestorTitles":["Security and Validation Utilities","Password Security","generateSecurePassword"],"fullName":"Security and Validation Utilities Password Security generateSecurePassword should generate password of specified length","status":"passed","title":"should generate password of specified length","duration":1.0439000000001215,"failureMessages":[],"meta":{}},{"ancestorTitles":["Security and Validation Utilities","Password Security","generateSecurePassword"],"fullName":"Security and Validation Utilities Password Security generateSecurePassword should generate password with default length","status":"passed","title":"should generate password with default length","duration":0.5550999999995838,"failureMessages":[],"meta":{}},{"ancestorTitles":["Security and Validation Utilities","Password Security","generateSecurePassword"],"fullName":"Security and Validation Utilities Password Security generateSecurePassword should generate password with uppercase letters","status":"passed","title":"should generate password with uppercase letters","duration":0.38009999999985666,"failureMessages":[],"meta":{}},{"ancestorTitles":["Security and Validation Utilities","Password Security","generateSecurePassword"],"fullName":"Security and Validation Utilities Password Security generateSecurePassword should generate password with lowercase letters","status":"passed","title":"should generate password with lowercase letters","duration":0.28510000000005675,"failureMessages":[],"meta":{}},{"ancestorTitles":["Security and Validation Utilities","Password Security","generateSecurePassword"],"fullName":"Security and Validation Utilities Password Security generateSecurePassword should generate password with numbers","status":"passed","title":"should generate password with numbers","duration":0.2725999999997839,"failureMessages":[],"meta":{}},{"ancestorTitles":["Security and Validation Utilities","Password Security","generateSecurePassword"],"fullName":"Security and Validation Utilities Password Security generateSecurePassword should generate password with special characters","status":"passed","title":"should generate password with special characters","duration":0.37239999999974316,"failureMessages":[],"meta":{}},{"ancestorTitles":["Security and Validation Utilities","Password Security","generateSecurePassword"],"fullName":"Security and Validation Utilities Password Security generateSecurePassword should generate different passwords each time","status":"passed","title":"should generate different passwords each time","duration":2.212199999999939,"failureMessages":[],"meta":{}},{"ancestorTitles":["Security and Validation Utilities","Password Security","generateSecurePassword"],"fullName":"Security and Validation Utilities Password Security generateSecurePassword should pass strength validation","status":"passed","title":"should pass strength validation","duration":0.6233000000001994,"failureMessages":[],"meta":{}},{"ancestorTitles":["Security and Validation Utilities","Input Validation","validateEmail"],"fullName":"Security and Validation Utilities Input Validation validateEmail should accept valid email addresses","status":"passed","title":"should accept valid email addresses","duration":1.1993999999999687,"failureMessages":[],"meta":{}},{"ancestorTitles":["Security and Validation Utilities","Input Validation","validateEmail"],"fullName":"Security and Validation Utilities Input Validation validateEmail should accept email with subdomain","status":"passed","title":"should accept email with subdomain","duration":0.503400000000056,"failureMessages":[],"meta":{}},{"ancestorTitles":["Security and Validation Utilities","Input Validation","validateEmail"],"fullName":"Security and Validation Utilities Input Validation validateEmail should accept email with plus sign","status":"passed","title":"should accept email with plus sign","duration":0.391399999999976,"failureMessages":[],"meta":{}},{"ancestorTitles":["Security and Validation Utilities","Input Validation","validateEmail"],"fullName":"Security and Validation Utilities Input Validation validateEmail should accept email with dots","status":"passed","title":"should accept email with dots","duration":0.5605000000000473,"failureMessages":[],"meta":{}},{"ancestorTitles":["Security and Validation Utilities","Input Validation","validateEmail"],"fullName":"Security and Validation Utilities Input Validation validateEmail should reject email without @","status":"passed","title":"should reject email without @","duration":0.5846999999998843,"failureMessages":[],"meta":{}},{"ancestorTitles":["Security and Validation Utilities","Input Validation","validateEmail"],"fullName":"Security and Validation Utilities Input Validation validateEmail should reject email without domain","status":"passed","title":"should reject email without domain","duration":0.4855000000002292,"failureMessages":[],"meta":{}},{"ancestorTitles":["Security and Validation Utilities","Input Validation","validateEmail"],"fullName":"Security and Validation Utilities Input Validation validateEmail should reject email without TLD","status":"passed","title":"should reject email without TLD","duration":0.25640000000021246,"failureMessages":[],"meta":{}},{"ancestorTitles":["Security and Validation Utilities","Input Validation","validateEmail"],"fullName":"Security and Validation Utilities Input Validation validateEmail should reject email with consecutive dots","status":"passed","title":"should reject email with consecutive dots","duration":0.3251000000000204,"failureMessages":[],"meta":{}},{"ancestorTitles":["Security and Validation Utilities","Input Validation","validateEmail"],"fullName":"Security and Validation Utilities Input Validation validateEmail should reject email starting with dot","status":"passed","title":"should reject email starting with dot","duration":0.24069999999983338,"failureMessages":[],"meta":{}},{"ancestorTitles":["Security and Validation Utilities","Input Validation","validateEmail"],"fullName":"Security and Validation Utilities Input Validation validateEmail should reject email ending with dot","status":"passed","title":"should reject email ending with dot","duration":0.1815999999998894,"failureMessages":[],"meta":{}},{"ancestorTitles":["Security and Validation Utilities","Input Validation","validateEmail"],"fullName":"Security and Validation Utilities Input Validation validateEmail should reject email that is too long","status":"passed","title":"should reject email that is too long","duration":0.2741000000000895,"failureMessages":[],"meta":{}},{"ancestorTitles":["Security and Validation Utilities","Input Validation","validateEmail"],"fullName":"Security and Validation Utilities Input Validation validateEmail should reject empty email","status":"passed","title":"should reject empty email","duration":0.30179999999973006,"failureMessages":[],"meta":{}},{"ancestorTitles":["Security and Validation Utilities","Input Validation","validateEmail"],"fullName":"Security and Validation Utilities Input Validation validateEmail should sanitize email to lowercase and trim","status":"passed","title":"should sanitize email to lowercase and trim","duration":0.1793999999999869,"failureMessages":[],"meta":{}},{"ancestorTitles":["Security and Validation Utilities","Input Validation","validateUrl"],"fullName":"Security and Validation Utilities Input Validation validateUrl should accept valid HTTP URLs","status":"passed","title":"should accept valid HTTP URLs","duration":0.9375,"failureMessages":[],"meta":{}},{"ancestorTitles":["Security and Validation Utilities","Input Validation","validateUrl"],"fullName":"Security and Validation Utilities Input Validation validateUrl should accept valid HTTPS URLs","status":"passed","title":"should accept valid HTTPS URLs","duration":0.21700000000009823,"failureMessages":[],"meta":{}},{"ancestorTitles":["Security and Validation Utilities","Input Validation","validateUrl"],"fullName":"Security and Validation Utilities Input Validation validateUrl should accept URLs with paths","status":"passed","title":"should accept URLs with paths","duration":0.287199999999757,"failureMessages":[],"meta":{}},{"ancestorTitles":["Security and Validation Utilities","Input Validation","validateUrl"],"fullName":"Security and Validation Utilities Input Validation validateUrl should accept URLs with query parameters","status":"passed","title":"should accept URLs with query parameters","duration":0.3654999999998836,"failureMessages":[],"meta":{}},{"ancestorTitles":["Security and Validation Utilities","Input Validation","validateUrl"],"fullName":"Security and Validation Utilities Input Validation validateUrl should accept URLs with ports","status":"passed","title":"should accept URLs with ports","duration":0.41229999999995925,"failureMessages":[],"meta":{}},{"ancestorTitles":["Security and Validation Utilities","Input Validation","validateUrl"],"fullName":"Security and Validation Utilities Input Validation validateUrl should reject URLs with invalid protocol","status":"passed","title":"should reject URLs with invalid protocol","duration":0.3560000000002219,"failureMessages":[],"meta":{}},{"ancestorTitles":["Security and Validation Utilities","Input Validation","validateUrl"],"fullName":"Security and Validation Utilities Input Validation validateUrl should reject invalid URL format","status":"passed","title":"should reject invalid URL format","duration":0.734599999999773,"failureMessages":[],"meta":{}},{"ancestorTitles":["Security and Validation Utilities","Input Validation","validateUrl"],"fullName":"Security and Validation Utilities Input Validation validateUrl should reject empty URL","status":"passed","title":"should reject empty URL","duration":0.548399999999674,"failureMessages":[],"meta":{}},{"ancestorTitles":["Security and Validation Utilities","Input Validation","validateUrl"],"fullName":"Security and Validation Utilities Input Validation validateUrl should trim URL","status":"passed","title":"should trim URL","duration":0.6442999999999302,"failureMessages":[],"meta":{}},{"ancestorTitles":["Security and Validation Utilities","Edge Cases and Error Handling"],"fullName":"Security and Validation Utilities Edge Cases and Error Handling should handle null input in sanitizeHtml","status":"passed","title":"should handle null input in sanitizeHtml","duration":0.2761000000000422,"failureMessages":[],"meta":{}},{"ancestorTitles":["Security and Validation Utilities","Edge Cases and Error Handling"],"fullName":"Security and Validation Utilities Edge Cases and Error Handling should handle undefined input in sanitizeHtml","status":"passed","title":"should handle undefined input in sanitizeHtml","duration":0.23079999999981737,"failureMessages":[],"meta":{}},{"ancestorTitles":["Security and Validation Utilities","Edge Cases and Error Handling"],"fullName":"Security and Validation Utilities Edge Cases and Error Handling should handle non-string input in sanitizeSql","status":"passed","title":"should handle non-string input in sanitizeSql","duration":0.3405000000002474,"failureMessages":[],"meta":{}},{"ancestorTitles":["Security and Validation Utilities","Edge Cases and Error Handling"],"fullName":"Security and Validation Utilities Edge Cases and Error Handling should handle non-string input in sanitizeFilename","status":"passed","title":"should handle non-string input in sanitizeFilename","duration":0.37820000000010623,"failureMessages":[],"meta":{}},{"ancestorTitles":["Security and Validation Utilities","Edge Cases and Error Handling"],"fullName":"Security and Validation Utilities Edge Cases and Error Handling should handle non-string input in validateEmail","status":"passed","title":"should handle non-string input in validateEmail","duration":0.45870000000013533,"failureMessages":[],"meta":{}},{"ancestorTitles":["Security and Validation Utilities","Edge Cases and Error Handling"],"fullName":"Security and Validation Utilities Edge Cases and Error Handling should handle non-string input in validateUrl","status":"passed","title":"should handle non-string input in validateUrl","duration":0.45380000000022847,"failureMessages":[],"meta":{}}],"startTime":1773904596989,"endTime":1773904597052.4539,"status":"passed","message":"","name":"C:/Users/Access Granted/Downloads/projects/SimpleTool/shared/core/utils/security-utils.test.ts"},{"assertionResults":[{"ancestorTitles":["String Manipulation Utilities","String Validation","hasConsecutiveChars"],"fullName":"String Manipulation Utilities String Validation hasConsecutiveChars should detect consecutive characters","status":"passed","title":"should detect consecutive characters","duration":3.5677999999998065,"failureMessages":[],"meta":{}},{"ancestorTitles":["String Manipulation Utilities","String Validation","hasConsecutiveChars"],"fullName":"String Manipulation Utilities String Validation hasConsecutiveChars should return false for non-consecutive characters","status":"passed","title":"should return false for non-consecutive characters","duration":0.5269000000002961,"failureMessages":[],"meta":{}},{"ancestorTitles":["String Manipulation Utilities","String Validation","hasConsecutiveChars"],"fullName":"String Manipulation Utilities String Validation hasConsecutiveChars should handle empty strings","status":"passed","title":"should handle empty strings","duration":0.9576999999999316,"failureMessages":[],"meta":{}},{"ancestorTitles":["String Manipulation Utilities","String Validation","hasConsecutiveChars"],"fullName":"String Manipulation Utilities String Validation hasConsecutiveChars should handle special regex characters","status":"passed","title":"should handle special regex characters","duration":0.8432999999999993,"failureMessages":[],"meta":{}},{"ancestorTitles":["String Manipulation Utilities","String Validation","containsIgnoreCase"],"fullName":"String Manipulation Utilities String Validation containsIgnoreCase should find substring case-insensitively","status":"passed","title":"should find substring case-insensitively","duration":0.8505000000000109,"failureMessages":[],"meta":{}},{"ancestorTitles":["String Manipulation Utilities","String Validation","containsIgnoreCase"],"fullName":"String Manipulation Utilities String Validation containsIgnoreCase should return false when substring not found","status":"passed","title":"should return false when substring not found","duration":0.9673999999999978,"failureMessages":[],"meta":{}},{"ancestorTitles":["String Manipulation Utilities","String Validation","containsIgnoreCase"],"fullName":"String Manipulation Utilities String Validation containsIgnoreCase should handle empty strings","status":"passed","title":"should handle empty strings","duration":0.4726999999998043,"failureMessages":[],"meta":{}},{"ancestorTitles":["String Manipulation Utilities","String Validation","equalsIgnoreCase"],"fullName":"String Manipulation Utilities String Validation equalsIgnoreCase should compare strings case-insensitively","status":"passed","title":"should compare strings case-insensitively","duration":0.5235999999999876,"failureMessages":[],"meta":{}},{"ancestorTitles":["String Manipulation Utilities","String Validation","equalsIgnoreCase"],"fullName":"String Manipulation Utilities String Validation equalsIgnoreCase should return false for different strings","status":"passed","title":"should return false for different strings","duration":1.163000000000011,"failureMessages":[],"meta":{}},{"ancestorTitles":["String Manipulation Utilities","String Validation","equalsIgnoreCase"],"fullName":"String Manipulation Utilities String Validation equalsIgnoreCase should handle exact matches","status":"passed","title":"should handle exact matches","duration":0.24310000000014043,"failureMessages":[],"meta":{}},{"ancestorTitles":["String Manipulation Utilities","String Validation","equalsIgnoreCase"],"fullName":"String Manipulation Utilities String Validation equalsIgnoreCase should handle empty strings","status":"passed","title":"should handle empty strings","duration":0.2007000000003245,"failureMessages":[],"meta":{}},{"ancestorTitles":["String Manipulation Utilities","String Validation","hasContent"],"fullName":"String Manipulation Utilities String Validation hasContent should return true for strings with content","status":"passed","title":"should return true for strings with content","duration":0.22959999999966385,"failureMessages":[],"meta":{}},{"ancestorTitles":["String Manipulation Utilities","String Validation","hasContent"],"fullName":"String Manipulation Utilities String Validation hasContent should return false for empty or whitespace strings","status":"passed","title":"should 
[...]
:0.5462000000002263,"failureMessages":[],"meta":{}},{"ancestorTitles":["UserRegistrationSchema","Invalid inputs"],"fullName":"UserRegistrationSchema Invalid inputs should reject mismatched passwords","status":"passed","title":"should reject mismatched passwords","duration":0.7678000000000793,"failureMessages":[],"meta":{}},{"ancestorTitles":["UserRegistrationSchema","Edge cases"],"fullName":"UserRegistrationSchema Edge cases should accept password exactly 8 characters with all requirements","status":"passed","title":"should accept password exactly 8 characters with all requirements","duration":0.4751000000001113,"failureMessages":[],"meta":{}},{"ancestorTitles":["UserRegistrationSchema","validateUserRegistration helper function"],"fullName":"UserRegistrationSchema validateUserRegistration helper function should return valid: true for valid registration","status":"passed","title":"should return valid: true for valid registration","duration":0.6386000000002241,"failureMessages":[],"meta":{}},{"ancestorTitles":["UserRegistrationSchema","validateUserRegistration helper function"],"fullName":"UserRegistrationSchema validateUserRegistration helper function should return errors for invalid registration","status":"passed","title":"should return errors for invalid registration","duration":0.8658000000000357,"failureMessages":[],"meta":{}},{"ancestorTitles":["BillSchema","Valid inputs"],"fullName":"BillSchema Valid inputs should accept valid bill with all required fields","status":"passed","title":"should accept valid bill with all required fields","duration":0.8065999999998894,"failureMessages":[],"meta":{}},{"ancestorTitles":["BillSchema","Valid inputs"],"fullName":"BillSchema Valid inputs should accept valid bill with optional fields","status":"passed","title":"should accept valid bill with optional fields","duration":0.4783999999999651,"failureMessages":[],"meta":{}},{"ancestorTitles":["BillSchema","Invalid inputs"],"fullName":"BillSchema Invalid inputs should reject title shorter than 10 characters","status":"passed","title":"should reject title shorter than 10 characters","duration":0.2539000000001579,"failureMessages":[],"meta":{}},{"ancestorTitles":["BillSchema","Invalid inputs"],"fullName":"BillSchema Invalid inputs should reject title longer than 500 characters","status":"passed","title":"should reject title longer than 500 characters","duration":0.42170000000032815,"failureMessages":[],"meta":{}},{"ancestorTitles":["BillSchema","Invalid inputs"],"fullName":"BillSchema Invalid inputs should reject summary shorter than 20 characters","status":"passed","title":"should reject summary shorter than 20 characters","duration":0.39640000000008513,"failureMessages":[],"meta":{}},{"ancestorTitles":["BillSchema","Invalid inputs"],"fullName":"BillSchema Invalid inputs should reject full_text shorter than 50 characters","status":"passed","title":"should reject full_text shorter than 50 characters","duration":0.43800000000010186,"failureMessages":[],"meta":{}},{"ancestorTitles":["BillSchema","Invalid inputs"],"fullName":"BillSchema Invalid inputs should reject invalid bill number format","status":"passed","title":"should reject invalid bill number format","duration":0.3935999999998785,"failureMessages":[],"meta":{}},{"ancestorTitles":["BillSchema","Invalid inputs"],"fullName":"BillSchema Invalid inputs should reject invalid status","status":"passed","title":"should reject invalid status","duration":0.48889999999983047,"failureMessages":[],"meta":{}},{"ancestorTitles":["BillSchema","Edge cases and boundary conditions"],"fullName":"BillSchema Edge cases and boundary conditions should accept title exactly 10 characters","status":"passed","title":"should accept title exactly 10 characters","duration":0.4128000000000611,"failureMessages":[],"meta":{}},{"ancestorTitles":["BillSchema","Edge cases and boundary conditions"],"fullName":"BillSchema Edge cases and boundary conditions should accept title exactly 500 characters","status":"passed","title":"should accept title exactly 500 characters","duration":0.4331999999999425,"failureMessages":[],"meta":{}},{"ancestorTitles":["BillSchema","Edge cases and boundary conditions"],"fullName":"BillSchema Edge cases and boundary conditions should accept summary exactly 20 characters","status":"passed","title":"should accept summary exactly 20 characters","duration":0.38990000000012515,"failureMessages":[],"meta":{}},{"ancestorTitles":["BillSchema","Edge cases and boundary conditions"],"fullName":"BillSchema Edge cases and boundary conditions should accept summary exactly 1000 characters","status":"passed","title":"should accept summary exactly 1000 characters","duration":0.4576999999999316,"failureMessages":[],"meta":{}},{"ancestorTitles":["BillSchema","Edge cases and boundary conditions"],"fullName":"BillSchema Edge cases and boundary conditions should reject summary longer than 1000 characters","status":"passed","title":"should reject summary longer than 1000 characters","duration":0.5588999999999942,"failureMessages":[],"meta":{}},{"ancestorTitles":["BillSchema","Edge cases and boundary conditions"],"fullName":"BillSchema Edge cases and boundary conditions should accept full_text exactly 50 characters","status":"passed","title":"should accept full_text exactly 50 characters","duration":0.6013000000002648,"failureMessages":[],"meta":{}},{"ancestorTitles":["BillSchema","Edge cases and boundary conditions"],"fullName":"BillSchema Edge cases and boundary conditions should accept bill number with H prefix","status":"passed","title":"should accept bill number with H prefix","duration":0.4490000000000691,"failureMessages":[],"meta":{}},{"ancestorTitles":["BillSchema","Edge cases and boundary conditions"],"fullName":"BillSchema Edge cases and boundary conditions should accept bill number with S prefix","status":"passed","title":"should accept bill number with S prefix","duration":0.27280000000018845,"failureMessages":[],"meta":{}},{"ancestorTitles":["BillSchema","Edge cases and boundary conditions"],"fullName":"BillSchema Edge cases and boundary conditions should accept all valid status values","status":"passed","title":"should accept all valid status values","duration":1.0169999999998254,"failureMessages":[],"meta":{}},{"ancestorTitles":["BillSchema","validateBill helper function"],"fullName":"BillSchema validateBill helper function should return valid: true for valid bill","status":"passed","title":"should return valid: true for valid bill","duration":0.6989999999996144,"failureMessages":[],"meta":{}},{"ancestorTitles":["BillSchema","validateBill helper function"],"fullName":"BillSchema validateBill helper function should return errors for invalid bill","status":"passed","title":"should return errors for invalid bill","duration":1.2152999999998428,"failureMessages":[],"meta":{}},{"ancestorTitles":["CommentSchema","Valid inputs"],"fullName":"CommentSchema Valid inputs should accept valid comment with all required fields","status":"passed","title":"should accept valid comment with all required fields","duration":0.7355999999999767,"failureMessages":[],"meta":{}},{"ancestorTitles":["CommentSchema","Valid inputs"],"fullName":"CommentSchema Valid inputs should accept valid comment with optional fields","status":"passed","title":"should accept valid comment with optional fields","duration":0.3633999999997286,"failureMessages":[],"meta":{}},{"ancestorTitles":["CommentSchema","Valid inputs"],"fullName":"CommentSchema Valid inputs should accept comment with parent_comment_id as null","status":"passed","title":"should accept comment with parent_comment_id as null","duration":0.3745000000003529,"failureMessages":[],"meta":{}},{"ancestorTitles":["CommentSchema","Invalid inputs"],"fullName":"CommentSchema Invalid inputs should reject comment_text shorter than 5 characters","status":"passed","title":"should reject comment_text shorter than 5 characters","duration":0.27589999999963766,"failureMessages":[],"meta":{}},{"ancestorTitles":["CommentSchema","Invalid inputs"],"fullName":"CommentSchema Invalid inputs should reject comment_text longer than 5000 characters","status":"passed","title":"should reject comment_text longer than 5000 characters","duration":0.27340000000003783,"failureMessages":[],"meta":{}},{"ancestorTitles":["CommentSchema","Invalid inputs"],"fullName":"CommentSchema Invalid inputs should reject comment_text with less than 2 words","status":"passed","title":"should reject comment_text with less than 2 words","duration":0.24199999999973443,"failureMessages":[],"meta":{}},{"ancestorTitles":["CommentSchema","Invalid inputs"],"fullName":"CommentSchema Invalid inputs should reject invalid user_id format","status":"passed","title":"should reject invalid user_id format","duration":0.828899999999976,"failureMessages":[],"meta":{}},{"ancestorTitles":["CommentSchema","Invalid inputs"],"fullName":"CommentSchema Invalid inputs should reject invalid bill_id format","status":"passed","title":"should reject invalid bill_id format","duration":0.49459999999999127,"failureMessages":[],"meta":{}},{"ancestorTitles":["CommentSchema","Edge cases and boundary conditions"],"fullName":"CommentSchema Edge cases and boundary conditions should accept comment_text exactly 5 characters with 2 words","status":"passed","title":"should accept comment_text exactly 5 characters with 2 words","duration":0.6096999999999753,"failureMessages":[],"meta":{}},{"ancestorTitles":["CommentSchema","Edge cases and boundary conditions"],"fullName":"CommentSchema Edge cases and boundary conditions should accept comment_text exactly 5000 characters","status":"passed","title":"should accept comment_text exactly 5000 characters","duration":0.7164999999999964,"failureMessages":[],"meta":{}},{"ancestorTitles":["CommentSchema","Edge cases and boundary conditions"],"fullName":"CommentSchema Edge cases and boundary conditions should accept comment_text with exactly 2 words","status":"passed","title":"should accept comment_text with exactly 2 words","duration":0.42750000000023647,"failureMessages":[],"meta":{}},{"ancestorTitles":["CommentSchema","Edge cases and boundary conditions"],"fullName":"CommentSchema Edge cases and boundary conditions should handle comment_text with extra whitespace","status":"passed","title":"should handle comment_text with extra whitespace","duration":0.6527999999998428,"failureMessages":[],"meta":{}},{"ancestorTitles":["CommentSchema","Edge cases and boundary conditions"],"fullName":"CommentSchema Edge cases and boundary conditions should reject comment_text with only whitespace","status":"passed","title":"should reject comment_text with only whitespace","duration":0.5084000000001652,"failureMessages":[],"meta":{}},{"ancestorTitles":["CommentSchema","validateComment helper function"],"fullName":"CommentSchema validateComment helper function should return valid: true for valid comment","status":"passed","title":"should return valid: true for valid comment","duration":0.7458999999998923,"failureMessages":[],"meta":{}},{"ancestorTitles":["CommentSchema","validateComment helper function"],"fullName":"CommentSchema validateComment helper function should return errors for invalid comment","status":"passed","title":"should return errors for invalid comment","duration":0.7739000000001397,"failureMessages":[],"meta":{}}],"startTime":1773904597350,"endTime":1773904597414.774,"status":"passed","message":"","name":"C:/Users/Access Granted/Downloads/projects/SimpleTool/shared/validation/schemas/validation-schemas.test.ts"},{"assertionResults":[{"ancestorTitles":["Date and Time Formatting Utilities","formatDate"],"fullName":"Date and Time Formatting Utilities formatDate should format Date object correctly","status":"passed","title":"should format Date object correctly","duration":56.0324999999998,"failureMessages":[],"meta":{}},{"ancestorTitles":["Date and Time Formatting Utilities","formatDate"],"fullName":"Date and Time Formatting Utilities formatDate should format string date correctly","status":"passed","title":"should format string date correctly","duration":1.255200000000059,"failureMessages":[],"meta":{}},{"ancestorTitles":["Date and Time Formatting Utilities","formatDate"],"fullName":"Date and Time Formatting Utilities formatDate should format timestamp number correctly","status":"passed","title":"should format timestamp number correctly","duration":0.9544999999998254,"failureMessages":[],"meta":{}},{"ancestorTitles":["Date and Time Formatting Utilities","formatDate"],"fullName":"Date and Time Formatting Utilities formatDate should handle edge case: January 1st","status":"passed","title":"should handle edge case: January 1st","duration":1.0821000000000822,"failureMessages":[],"meta":{}},{"ancestorTitles":["Date and Time Formatting Utilities","formatDate"],"fullName":"Date and Time Formatting Utilities formatDate should handle edge case: December 31st","status":"passed","title":"should handle edge case: December 31st","duration":0.5889999999999418,"failureMessages":[],"meta":{}},{"ancestorTitles":["Date and Time Formatting Utilities","formatDate"],"fullName":"Date and Time Formatting Utilities formatDate should handle leap year date","status":"passed","title":"should handle leap year date","duration":1.5994000000000597,"failureMessages":[],"meta":{}},{"ancestorTitles":["Date and Time Formatting Utilities","formatTimestamp"],"fullName":"Date and Time Formatting Utilities formatTimestamp should format Date object with time","status":"passed","title":"should format Date object with time","duration":1.2312000000001717,"failureMessages":[],"meta":{}},{"ancestorTitles":["Date and Time Formatting Utilities","formatTimestamp"],"fullName":"Date and Time Formatting Utilities formatTimestamp should format timestamp number with time","status":"passed","title":"should format timestamp number with time","duration":0.7999000000004344,"failureMessages":[],"meta":{}},{"ancestorTitles":["Date and Time Formatting Utilities","formatTimestamp"],"fullName":"Date and Time Formatting Utilities formatTimestamp should include AM/PM indicator","status":"passed","title":"should include AM/PM indicator","duration":0.8992000000002918,"failureMessages":[],"meta":{}},{"ancestorTitles":["Date and Time Formatting Utilities","formatTimestamp"],"fullName":"Date and Time Formatting Utilities formatTimestamp should handle midnight","status":"passed","title":"should handle midnight","duration":0.6385000000000218,"failureMessages":[],"meta":{}},{"ancestorTitles":["Date and Time Formatting Utilities","formatTimestamp"],"fullName":"Date and Time Formatting Utilities formatTimestamp should handle noon","status":"passed","title":"should handle noon","duration":0.46610000000009677,"failureMessages":[],"meta":{}},{"ancestorTitles":["Date and Time Formatting Utilities","formatRelativeTime"],"fullName":"Date and Time Formatting Utilities formatRelativeTime should return \"just now\" for very recent times","status":"passed","title":"should return \"just now\" for very recent times","duration":5.945900000000165,"failureMessages":[],"meta":{}},{"ancestorTitles":["Date and Time Formatting Utilities","formatRelativeTime"],"fullName":"Date and Time Formatting Utilities formatRelativeTime should return \"just now\" for times within 60 seconds","status":"passed","title":"should return \"just now\" for times within 60 seconds","duration":1.00649999999996,"failureMessages":[],"meta":{}},{"ancestorTitles":["Date and Time Formatting Utilities","formatRelativeTime"],"fullName":"Date and Time Formatting Utilities formatRelativeTime should return minutes for times within an hour","status":"passed","title":"should return minutes for times within an hour","duration":0.555699999999888,"failureMessages":[],"meta":{}},{"ancestorTitles":["Date and Time Formatting Utilities","formatRelativeTime"],"fullName":"Date and Time Formatting Utilities formatRelativeTime should return minutes for 30 minutes ago","status":"passed","title":"should return minutes for 30 minutes ago","duration":0.3611999999998261,"failureMessages":[],"meta":{}},{"ancestorTitles":["Date and Time Formatting Utilities","formatRelativeTime"],"fullName":"Date and Time Formatting Utilities formatRelativeTime should return hours for times within a day","status":"passed","title":"should return hours for times within a day","duration":0.35829999999987194,"failureMessages":[],"meta":{}},{"ancestorTitles":["Date and Time Formatting Utilities","formatRelativeTime"],"fullName":"Date and Time Formatting Utilities formatRelativeTime should return hours for 12 hours ago","status":"passed","title":"should return hours for 12 hours ago","duration":0.5596999999997934,"failureMessages":[],"meta":{}},{"ancestorTitles":["Date and Time Formatting Utilities","formatRelativeTime"],"fullName":"Date and Time Formatting Utilities formatRelativeTime should return formatted date for times over a day ago","status":"passed","title":"should return formatted date for times over a day ago","duration":1.6995999999999185,"failureMessages":[],"meta":{}},{"ancestorTitles":["Date and Time Formatting Utilities","formatRelativeTime"],"fullName":"Date and Time Formatting Utilities formatRelativeTime should handle string date input","status":"passed","title":"should handle string date input","duration":1.0135000000000218,"failureMessages":[],"meta":{}},{"ancestorTitles":["Date and Time Formatting Utilities","formatRelativeTime"],"fullName":"Date and Time Formatting Utilities formatRelativeTime should handle timestamp number input","status":"passed","title":"should handle timestamp number input","duration":1.5432000000000698,"failureMessages":[],"meta":{}},{"ancestorTitles":["Date and Time Formatting Utilities","formatRelativeTime"],"fullName":"Date and Time Formatting Utilities formatRelativeTime should handle edge case: exactly 1 hour ago","status":"passed","title":"should handle edge case: exactly 1 hour ago","duration":1.358900000000176,"failureMessages":[],"meta":{}},{"ancestorTitles":["Date and Time Formatting Utilities","formatRelativeTime"],"fullName":"Date and Time Formatting Utilities formatRelativeTime should handle edge case: exactly 24 hours ago","status":"passed","title":"should handle edge case: exactly 24 hours ago","duration":1.6406000000001768,"failureMessages":[],"meta":{}}],"startTime":1773904596915,"endTime":1773904596997.6406,"status":"passed","message":"","name":"C:/Users/Access Granted/Downloads/projects/SimpleTool/shared/core/utils/formatting/date-time.test.ts"},{"assertionResults":[{"ancestorTitles":["Generated Database Types","Table Types ($inferSelect)"],"fullName":"Generated Database Types Table Types ($inferSelect) should have correct structure for UsersTable","status":"passed","title":"should have correct structure for UsersTable","duration":4.669900000000325,"failureMessages":[],"meta":{}},{"ancestorTitles":["Generated Database Types","Insert Types ($inferInsert)"],"fullName":"Generated Database Types Insert Types ($inferInsert) should allow creating insert objects without auto-generated fields","status":"passed","title":"should allow creating insert objects without auto-generated fields","duration":0.855199999999968,"failureMessages":[],"meta":{}},{"ancestorTitles":["Generated Database Types","Insert Types ($inferInsert)"],"fullName":"Generated Database Types Insert Types ($inferInsert) should allow optional fields in insert type","status":"passed","title":"should allow optional fields in insert type","duration":0.5019999999999527,"failureMessages":[],"meta":{}},{"ancestorTitles":["Generated Database Types","Type Safety"],"fullName":"Generated Database Types Type Safety should enforce correct types for fields","status":"passed","title":"should enforce correct types for fields","duration":0.8061999999999898,"failureMessages":[],"meta":{}}],"startTime":1773904596879,"endTime":1773904596886.8062,"status":"passed","message":"","name":"C:/Users/Access Granted/Downloads/projects/SimpleTool/shared/types/database/__tests__/generated-types.test.ts"}]}
