{"numTotalTestSuites":54,"numPassedTestSuites":41,"numFailedTestSuites":13,"numPendingTestSuites":0,"numTotalTests":195,"numPassedTests":183,"numFailedTests":12,"numPendingTests":0,"numTodoTests":0,"snapshot":{"added":0,"failure":false,"filesAdded":0,"filesRemoved":0,"filesRemovedList":[],"filesUnmatched":0,"filesUpdated":0,"matched":0,"total":0,"unchecked":0,"uncheckedKeysByFile":[],"unmatched":0,"updated":0,"didUpdate":false},"startTime":1773899863916,"success":false,"testResults":[{"assertionResults":[{"ancestorTitles":["Shared Utilities Unit Tests","Date Formatting Utilities","dateToStringTransformer"],"fullName":"Shared Utilities Unit Tests Date Formatting Utilities dateToStringTransformer should format Date to ISO 8601 string","status":"passed","title":"should format Date to ISO 8601 string","duration":7.455999999999676,"failureMessages":[],"meta":{}},{"ancestorTitles":["Shared Utilities Unit Tests","Date Formatting Utilities","dateToStringTransformer"],"fullName":"Shared Utilities Unit Tests Date Formatting Utilities dateToStringTransformer should parse ISO 8601 string to Date","status":"passed","title":"should parse ISO 8601 string to Date","duration":1.797099999999773,"failureMessages":[],"meta":{}},{"ancestorTitles":["Shared Utilities Unit Tests","Date Formatting Utilities","dateToStringTransformer"],"fullName":"Shared Utilities Unit Tests Date Formatting Utilities dateToStringTransformer should handle dates with milliseconds precision","status":"passed","title":"should handle dates with milliseconds precision","duration":0.75,"failureMessages":[],"meta":{}},{"ancestorTitles":["Shared Utilities Unit Tests","Date Formatting Utilities","dateToStringTransformer"],"fullName":"Shared Utilities Unit Tests Date Formatting Utilities dateToStringTransformer should handle epoch date (1970-01-01)","status":"passed","title":"should handle epoch date (1970-01-01)","duration":0.5565999999998894,"failureMessages":[],"meta":{}},{"ancestorTitles":["Shared Utilities Unit Tests","Date Formatting Utilities","dateToStringTransformer"],"fullName":"Shared Utilities Unit Tests Date Formatting Utilities dateToStringTransformer should handle dates far in the future","status":"passed","title":"should handle dates far in the future","duration":1.6752999999998792,"failureMessages":[],"meta":{}},{"ancestorTitles":["Shared Utilities Unit Tests","Date Formatting Utilities","dateToStringTransformer"],"fullName":"Shared Utilities Unit Tests Date Formatting Utilities dateToStringTransformer should handle dates far in the past","status":"passed","title":"should handle dates far in the past","duration":0.5255999999999403,"failureMessages":[],"meta":{}},{"ancestorTitles":["Shared Utilities Unit Tests","Date Formatting Utilities","dateToStringTransformer"],"fullName":"Shared Utilities Unit Tests Date Formatting Utilities dateToStringTransformer should be reversible (round-trip)","status":"passed","title":"should be reversible (round-trip)","duration":0.36679999999978463,"failureMessages":[],"meta":{}},{"ancestorTitles":["Shared Utilities Unit Tests","Date Formatting Utilities","optionalDateToStringTransformer"],"fullName":"Shared Utilities Unit Tests Date Formatting Utilities optionalDateToStringTransformer should format valid Date to ISO string","status":"passed","title":"should format valid Date to ISO string","duration":0.6808999999998377,"failureMessages":[],"meta":{}},{"ancestorTitles":["Shared Utilities Unit Tests","Date Formatting Utilities","optionalDateToStringTransformer"],"fullName":"Shared Utilities Unit Tests Date Formatting Utilities optionalDateToStringTransformer should return null for null input","status":"passed","title":"should return null for null input","duration":1.03879999999981,"failureMessages":[],"meta":{}},{"ancestorTitles":["Shared Utilities Unit Tests","Date Formatting Utilities","optionalDateToStringTransformer"],"fullName":"Shared Utilities Unit Tests Date Formatting Utilities optionalDateToStringTransformer should return null for undefined input","status":"passed","title":"should return null for undefined input","duration":0.3350000000000364,"failureMessages":[],"meta":{}},{"ancestorTitles":["Shared Utilities Unit Tests","Date Formatting Utilities","optionalDateToStringTransformer"],"fullName":"Shared Utilities Unit Tests Date Formatting Utilities optionalDateToStringTransformer should parse ISO string to Date","status":"passed","title":"should parse ISO string to Date","duration":0.5558000000000902,"failureMessages":[],"meta":{}},{"ancestorTitles":["Shared Utilities Unit Tests","Date Formatting Utilities","optionalDateToStringTransformer"],"fullName":"Shared Utilities Unit Tests Date Formatting Utilities optionalDateToStringTransformer should return null when reversing null","status":"passed","title":"should return null when reversing null","duration":0.2779000000000451,"failureMessages":[],"meta":{}},{"ancestorTitles":["Shared Utilities Unit Tests","Date Formatting Utilities","optionalDateToStringTransformer"],"fullName":"Shared Utilities Unit Tests Date Formatting Utilities optionalDateToStringTransformer should be reversible with valid dates","status":"passed","title":"should be reversible with valid dates","duration":0.26549999999997453,"failureMessages":[],"meta":{}},{"ancestorTitles":["Shared Utilities Unit Tests","Date Formatting Utilities","optionalDateToStringTransformer"],"fullName":"Shared Utilities Unit Tests Date Formatting Utilities optionalDateToStringTransformer should be reversible with null","status":"passed","title":"should be reversible with null","duration":0.20669999999972788,"failureMessages":[],"meta":{}},{"ancestorTitles":["Shared Utilities Unit Tests","String Manipulation Utilities","generateCorrelationId"],"fullName":"Shared Utilities Unit Tests String Manipulation Utilities generateCorrelationId should generate a non-empty string","status":"passed","title":"should generate a non-empty string","duration":5.196699999999964,"failureMessages":[],"meta":{}},{"ancestorTitles":["Shared Utilities Unit Tests","String Manipulation Utilities","generateCorrelationId"],"fullName":"Shared Utilities Unit Tests String Manipulation Utilities generateCorrelationId should generate unique IDs","status":"passed","title":"should generate unique IDs","duration":2.50649999999996,"failureMessages":[],"meta":{}},{"ancestorTitles":["Shared Utilities Unit Tests","String Manipulation Utilities","generateCorrelationId"],"fullName":"Shared Utilities Unit Tests String Manipulation Utilities generateCorrelationId should generate UUID format (if crypto.randomUUID available)","status":"passed","title":"should generate UUID format (if crypto.randomUUID available)","duration":0.47890000000006694,"failureMessages":[],"meta":{}},{"ancestorTitles":["Shared Utilities Unit Tests","String Manipulation Utilities","generateCorrelationId"],"fullName":"Shared Utilities Unit Tests String Manipulation Utilities generateCorrelationId should generate many unique IDs without collision","status":"passed","title":"should generate many unique IDs without collision","duration":6.240700000000288,"failureMessages":[],"meta":{}},{"ancestorTitles":["Shared Utilities Unit Tests","String Manipulation Utilities","Correlation ID Context Management"],"fullName":"Shared Utilities Unit Tests String Manipulation Utilities Correlation ID Context Management should set and get correlation ID","status":"passed","title":"should set and get correlation ID","duration":1.3183999999996558,"failureMessages":[],"meta":{}},{"ancestorTitles":["Shared Utilities Unit Tests","String Manipulation Utilities","Correlation ID Context Management"],"fullName":"Shared Utilities Unit Tests String Manipulation Utilities Correlation ID Context Management should return null when no correlation ID is set","status":"passed","title":"should return null when no correlation ID is set","duration":0.406800000000203,"failureMessages":[],"meta":{}},{"ancestorTitles":["Shared Utilities Unit Tests","String Manipulation Utilities","Correlation ID Context Management"],"fullName":"Shared Utilities Unit Tests String Manipulation Utilities Correlation ID Context Management should clear correlation ID","status":"passed","title":"should clear correlation ID","duration":0.5240999999996347,"failureMessages":[],"meta":{}},{"ancestorTitles":["Shared Utilities Unit Tests","String Manipulation Utilities","Correlation ID Context Management"],"fullName":"Shared Utilities Unit Tests String Manipulation Utilities Correlation ID Context Management should overwrite previous correlation ID","status":"passed","title":"should overwrite previous correlation ID","duration":0.35550000000012005,"failureMessages":[],"meta":{}},{"ancestorTitles":["Shared Utilities Unit Tests","String Manipulation Utilities","Correlation ID Context Management"],"fullName":"Shared Utilities Unit Tests String Manipulation Utilities Correlation ID Context Management should handle empty string correlation ID","status":"passed","title":"should handle empty string correlation ID","duration":0.38859999999976935,"failureMessages":[],"meta":{}},{"ancestorTitles":["Shared Utilities Unit Tests","String Manipulation Utilities","withCorrelationId"],"fullName":"Shared Utilities Unit Tests String Manipulation Utilities withCorrelationId should execute function with correlation ID context","status":"passed","title":"should execute function with correlation ID context","duration":2.1647000000002663,"failureMessages":[],"meta":{}},{"ancestorTitles":["Shared Utilities Unit Tests","String Manipulation Utilities","withCorrelationId"],"fullName":"Shared Utilities Unit Tests String Manipulation Utilities withCorrelationId should clear correlation ID after execution","status":"passed","title":"should clear correlation ID after execution","duration":0.9678999999996449,"failureMessages":[],"meta":{}},{"ancestorTitles":["Shared Utilities Unit Tests","String Manipulation Utilities","withCorrelationId"],"fullName":"Shared Utilities Unit Tests String Manipulation Utilities withCorrelationId should clear correlation ID even if function throws","status":"passed","title":"should clear correlation ID even if function throws","duration":4.715700000000197,"failureMessages":[],"meta":{}},{"ancestorTitles":["Shared Utilities Unit Tests","String Manipulation Utilities","withCorrelationId"],"fullName":"Shared Utilities Unit Tests String Manipulation Utilities withCorrelationId should return function result","status":"passed","title":"should return function result","duration":0.6210999999998421,"failureMessages":[],"meta":{}},{"ancestorTitles":["Shared Utilities Unit Tests","String Manipulation Utilities","withCorrelationId"],"fullName":"Shared Utilities Unit Tests String Manipulation Utilities withCorrelationId should handle nested correlation ID contexts","status":"failed","title":"should handle nested correlation ID contexts","duration":20.74389999999994,"failureMessages":["AssertionError: expected 'outer-id' to be null\n    at C:\\Users\\Access Granted\\Downloads\\projects\\SimpleTool\\shared\\utils\\shared-utilities.test.ts:294:29\n    at processTicksAndRejections (node:internal/process/task_queues:105:5)\n    at file:///C:/Users/Access%20Granted/Downloads/projects/SimpleTool/node_modules/.pnpm/@vitest+runner@3.2.4/node_modules/@vitest/runner/dist/chunk-hooks.js:752:20"],"meta":{}},{"ancestorTitles":["Shared Utilities Unit Tests","Validation Utilities","createIdentityTransformer"],"fullName":"Shared Utilities Unit Tests Validation Utilities createIdentityTransformer should return input unchanged in transform","status":"passed","title":"should return input unchanged in transform","duration":0.55370000000039,"failureMessages":[],"meta":{}},{"ancestorTitles":["Shared Utilities Unit Tests","Validation Utilities","createIdentityTransformer"],"fullName":"Shared Utilities Unit Tests Validation Utilities createIdentityTransformer should return input unchanged in reverse","status":"passed","title":"should return input unchanged in reverse","duration":0.3894000000000233,"failureMessages":[],"meta":{}},{"ancestorTitles":["Shared Utilities Unit Tests","Validation Utilities","createIdentityTransformer"],"fullName":"Shared Utilities Unit Tests Validation Utilities createIdentityTransformer should work with complex objects","status":"passed","title":"should work with complex objects","duration":0.5270999999997912,"failureMessages":[],"meta":{}},{"ancestorTitles":["Shared Utilities Unit Tests","Validation Utilities","createEnumTransformer"],"fullName":"Shared Utilities Unit Tests Validation Utilities createEnumTransformer should transform valid enum values","status":"passed","title":"should transform valid enum values","duration":0.7783000000003995,"failureMessages":[],"meta":{}},{"ancestorTitles":["Shared Utilities Unit Tests","Validation Utilities","createEnumTransformer"],"fullName":"Shared Utilities Unit Tests Validation Utilities createEnumTransformer should reverse valid enum values","status":"passed","title":"should reverse valid enum values","duration":0.701799999999821,"failureMessages":[],"meta":{}},{"ancestorTitles":["Shared Utilities Unit Tests","Validation Utilities","createEnumTransformer"],"fullName":"Shared Utilities Unit Tests Validation Utilities createEnumTransformer should throw error for invalid enum value in reverse","status":"passed","title":"should throw error for invalid enum value in reverse","duration":6.7478000000000975,"failureMessages":[],"meta":{}},{"ancestorTitles":["Shared Utilities Unit Tests","Validation Utilities","createEnumTransformer"],"fullName":"Shared Utilities Unit Tests Validation Utilities createEnumTransformer should include valid values in error message","status":"passed","title":"should include valid values in error message","duration":1.8004000000000815,"failureMessages":[],"meta":{}},{"ancestorTitles":["Shared Utilities Unit Tests","Validation Utilities","createEnumTransformer"],"fullName":"Shared Utilities Unit Tests Validation Utilities createEnumTransformer should work with single-value enum","status":"passed","title":"should work with single-value enum","duration":0.6417000000001281,"failureMessages":[],"meta":{}},{"ancestorTitles":["Shared Utilities Unit Tests","Validation Utilities","createArrayTransformer"],"fullName":"Shared Utilities Unit Tests Validation Utilities createArrayTransformer should transform array of primitives","status":"passed","title":"should transform array of primitives","duration":1.202600000000075,"failureMessages":[],"meta":{}},{"ancestorTitles":["Shared Utilities Unit Tests","Validation Utilities","createArrayTransformer"],"fullName":"Shared Utilities Unit Tests Validation Utilities createArrayTransformer should reverse array transformation","status":"passed","title":"should reverse array transformation","duration":0.804700000000139,"failureMessages":[],"meta":{}},{"ancestorTitles":["Shared Utilities Unit Tests","Validation Utilities","createArrayTransformer"],"fullName":"Shared Utilities Unit Tests Validation Utilities createArrayTransformer should handle empty arrays","status":"passed","title":"should handle empty arrays","duration":0.9580000000000837,"failureMessages":[],"meta":{}},{"ancestorTitles":["Shared Utilities Unit Tests","Validation Utilities","createArrayTransformer"],"fullName":"Shared Utilities Unit Tests Validation Utilities createArrayTransformer should transform array of dates","status":"passed","title":"should transform array of dates","duration":0.5873000000001412,"failureMessages":[],"meta":{}},{"ancestorTitles":["Shared Utilities Unit Tests","Validation Utilities","createArrayTransformer"],"fullName":"Shared Utilities Unit Tests Validation Utilities createArrayTransformer should be reversible","status":"passed","title":"should be reversible","duration":0.8494000000000597,"failureMessages":[],"meta":{}},{"ancestorTitles":["Shared Utilities Unit Tests","Validation Utilities","createOptionalArrayTransformer"],"fullName":"Shared Utilities Unit Tests Validation Utilities createOptionalArrayTransformer should transform valid array","status":"passed","title":"should transform valid array","duration":0.7985000000003311,"failureMessages":[],"meta":{}},{"ancestorTitles":["Shared Utilities Unit Tests","Validation Utilities","createOptionalArrayTransformer"],"fullName":"Shared Utilities Unit Tests Validation Utilities createOptionalArrayTransformer should return null for null input","status":"passed","title":"should return null for null input","duration":0.45499999999992724,"failureMessages":[],"meta":{}},{"ancestorTitles":["Shared Utilities Unit Tests","Validation Utilities","createOptionalArrayTransformer"],"fullName":"Shared Utilities Unit Tests Validation Utilities createOptionalArrayTransformer should return null for undefined input","status":"passed","title":"should return null for undefined input","duration":0.4499000000000706,"failureMessages":[],"meta":{}},{"ancestorTitles":["Shared Utilities Unit Tests","Validation Utilities","createOptionalArrayTransformer"],"fullName":"Shared Utilities Unit Tests Validation Utilities createOptionalArrayTransformer should reverse valid array","status":"passed","title":"should reverse valid array","duration":0.6565000000000509,"failureMessages":[],"meta":{}},{"ancestorTitles":["Shared Utilities Unit Tests","Validation Utilities","createOptionalArrayTransformer"],"fullName":"Shared Utilities Unit Tests Validation Utilities createOptionalArrayTransformer should return null when reversing null","status":"passed","title":"should return null when reversing null","duration":0.4481999999998152,"failureMessages":[],"meta":{}},{"ancestorTitles":["Shared Utilities Unit Tests","Validation Utilities","createOptionalArrayTransformer"],"fullName":"Shared Utilities Unit Tests Validation Utilities createOptionalArrayTransformer should handle empty arrays","status":"passed","title":"should handle empty arrays","duration":0.5295000000000982,"failureMessages":[],"meta":{}},{"ancestorTitles":["Shared Utilities Unit Tests","Validation Utilities","createOptionalTransformer"],"fullName":"Shared Utilities Unit Tests Validation Utilities createOptionalTransformer should transform valid value","status":"passed","title":"should transform valid value","duration":0.7295000000003711,"failureMessages":[],"meta":{}},{"ancestorTitles":["Shared Utilities Unit Tests","Validation Utilities","createOptionalTransformer"],"fullName":"Shared Utilities Unit Tests Validation Utilities createOptionalTransformer should return null for null input","status":"passed","title":"should return null for null input","duration":0.6572999999998501,"failureMessages":[],"meta":{}},{"ancestorTitles":["Shared Utilities Unit Tests","Validation Utilities","createOptionalTransformer"],"fullName":"Shared Utilities Unit Tests Validation Utilities createOptionalTransformer should return null for undefined input","status":"passed","title":"should return null for undefined input","duration":0.688799999999901,"failureMessages":[],"meta":{}},{"ancestorTitles":["Shared Utilities Unit Tests","Validation Utilities","createOptionalTransformer"],"fullName":"Shared Utilities Unit Tests Validation Utilities createOptionalTransformer should reverse valid value","status":"passed","title":"should reverse valid value","duration":0.9661999999998443,"failureMessages":[],"meta":{}},{"ancestorTitles":["Shared Utilities Unit Tests","Validation Utilities","createOptionalTransformer"],"fullName":"Shared Utilities Unit Tests Validation Utilities createOptionalTransformer should return null when reversing null","status":"passed","title":"should return null when reversing null","duration":0.2929999999996653,"failureMessages":[],"meta":{}},{"ancestorTitles":["Shared Utilities Unit Tests","Validation Utilities","createOptionalTransformer"],"fullName":"Shared Utilities Unit Tests Validation Utilities createOptionalTransformer should work with date transformer","status":"passed","title":"should work with date transformer","duration":0.46390000000019427,"failureMessages":[],"meta":{}},{"ancestorTitles":["Shared Utilities Unit Tests","Validation Utilities","createFieldMappingTransformer"],"fullName":"Shared Utilities Unit Tests Validation Utilities createFieldMappingTransformer should map fields according to mapping","status":"passed","title":"should map fields according to mapping","duration":1.0523000000002867,"failureMessages":[],"meta":{}},{"ancestorTitles":["Shared Utilities Unit Tests","Validation Utilities","createFieldMappingTransformer"],"fullName":"Shared Utilities Unit Tests Validation Utilities createFieldMappingTransformer should handle partial mappings","status":"passed","title":"should handle partial mappings","duration":0.6737000000002809,"failureMessages":[],"meta":{}},{"ancestorTitles":["Shared Utilities Unit Tests","Validation Utilities","createFieldMappingTransformer"],"fullName":"Shared Utilities Unit Tests Validation Utilities createFieldMappingTransformer should handle missing source fields","status":"passed","title":"should handle missing source fields","duration":0.5945000000001528,"failureMessages":[],"meta":{}},{"ancestorTitles":["Shared Utilities Unit Tests","Validation Utilities","composeTransformers"],"fullName":"Shared Utilities Unit Tests Validation Utilities composeTransformers should compose two transformers","status":"passed","title":"should compose two transformers","duration":0.9994999999998981,"failureMessages":[],"meta":{}},{"ancestorTitles":["Shared Utilities Unit Tests","Validation Utilities","composeTransformers"],"fullName":"Shared Utilities Unit Tests Validation Utilities composeTransformers should compose string transformers","status":"passed","title":"should compose string transformers","duration":0.9434000000001106,"failureMessages":[],"meta":{}},{"ancestorTitles":["Shared Utilities Unit Tests","Validation Utilities","composeTransformers"],"fullName":"Shared Utilities Unit Tests Validation Utilities composeTransformers should be reversible","status":"passed","title":"should be reversible","duration":0.5839999999998327,"failureMessages":[],"meta":{}},{"ancestorTitles":["Shared Utilities Unit Tests","Validation Utilities","createValidatingTransformer"],"fullName":"Shared Utilities Unit Tests Validation Utilities createValidatingTransformer should validate source before transformation","status":"passed","title":"should validate source before transformation","duration":1.8459000000002561,"failureMessages":[],"meta":{}},{"ancestorTitles":["Shared Utilities Unit Tests","Validation Utilities","createValidatingTransformer"],"fullName":"Shared Utilities Unit Tests Validation Utilities createValidatingTransformer should validate target after transformation","status":"passed","title":"should validate target after transformation","duration":1.8291000000003805,"failureMessages":[],"meta":{}},{"ancestorTitles":["Shared Utilities Unit Tests","Validation Utilities","createValidatingTransformer"],"fullName":"Shared Utilities Unit Tests Validation Utilities createValidatingTransformer should validate both source and target","status":"passed","title":"should validate both source and target","duration":4.286099999999806,"failureMessages":[],"meta":{}},{"ancestorTitles":["Shared Utilities Unit Tests","Validation Utilities","createValidatingTransformer"],"fullName":"Shared Utilities Unit Tests Validation Utilities createValidatingTransformer should validate in reverse direction","status":"passed","title":"should validate in reverse direction","duration":2.824000000000069,"failureMessages":[],"meta":{}},{"ancestorTitles":["Shared Utilities Unit Tests","Validation Utilities","applyTransformationOptions"],"fullName":"Shared Utilities Unit Tests Validation Utilities applyTransformationOptions should exclude specified fields","status":"passed","title":"should exclude specified fields","duration":1.0620000000003529,"failureMessages":[],"meta":{}},{"ancestorTitles":["Shared Utilities Unit Tests","Validation Utilities","applyTransformationOptions"],"fullName":"Shared Utilities Unit Tests Validation Utilities applyTransformationOptions should include only specified fields","status":"passed","title":"should include only specified fields","duration":0.6826000000000931,"failureMessages":[],"meta":{}},{"ancestorTitles":["Shared Utilities Unit Tests","Validation Utilities","applyTransformationOptions"],"fullName":"Shared Utilities Unit Tests Validation Utilities applyTransformationOptions should exclude null fields by default","status":"passed","title":"should exclude null fields by default","duration":0.6491000000000895,"failureMessages":[],"meta":{}},{"ancestorTitles":["Shared Utilities Unit Tests","Validation Utilities","applyTransformationOptions"],"fullName":"Shared Utilities Unit Tests Validation Utilities applyTransformationOptions should include null fields when specified","status":"passed","title":"should include null fields when specified","duration":0.7390999999997803,"failureMessages":[],"meta":{}},{"ancestorTitles":["Shared Utilities Unit Tests","Validation Utilities","applyTransformationOptions"],"fullName":"Shared Utilities Unit Tests Validation Utilities applyTransformationOptions should return data unchanged when no options provided","status":"passed","title":"should return data unchanged when no options provided","duration":0.5457000000001244,"failureMessages":[],"meta":{}},{"ancestorTitles":["Shared Utilities Unit Tests","Validation Utilities","applyTransformationOptions"],"fullName":"Shared Utilities Unit Tests Validation Utilities applyTransformationOptions should handle empty object","status":"passed","title":"should handle empty object","duration":0.7216000000003078,"failureMessages":[],"meta":{}},{"ancestorTitles":["Shared Utilities Unit Tests","Validation Utilities","createSafeTransformer"],"fullName":"Shared Utilities Unit Tests Validation Utilities createSafeTransformer should return transformed value on success","status":"passed","title":"should return transformed value on success","duration":0.6837000000000444,"failureMessages":[],"meta":{}},{"ancestorTitles":["Shared Utilities Unit Tests","Validation Utilities","createSafeTransformer"],"fullName":"Shared Utilities Unit Tests Validation Utilities createSafeTransformer should return null on transformation error","status":"passed","title":"should return null on transformation error","duration":0.6487999999999374,"failureMessages":[],"meta":{}},{"ancestorTitles":["Shared Utilities Unit Tests","Validation Utilities","createSafeTransformer"],"fullName":"Shared Utilities Unit Tests Validation Utilities createSafeTransformer should return null on reverse error","status":"passed","title":"should return null on reverse error","duration":0.639299999999821,"failureMessages":[],"meta":{}},{"ancestorTitles":["Shared Utilities Unit Tests","Validation Utilities","createSafeTransformer"],"fullName":"Shared Utilities Unit Tests Validation Utilities createSafeTransformer should handle null input in reverse","status":"passed","title":"should handle null input in reverse","duration":0.4600000000000364,"failureMessages":[],"meta":{}},{"ancestorTitles":["Shared Utilities Unit Tests","Validation Utilities","createSafeTransformer"],"fullName":"Shared Utilities Unit Tests Validation Utilities createSafeTransformer should not throw errors","status":"passed","title":"should not throw errors","duration":1.8272999999999229,"failureMessages":[],"meta":{}}],"startTime":1773899866339,"endTime":1773899866461.8274,"status":"failed","message":"","name":"C:/Users/Access Granted/Downloads/projects/SimpleTool/shared/utils/shared-utilities.test.ts"},{"assertionResults":[{"ancestorTitles":["Feature: full-stack-integration, Property 5: API Contract Type Usage"],"fullName":"Feature: full-stack-integration, Property 5: API Contract Type Usage should have API contracts infrastructure in place","status":"passed","title":"should have API contracts infrastructure in place","duration":5.733600000000024,"failureMessages":[],"meta":{}},{"ancestorTitles":["Feature: full-stack-integration, Property 5: API Contract Type Usage"],"fullName":"Feature: full-stack-integration, Property 5: API Contract Type Usage should have contract files that use shared types","status":"passed","title":"should have contract files that use shared types","duration":16.288499999999658,"failureMessages":[],"meta":{}},{"ancestorTitles":["Feature: full-stack-integration, Property 5: API Contract Type Usage"],"fullName":"Feature: full-stack-integration, Property 5: API Contract Type Usage should have endpoint registry that uses shared types","status":"passed","title":"should have endpoint registry that uses shared types","duration":1.5832000000000335,"failureMessages":[],"meta":{}},{"ancestorTitles":["Feature: full-stack-integration, Property 5: API Contract Type Usage"],"fullName":"Feature: full-stack-integration, Property 5: API Contract Type Usage should ensure all endpoint definitions use shared types","status":"passed","title":"should ensure all endpoint definitions use shared types","duration":56.97440000000006,"failureMessages":[],"meta":{}},{"ancestorTitles":["Feature: full-stack-integration, Property 5: API Contract Type Usage"],"fullName":"Feature: full-stack-integration, Property 5: API Contract Type Usage should ensure no inline type definitions in endpoint contracts","status":"passed","title":"should ensure no inline type definitions in endpoint contracts","duration":13.31750000000011,"failureMessages":[],"meta":{}},{"ancestorTitles":["Feature: full-stack-integration, Property 5: API Contract Type Usage"],"fullName":"Feature: full-stack-integration, Property 5: API Contract Type Usage should ensure all API types are imported from shared layer","status":"passed","title":"should ensure all API types are imported from shared layer","duration":17.876400000000103,"failureMessages":[],"meta":{}},{"ancestorTitles":["Feature: full-stack-integration, Property 5: API Contract Type Usage"],"fullName":"Feature: full-stack-integration, Property 5: API Contract Type Usage should ensure endpoint schemas use Zod from shared validation","status":"passed","title":"should ensure endpoint schemas use Zod from shared validation","duration":22.966399999999794,"failureMessages":[],"meta":{}},{"ancestorTitles":["Feature: full-stack-integration, Property 5: API Contract Type Usage"],"fullName":"Feature: full-stack-integration, Property 5: API Contract Type Usage should ensure type consistency across contract files","status":"passed","title":"should ensure type consistency across contract files","duration":33.60730000000012,"failureMessages":[],"meta":{}},{"ancestorTitles":["Feature: full-stack-integration, Property 5: API Contract Type Usage"],"fullName":"Feature: full-stack-integration, Property 5: API Contract Type Usage should ensure no duplicate type definitions across layers","status":"passed","title":"should ensure no duplicate type definitions across layers","duration":10.103399999999965,"failureMessages":[],"meta":{}}],"startTime":1773899866594,"endTime":1773899866774.1035,"status":"passed","message":"","name":"C:/Users/Access Granted/Downloads/projects/SimpleTool/shared/__tests__/api-contract-type-usage.property.test.ts"},{"assertionResults":[{"ancestorTitles":["Feature: full-stack-integration, Property 6: Migration Type Generation"],"fullName":"Feature: full-stack-integration, Property 6: Migration Type Generation should have type generation infrastructure in place","status":"failed","title":"should have type generation infrastructure in place","duration":26.167999999999665,"failureMessages":["AssertionError: expected false to be true // Object.is equality\n    at C:\\Users\\Access Granted\\Downloads\\projects\\SimpleTool\\shared\\__tests__\\migration-type-generation.property.test.ts:133:23\n    at file:///C:/Users/Access%20Granted/Downloads/projects/SimpleTool/node_modules/.pnpm/@vitest+runner@3.2.4/node_modules/@vitest/runner/dist/chunk-hooks.js:155:11\n    at file:///C:/Users/Access%20Granted/Downloads/projects/SimpleTool/node_modules/.pnpm/@vitest+runner@3.2.4/node_modules/@vitest/runner/dist/chunk-hooks.js:752:26\n    at file:///C:/Users/Access%20Granted/Downloads/projects/SimpleTool/node_modules/.pnpm/@vitest+runner@3.2.4/node_modules/@vitest/runner/dist/chunk-hooks.js:1897:20\n    at new Promise (<anonymous>)\n    at runWithTimeout (file:///C:/Users/Access%20Granted/Downloads/projects/SimpleTool/node_modules/.pnpm/@vitest+runner@3.2.4/node_modules/@vitest/runner/dist/chunk-hooks.js:1863:10)\n    at runTest (file:///C:/Users/Access%20Granted/Downloads/projects/SimpleTool/node_modules/.pnpm/@vitest+runner@3.2.4/node_modules/@vitest/runner/dist/chunk-hooks.js:1574:12)\n    at processTicksAndRejections (node:internal/process/task_queues:105:5)\n    at runSuite (file:///C:/Users/Access%20Granted/Downloads/projects/SimpleTool/node_modules/.pnpm/@vitest+runner@3.2.4/node_modules/@vitest/runner/dist/chunk-hooks.js:1729:8)\n    at runSuite (file:///C:/Users/Access%20Granted/Downloads/projects/SimpleTool/node_modules/.pnpm/@vitest+runner@3.2.4/node_modules/@vitest/runner/dist/chunk-hooks.js:1729:8)"],"meta":{}},{"ancestorTitles":["Feature: full-stack-integration, Property 6: Migration Type Generation"],"fullName":"Feature: full-stack-integration, Property 6: Migration Type Generation should generate types for all core tables","status":"failed","title":"should generate types for all core tables","duration":7.840400000000045,"failureMessages":["AssertionError: expected 0 to be greater than 0\n    at C:\\Users\\Access Granted\\Downloads\\projects\\SimpleTool\\shared\\__tests__\\migration-type-generation.property.test.ts:152:34\n    at file:///C:/Users/Access%20Granted/Downloads/projects/SimpleTool/node_modules/.pnpm/@vitest+runner@3.2.4/node_modules/@vitest/runner/dist/chunk-hooks.js:155:11\n    at file:///C:/Users/Access%20Granted/Downloads/projects/SimpleTool/node_modules/.pnpm/@vitest+runner@3.2.4/node_modules/@vitest/runner/dist/chunk-hooks.js:752:26\n    at file:///C:/Users/Access%20Granted/Downloads/projects/SimpleTool/node_modules/.pnpm/@vitest+runner@3.2.4/node_modules/@vitest/runner/dist/chunk-hooks.js:1897:20\n    at new Promise (<anonymous>)\n    at runWithTimeout (file:///C:/Users/Access%20Granted/Downloads/projects/SimpleTool/node_modules/.pnpm/@vitest+runner@3.2.4/node_modules/@vitest/runner/dist/chunk-hooks.js:1863:10)\n    at runTest (file:///C:/Users/Access%20Granted/Downloads/projects/SimpleTool/node_modules/.pnpm/@vitest+runner@3.2.4/node_modules/@vitest/runner/dist/chunk-hooks.js:1574:12)\n    at processTicksAndRejections (node:internal/process/task_queues:105:5)\n    at runSuite (file:///C:/Users/Access%20Granted/Downloads/projects/SimpleTool/node_modules/.pnpm/@vitest+runner@3.2.4/node_modules/@vitest/runner/dist/chunk-hooks.js:1729:8)\n    at runSuite (file:///C:/Users/Access%20Granted/Downloads/projects/SimpleTool/node_modules/.pnpm/@vitest+runner@3.2.4/node_modules/@vitest/runner/dist/chunk-hooks.js:1729:8)"],"meta":{}},{"ancestorTitles":["Feature: full-stack-integration, Property 6: Migration Type Generation"],"fullName":"Feature: full-stack-integration, Property 6: Migration Type Generation should maintain type generation consistency","status":"passed","title":"should maintain type generation consistency","duration":89.63630000000012,"failureMessages":[],"meta":{}},{"ancestorTitles":["Feature: full-stack-integration, Property 6: Migration Type Generation"],"fullName":"Feature: full-stack-integration, Property 6: Migration Type Generation should handle migration type generation idempotently","status":"passed","title":"should handle migration type generation idempotently","duration":17.536099999999806,"failureMessages":[],"meta":{}},{"ancestorTitles":["Feature: full-stack-integration, Property 6: Migration Type Generation"],"fullName":"Feature: full-stack-integration, Property 6: Migration Type Generation should map SQL types to TypeScript types correctly","status":"passed","title":"should map SQL types to TypeScript types correctly","duration":15.564100000000053,"failureMessages":[],"meta":{}},{"ancestorTitles":["Feature: full-stack-integration, Property 6: Migration Type Generation"],"fullName":"Feature: full-stack-integration, Property 6: Migration Type Generation should preserve type safety across migrations","status":"passed","title":"should preserve type safety across migrations","duration":46.421499999999924,"failureMessages":[],"meta":{}}],"startTime":1773899866600,"endTime":1773899866804.4214,"status":"failed","message":"","name":"C:/Users/Access Granted/Downloads/projects/SimpleTool/shared/__tests__/migration-type-generation.property.test.ts"},{"assertionResults":[{"ancestorTitles":["Error Transformation Unit Tests","transformDatabaseError"],"fullName":"Error Transformation Unit Tests transformDatabaseError should transform PostgreSQL unique constraint violation (23505)","status":"passed","title":"should transform PostgreSQL unique constraint violation (23505)","duration":6.466800000000148,"failureMessages":[],"meta":{}},{"ancestorTitles":["Error Transformation Unit Tests","transformDatabaseError"],"fullName":"Error Transformation Unit Tests transformDatabaseError should transform PostgreSQL foreign key violation (23503)","status":"passed","title":"should transform PostgreSQL foreign key violation (23503)","duration":1.4979999999995925,"failureMessages":[],"meta":{}},{"ancestorTitles":["Error Transformation Unit Tests","transformDatabaseError"],"fullName":"Error Transformation Unit Tests transformDatabaseError should transform PostgreSQL not null violation (23502)","status":"passed","title":"should transform PostgreSQL not null violation (23502)","duration":0.9142000000001644,"failureMessages":[],"meta":{}},{"ancestorTitles":["Error Transformation Unit Tests","transformDatabaseError"],"fullName":"Error Transformation Unit Tests transformDatabaseError should transform PostgreSQL check constraint violation (23514)","status":"passed","title":"should transform PostgreSQL check constraint violation (23514)","duration":0.8451999999997497,"failureMessages":[],"meta":{}},{"ancestorTitles":["Error Transformation Unit Tests","transformDatabaseError"],"fullName":"Error Transformation Unit Tests transformDatabaseError should transform generic database error","status":"passed","title":"should transform generic database error","duration":0.531999999999698,"failureMessages":[],"meta":{}},{"ancestorTitles":["Error Transformation Unit Tests","transformDatabaseError"],"fullName":"Error Transformation Unit Tests transformDatabaseError should transform unknown database error","status":"passed","title":"should transform unknown database error","duration":0.2660999999998239,"failureMessages":[],"meta":{}},{"ancestorTitles":["Error Transformation Unit Tests","transformDatabaseError"],"fullName":"Error Transformation Unit Tests transformDatabaseError should use existing correlation ID when available","status":"failed","title":"should use existing correlation ID when available","duration":26.647899999999936,"failureMessages":["AssertionError: expected 'corr-1773899866647-8jbylfbp2' to be 'test-correlation-123' // Object.is equality\n    at C:\\Users\\Access Granted\\Downloads\\projects\\SimpleTool\\shared\\utils\\errors\\transform.test.ts:136:36\n    at file:///C:/Users/Access%20Granted/Downloads/projects/SimpleTool/node_modules/.pnpm/@vitest+runner@3.2.4/node_modules/@vitest/runner/dist/chunk-hooks.js:155:11\n    at file:///C:/Users/Access%20Granted/Downloads/projects/SimpleTool/node_modules/.pnpm/@vitest+runner@3.2.4/node_modules/@vitest/runner/dist/chunk-hooks.js:752:26\n    at file:///C:/Users/Access%20Granted/Downloads/projects/SimpleTool/node_modules/.pnpm/@vitest+runner@3.2.4/node_modules/@vitest/runner/dist/chunk-hooks.js:1897:20\n    at new Promise (<anonymous>)\n    at runWithTimeout (file:///C:/Users/Access%20Granted/Downloads/projects/SimpleTool/node_modules/.pnpm/@vitest+runner@3.2.4/node_modules/@vitest/runner/dist/chunk-hooks.js:1863:10)\n    at runTest (file:///C:/Users/Access%20Granted/Downloads/projects/SimpleTool/node_modules/.pnpm/@vitest+runner@3.2.4/node_modules/@vitest/runner/dist/chunk-hooks.js:1574:12)\n    at processTicksAndRejections (node:internal/process/task_queues:105:5)\n    at runSuite (file:///C:/Users/Access%20Granted/Downloads/projects/SimpleTool/node_modules/.pnpm/@vitest+runner@3.2.4/node_modules/@vitest/runner/dist/chunk-hooks.js:1729:8)\n    at runSuite (file:///C:/Users/Access%20Granted/Downloads/projects/SimpleTool/node_modules/.pnpm/@vitest+runner@3.2.4/node_modules/@vitest/runner/dist/chunk-hooks.js:1729:8)"],"meta":{}},{"ancestorTitles":["Error Transformation Unit Tests","transformDatabaseError"],"fullName":"Error Transformation Unit Tests transformDatabaseError should generate new correlation ID when none exists","status":"passed","title":"should generate new correlation ID when none exists","duration":0.7842000000000553,"failureMessages":[],"meta":{}},{"ancestorTitles":["Error Transformation Unit Tests","transformValidationError"],"fullName":"Error Transformation Unit Tests transformValidationError should transform Zod validation error with single field","status":"passed","title":"should transform Zod validation error with single field","duration":9.78500000000031,"failureMessages":[],"meta":{}},{"ancestorTitles":["Error Transformation Unit Tests","transformValidationError"],"fullName":"Error Transformation Unit Tests transformValidationError should transform Zod validation error with multiple fields","status":"passed","title":"should transform Zod validation error with multiple fields","duration":2.951000000000022,"failureMessages":[],"meta":{}},{"ancestorTitles":["Error Transformation Unit Tests","transformValidationError"],"fullName":"Error Transformation Unit Tests transformValidationError should transform Zod validation error with nested fields","status":"passed","title":"should transform Zod validation error with nested fields","duration":2.1849999999999454,"failureMessages":[],"meta":{}},{"ancestorTitles":["Error Transformation Unit Tests","transformValidationError"],"fullName":"Error Transformation Unit Tests transformValidationError should group multiple errors for the same field","status":"passed","title":"should group multiple errors for the same field","duration":1.5608999999999469,"failureMessages":[],"meta":{}},{"ancestorTitles":["Error Transformation Unit Tests","transformValidationError"],"fullName":"Error Transformation Unit Tests transformValidationError should use existing correlation ID when available","status":"failed","title":"should use existing correlation ID when available","duration":4.0185999999998785,"failureMessages":["AssertionError: expected 'corr-1773899866692-46bcyzuw1' to be 'test-correlation-456' // Object.is equality\n    at C:\\Users\\Access Granted\\Downloads\\projects\\SimpleTool\\shared\\utils\\errors\\transform.test.ts:254:36\n    at file:///C:/Users/Access%20Granted/Downloads/projects/SimpleTool/node_modules/.pnpm/@vitest+runner@3.2.4/node_modules/@vitest/runner/dist/chunk-hooks.js:155:11\n    at file:///C:/Users/Access%20Granted/Downloads/projects/SimpleTool/node_modules/.pnpm/@vitest+runner@3.2.4/node_modules/@vitest/runner/dist/chunk-hooks.js:752:26\n    at file:///C:/Users/Access%20Granted/Downloads/projects/SimpleTool/node_modules/.pnpm/@vitest+runner@3.2.4/node_modules/@vitest/runner/dist/chunk-hooks.js:1897:20\n    at new Promise (<anonymous>)\n    at runWithTimeout (file:///C:/Users/Access%20Granted/Downloads/projects/SimpleTool/node_modules/.pnpm/@vitest+runner@3.2.4/node_modules/@vitest/runner/dist/chunk-hooks.js:1863:10)\n    at runTest (file:///C:/Users/Access%20Granted/Downloads/projects/SimpleTool/node_modules/.pnpm/@vitest+runner@3.2.4/node_modules/@vitest/runner/dist/chunk-hooks.js:1574:12)\n    at processTicksAndRejections (node:internal/process/task_queues:105:5)\n    at runSuite (file:///C:/Users/Access%20Granted/Downloads/projects/SimpleTool/node_modules/.pnpm/@vitest+runner@3.2.4/node_modules/@vitest/runner/dist/chunk-hooks.js:1729:8)\n    at runSuite (file:///C:/Users/Access%20Granted/Downloads/projects/SimpleTool/node_modules/.pnpm/@vitest+runner@3.2.4/node_modules/@vitest/runner/dist/chunk-hooks.js:1729:8)"],"meta":{}},{"ancestorTitles":["Error Transformation Unit Tests","transformNetworkError"],"fullName":"Error Transformation Unit Tests transformNetworkError should transform timeout error by name","status":"passed","title":"should transform timeout error by name","duration":1.1319000000003143,"failureMessages":[],"meta":{}},{"ancestorTitles":["Error Transformation Unit Tests","transformNetworkError"],"fullName":"Error Transformation Unit Tests transformNetworkError should transform timeout error by message","status":"passed","title":"should transform timeout error by message","duration":0.6644000000001142,"failureMessages":[],"meta":{}},{"ancestorTitles":["Error Transformation Unit Tests","transformNetworkError"],"fullName":"Error Transformation Unit Tests transformNetworkError should transform service unavailable error (503)","status":"passed","title":"should transform service unavailable error (503)","duration":0.7577000000001135,"failureMessages":[],"meta":{}},{"ancestorTitles":["Error Transformation Unit Tests","transformNetworkError"],"fullName":"Error Transformation Unit Tests transformNetworkError should transform generic network error","status":"passed","title":"should transform generic network error","duration":0.7287000000001171,"failureMessages":[],"meta":{}},{"ancestorTitles":["Error Transformation Unit Tests","transformNetworkError"],"fullName":"Error Transformation Unit Tests transformNetworkError should transform unknown network error","status":"passed","title":"should transform unknown network error","duration":0.5726999999997133,"failureMessages":[],"meta":{}},{"ancestorTitles":["Error Transformation Unit Tests","transformNetworkError"],"fullName":"Error Transformation Unit Tests transformNetworkError should use existing correlation ID when available","status":"failed","title":"should use existing correlation ID when available","duration":1.959400000000187,"failureMessages":["AssertionError: expected 'corr-1773899866700-4gq8m00bc' to be 'test-correlation-789' // Object.is equality\n    at C:\\Users\\Access Granted\\Downloads\\projects\\SimpleTool\\shared\\utils\\errors\\transform.test.ts:325:36\n    at file:///C:/Users/Access%20Granted/Downloads/projects/SimpleTool/node_modules/.pnpm/@vitest+runner@3.2.4/node_modules/@vitest/runner/dist/chunk-hooks.js:155:11\n    at file:///C:/Users/Access%20Granted/Downloads/projects/SimpleTool/node_modules/.pnpm/@vitest+runner@3.2.4/node_modules/@vitest/runner/dist/chunk-hooks.js:752:26\n    at file:///C:/Users/Access%20Granted/Downloads/projects/SimpleTool/node_modules/.pnpm/@vitest+runner@3.2.4/node_modules/@vitest/runner/dist/chunk-hooks.js:1897:20\n    at new Promise (<anonymous>)\n    at runWithTimeout (file:///C:/Users/Access%20Granted/Downloads/projects/SimpleTool/node_modules/.pnpm/@vitest+runner@3.2.4/node_modules/@vitest/runner/dist/chunk-hooks.js:1863:10)\n    at runTest (file:///C:/Users/Access%20Granted/Downloads/projects/SimpleTool/node_modules/.pnpm/@vitest+runner@3.2.4/node_modules/@vitest/runner/dist/chunk-hooks.js:1574:12)\n    at processTicksAndRejections (node:internal/process/task_queues:105:5)\n    at runSuite (file:///C:/Users/Access%20Granted/Downloads/projects/SimpleTool/node_modules/.pnpm/@vitest+runner@3.2.4/node_modules/@vitest/runner/dist/chunk-hooks.js:1729:8)\n    at runSuite (file:///C:/Users/Access%20Granted/Downloads/projects/SimpleTool/node_modules/.pnpm/@vitest+runner@3.2.4/node_modules/@vitest/runner/dist/chunk-hooks.js:1729:8)"],"meta":{}},{"ancestorTitles":["Error Transformation Unit Tests","toStandardError"],"fullName":"Error Transformation Unit Tests toStandardError should return StandardError unchanged","status":"passed","title":"should return StandardError unchanged","duration":0.8872000000001208,"failureMessages":[],"meta":{}},{"ancestorTitles":["Error Transformation Unit Tests","toStandardError"],"fullName":"Error Transformation Unit Tests toStandardError should transform ZodError","status":"passed","title":"should transform ZodError","duration":1.0385999999998603,"failureMessages":[],"meta":{}},{"ancestorTitles":["Error Transformation Unit Tests","toStandardError"],"fullName":"Error Transformation Unit Tests toStandardError should transform PostgreSQL error","status":"passed","title":"should transform PostgreSQL error","duration":0.2514000000001033,"failureMessages":[],"meta":{}},{"ancestorTitles":["Error Transformation Unit Tests","toStandardError"],"fullName":"Error Transformation Unit Tests toStandardError should transform HTTP 401 error","status":"passed","title":"should transform HTTP 401 error","duration":0.23390000000017608,"failureMessages":[],"meta":{}},{"ancestorTitles":["Error Transformation Unit Tests","toStandardError"],"fullName":"Error Transformation Unit Tests toStandardError should transform HTTP 403 error","status":"passed","title":"should transform HTTP 403 error","duration":0.17869999999993524,"failureMessages":[],"meta":{}},{"ancestorTitles":["Error Transformation Unit Tests","toStandardError"],"fullName":"Error Transformation Unit Tests toStandardError should transform HTTP 404 error","status":"passed","title":"should transform HTTP 404 error","duration":0.16820000000006985,"failureMessages":[],"meta":{}},{"ancestorTitles":["Error Transformation Unit Tests","toStandardError"],"fullName":"Error Transformation Unit Tests toStandardError should transform HTTP 500+ error","status":"passed","title":"should transform HTTP 500+ error","duration":0.1615999999999076,"failureMessages":[],"meta":{}},{"ancestorTitles":["Error Transformation Unit Tests","toStandardError"],"fullName":"Error Transformation Unit Tests toStandardError should transform error with known error code","status":"passed","title":"should transform error with known error code","duration":0.2602999999999156,"failureMessages":[],"meta":{}},{"ancestorTitles":["Error Transformation Unit Tests","toStandardError"],"fullName":"Error Transformation Unit Tests toStandardError should transform generic Error object","status":"passed","title":"should transform generic Error object","duration":0.8461000000002059,"failureMessages":[],"meta":{}},{"ancestorTitles":["Error Transformation Unit Tests","toStandardError"],"fullName":"Error Transformation Unit Tests toStandardError should transform unknown error","status":"passed","title":"should transform unknown error","duration":0.6355000000003201,"failureMessages":[],"meta":{}},{"ancestorTitles":["Error Transformation Unit Tests","createStandardError"],"fullName":"Error Transformation Unit Tests createStandardError should create StandardError with code and default message","status":"passed","title":"should create StandardError with code and default message","duration":0.8067999999998392,"failureMessages":[],"meta":{}},{"ancestorTitles":["Error Transformation Unit Tests","createStandardError"],"fullName":"Error Transformation Unit Tests createStandardError should create StandardError with custom message","status":"passed","title":"should create StandardError with custom message","duration":2.2761999999997897,"failureMessages":[],"meta":{}},{"ancestorTitles":["Error Transformation Unit Tests","createStandardError"],"fullName":"Error Transformation Unit Tests createStandardError should create StandardError with details","status":"passed","title":"should create StandardError with details","duration":0.5531999999998334,"failureMessages":[],"meta":{}},{"ancestorTitles":["Error Transformation Unit Tests","createStandardError"],"fullName":"Error Transformation Unit Tests createStandardError should use existing correlation ID when available","status":"failed","title":"should use existing correlation ID when available","duration":2.258100000000013,"failureMessages":["AssertionError: expected 'corr-1773899866710-cmnitl318' to be 'test-correlation-create' // Object.is equality\n    at C:\\Users\\Access Granted\\Downloads\\projects\\SimpleTool\\shared\\utils\\errors\\transform.test.ts:489:36\n    at file:///C:/Users/Access%20Granted/Downloads/projects/SimpleTool/node_modules/.pnpm/@vitest+runner@3.2.4/node_modules/@vitest/runner/dist/chunk-hooks.js:155:11\n    at file:///C:/Users/Access%20Granted/Downloads/projects/SimpleTool/node_modules/.pnpm/@vitest+runner@3.2.4/node_modules/@vitest/runner/dist/chunk-hooks.js:752:26\n    at file:///C:/Users/Access%20Granted/Downloads/projects/SimpleTool/node_modules/.pnpm/@vitest+runner@3.2.4/node_modules/@vitest/runner/dist/chunk-hooks.js:1897:20\n    at new Promise (<anonymous>)\n    at runWithTimeout (file:///C:/Users/Access%20Granted/Downloads/projects/SimpleTool/node_modules/.pnpm/@vitest+runner@3.2.4/node_modules/@vitest/runner/dist/chunk-hooks.js:1863:10)\n    at runTest (file:///C:/Users/Access%20Granted/Downloads/projects/SimpleTool/node_modules/.pnpm/@vitest+runner@3.2.4/node_modules/@vitest/runner/dist/chunk-hooks.js:1574:12)\n    at processTicksAndRejections (node:internal/process/task_queues:105:5)\n    at runSuite (file:///C:/Users/Access%20Granted/Downloads/projects/SimpleTool/node_modules/.pnpm/@vitest+runner@3.2.4/node_modules/@vitest/runner/dist/chunk-hooks.js:1729:8)\n    at runSuite (file:///C:/Users/Access%20Granted/Downloads/projects/SimpleTool/node_modules/.pnpm/@vitest+runner@3.2.4/node_modules/@vitest/runner/dist/chunk-hooks.js:1729:8)"],"meta":{}},{"ancestorTitles":["Error Transformation Unit Tests","Correlation ID Propagation"],"fullName":"Error Transformation Unit Tests Correlation ID Propagation should propagate correlation ID through database error transformation","status":"failed","title":"should propagate correlation ID through database error transformation","duration":7.275300000000243,"failureMessages":["AssertionError: expected 'corr-1773899866717-uv38v4pr7' to be '0b5a9321-1712-4dc6-9a03-ec9d478e7e63' // Object.is equality\n    at C:\\Users\\Access Granted\\Downloads\\projects\\SimpleTool\\shared\\utils\\errors\\transform.test.ts:501:36\n    at file:///C:/Users/Access%20Granted/Downloads/projects/SimpleTool/node_modules/.pnpm/@vitest+runner@3.2.4/node_modules/@vitest/runner/dist/chunk-hooks.js:155:11\n    at file:///C:/Users/Access%20Granted/Downloads/projects/SimpleTool/node_modules/.pnpm/@vitest+runner@3.2.4/node_modules/@vitest/runner/dist/chunk-hooks.js:752:26\n    at file:///C:/Users/Access%20Granted/Downloads/projects/SimpleTool/node_modules/.pnpm/@vitest+runner@3.2.4/node_modules/@vitest/runner/dist/chunk-hooks.js:1897:20\n    at new Promise (<anonymous>)\n    at runWithTimeout (file:///C:/Users/Access%20Granted/Downloads/projects/SimpleTool/node_modules/.pnpm/@vitest+runner@3.2.4/node_modules/@vitest/runner/dist/chunk-hooks.js:1863:10)\n    at runTest (file:///C:/Users/Access%20Granted/Downloads/projects/SimpleTool/node_modules/.pnpm/@vitest+runner@3.2.4/node_modules/@vitest/runner/dist/chunk-hooks.js:1574:12)\n    at processTicksAndRejections (node:internal/process/task_queues:105:5)\n    at runSuite (file:///C:/Users/Access%20Granted/Downloads/projects/SimpleTool/node_modules/.pnpm/@vitest+runner@3.2.4/node_modules/@vitest/runner/dist/chunk-hooks.js:1729:8)\n    at runSuite (file:///C:/Users/Access%20Granted/Downloads/projects/SimpleTool/node_modules/.pnpm/@vitest+runner@3.2.4/node_modules/@vitest/runner/dist/chunk-hooks.js:1729:8)"],"meta":{}},{"ancestorTitles":["Error Transformation Unit Tests","Correlation ID Propagation"],"fullName":"Error Transformation Unit Tests Correlation ID Propagation should propagate correlation ID through validation error transformation","status":"failed","title":"should propagate correlation ID through validation error transformation","duration":3.7020000000002256,"failureMessages":["AssertionError: expected 'corr-1773899866721-bbe1npdog' to be '1d552c43-7925-4227-90ab-5378dff4d928' // Object.is equality\n    at C:\\Users\\Access Granted\\Downloads\\projects\\SimpleTool\\shared\\utils\\errors\\transform.test.ts:518:36\n    at file:///C:/Users/Access%20Granted/Downloads/projects/SimpleTool/node_modules/.pnpm/@vitest+runner@3.2.4/node_modules/@vitest/runner/dist/chunk-hooks.js:155:11\n    at file:///C:/Users/Access%20Granted/Downloads/projects/SimpleTool/node_modules/.pnpm/@vitest+runner@3.2.4/node_modules/@vitest/runner/dist/chunk-hooks.js:752:26\n    at file:///C:/Users/Access%20Granted/Downloads/projects/SimpleTool/node_modules/.pnpm/@vitest+runner@3.2.4/node_modules/@vitest/runner/dist/chunk-hooks.js:1897:20\n    at new Promise (<anonymous>)\n    at runWithTimeout (file:///C:/Users/Access%20Granted/Downloads/projects/SimpleTool/node_modules/.pnpm/@vitest+runner@3.2.4/node_modules/@vitest/runner/dist/chunk-hooks.js:1863:10)\n    at runTest (file:///C:/Users/Access%20Granted/Downloads/projects/SimpleTool/node_modules/.pnpm/@vitest+runner@3.2.4/node_modules/@vitest/runner/dist/chunk-hooks.js:1574:12)\n    at processTicksAndRejections (node:internal/process/task_queues:105:5)\n    at runSuite (file:///C:/Users/Access%20Granted/Downloads/projects/SimpleTool/node_modules/.pnpm/@vitest+runner@3.2.4/node_modules/@vitest/runner/dist/chunk-hooks.js:1729:8)\n    at runSuite (file:///C:/Users/Access%20Granted/Downloads/projects/SimpleTool/node_modules/.pnpm/@vitest+runner@3.2.4/node_modules/@vitest/runner/dist/chunk-hooks.js:1729:8)"],"meta":{}},{"ancestorTitles":["Error Transformation Unit Tests","Correlation ID Propagation"],"fullName":"Error Transformation Unit Tests Correlation ID Propagation should propagate correlation ID through network error transformation","status":"failed","title":"should propagate correlation ID through network error transformation","duration":2.4349999999999454,"failureMessages":["AssertionError: expected 'corr-1773899866724-t14bqhy8j' to be '78e6c1f1-f898-4000-b06e-92ca9fce6420' // Object.is equality\n    at C:\\Users\\Access Granted\\Downloads\\projects\\SimpleTool\\shared\\utils\\errors\\transform.test.ts:528:36\n    at file:///C:/Users/Access%20Granted/Downloads/projects/SimpleTool/node_modules/.pnpm/@vitest+runner@3.2.4/node_modules/@vitest/runner/dist/chunk-hooks.js:155:11\n    at file:///C:/Users/Access%20Granted/Downloads/projects/SimpleTool/node_modules/.pnpm/@vitest+runner@3.2.4/node_modules/@vitest/runner/dist/chunk-hooks.js:752:26\n    at file:///C:/Users/Access%20Granted/Downloads/projects/SimpleTool/node_modules/.pnpm/@vitest+runner@3.2.4/node_modules/@vitest/runner/dist/chunk-hooks.js:1897:20\n    at new Promise (<anonymous>)\n    at runWithTimeout (file:///C:/Users/Access%20Granted/Downloads/projects/SimpleTool/node_modules/.pnpm/@vitest+runner@3.2.4/node_modules/@vitest/runner/dist/chunk-hooks.js:1863:10)\n    at runTest (file:///C:/Users/Access%20Granted/Downloads/projects/SimpleTool/node_modules/.pnpm/@vitest+runner@3.2.4/node_modules/@vitest/runner/dist/chunk-hooks.js:1574:12)\n    at processTicksAndRejections (node:internal/process/task_queues:105:5)\n    at runSuite (file:///C:/Users/Access%20Granted/Downloads/projects/SimpleTool/node_modules/.pnpm/@vitest+runner@3.2.4/node_modules/@vitest/runner/dist/chunk-hooks.js:1729:8)\n    at runSuite (file:///C:/Users/Access%20Granted/Downloads/projects/SimpleTool/node_modules/.pnpm/@vitest+runner@3.2.4/node_modules/@vitest/runner/dist/chunk-hooks.js:1729:8)"],"meta":{}},{"ancestorTitles":["Error Transformation Unit Tests","Correlation ID Propagation"],"fullName":"Error Transformation Unit Tests Correlation ID Propagation should propagate correlation ID through toStandardError","status":"failed","title":"should propagate correlation ID through toStandardError","duration":3.32549999999992,"failureMessages":["AssertionError: expected 'corr-1773899866726-3toccko74' to be '31bd886c-56e4-46b8-affd-c4772c96ed0d' // Object.is equality\n    at C:\\Users\\Access Granted\\Downloads\\projects\\SimpleTool\\shared\\utils\\errors\\transform.test.ts:538:36\n    at file:///C:/Users/Access%20Granted/Downloads/projects/SimpleTool/node_modules/.pnpm/@vitest+runner@3.2.4/node_modules/@vitest/runner/dist/chunk-hooks.js:155:11\n    at file:///C:/Users/Access%20Granted/Downloads/projects/SimpleTool/node_modules/.pnpm/@vitest+runner@3.2.4/node_modules/@vitest/runner/dist/chunk-hooks.js:752:26\n    at file:///C:/Users/Access%20Granted/Downloads/projects/SimpleTool/node_modules/.pnpm/@vitest+runner@3.2.4/node_modules/@vitest/runner/dist/chunk-hooks.js:1897:20\n    at new Promise (<anonymous>)\n    at runWithTimeout (file:///C:/Users/Access%20Granted/Downloads/projects/SimpleTool/node_modules/.pnpm/@vitest+runner@3.2.4/node_modules/@vitest/runner/dist/chunk-hooks.js:1863:10)\n    at runTest (file:///C:/Users/Access%20Granted/Downloads/projects/SimpleTool/node_modules/.pnpm/@vitest+runner@3.2.4/node_modules/@vitest/runner/dist/chunk-hooks.js:1574:12)\n    at processTicksAndRejections (node:internal/process/task_queues:105:5)\n    at runSuite (file:///C:/Users/Access%20Granted/Downloads/projects/SimpleTool/node_modules/.pnpm/@vitest+runner@3.2.4/node_modules/@vitest/runner/dist/chunk-hooks.js:1729:8)\n    at runSuite (file:///C:/Users/Access%20Granted/Downloads/projects/SimpleTool/node_modules/.pnpm/@vitest+runner@3.2.4/node_modules/@vitest/runner/dist/chunk-hooks.js:1729:8)"],"meta":{}},{"ancestorTitles":["Error Transformation Unit Tests","Correlation ID Propagation"],"fullName":"Error Transformation Unit Tests Correlation ID Propagation should generate unique correlation IDs for different errors","status":"passed","title":"should generate unique correlation IDs for different errors","duration":1.1862999999998465,"failureMessages":[],"meta":{}},{"ancestorTitles":["Error Transformation Unit Tests","Correlation ID Propagation"],"fullName":"Error Transformation Unit Tests Correlation ID Propagation should maintain same correlation ID across multiple transformations","status":"failed","title":"should maintain same correlation ID across multiple transformations","duration":6.058899999999994,"failureMessages":["AssertionError: expected 'corr-1773899866731-n6jovbybj' to be '2d20ac9e-760b-48c9-81ad-a164c9c0470c' // Object.is equality\n    at C:\\Users\\Access Granted\\Downloads\\projects\\SimpleTool\\shared\\utils\\errors\\transform.test.ts:556:37\n    at file:///C:/Users/Access%20Granted/Downloads/projects/SimpleTool/node_modules/.pnpm/@vitest+runner@3.2.4/node_modules/@vitest/runner/dist/chunk-hooks.js:155:11\n    at file:///C:/Users/Access%20Granted/Downloads/projects/SimpleTool/node_modules/.pnpm/@vitest+runner@3.2.4/node_modules/@vitest/runner/dist/chunk-hooks.js:752:26\n    at file:///C:/Users/Access%20Granted/Downloads/projects/SimpleTool/node_modules/.pnpm/@vitest+runner@3.2.4/node_modules/@vitest/runner/dist/chunk-hooks.js:1897:20\n    at new Promise (<anonymous>)\n    at runWithTimeout (file:///C:/Users/Access%20Granted/Downloads/projects/SimpleTool/node_modules/.pnpm/@vitest+runner@3.2.4/node_modules/@vitest/runner/dist/chunk-hooks.js:1863:10)\n    at runTest (file:///C:/Users/Access%20Granted/Downloads/projects/SimpleTool/node_modules/.pnpm/@vitest+runner@3.2.4/node_modules/@vitest/runner/dist/chunk-hooks.js:1574:12)\n    at processTicksAndRejections (node:internal/process/task_queues:105:5)\n    at runSuite (file:///C:/Users/Access%20Granted/Downloads/projects/SimpleTool/node_modules/.pnpm/@vitest+runner@3.2.4/node_modules/@vitest/runner/dist/chunk-hooks.js:1729:8)\n    at runSuite (file:///C:/Users/Access%20Granted/Downloads/projects/SimpleTool/node_modules/.pnpm/@vitest+runner@3.2.4/node_modules/@vitest/runner/dist/chunk-hooks.js:1729:8)"],"meta":{}},{"ancestorTitles":["Error Transformation Unit Tests","Edge Cases"],"fullName":"Error Transformation Unit Tests Edge Cases should handle null error","status":"passed","title":"should handle null error","duration":0.5871999999999389,"failureMessages":[],"meta":{}},{"ancestorTitles":["Error Transformation Unit Tests","Edge Cases"],"fullName":"Error Transformation Unit Tests Edge Cases should handle undefined error","status":"passed","title":"should handle undefined error","duration":0.6498000000001412,"failureMessages":[],"meta":{}},{"ancestorTitles":["Error Transformation Unit Tests","Edge Cases"],"fullName":"Error Transformation Unit Tests Edge Cases should handle error with circular references","status":"passed","title":"should handle error with circular references","duration":0.4980999999997948,"failureMessages":[],"meta":{}},{"ancestorTitles":["Error Transformation Unit Tests","Edge Cases"],"fullName":"Error Transformation Unit Tests Edge Cases should handle error with empty message","status":"passed","title":"should handle error with empty message","duration":1.127799999999752,"failureMessages":[],"meta":{}},{"ancestorTitles":["Error Transformation Unit Tests","Edge Cases"],"fullName":"Error Transformation Unit Tests Edge Cases should handle database error with missing properties","status":"passed","title":"should handle database error with missing properties","duration":0.5158000000001266,"failureMessages":[],"meta":{}},{"ancestorTitles":["Error Transformation Unit Tests","Edge Cases"],"fullName":"Error Transformation Unit Tests Edge Cases should handle network error with non-503 status","status":"passed","title":"should handle network error with non-503 status","duration":0.5396999999998116,"failureMessages":[],"meta":{}}],"startTime":1773899866635,"endTime":1773899866740.5398,"status":"failed","message":"","name":"C:/Users/Access Granted/Downloads/projects/SimpleTool/shared/utils/errors/transform.test.ts"},{"assertionResults":[{"ancestorTitles":["UserSchema","Valid inputs"],"fullName":"UserSchema Valid inputs should accept valid user with all required fields","status":"passed","title":"should accept valid user with all required fields","duration":9.9375,"failureMessages":[],"meta":{}},{"ancestorTitles":["UserSchema","Valid inputs"],"fullName":"UserSchema Valid inputs should accept valid user with optional fields","status":"passed","title":"should accept valid user with optional fields","duration":1.3665000000000873,"failureMessages":[],"meta":{}},{"ancestorTitles":["UserSchema","Valid inputs"],"fullName":"UserSchema Valid inputs should accept user with nullable fields as null","status":"passed","title":"should accept user with nullable fields as null","duration":0.6932000000001608,"failureMessages":[],"meta":{}},{"ancestorTitles":["UserSchema","Invalid inputs"],"fullName":"UserSchema Invalid inputs should reject invalid email format","status":"passed","title":"should reject invalid email format","duration":1.629399999999805,"failureMessages":[],"meta":{}},{"ancestorTitles":["UserSchema","Invalid inputs"],"fullName":"UserSchema Invalid inputs should reject username with invalid characters","status":"passed","title":"should reject username with invalid characters","duration":1.124000000000251,"failureMessages":[],"meta":{}},{"ancestorTitles":["UserSchema","Invalid inputs"],"fullName":"UserSchema Invalid inputs should reject invalid role","status":"passed","title":"should reject invalid role","duration":1.3256999999998698,"failureMessages":[],"meta":{}},{"ancestorTitles":["UserSchema","Invalid inputs"],"fullName":"UserSchema Invalid inputs should reject invalid phone format","status":"passed","title":"should reject invalid phone format","duration":1.688199999999597,"failureMessages":[],"meta":{}},{"ancestorTitles":["UserSchema","Edge cases and boundary conditions"],"fullName":"UserSchema Edge cases and boundary conditions should reject username shorter than 3 characters","status":"passed","title":"should reject username shorter than 3 characters","duration":0.26549999999997453,"failureMessages":[],"meta":{}},{"ancestorTitles":["UserSchema","Edge cases and boundary conditions"],"fullName":"UserSchema Edge cases and boundary conditions should reject username longer than 20 characters","status":"passed","title":"should reject username longer than 20 characters","duration":0.9601999999999862,"failureMessages":[],"meta":{}},{"ancestorTitles":["UserSchema","Edge cases and boundary conditions"],"fullName":"UserSchema Edge cases and boundary conditions should accept username exactly 3 characters","status":"passed","title":"should accept username exactly 3 characters","duration":0.6439000000000306,"failureMessages":[],"meta":{}},{"ancestorTitles":["UserSchema","Edge cases and boundary conditions"],"fullName":"UserSchema Edge cases and boundary conditions should accept username exactly 20 characters","status":"passed","title":"should accept username exactly 20 characters","duration":0.5003999999998996,"failureMessages":[],"meta":{}},{"ancestorTitles":["UserSchema","Edge cases and boundary conditions"],"fullName":"UserSchema Edge cases and boundary conditions should reject bio longer than 500 characters","status":"passed","title":"should reject bio longer than 500 characters","duration":0.7040999999999258,"failureMessages":[],"meta":{}},{"ancestorTitles":["UserSchema","Edge cases and boundary conditions"],"fullName":"UserSchema Edge cases and boundary conditions should accept bio exactly 500 characters","status":"passed","title":"should accept bio exactly 500 characters","duration":0.8008999999997286,"failureMessages":[],"meta":{}},{"ancestorTitles":["UserSchema","Edge cases and boundary conditions"],"fullName":"UserSchema Edge cases and boundary conditions should reject first_name longer than 100 characters","status":"passed","title":"should reject first_name longer than 100 characters","duration":0.6100000000001273,"failureMessages":[],"meta":{}},{"ancestorTitles":["UserSchema","Edge cases and boundary conditions"],"fullName":"UserSchema Edge cases and boundary conditions should reject empty first_name","status":"passed","title":"should reject empty first_name","duration":0.7593999999999141,"failureMessages":[],"meta":{}},{"ancestorTitles":["UserSchema","validateUser helper function"],"fullName":"UserSchema validateUser helper function should return valid: true for valid user","status":"passed","title":"should return valid: true for valid user","duration":2.173000000000229,"failureMessages":[],"meta":{}},{"ancestorTitles":["UserSchema","validateUser helper function"],"fullName":"UserSchema validateUser helper function should return errors for invalid user","status":"passed","title":"should return errors for invalid user","duration":1.7296000000001186,"failureMessages":[],"meta":{}},{"ancestorTitles":["UserRegistrationSchema","Valid inputs"],"fullName":"UserRegistrationSchema Valid inputs should accept valid registration with matching passwords","status":"passed","title":"should accept valid registration with matching passwords","duration":0.9331999999999425,"failureMessages":[],"meta":{}},{"ancestorTitles":["UserRegistrationSchema","Invalid inputs"],"fullName":"UserRegistrationSchema Invalid inputs should reject password shorter than 8 characters","status":"passed","title":"should reject password shorter than 8 characters","duration":0.613800000000083,"failureMessages":[],"meta":{}},{"ancestorTitles":["UserRegistrationSchema","Invalid inputs"],"fullName":"UserRegistrationSchema Invalid inputs should reject password without uppercase letter","status":"passed","title":"should reject password without uppercase letter","duration":0.44830000000001746,"failureMessages":[],"meta":{}},{"ancestorTitles":["UserRegistrationSchema","Invalid inputs"],"fullName":"UserRegistrationSchema Invalid inputs should reject password without lowercase letter","status":"passed","title":"should reject password without lowercase letter","duration":0.5059999999998581,"failureMessages":[],"meta":{}},{"ancestorTitles":["UserRegistrationSchema","Invalid inputs"],"fullName":"UserRegistrationSchema Invalid inputs should reject password without number","status":"passed","title":"should reject password without number","duration":0.8583999999996195,"failureMessages":[],"meta":{}},{"ancestorTitles":["UserRegistrationSchema","Invalid inputs"],"fullName":"UserRegistrationSchema Invalid inputs should reject password without special character","status":"passed","title":"should reject password without special character","duration":0.41109999999980573,"failureMessages":[],"meta":{}},{"ancestorTitles":["UserRegistrationSchema","Invalid inputs"],"fullName":"UserRegistrationSchema Invalid inputs should reject mismatched passwords","status":"passed","title":"should reject mismatched passwords","duration":2.541099999999915,"failureMessages":[],"meta":{}},{"ancestorTitles":["UserRegistrationSchema","Edge cases"],"fullName":"UserRegistrationSchema Edge cases should accept password exactly 8 characters with all requirements","status":"passed","title":"should accept password exactly 8 characters with all requirements","duration":0.49610000000029686,"failureMessages":[],"meta":{}},{"ancestorTitles":["UserRegistrationSchema","validateUserRegistration helper function"],"fullName":"UserRegistrationSchema validateUserRegistration helper function should return valid: true for valid registration","status":"passed","title":"should return valid: true for valid registration","duration":0.9032999999999447,"failureMessages":[],"meta":{}},{"ancestorTitles":["UserRegistrationSchema","validateUserRegistration helper function"],"fullName":"UserRegistrationSchema validateUserRegistration helper function should return errors for invalid registration","status":"passed","title":"should return errors for invalid registration","duration":1.0322999999998501,"failureMessages":[],"meta":{}},{"ancestorTitles":["BillSchema","Valid inputs"],"fullName":"BillSchema Valid inputs should accept valid bill with all required fields","status":"passed","title":"should accept valid bill with all required fields","duration":0.9513999999999214,"failureMessages":[],"meta":{}},{"ancestorTitles":["BillSchema","Valid inputs"],"fullName":"BillSchema Valid inputs should accept valid bill with optional fields","status":"passed","title":"should accept valid bill with optional fields","duration":0.7322999999996682,"failureMessages":[],"meta":{}},{"ancestorTitles":["BillSchema","Invalid inputs"],"fullName":"BillSchema Invalid inputs should reject title shorter than 10 characters","status":"passed","title":"should reject title shorter than 10 characters","duration":0.5041000000001077,"failureMessages":[],"meta":{}},{"ancestorTitles":["BillSchema","Invalid inputs"],"fullName":"BillSchema Invalid inputs should reject title longer than 500 characters","status":"passed","title":"should reject title longer than 500 characters","duration":0.904700000000048,"failureMessages":[],"meta":{}},{"ancestorTitles":["BillSchema","Invalid inputs"],"fullName":"BillSchema Invalid inputs should reject summary shorter than 20 characters","status":"passed","title":"should reject summary shorter than 20 characters","duration":0.4980999999997948,"failureMessages":[],"meta":{}},{"ancestorTitles":["BillSchema","Invalid inputs"],"fullName":"BillSchema Invalid inputs should reject full_text shorter than 50 characters","status":"passed","title":"should reject full_text shorter than 50 characters","duration":0.21880000000010114,"failureMessages":[],"meta":{}},{"ancestorTitles":["BillSchema","Invalid inputs"],"fullName":"BillSchema Invalid inputs should reject invalid bill number format","status":"passed","title":"should reject invalid bill number format","duration":0.18380000000024665,"failureMessages":[],"meta":{}},{"ancestorTitles":["BillSchema","Invalid inputs"],"fullName":"BillSchema Invalid inputs should reject invalid status","status":"passed","title":"should reject invalid status","duration":0.30809999999974025,"failureMessages":[],"meta":{}},{"ancestorTitles":["BillSchema","Edge cases and boundary conditions"],"fullName":"BillSchema Edge cases and boundary conditions should accept title exactly 10 characters","status":"passed","title":"should accept title exactly 10 characters","duration":0.26090000000021973,"failureMessages":[],"meta":{}},{"ancestorTitles":["BillSchema","Edge cases and boundary conditions"],"fullName":"BillSchema Edge cases and boundary conditions should accept title exactly 500 characters","status":"passed","title":"should accept title exactly 500 characters","duration":0.4030000000002474,"failureMessages":[],"meta":{}},{"ancestorTitles":["BillSchema","Edge cases and boundary conditions"],"fullName":"BillSchema Edge cases and boundary conditions should accept summary exactly 20 characters","status":"passed","title":"should accept summary exactly 20 characters","duration":0.4025000000001455,"failureMessages":[],"meta":{}},{"ancestorTitles":["BillSchema","Edge cases and boundary conditions"],"fullName":"BillSchema Edge cases and boundary conditions should accept summary exactly 1000 characters","status":"passed","title":"should accept summary exactly 1000 characters","duration":0.42259999999987485,"failureMessages":[],"meta":{}},{"ancestorTitles":["BillSchema","Edge cases and boundary conditions"],"fullName":"BillSchema Edge cases and boundary conditions should reject summary longer than 1000 characters","status":"passed","title":"should reject summary longer than 1000 characters","duration":0.4788000000003194,"failureMessages":[],"meta":{}},{"ancestorTitles":["BillSchema","Edge cases and boundary conditions"],"fullName":"BillSchema Edge cases and boundary conditions should accept full_text exactly 50 characters","status":"passed","title":"should accept full_text exactly 50 characters","duration":0.43209999999999127,"failureMessages":[],"meta":{}},{"ancestorTitles":["BillSchema","Edge cases and boundary conditions"],"fullName":"BillSchema Edge cases and boundary conditions should accept bill number with H prefix","status":"passed","title":"should accept bill number with H prefix","duration":0.42170000000032815,"failureMessages":[],"meta":{}},{"ancestorTitles":["BillSchema","Edge cases and boundary conditions"],"fullName":"BillSchema Edge cases and boundary conditions should accept bill number with S prefix","status":"passed","title":"should accept bill number with S prefix","duration":0.417699999999968,"failureMessages":[],"meta":{}},{"ancestorTitles":["BillSchema","Edge cases and boundary conditions"],"fullName":"BillSchema Edge cases and boundary conditions should accept all valid status values","status":"passed","title":"should accept all valid status values","duration":1.7988000000000284,"failureMessages":[],"meta":{}},{"ancestorTitles":["BillSchema","validateBill helper function"],"fullName":"BillSchema validateBill helper function should return valid: true for valid bill","status":"passed","title":"should return valid: true for valid bill","duration":0.4921999999996842,"failureMessages":[],"meta":{}},{"ancestorTitles":["BillSchema","validateBill helper function"],"fullName":"BillSchema validateBill helper function should return errors for invalid bill","status":"passed","title":"should return errors for invalid bill","duration":0.5257999999998901,"failureMessages":[],"meta":{}},{"ancestorTitles":["CommentSchema","Valid inputs"],"fullName":"CommentSchema Valid inputs should accept valid comment with all required fields","status":"passed","title":"should accept valid comment with all required fields","duration":0.6968000000001666,"failureMessages":[],"meta":{}},{"ancestorTitles":["CommentSchema","Valid inputs"],"fullName":"CommentSchema Valid inputs should accept valid comment with optional fields","status":"passed","title":"should accept valid comment with optional fields","duration":0.2988000000000284,"failureMessages":[],"meta":{}},{"ancestorTitles":["CommentSchema","Valid inputs"],"fullName":"CommentSchema Valid inputs should accept comment with parent_comment_id as null","status":"passed","title":"should accept comment with parent_comment_id as null","duration":0.2759000000000924,"failureMessages":[],"meta":{}},{"ancestorTitles":["CommentSchema","Invalid inputs"],"fullName":"CommentSchema Invalid inputs should reject comment_text shorter than 5 characters","status":"passed","title":"should reject comment_text shorter than 5 characters","duration":0.27070000000003347,"failureMessages":[],"meta":{}},{"ancestorTitles":["CommentSchema","Invalid inputs"],"fullName":"CommentSchema Invalid inputs should reject comment_text longer than 5000 characters","status":"passed","title":"should reject comment_text longer than 5000 characters","duration":0.3663000000001375,"failureMessages":[],"meta":{}},{"ancestorTitles":["CommentSchema","Invalid inputs"],"fullName":"CommentSchema Invalid inputs should reject comment_text with less than 2 words","status":"passed","title":"should reject comment_text with less than 2 words","duration":0.2802999999998974,"failureMessages":[],"meta":{}},{"ancestorTitles":["CommentSchema","Invalid inputs"],"fullName":"CommentSchema Invalid inputs should reject invalid user_id format","status":"passed","title":"should reject invalid user_id format","duration":0.28989999999976135,"failureMessages":[],"meta":{}},{"ancestorTitles":["CommentSchema","Invalid inputs"],"fullName":"CommentSchema Invalid inputs should reject invalid bill_id format","status":"passed","title":"should reject invalid bill_id format","duration":0.3409999999998945,"failureMessages":[],"meta":{}},{"ancestorTitles":["CommentSchema","Edge cases and boundary conditions"],"fullName":"CommentSchema Edge cases and boundary conditions should accept comment_text exactly 5 characters with 2 words","status":"passed","title":"should accept comment_text exactly 5 characters with 2 words","duration":0.24479999999994106,"failureMessages":[],"meta":{}},{"ancestorTitles":["CommentSchema","Edge cases and boundary conditions"],"fullName":"CommentSchema Edge cases and boundary conditions should accept comment_text exactly 5000 characters","status":"passed","title":"should accept comment_text exactly 5000 characters","duration":0.3805999999999585,"failureMessages":[],"meta":{}},{"ancestorTitles":["CommentSchema","Edge cases and boundary conditions"],"fullName":"CommentSchema Edge cases and boundary conditions should accept comment_text with exactly 2 words","status":"passed","title":"should accept comment_text with exactly 2 words","duration":0.23739999999997963,"failureMessages":[],"meta":{}},{"ancestorTitles":["CommentSchema","Edge cases and boundary conditions"],"fullName":"CommentSchema Edge cases and boundary conditions should handle comment_text with extra whitespace","status":"passed","title":"should handle comment_text with extra whitespace","duration":0.3560000000002219,"failureMessages":[],"meta":{}},{"ancestorTitles":["CommentSchema","Edge cases and boundary conditions"],"fullName":"CommentSchema Edge cases and boundary conditions should reject comment_text with only whitespace","status":"passed","title":"should reject comment_text with only whitespace","duration":0.2932999999998174,"failureMessages":[],"meta":{}},{"ancestorTitles":["CommentSchema","validateComment helper function"],"fullName":"CommentSchema validateComment helper function should return valid: true for valid comment","status":"passed","title":"should return valid: true for valid comment","duration":0.3969999999999345,"failureMessages":[],"meta":{}},{"ancestorTitles":["CommentSchema","validateComment helper function"],"fullName":"CommentSchema validateComment helper function should return errors for invalid comment","status":"passed","title":"should return errors for invalid comment","duration":0.47460000000000946,"failureMessages":[],"meta":{}}],"startTime":1773899866318,"endTime":1773899866374.4746,"status":"passed","message":"","name":"C:/Users/Access Granted/Downloads/projects/SimpleTool/shared/validation/schemas/validation-schemas.test.ts"}]}
